Scale config: households=48 horizon=60 individuals=4000 max_generation=150 repetitions=8
Running distributed (MPI) GA exploration...
Running Generation 1...
*** Completed generation 1 after 5.221641 seconds ***
- Best fitness in generation 1 is 8.681658
-- Overall best fitness is found in generation 1 and is 8.681658
[MPI_TIMING] gen=1 total_max=5.224728s total_avg=5.222381s compute_max=5.213886s compute_avg=4.627978s comm_max=1.171175s comm_avg=0.591976s root_ops=0.009255s overhead_ratio=0.226
Running Generation 2...
*** Completed generation 2 after 8.808899 seconds ***
- Best fitness in generation 2 is 8.681658
-- Overall best fitness is found in generation 1 and is 8.681658
[MPI_TIMING] gen=2 total_max=3.587167s total_avg=3.587038s compute_max=3.576285s compute_avg=3.567260s comm_max=0.022306s comm_avg=0.017487s root_ops=0.008932s overhead_ratio=0.009
Running Generation 3...
*** Completed generation 3 after 12.394665 seconds ***
- Best fitness in generation 3 is 8.681658
-- Overall best fitness is found in generation 1 and is 8.681658
[MPI_TIMING] gen=3 total_max=3.585705s total_avg=3.585647s compute_max=3.575851s compute_avg=3.571753s comm_max=0.017911s comm_avg=0.011634s root_ops=0.008793s overhead_ratio=0.007
Running Generation 4...
*** Completed generation 4 after 15.985628 seconds ***
- Best fitness in generation 4 is 8.621164
-- Overall best fitness is found in generation 4 and is 8.621164
[MPI_TIMING] gen=4 total_max=3.590986s total_avg=3.590900s compute_max=3.580622s compute_avg=3.572440s comm_max=0.021462s comm_avg=0.016171s root_ops=0.008900s overhead_ratio=0.008
Running Generation 5...
*** Completed generation 5 after 19.581459 seconds ***
- Best fitness in generation 5 is 8.633768
-- Overall best fitness is found in generation 4 and is 8.621164
[MPI_TIMING] gen=5 total_max=3.595964s total_avg=3.595860s compute_max=3.586219s compute_avg=3.576806s comm_max=0.021921s comm_avg=0.016877s root_ops=0.008507s overhead_ratio=0.008
Running Generation 6...
*** Completed generation 6 after 23.205732 seconds ***
- Best fitness in generation 6 is 8.6391325
-- Overall best fitness is found in generation 4 and is 8.621164
[MPI_TIMING] gen=6 total_max=3.624559s total_avg=3.624146s compute_max=3.614261s compute_avg=3.607652s comm_max=0.020342s comm_avg=0.014173s root_ops=0.009083s overhead_ratio=0.008
Running Generation 7...
*** Completed generation 7 after 26.88007 seconds ***
- Best fitness in generation 7 is 8.6391325
-- Overall best fitness is found in generation 4 and is 8.621164
[MPI_TIMING] gen=7 total_max=3.675339s total_avg=3.674513s compute_max=3.664307s compute_avg=3.659117s comm_max=0.019408s comm_avg=0.012806s root_ops=0.010133s overhead_ratio=0.008
Running Generation 8...
*** Completed generation 8 after 30.596027 seconds ***
- Best fitness in generation 8 is 8.8714695
-- Overall best fitness is found in generation 4 and is 8.621164
[MPI_TIMING] gen=8 total_max=3.715881s total_avg=3.715602s compute_max=3.703003s compute_avg=3.679823s comm_max=0.047480s comm_avg=0.033430s root_ops=0.009204s overhead_ratio=0.015
Running Generation 9...
*** Completed generation 9 after 34.320564 seconds ***
- Best fitness in generation 9 is 8.882762
-- Overall best fitness is found in generation 4 and is 8.621164
[MPI_TIMING] gen=9 total_max=3.724444s total_avg=3.724400s compute_max=3.712643s compute_avg=3.676842s comm_max=0.062630s comm_avg=0.045240s root_ops=0.009059s overhead_ratio=0.019
Running Generation 10...
*** Completed generation 10 after 38.029884 seconds ***
- Best fitness in generation 10 is 8.710365
-- Overall best fitness is found in generation 4 and is 8.621164
[MPI_TIMING] gen=10 total_max=3.709354s total_avg=3.709281s compute_max=3.697550s compute_avg=3.676547s comm_max=0.042991s comm_avg=0.030389s root_ops=0.009180s overhead_ratio=0.014
Running Generation 11...
*** Completed generation 11 after 41.75403 seconds ***
- Best fitness in generation 11 is 8.69257
-- Overall best fitness is found in generation 4 and is 8.621164
[MPI_TIMING] gen=11 total_max=3.724037s total_avg=3.723932s compute_max=3.712330s compute_avg=3.683735s comm_max=0.058113s comm_avg=0.037947s root_ops=0.008795s overhead_ratio=0.018
Running Generation 12...
*** Completed generation 12 after 45.48117 seconds ***
- Best fitness in generation 12 is 8.598571
-- Overall best fitness is found in generation 12 and is 8.598571
[MPI_TIMING] gen=12 total_max=3.727440s total_avg=3.727173s compute_max=3.715641s compute_avg=3.682371s comm_max=0.061558s comm_avg=0.042462s root_ops=0.009159s overhead_ratio=0.019
Running Generation 13...
*** Completed generation 13 after 49.199673 seconds ***
- Best fitness in generation 13 is 8.475971
-- Overall best fitness is found in generation 13 and is 8.475971
[MPI_TIMING] gen=13 total_max=3.718431s total_avg=3.718317s compute_max=3.706909s compute_avg=3.682249s comm_max=0.045617s comm_avg=0.033828s root_ops=0.008749s overhead_ratio=0.015
Running Generation 14...
*** Completed generation 14 after 52.889164 seconds ***
- Best fitness in generation 14 is 8.447849
-- Overall best fitness is found in generation 14 and is 8.447849
[MPI_TIMING] gen=14 total_max=3.689735s total_avg=3.689502s compute_max=3.678886s compute_avg=3.674742s comm_max=0.016834s comm_avg=0.012443s root_ops=0.009056s overhead_ratio=0.007
Running Generation 15...
*** Completed generation 15 after 56.586945 seconds ***
- Best fitness in generation 15 is 8.336406
-- Overall best fitness is found in generation 15 and is 8.336406
[MPI_TIMING] gen=15 total_max=3.697680s total_avg=3.697632s compute_max=3.687713s compute_avg=3.681334s comm_max=0.022101s comm_avg=0.014025s root_ops=0.008891s overhead_ratio=0.008
Running Generation 16...
*** Completed generation 16 after 60.284256 seconds ***
- Best fitness in generation 16 is 8.259359
-- Overall best fitness is found in generation 16 and is 8.259359
[MPI_TIMING] gen=16 total_max=3.697246s total_avg=3.697239s compute_max=3.686080s compute_avg=3.683235s comm_max=0.016836s comm_avg=0.011733s root_ops=0.008891s overhead_ratio=0.007
Running Generation 17...
*** Completed generation 17 after 63.992966 seconds ***
- Best fitness in generation 17 is 8.237334
-- Overall best fitness is found in generation 17 and is 8.237334
[MPI_TIMING] gen=17 total_max=3.708854s total_avg=3.708694s compute_max=3.697275s compute_avg=3.687339s comm_max=0.025051s comm_avg=0.019031s root_ops=0.009094s overhead_ratio=0.009
Running Generation 18...
*** Completed generation 18 after 67.698616 seconds ***
- Best fitness in generation 18 is 8.248083
-- Overall best fitness is found in generation 17 and is 8.237334
[MPI_TIMING] gen=18 total_max=3.705588s total_avg=3.705519s compute_max=3.693940s compute_avg=3.686685s comm_max=0.021041s comm_avg=0.016551s root_ops=0.008902s overhead_ratio=0.008
Running Generation 19...
*** Completed generation 19 after 71.40834 seconds ***
- Best fitness in generation 19 is 8.127601
-- Overall best fitness is found in generation 19 and is 8.127601
[MPI_TIMING] gen=19 total_max=3.709603s total_avg=3.709559s compute_max=3.698971s compute_avg=3.695715s comm_max=0.016180s comm_avg=0.011613s root_ops=0.008710s overhead_ratio=0.007
Running Generation 20...
*** Completed generation 20 after 75.11432 seconds ***
- Best fitness in generation 20 is 8.128829
-- Overall best fitness is found in generation 19 and is 8.127601
[MPI_TIMING] gen=20 total_max=3.706290s total_avg=3.706005s compute_max=3.694804s compute_avg=3.690378s comm_max=0.015314s comm_avg=0.013303s root_ops=0.009094s overhead_ratio=0.007
Running Generation 21...
*** Completed generation 21 after 78.831924 seconds ***
- Best fitness in generation 21 is 8.128829
-- Overall best fitness is found in generation 19 and is 8.127601
[MPI_TIMING] gen=21 total_max=3.717542s total_avg=3.717479s compute_max=3.705871s compute_avg=3.697679s comm_max=0.028126s comm_avg=0.017521s root_ops=0.008913s overhead_ratio=0.010
Running Generation 22...
*** Completed generation 22 after 82.5471 seconds ***
- Best fitness in generation 22 is 8.038973
-- Overall best fitness is found in generation 22 and is 8.038973
[MPI_TIMING] gen=22 total_max=3.715123s total_avg=3.715112s compute_max=3.705278s compute_avg=3.696900s comm_max=0.026094s comm_avg=0.015925s root_ops=0.008935s overhead_ratio=0.009
Running Generation 23...
*** Completed generation 23 after 86.26809 seconds ***
- Best fitness in generation 23 is 8.038973
-- Overall best fitness is found in generation 22 and is 8.038973
[MPI_TIMING] gen=23 total_max=3.720922s total_avg=3.720878s compute_max=3.709489s compute_avg=3.704687s comm_max=0.021555s comm_avg=0.013945s root_ops=0.008775s overhead_ratio=0.008
Running Generation 24...
*** Completed generation 24 after 89.98947 seconds ***
- Best fitness in generation 24 is 8.030922
-- Overall best fitness is found in generation 24 and is 8.030922
[MPI_TIMING] gen=24 total_max=3.721790s total_avg=3.721433s compute_max=3.710007s compute_avg=3.703628s comm_max=0.023851s comm_avg=0.015437s root_ops=0.009256s overhead_ratio=0.009
Running Generation 25...
*** Completed generation 25 after 93.71817 seconds ***
- Best fitness in generation 25 is 8.002338
-- Overall best fitness is found in generation 25 and is 8.002338
[MPI_TIMING] gen=25 total_max=3.728621s total_avg=3.728526s compute_max=3.716858s compute_avg=3.710631s comm_max=0.025239s comm_avg=0.015617s root_ops=0.008901s overhead_ratio=0.009
Running Generation 26...
*** Completed generation 26 after 97.44007 seconds ***
- Best fitness in generation 26 is 8.002338
-- Overall best fitness is found in generation 25 and is 8.002338
[MPI_TIMING] gen=26 total_max=3.721905s total_avg=3.721847s compute_max=3.710454s compute_avg=3.702235s comm_max=0.027576s comm_avg=0.017315s root_ops=0.008984s overhead_ratio=0.010
Running Generation 27...
*** Completed generation 27 after 101.17178 seconds ***
- Best fitness in generation 27 is 7.980132
-- Overall best fitness is found in generation 27 and is 7.980132
[MPI_TIMING] gen=27 total_max=3.731657s total_avg=3.731578s compute_max=3.720149s compute_avg=3.709594s comm_max=0.031166s comm_avg=0.019751s root_ops=0.008736s overhead_ratio=0.011
Running Generation 28...
*** Completed generation 28 after 104.90245 seconds ***
- Best fitness in generation 28 is 7.9644814
-- Overall best fitness is found in generation 28 and is 7.9644814
[MPI_TIMING] gen=28 total_max=3.730690s total_avg=3.730620s compute_max=3.719320s compute_avg=3.709250s comm_max=0.032634s comm_avg=0.019110s root_ops=0.008826s overhead_ratio=0.011
Running Generation 29...
*** Completed generation 29 after 108.64093 seconds ***
- Best fitness in generation 29 is 7.949169
-- Overall best fitness is found in generation 29 and is 7.949169
[MPI_TIMING] gen=29 total_max=3.738449s total_avg=3.738413s compute_max=3.727212s compute_avg=3.715566s comm_max=0.032864s comm_avg=0.020576s root_ops=0.008885s overhead_ratio=0.011
Running Generation 30...
*** Completed generation 30 after 112.370476 seconds ***
- Best fitness in generation 30 is 7.928873
-- Overall best fitness is found in generation 30 and is 7.928873
[MPI_TIMING] gen=30 total_max=3.729772s total_avg=3.729550s compute_max=3.718206s compute_avg=3.711124s comm_max=0.024793s comm_avg=0.016079s root_ops=0.009183s overhead_ratio=0.009
Running Generation 31...
*** Completed generation 31 after 116.11229 seconds ***
- Best fitness in generation 31 is 7.928708
-- Overall best fitness is found in generation 31 and is 7.928708
[MPI_TIMING] gen=31 total_max=3.741761s total_avg=3.741666s compute_max=3.730245s compute_avg=3.719519s comm_max=0.032574s comm_avg=0.019875s root_ops=0.008869s overhead_ratio=0.011
Running Generation 32...
*** Completed generation 32 after 119.84139 seconds ***
- Best fitness in generation 32 is 7.928873
-- Overall best fitness is found in generation 31 and is 7.928708
[MPI_TIMING] gen=32 total_max=3.728990s total_avg=3.728987s compute_max=3.717611s compute_avg=3.709049s comm_max=0.026966s comm_avg=0.017677s root_ops=0.008828s overhead_ratio=0.010
Running Generation 33...
*** Completed generation 33 after 123.58835 seconds ***
- Best fitness in generation 33 is 7.928873
-- Overall best fitness is found in generation 31 and is 7.928708
[MPI_TIMING] gen=33 total_max=3.746893s total_avg=3.746838s compute_max=3.735775s compute_avg=3.716014s comm_max=0.047891s comm_avg=0.028604s root_ops=0.008688s overhead_ratio=0.015
Running Generation 34...
*** Completed generation 34 after 127.31512 seconds ***
- Best fitness in generation 34 is 7.928873
-- Overall best fitness is found in generation 31 and is 7.928708
[MPI_TIMING] gen=34 total_max=3.726801s total_avg=3.726729s compute_max=3.715638s compute_avg=3.710533s comm_max=0.024619s comm_avg=0.013939s root_ops=0.008802s overhead_ratio=0.009
Running Generation 35...
*** Completed generation 35 after 131.06384 seconds ***
- Best fitness in generation 35 is 7.928873
-- Overall best fitness is found in generation 31 and is 7.928708
[MPI_TIMING] gen=35 total_max=3.748704s total_avg=3.748664s compute_max=3.737302s compute_avg=3.717041s comm_max=0.043440s comm_avg=0.029353s root_ops=0.008871s overhead_ratio=0.014
Running Generation 36...
*** Completed generation 36 after 134.80023 seconds ***
- Best fitness in generation 36 is 7.928873
-- Overall best fitness is found in generation 31 and is 7.928708
[MPI_TIMING] gen=36 total_max=3.736322s total_avg=3.736291s compute_max=3.725025s compute_avg=3.717400s comm_max=0.034768s comm_avg=0.016641s root_ops=0.008797s overhead_ratio=0.012
Running Generation 37...
*** Completed generation 37 after 138.54306 seconds ***
- Best fitness in generation 37 is 7.9256816
-- Overall best fitness is found in generation 37 and is 7.9256816
[MPI_TIMING] gen=37 total_max=3.742860s total_avg=3.742789s compute_max=3.731443s compute_avg=3.716266s comm_max=0.038308s comm_avg=0.024247s root_ops=0.008901s overhead_ratio=0.013
Running Generation 38...
*** Completed generation 38 after 142.27623 seconds ***
- Best fitness in generation 38 is 7.9256816
-- Overall best fitness is found in generation 37 and is 7.9256816
[MPI_TIMING] gen=38 total_max=3.733149s total_avg=3.733105s compute_max=3.721608s compute_avg=3.714101s comm_max=0.027258s comm_avg=0.016708s root_ops=0.008960s overhead_ratio=0.010
Running Generation 39...
*** Completed generation 39 after 146.01646 seconds ***
- Best fitness in generation 39 is 7.9256816
-- Overall best fitness is found in generation 37 and is 7.9256816
[MPI_TIMING] gen=39 total_max=3.740178s total_avg=3.740147s compute_max=3.728701s compute_avg=3.717017s comm_max=0.039246s comm_avg=0.020860s root_ops=0.008864s overhead_ratio=0.013
Running Generation 40...
*** Completed generation 40 after 149.75464 seconds ***
- Best fitness in generation 40 is 7.9256816
-- Overall best fitness is found in generation 37 and is 7.9256816
[MPI_TIMING] gen=40 total_max=3.738131s total_avg=3.738106s compute_max=3.726717s compute_avg=3.713908s comm_max=0.042576s comm_avg=0.021920s root_ops=0.008899s overhead_ratio=0.014
Running Generation 41...
*** Completed generation 41 after 153.50497 seconds ***
- Best fitness in generation 41 is 7.9256816
-- Overall best fitness is found in generation 37 and is 7.9256816
[MPI_TIMING] gen=41 total_max=3.750272s total_avg=3.750255s compute_max=3.738811s compute_avg=3.717902s comm_max=0.044776s comm_avg=0.030082s root_ops=0.008882s overhead_ratio=0.014
Running Generation 42...
*** Completed generation 42 after 157.24779 seconds ***
- Best fitness in generation 42 is 7.926786
-- Overall best fitness is found in generation 37 and is 7.9256816
[MPI_TIMING] gen=42 total_max=3.742721s total_avg=3.742708s compute_max=3.731301s compute_avg=3.715431s comm_max=0.039459s comm_avg=0.025015s root_ops=0.008823s overhead_ratio=0.013
Running Generation 43...
*** Completed generation 43 after 160.99834 seconds ***
- Best fitness in generation 43 is 7.926786
-- Overall best fitness is found in generation 37 and is 7.9256816
[MPI_TIMING] gen=43 total_max=3.750465s total_avg=3.750437s compute_max=3.739152s compute_avg=3.720024s comm_max=0.044327s comm_avg=0.028175s root_ops=0.008749s overhead_ratio=0.014
Running Generation 44...
*** Completed generation 44 after 164.73692 seconds ***
- Best fitness in generation 44 is 7.9267044
-- Overall best fitness is found in generation 37 and is 7.9256816
[MPI_TIMING] gen=44 total_max=3.738604s total_avg=3.738551s compute_max=3.727281s compute_avg=3.718444s comm_max=0.033888s comm_avg=0.017847s root_ops=0.008828s overhead_ratio=0.011
Running Generation 45...
*** Completed generation 45 after 168.48604 seconds ***
- Best fitness in generation 45 is 7.924411
-- Overall best fitness is found in generation 45 and is 7.924411
[MPI_TIMING] gen=45 total_max=3.749045s total_avg=3.748999s compute_max=3.737660s compute_avg=3.719155s comm_max=0.042590s comm_avg=0.027617s root_ops=0.008708s overhead_ratio=0.014
Running Generation 46...
*** Completed generation 46 after 172.23149 seconds ***
- Best fitness in generation 46 is 7.924411
-- Overall best fitness is found in generation 45 and is 7.924411
[MPI_TIMING] gen=46 total_max=3.745467s total_avg=3.745404s compute_max=3.734145s compute_avg=3.715318s comm_max=0.042415s comm_avg=0.027834s root_ops=0.008798s overhead_ratio=0.014
Running Generation 47...
*** Completed generation 47 after 175.98372 seconds ***
- Best fitness in generation 47 is 7.9222946
-- Overall best fitness is found in generation 47 and is 7.9222946
[MPI_TIMING] gen=47 total_max=3.752464s total_avg=3.752237s compute_max=3.740828s compute_avg=3.720489s comm_max=0.042340s comm_avg=0.029416s root_ops=0.009114s overhead_ratio=0.014
Running Generation 48...
*** Completed generation 48 after 179.73065 seconds ***
- Best fitness in generation 48 is 7.924411
-- Overall best fitness is found in generation 47 and is 7.9222946
[MPI_TIMING] gen=48 total_max=3.746872s total_avg=3.746789s compute_max=3.735168s compute_avg=3.719273s comm_max=0.035821s comm_avg=0.025250s root_ops=0.008825s overhead_ratio=0.012
Running Generation 49...
*** Completed generation 49 after 183.47397 seconds ***
- Best fitness in generation 49 is 7.924411
-- Overall best fitness is found in generation 47 and is 7.9222946
[MPI_TIMING] gen=49 total_max=3.743244s total_avg=3.743229s compute_max=3.732104s compute_avg=3.714058s comm_max=0.040596s comm_avg=0.026917s root_ops=0.008802s overhead_ratio=0.013
Running Generation 50...
*** Completed generation 50 after 187.21983 seconds ***
- Best fitness in generation 50 is 7.9243402
-- Overall best fitness is found in generation 47 and is 7.9222946
[MPI_TIMING] gen=50 total_max=3.745869s total_avg=3.745822s compute_max=3.734454s compute_avg=3.714620s comm_max=0.040763s comm_avg=0.028929s root_ops=0.008876s overhead_ratio=0.013
Running Generation 51...
*** Completed generation 51 after 190.98264 seconds ***
- Best fitness in generation 51 is 7.924411
-- Overall best fitness is found in generation 47 and is 7.9222946
[MPI_TIMING] gen=51 total_max=3.762747s total_avg=3.762711s compute_max=3.751323s compute_avg=3.717384s comm_max=0.058227s comm_avg=0.043077s root_ops=0.008796s overhead_ratio=0.018
Running Generation 52...
*** Completed generation 52 after 194.73749 seconds ***
- Best fitness in generation 52 is 7.922929
-- Overall best fitness is found in generation 47 and is 7.9222946
[MPI_TIMING] gen=52 total_max=3.754944s total_avg=3.754814s compute_max=3.743433s compute_avg=3.716622s comm_max=0.048341s comm_avg=0.035896s root_ops=0.008983s overhead_ratio=0.015
Running Generation 53...
*** Completed generation 53 after 198.4827 seconds ***
- Best fitness in generation 53 is 7.922929
-- Overall best fitness is found in generation 47 and is 7.9222946
[MPI_TIMING] gen=53 total_max=3.745152s total_avg=3.745103s compute_max=3.733607s compute_avg=3.713498s comm_max=0.043398s comm_avg=0.029349s root_ops=0.008825s overhead_ratio=0.014
Running Generation 54...
*** Completed generation 54 after 202.23474 seconds ***
- Best fitness in generation 54 is 7.922175
-- Overall best fitness is found in generation 54 and is 7.922175
[MPI_TIMING] gen=54 total_max=3.752027s total_avg=3.751942s compute_max=3.740635s compute_avg=3.715773s comm_max=0.054856s comm_avg=0.033892s root_ops=0.008901s overhead_ratio=0.017
Running Generation 55...
*** Completed generation 55 after 205.98535 seconds ***
- Best fitness in generation 55 is 7.922929
-- Overall best fitness is found in generation 54 and is 7.922175
[MPI_TIMING] gen=55 total_max=3.750560s total_avg=3.750516s compute_max=3.739093s compute_avg=3.717089s comm_max=0.047579s comm_avg=0.031187s root_ops=0.008753s overhead_ratio=0.015
Running Generation 56...
*** Completed generation 56 after 209.73412 seconds ***
- Best fitness in generation 56 is 7.922929
-- Overall best fitness is found in generation 54 and is 7.922175
[MPI_TIMING] gen=56 total_max=3.748805s total_avg=3.748710s compute_max=3.737422s compute_avg=3.717576s comm_max=0.044664s comm_avg=0.028863s root_ops=0.008879s overhead_ratio=0.014
Running Generation 57...
*** Completed generation 57 after 213.48322 seconds ***
- Best fitness in generation 57 is 7.9234567
-- Overall best fitness is found in generation 54 and is 7.922175
[MPI_TIMING] gen=57 total_max=3.749047s total_avg=3.748984s compute_max=3.737633s compute_avg=3.717949s comm_max=0.042088s comm_avg=0.028812s root_ops=0.008688s overhead_ratio=0.014
Running Generation 58...
*** Completed generation 58 after 217.23349 seconds ***
- Best fitness in generation 58 is 7.918766
-- Overall best fitness is found in generation 58 and is 7.918766
[MPI_TIMING] gen=58 total_max=3.750208s total_avg=3.750189s compute_max=3.739220s compute_avg=3.715577s comm_max=0.049235s comm_avg=0.032394s root_ops=0.008666s overhead_ratio=0.015
Running Generation 59...
*** Completed generation 59 after 220.98883 seconds ***
- Best fitness in generation 59 is 7.918766
-- Overall best fitness is found in generation 58 and is 7.918766
[MPI_TIMING] gen=59 total_max=3.755440s total_avg=3.755311s compute_max=3.744123s compute_avg=3.717672s comm_max=0.046659s comm_avg=0.035378s root_ops=0.008848s overhead_ratio=0.015
Running Generation 60...
*** Completed generation 60 after 224.73979 seconds ***
- Best fitness in generation 60 is 7.918766
-- Overall best fitness is found in generation 58 and is 7.918766
[MPI_TIMING] gen=60 total_max=3.751019s total_avg=3.750936s compute_max=3.739471s compute_avg=3.714109s comm_max=0.053221s comm_avg=0.034533s root_ops=0.008963s overhead_ratio=0.017
Running Generation 61...
*** Completed generation 61 after 228.48918 seconds ***
- Best fitness in generation 61 is 7.918766
-- Overall best fitness is found in generation 58 and is 7.918766
[MPI_TIMING] gen=61 total_max=3.749323s total_avg=3.749275s compute_max=3.737811s compute_avg=3.716975s comm_max=0.040841s comm_avg=0.030041s root_ops=0.008832s overhead_ratio=0.013
Running Generation 62...
*** Completed generation 62 after 232.2365 seconds ***
- Best fitness in generation 62 is 7.918766
-- Overall best fitness is found in generation 58 and is 7.918766
[MPI_TIMING] gen=62 total_max=3.747258s total_avg=3.747242s compute_max=3.736110s compute_avg=3.717408s comm_max=0.038234s comm_avg=0.027583s root_ops=0.008806s overhead_ratio=0.013
Running Generation 63...
*** Completed generation 63 after 235.98341 seconds ***
- Best fitness in generation 63 is 7.9167957
-- Overall best fitness is found in generation 63 and is 7.9167957
[MPI_TIMING] gen=63 total_max=3.746846s total_avg=3.746831s compute_max=3.735483s compute_avg=3.715568s comm_max=0.041024s comm_avg=0.029012s root_ops=0.008801s overhead_ratio=0.013
Running Generation 64...
*** Completed generation 64 after 239.73503 seconds ***
- Best fitness in generation 64 is 7.9167957
-- Overall best fitness is found in generation 63 and is 7.9167957
[MPI_TIMING] gen=64 total_max=3.751720s total_avg=3.751602s compute_max=3.740419s compute_avg=3.717246s comm_max=0.043374s comm_avg=0.032058s root_ops=0.008974s overhead_ratio=0.014
Running Generation 65...
*** Completed generation 65 after 243.48508 seconds ***
- Best fitness in generation 65 is 7.9167957
-- Overall best fitness is found in generation 63 and is 7.9167957
[MPI_TIMING] gen=65 total_max=3.749983s total_avg=3.749934s compute_max=3.738394s compute_avg=3.716705s comm_max=0.043481s comm_avg=0.030972s root_ops=0.008821s overhead_ratio=0.014
Running Generation 66...
*** Completed generation 66 after 247.23343 seconds ***
- Best fitness in generation 66 is 7.9167957
-- Overall best fitness is found in generation 63 and is 7.9167957
[MPI_TIMING] gen=66 total_max=3.748293s total_avg=3.748284s compute_max=3.736932s compute_avg=3.719351s comm_max=0.039053s comm_avg=0.026673s root_ops=0.008819s overhead_ratio=0.013
Running Generation 67...
*** Completed generation 67 after 250.98637 seconds ***
- Best fitness in generation 67 is 7.9228806
-- Overall best fitness is found in generation 63 and is 7.9167957
[MPI_TIMING] gen=67 total_max=3.752881s total_avg=3.752845s compute_max=3.741536s compute_avg=3.720773s comm_max=0.047459s comm_avg=0.029834s root_ops=0.008746s overhead_ratio=0.015
Running Generation 68...
*** Completed generation 68 after 254.73293 seconds ***
- Best fitness in generation 68 is 7.9228806
-- Overall best fitness is found in generation 63 and is 7.9167957
[MPI_TIMING] gen=68 total_max=3.746495s total_avg=3.746481s compute_max=3.735244s compute_avg=3.720490s comm_max=0.037658s comm_avg=0.023754s root_ops=0.008733s overhead_ratio=0.012
Running Generation 69...
*** Completed generation 69 after 258.48682 seconds ***
- Best fitness in generation 69 is 7.9228806
-- Overall best fitness is found in generation 63 and is 7.9167957
[MPI_TIMING] gen=69 total_max=3.753955s total_avg=3.753854s compute_max=3.742743s compute_avg=3.718364s comm_max=0.048277s comm_avg=0.033219s root_ops=0.008878s overhead_ratio=0.015
Running Generation 70...
*** Completed generation 70 after 262.23654 seconds ***
- Best fitness in generation 70 is 7.9228806
-- Overall best fitness is found in generation 63 and is 7.9167957
[MPI_TIMING] gen=70 total_max=3.749686s total_avg=3.749632s compute_max=3.738312s compute_avg=3.717925s comm_max=0.041015s comm_avg=0.029429s root_ops=0.008907s overhead_ratio=0.013
Running Generation 71...
*** Completed generation 71 after 265.99023 seconds ***
- Best fitness in generation 71 is 7.9228806
-- Overall best fitness is found in generation 63 and is 7.9167957
[MPI_TIMING] gen=71 total_max=3.753637s total_avg=3.753587s compute_max=3.742225s compute_avg=3.716650s comm_max=0.048664s comm_avg=0.034697s root_ops=0.008759s overhead_ratio=0.015
Running Generation 72...
*** Completed generation 72 after 269.7382 seconds ***
- Best fitness in generation 72 is 7.9228806
-- Overall best fitness is found in generation 63 and is 7.9167957
[MPI_TIMING] gen=72 total_max=3.748048s total_avg=3.747918s compute_max=3.736766s compute_avg=3.716183s comm_max=0.048270s comm_avg=0.029446s root_ops=0.008936s overhead_ratio=0.015
Running Generation 73...
*** Completed generation 73 after 273.48758 seconds ***
- Best fitness in generation 73 is 7.9228806
-- Overall best fitness is found in generation 63 and is 7.9167957
[MPI_TIMING] gen=73 total_max=3.749352s total_avg=3.749285s compute_max=3.737812s compute_avg=3.717605s comm_max=0.043054s comm_avg=0.029448s root_ops=0.008724s overhead_ratio=0.014
Running Generation 74...
*** Completed generation 74 after 277.24182 seconds ***
- Best fitness in generation 74 is 7.9228806
-- Overall best fitness is found in generation 63 and is 7.9167957
[MPI_TIMING] gen=74 total_max=3.754295s total_avg=3.754193s compute_max=3.743085s compute_avg=3.722362s comm_max=0.042454s comm_avg=0.029558s root_ops=0.008879s overhead_ratio=0.014
Running Generation 75...
*** Completed generation 75 after 280.99576 seconds ***
- Best fitness in generation 75 is 7.9228806
-- Overall best fitness is found in generation 63 and is 7.9167957
[MPI_TIMING] gen=75 total_max=3.753874s total_avg=3.753843s compute_max=3.742496s compute_avg=3.720463s comm_max=0.043922s comm_avg=0.031129s root_ops=0.008795s overhead_ratio=0.014
Running Generation 76...
*** Completed generation 76 after 284.7474 seconds ***
- Best fitness in generation 76 is 7.9228806
-- Overall best fitness is found in generation 63 and is 7.9167957
[MPI_TIMING] gen=76 total_max=3.751787s total_avg=3.751637s compute_max=3.740192s compute_avg=3.713843s comm_max=0.048559s comm_avg=0.035490s root_ops=0.009009s overhead_ratio=0.015
Running Generation 77...
*** Completed generation 77 after 288.5004 seconds ***
- Best fitness in generation 77 is 7.9228806
-- Overall best fitness is found in generation 63 and is 7.9167957
[MPI_TIMING] gen=77 total_max=3.752915s total_avg=3.752855s compute_max=3.741368s compute_avg=3.714994s comm_max=0.053631s comm_avg=0.035609s root_ops=0.008811s overhead_ratio=0.017
Running Generation 78...
*** Completed generation 78 after 292.2497 seconds ***
- Best fitness in generation 78 is 7.923314
-- Overall best fitness is found in generation 63 and is 7.9167957
[MPI_TIMING] gen=78 total_max=3.749232s total_avg=3.749225s compute_max=3.737882s compute_avg=3.713095s comm_max=0.051011s comm_avg=0.033873s root_ops=0.008821s overhead_ratio=0.016
Running Generation 79...
*** Completed generation 79 after 296.00903 seconds ***
- Best fitness in generation 79 is 7.9240727
-- Overall best fitness is found in generation 63 and is 7.9167957
[MPI_TIMING] gen=79 total_max=3.759320s total_avg=3.759286s compute_max=3.748123s compute_avg=3.718554s comm_max=0.059206s comm_avg=0.038462s root_ops=0.008875s overhead_ratio=0.018
Running Generation 80...
*** Completed generation 80 after 299.76334 seconds ***
- Best fitness in generation 80 is 7.923337
-- Overall best fitness is found in generation 63 and is 7.9167957
[MPI_TIMING] gen=80 total_max=3.754265s total_avg=3.754237s compute_max=3.742837s compute_avg=3.716626s comm_max=0.054985s comm_avg=0.035356s root_ops=0.008812s overhead_ratio=0.017
Running Generation 81...
*** Completed generation 81 after 303.52295 seconds ***
- Best fitness in generation 81 is 7.921722
-- Overall best fitness is found in generation 63 and is 7.9167957
[MPI_TIMING] gen=81 total_max=3.759538s total_avg=3.759525s compute_max=3.748416s compute_avg=3.719378s comm_max=0.057627s comm_avg=0.037898s root_ops=0.008793s overhead_ratio=0.018
Running Generation 82...
*** Completed generation 82 after 307.27454 seconds ***
- Best fitness in generation 82 is 7.921722
-- Overall best fitness is found in generation 63 and is 7.9167957
[MPI_TIMING] gen=82 total_max=3.751588s total_avg=3.751538s compute_max=3.740420s compute_avg=3.718307s comm_max=0.044882s comm_avg=0.030962s root_ops=0.008864s overhead_ratio=0.014
Running Generation 83...
*** Completed generation 83 after 311.031 seconds ***
- Best fitness in generation 83 is 7.9252095
-- Overall best fitness is found in generation 63 and is 7.9167957
[MPI_TIMING] gen=83 total_max=3.756423s total_avg=3.756398s compute_max=3.744989s compute_avg=3.718492s comm_max=0.054126s comm_avg=0.035655s root_ops=0.008799s overhead_ratio=0.017
Running Generation 84...
*** Completed generation 84 after 314.78232 seconds ***
- Best fitness in generation 84 is 7.9240165
-- Overall best fitness is found in generation 63 and is 7.9167957
[MPI_TIMING] gen=84 total_max=3.751249s total_avg=3.751226s compute_max=3.740150s compute_avg=3.718233s comm_max=0.047894s comm_avg=0.030757s root_ops=0.008743s overhead_ratio=0.015
Running Generation 85...
*** Completed generation 85 after 318.5413 seconds ***
- Best fitness in generation 85 is 7.924624
-- Overall best fitness is found in generation 63 and is 7.9167957
[MPI_TIMING] gen=85 total_max=3.758905s total_avg=3.758878s compute_max=3.747594s compute_avg=3.715457s comm_max=0.058130s comm_avg=0.041199s root_ops=0.008676s overhead_ratio=0.018
Running Generation 86...
*** Completed generation 86 after 322.2944 seconds ***
- Best fitness in generation 86 is 7.9236255
-- Overall best fitness is found in generation 63 and is 7.9167957
[MPI_TIMING] gen=86 total_max=3.753150s total_avg=3.753052s compute_max=3.741868s compute_avg=3.713467s comm_max=0.057682s comm_avg=0.037340s root_ops=0.008775s overhead_ratio=0.018
Running Generation 87...
*** Completed generation 87 after 326.04767 seconds ***
- Best fitness in generation 87 is 7.9232655
-- Overall best fitness is found in generation 63 and is 7.9167957
[MPI_TIMING] gen=87 total_max=3.753186s total_avg=3.753173s compute_max=3.741934s compute_avg=3.718621s comm_max=0.053027s comm_avg=0.032309s root_ops=0.008772s overhead_ratio=0.016
Running Generation 88...
*** Completed generation 88 after 329.7913 seconds ***
- Best fitness in generation 88 is 7.9236255
-- Overall best fitness is found in generation 63 and is 7.9167957
[MPI_TIMING] gen=88 total_max=3.743581s total_avg=3.743569s compute_max=3.732264s compute_avg=3.710064s comm_max=0.044256s comm_avg=0.031265s root_ops=0.008749s overhead_ratio=0.014
Running Generation 89...
*** Completed generation 89 after 333.54468 seconds ***
- Best fitness in generation 89 is 7.9226875
-- Overall best fitness is found in generation 63 and is 7.9167957
[MPI_TIMING] gen=89 total_max=3.753400s total_avg=3.753338s compute_max=3.742251s compute_avg=3.713174s comm_max=0.055244s comm_avg=0.037899s root_ops=0.008841s overhead_ratio=0.017
Running Generation 90...
*** Completed generation 90 after 337.29715 seconds ***
- Best fitness in generation 90 is 7.9226875
-- Overall best fitness is found in generation 63 and is 7.9167957
[MPI_TIMING] gen=90 total_max=3.752435s total_avg=3.752409s compute_max=3.741024s compute_avg=3.709465s comm_max=0.055630s comm_avg=0.040668s root_ops=0.008884s overhead_ratio=0.017
Running Generation 91...
*** Completed generation 91 after 341.0469 seconds ***
- Best fitness in generation 91 is 7.9236255
-- Overall best fitness is found in generation 63 and is 7.9167957
[MPI_TIMING] gen=91 total_max=3.749700s total_avg=3.749680s compute_max=3.738274s compute_avg=3.711365s comm_max=0.055072s comm_avg=0.036034s root_ops=0.008929s overhead_ratio=0.017
Running Generation 92...
*** Completed generation 92 after 344.8003 seconds ***
- Best fitness in generation 92 is 7.9236255
-- Overall best fitness is found in generation 63 and is 7.9167957
[MPI_TIMING] gen=92 total_max=3.753337s total_avg=3.753326s compute_max=3.742011s compute_avg=3.712105s comm_max=0.059181s comm_avg=0.038939s root_ops=0.008919s overhead_ratio=0.018
Running Generation 93...
*** Completed generation 93 after 348.5647 seconds ***
- Best fitness in generation 93 is 7.923089
-- Overall best fitness is found in generation 63 and is 7.9167957
[MPI_TIMING] gen=93 total_max=3.764338s total_avg=3.764282s compute_max=3.752915s compute_avg=3.715433s comm_max=0.070087s comm_avg=0.046614s root_ops=0.008734s overhead_ratio=0.021
Running Generation 94...
*** Completed generation 94 after 352.31982 seconds ***
- Best fitness in generation 94 is 7.919169
-- Overall best fitness is found in generation 63 and is 7.9167957
[MPI_TIMING] gen=94 total_max=3.755106s total_avg=3.755075s compute_max=3.743835s compute_avg=3.713360s comm_max=0.058672s comm_avg=0.039466s root_ops=0.008779s overhead_ratio=0.018
Running Generation 95...
*** Completed generation 95 after 356.0672 seconds ***
- Best fitness in generation 95 is 7.919169
-- Overall best fitness is found in generation 63 and is 7.9167957
[MPI_TIMING] gen=95 total_max=3.747329s total_avg=3.747288s compute_max=3.735988s compute_avg=3.712239s comm_max=0.044453s comm_avg=0.032828s root_ops=0.008663s overhead_ratio=0.014
Running Generation 96...
*** Completed generation 96 after 359.82382 seconds ***
- Best fitness in generation 96 is 7.919169
-- Overall best fitness is found in generation 63 and is 7.9167957
[MPI_TIMING] gen=96 total_max=3.756637s total_avg=3.756553s compute_max=3.745328s compute_avg=3.714484s comm_max=0.055538s comm_avg=0.039819s root_ops=0.008778s overhead_ratio=0.017
Running Generation 97...
*** Completed generation 97 after 363.57584 seconds ***
- Best fitness in generation 97 is 7.919169
-- Overall best fitness is found in generation 63 and is 7.9167957
[MPI_TIMING] gen=97 total_max=3.751959s total_avg=3.751930s compute_max=3.740669s compute_avg=3.711435s comm_max=0.052652s comm_avg=0.038273s root_ops=0.008687s overhead_ratio=0.016
Running Generation 98...
*** Completed generation 98 after 367.3247 seconds ***
- Best fitness in generation 98 is 7.919169
-- Overall best fitness is found in generation 63 and is 7.9167957
[MPI_TIMING] gen=98 total_max=3.748853s total_avg=3.748820s compute_max=3.737641s compute_avg=3.710478s comm_max=0.050029s comm_avg=0.036106s root_ops=0.008740s overhead_ratio=0.016
Running Generation 99...
*** Completed generation 99 after 371.07965 seconds ***
- Best fitness in generation 99 is 7.9222393
-- Overall best fitness is found in generation 63 and is 7.9167957
[MPI_TIMING] gen=99 total_max=3.755002s total_avg=3.754915s compute_max=3.743595s compute_avg=3.712002s comm_max=0.053799s comm_avg=0.040645s root_ops=0.008861s overhead_ratio=0.017
Running Generation 100...
*** Completed generation 100 after 374.82898 seconds ***
- Best fitness in generation 100 is 7.9222393
-- Overall best fitness is found in generation 63 and is 7.9167957
[MPI_TIMING] gen=100 total_max=3.749259s total_avg=3.749247s compute_max=3.738061s compute_avg=3.709516s comm_max=0.054148s comm_avg=0.037455s root_ops=0.008884s overhead_ratio=0.017
Running Generation 101...
*** Completed generation 101 after 378.58575 seconds ***
- Best fitness in generation 101 is 7.9224553
-- Overall best fitness is found in generation 63 and is 7.9167957
[MPI_TIMING] gen=101 total_max=3.756694s total_avg=3.756666s compute_max=3.745288s compute_avg=3.712458s comm_max=0.058353s comm_avg=0.041958s root_ops=0.008794s overhead_ratio=0.018
Running Generation 102...
*** Completed generation 102 after 382.34128 seconds ***
- Best fitness in generation 102 is 7.923202
-- Overall best fitness is found in generation 63 and is 7.9167957
[MPI_TIMING] gen=102 total_max=3.755473s total_avg=3.755422s compute_max=3.744153s compute_avg=3.715581s comm_max=0.056455s comm_avg=0.037583s root_ops=0.008811s overhead_ratio=0.017
Running Generation 103...
*** Completed generation 103 after 386.09232 seconds ***
- Best fitness in generation 103 is 7.9215956
-- Overall best fitness is found in generation 63 and is 7.9167957
[MPI_TIMING] gen=103 total_max=3.750990s total_avg=3.750976s compute_max=3.739633s compute_avg=3.715279s comm_max=0.050666s comm_avg=0.033440s root_ops=0.008820s overhead_ratio=0.016
Running Generation 104...
*** Completed generation 104 after 389.85168 seconds ***
- Best fitness in generation 104 is 7.923202
-- Overall best fitness is found in generation 63 and is 7.9167957
[MPI_TIMING] gen=104 total_max=3.759334s total_avg=3.759297s compute_max=3.747945s compute_avg=3.716272s comm_max=0.057338s comm_avg=0.040753s root_ops=0.008892s overhead_ratio=0.018
Running Generation 105...
*** Completed generation 105 after 393.6039 seconds ***
- Best fitness in generation 105 is 7.9222813
-- Overall best fitness is found in generation 63 and is 7.9167957
[MPI_TIMING] gen=105 total_max=3.752194s total_avg=3.752174s compute_max=3.740736s compute_avg=3.715767s comm_max=0.049451s comm_avg=0.034137s root_ops=0.008867s overhead_ratio=0.016
Running Generation 106...
*** Completed generation 106 after 397.353 seconds ***
- Best fitness in generation 106 is 7.923293
-- Overall best fitness is found in generation 63 and is 7.9167957
[MPI_TIMING] gen=106 total_max=3.749020s total_avg=3.749002s compute_max=3.737819s compute_avg=3.713152s comm_max=0.048110s comm_avg=0.033590s root_ops=0.008826s overhead_ratio=0.015
Running Generation 107...
*** Completed generation 107 after 401.10822 seconds ***
- Best fitness in generation 107 is 7.9196415
-- Overall best fitness is found in generation 63 and is 7.9167957
[MPI_TIMING] gen=107 total_max=3.755149s total_avg=3.755124s compute_max=3.743844s compute_avg=3.713014s comm_max=0.053795s comm_avg=0.039868s root_ops=0.008772s overhead_ratio=0.017
Running Generation 108...
*** Completed generation 108 after 404.85797 seconds ***
- Best fitness in generation 108 is 7.919618
-- Overall best fitness is found in generation 63 and is 7.9167957
[MPI_TIMING] gen=108 total_max=3.749909s total_avg=3.749759s compute_max=3.738361s compute_avg=3.716225s comm_max=0.047150s comm_avg=0.031235s root_ops=0.008982s overhead_ratio=0.015
Running Generation 109...
*** Completed generation 109 after 408.61383 seconds ***
- Best fitness in generation 109 is 7.919618
-- Overall best fitness is found in generation 63 and is 7.9167957
[MPI_TIMING] gen=109 total_max=3.755791s total_avg=3.755731s compute_max=3.744286s compute_avg=3.716214s comm_max=0.054536s comm_avg=0.037271s root_ops=0.008771s overhead_ratio=0.017
Running Generation 110...
*** Completed generation 110 after 412.362 seconds ***
- Best fitness in generation 110 is 7.919618
-- Overall best fitness is found in generation 63 and is 7.9167957
[MPI_TIMING] gen=110 total_max=3.748257s total_avg=3.748142s compute_max=3.736788s compute_avg=3.713682s comm_max=0.047049s comm_avg=0.032175s root_ops=0.008941s overhead_ratio=0.015
Running Generation 111...
*** Completed generation 111 after 416.11856 seconds ***
- Best fitness in generation 111 is 7.919618
-- Overall best fitness is found in generation 63 and is 7.9167957
[MPI_TIMING] gen=111 total_max=3.756484s total_avg=3.756443s compute_max=3.745234s compute_avg=3.713918s comm_max=0.055866s comm_avg=0.040266s root_ops=0.008836s overhead_ratio=0.017
Running Generation 112...
*** Completed generation 112 after 419.86743 seconds ***
- Best fitness in generation 112 is 7.919618
-- Overall best fitness is found in generation 63 and is 7.9167957
[MPI_TIMING] gen=112 total_max=3.748896s total_avg=3.748833s compute_max=3.737429s compute_avg=3.711540s comm_max=0.047260s comm_avg=0.035006s root_ops=0.008932s overhead_ratio=0.015
Running Generation 113...
*** Completed generation 113 after 423.62103 seconds ***
- Best fitness in generation 113 is 7.919618
-- Overall best fitness is found in generation 63 and is 7.9167957
[MPI_TIMING] gen=113 total_max=3.753543s total_avg=3.753524s compute_max=3.742289s compute_avg=3.716147s comm_max=0.049775s comm_avg=0.035103s root_ops=0.008878s overhead_ratio=0.016
Running Generation 114...
*** Completed generation 114 after 427.3787 seconds ***
- Best fitness in generation 114 is 7.920026
-- Overall best fitness is found in generation 63 and is 7.9167957
[MPI_TIMING] gen=114 total_max=3.757590s total_avg=3.757580s compute_max=3.746220s compute_avg=3.714308s comm_max=0.059679s comm_avg=0.040999s root_ops=0.008892s overhead_ratio=0.018
Running Generation 115...
*** Completed generation 115 after 431.1334 seconds ***
- Best fitness in generation 115 is 7.920026
-- Overall best fitness is found in generation 63 and is 7.9167957
[MPI_TIMING] gen=115 total_max=3.754662s total_avg=3.754629s compute_max=3.743193s compute_avg=3.713888s comm_max=0.053700s comm_avg=0.038492s root_ops=0.008793s overhead_ratio=0.017
Running Generation 116...
*** Completed generation 116 after 434.88608 seconds ***
- Best fitness in generation 116 is 7.920026
-- Overall best fitness is found in generation 63 and is 7.9167957
[MPI_TIMING] gen=116 total_max=3.752617s total_avg=3.752595s compute_max=3.741275s compute_avg=3.711722s comm_max=0.056430s comm_avg=0.038635s root_ops=0.008746s overhead_ratio=0.017
Running Generation 117...
*** Completed generation 117 after 438.6403 seconds ***
- Best fitness in generation 117 is 7.920026
-- Overall best fitness is found in generation 63 and is 7.9167957
[MPI_TIMING] gen=117 total_max=3.754131s total_avg=3.754109s compute_max=3.742854s compute_avg=3.714472s comm_max=0.051216s comm_avg=0.037416s root_ops=0.008675s overhead_ratio=0.016
Running Generation 118...
*** Completed generation 118 after 442.39276 seconds ***
- Best fitness in generation 118 is 7.920026
-- Overall best fitness is found in generation 63 and is 7.9167957
[MPI_TIMING] gen=118 total_max=3.752547s total_avg=3.752457s compute_max=3.741225s compute_avg=3.713114s comm_max=0.054459s comm_avg=0.037091s root_ops=0.008805s overhead_ratio=0.017
Running Generation 119...
*** Completed generation 119 after 446.14838 seconds ***
- Best fitness in generation 119 is 7.920026
-- Overall best fitness is found in generation 63 and is 7.9167957
[MPI_TIMING] gen=119 total_max=3.755599s total_avg=3.755542s compute_max=3.744232s compute_avg=3.716496s comm_max=0.058245s comm_avg=0.036774s root_ops=0.008876s overhead_ratio=0.018
Running Generation 120...
*** Completed generation 120 after 449.90686 seconds ***
- Best fitness in generation 120 is 7.920026
-- Overall best fitness is found in generation 63 and is 7.9167957
[MPI_TIMING] gen=120 total_max=3.758423s total_avg=3.758409s compute_max=3.747092s compute_avg=3.717993s comm_max=0.055257s comm_avg=0.038150s root_ops=0.008860s overhead_ratio=0.017
Running Generation 121...
*** Completed generation 121 after 453.65808 seconds ***
- Best fitness in generation 121 is 7.9227324
-- Overall best fitness is found in generation 63 and is 7.9167957
[MPI_TIMING] gen=121 total_max=3.751131s total_avg=3.751085s compute_max=3.739717s compute_avg=3.714505s comm_max=0.048728s comm_avg=0.034350s root_ops=0.008723s overhead_ratio=0.015
Running Generation 122...
*** Completed generation 122 after 457.40787 seconds ***
- Best fitness in generation 122 is 7.923244
-- Overall best fitness is found in generation 63 and is 7.9167957
[MPI_TIMING] gen=122 total_max=3.749830s total_avg=3.749756s compute_max=3.738478s compute_avg=3.713312s comm_max=0.047850s comm_avg=0.034184s root_ops=0.008835s overhead_ratio=0.015
Running Generation 123...
*** Completed generation 123 after 461.17044 seconds ***
- Best fitness in generation 123 is 7.9242935
-- Overall best fitness is found in generation 63 and is 7.9167957
[MPI_TIMING] gen=123 total_max=3.762504s total_avg=3.762483s compute_max=3.751325s compute_avg=3.715831s comm_max=0.060942s comm_avg=0.044407s root_ops=0.008764s overhead_ratio=0.019
Running Generation 124...
*** Completed generation 124 after 464.92847 seconds ***
- Best fitness in generation 124 is 7.924582
-- Overall best fitness is found in generation 63 and is 7.9167957
[MPI_TIMING] gen=124 total_max=3.758058s total_avg=3.757993s compute_max=3.746611s compute_avg=3.713955s comm_max=0.055109s comm_avg=0.041773s root_ops=0.008859s overhead_ratio=0.017
Running Generation 125...
*** Completed generation 125 after 468.68625 seconds ***
- Best fitness in generation 125 is 7.9248595
-- Overall best fitness is found in generation 63 and is 7.9167957
[MPI_TIMING] gen=125 total_max=3.757722s total_avg=3.757698s compute_max=3.746352s compute_avg=3.715755s comm_max=0.056314s comm_avg=0.039691s root_ops=0.008795s overhead_ratio=0.017
Running Generation 126...
*** Completed generation 126 after 472.43597 seconds ***
- Best fitness in generation 126 is 7.924049
-- Overall best fitness is found in generation 63 and is 7.9167957
[MPI_TIMING] gen=126 total_max=3.749740s total_avg=3.749658s compute_max=3.738511s compute_avg=3.712422s comm_max=0.049474s comm_avg=0.034955s root_ops=0.008908s overhead_ratio=0.016
Running Generation 127...
*** Completed generation 127 after 476.1912 seconds ***
- Best fitness in generation 127 is 7.924049
-- Overall best fitness is found in generation 63 and is 7.9167957
[MPI_TIMING] gen=127 total_max=3.755170s total_avg=3.755108s compute_max=3.743733s compute_avg=3.714287s comm_max=0.052204s comm_avg=0.038591s root_ops=0.008698s overhead_ratio=0.016
Running Generation 128...
*** Completed generation 128 after 479.9446 seconds ***
- Best fitness in generation 128 is 7.924049
-- Overall best fitness is found in generation 63 and is 7.9167957
[MPI_TIMING] gen=128 total_max=3.753589s total_avg=3.753420s compute_max=3.742150s compute_avg=3.713767s comm_max=0.050739s comm_avg=0.037364s root_ops=0.008931s overhead_ratio=0.016
Running Generation 129...
*** Completed generation 129 after 483.69522 seconds ***
- Best fitness in generation 129 is 7.9230013
-- Overall best fitness is found in generation 63 and is 7.9167957
[MPI_TIMING] gen=129 total_max=3.750519s total_avg=3.750484s compute_max=3.738989s compute_avg=3.712979s comm_max=0.048008s comm_avg=0.035248s root_ops=0.008825s overhead_ratio=0.015
Running Generation 130...
*** Completed generation 130 after 487.44995 seconds ***
- Best fitness in generation 130 is 7.922327
-- Overall best fitness is found in generation 63 and is 7.9167957
[MPI_TIMING] gen=130 total_max=3.754671s total_avg=3.754661s compute_max=3.743354s compute_avg=3.714561s comm_max=0.058588s comm_avg=0.037848s root_ops=0.008811s overhead_ratio=0.018
Running Generation 131...
*** Completed generation 131 after 491.20728 seconds ***
- Best fitness in generation 131 is 7.923646
-- Overall best fitness is found in generation 63 and is 7.9167957
[MPI_TIMING] gen=131 total_max=3.757284s total_avg=3.757267s compute_max=3.746110s compute_avg=3.716498s comm_max=0.057183s comm_avg=0.038518s root_ops=0.008800s overhead_ratio=0.018
Running Generation 132...
*** Completed generation 132 after 494.9625 seconds ***
- Best fitness in generation 132 is 7.922428
-- Overall best fitness is found in generation 63 and is 7.9167957
[MPI_TIMING] gen=132 total_max=3.755217s total_avg=3.755150s compute_max=3.743819s compute_avg=3.715209s comm_max=0.053918s comm_avg=0.037664s root_ops=0.008899s overhead_ratio=0.017
Running Generation 133...
*** Completed generation 133 after 498.72394 seconds ***
- Best fitness in generation 133 is 7.922428
-- Overall best fitness is found in generation 63 and is 7.9167957
[MPI_TIMING] gen=133 total_max=3.761398s total_avg=3.761361s compute_max=3.749942s compute_avg=3.717110s comm_max=0.059884s comm_avg=0.041998s root_ops=0.008794s overhead_ratio=0.018
Running Generation 134...
*** Completed generation 134 after 502.48438 seconds ***
- Best fitness in generation 134 is 7.922428
-- Overall best fitness is found in generation 63 and is 7.9167957
[MPI_TIMING] gen=134 total_max=3.760362s total_avg=3.760355s compute_max=3.749039s compute_avg=3.717758s comm_max=0.057850s comm_avg=0.040348s root_ops=0.008791s overhead_ratio=0.018
Running Generation 135...
*** Completed generation 135 after 506.232 seconds ***
- Best fitness in generation 135 is 7.9241257
-- Overall best fitness is found in generation 63 and is 7.9167957
[MPI_TIMING] gen=135 total_max=3.747690s total_avg=3.747581s compute_max=3.736421s compute_avg=3.714842s comm_max=0.045382s comm_avg=0.030452s root_ops=0.008937s overhead_ratio=0.014
Running Generation 136...
*** Completed generation 136 after 509.99063 seconds ***
- Best fitness in generation 136 is 7.9241257
-- Overall best fitness is found in generation 63 and is 7.9167957
[MPI_TIMING] gen=136 total_max=3.758566s total_avg=3.758528s compute_max=3.747111s compute_avg=3.715637s comm_max=0.057640s comm_avg=0.040640s root_ops=0.008797s overhead_ratio=0.018
Running Generation 137...
*** Completed generation 137 after 513.7506 seconds ***
- Best fitness in generation 137 is 7.923618
-- Overall best fitness is found in generation 63 and is 7.9167957
[MPI_TIMING] gen=137 total_max=3.759910s total_avg=3.759883s compute_max=3.748612s compute_avg=3.717765s comm_max=0.056950s comm_avg=0.039883s root_ops=0.008740s overhead_ratio=0.017
Running Generation 138...
*** Completed generation 138 after 517.5057 seconds ***
- Best fitness in generation 138 is 7.9241257
-- Overall best fitness is found in generation 63 and is 7.9167957
[MPI_TIMING] gen=138 total_max=3.755032s total_avg=3.755007s compute_max=3.743725s compute_avg=3.715489s comm_max=0.052353s comm_avg=0.037271s root_ops=0.008781s overhead_ratio=0.016
Running Generation 139...
*** Completed generation 139 after 521.26575 seconds ***
- Best fitness in generation 139 is 7.9225054
-- Overall best fitness is found in generation 63 and is 7.9167957
[MPI_TIMING] gen=139 total_max=3.760048s total_avg=3.759999s compute_max=3.748734s compute_avg=3.716657s comm_max=0.058248s comm_avg=0.041134s root_ops=0.008631s overhead_ratio=0.018
Running Generation 140...
*** Completed generation 140 after 525.0229 seconds ***
- Best fitness in generation 140 is 7.9225054
-- Overall best fitness is found in generation 63 and is 7.9167957
[MPI_TIMING] gen=140 total_max=3.757478s total_avg=3.757144s compute_max=3.745849s compute_avg=3.715272s comm_max=0.059147s comm_avg=0.039549s root_ops=0.009076s overhead_ratio=0.018
Running Generation 141...
*** Completed generation 141 after 528.7756 seconds ***
- Best fitness in generation 141 is 7.921355
-- Overall best fitness is found in generation 63 and is 7.9167957
[MPI_TIMING] gen=141 total_max=3.752613s total_avg=3.752538s compute_max=3.741009s compute_avg=3.713590s comm_max=0.053669s comm_avg=0.036691s root_ops=0.008817s overhead_ratio=0.017
Running Generation 142...
*** Completed generation 142 after 532.52905 seconds ***
- Best fitness in generation 142 is 7.921355
-- Overall best fitness is found in generation 63 and is 7.9167957
[MPI_TIMING] gen=142 total_max=3.753476s total_avg=3.753469s compute_max=3.742075s compute_avg=3.715028s comm_max=0.056093s comm_avg=0.036182s root_ops=0.008834s overhead_ratio=0.017
Running Generation 143...
*** Completed generation 143 after 536.2665 seconds ***
- Best fitness in generation 143 is 7.921355
-- Overall best fitness is found in generation 63 and is 7.9167957
[MPI_TIMING] gen=143 total_max=3.737484s total_avg=3.737377s compute_max=3.725758s compute_avg=3.713743s comm_max=0.033830s comm_avg=0.021332s root_ops=0.008994s overhead_ratio=0.011
Running Generation 144...
*** Completed generation 144 after 539.9901 seconds ***
- Best fitness in generation 144 is 7.92217
-- Overall best fitness is found in generation 63 and is 7.9167957
[MPI_TIMING] gen=144 total_max=3.723562s total_avg=3.723411s compute_max=3.713517s compute_avg=3.694143s comm_max=0.057097s comm_avg=0.027077s root_ops=0.008529s overhead_ratio=0.018
Running Generation 145...
*** Completed generation 145 after 543.71735 seconds ***
- Best fitness in generation 145 is 7.92217
-- Overall best fitness is found in generation 63 and is 7.9167957
[MPI_TIMING] gen=145 total_max=3.727290s total_avg=3.727205s compute_max=3.716207s compute_avg=3.697795s comm_max=0.057281s comm_avg=0.027196s root_ops=0.008646s overhead_ratio=0.018
Running Generation 146...
*** Completed generation 146 after 547.4414 seconds ***
- Best fitness in generation 146 is 7.923723
-- Overall best fitness is found in generation 63 and is 7.9167957
[MPI_TIMING] gen=146 total_max=3.723959s total_avg=3.723951s compute_max=3.714391s compute_avg=3.694973s comm_max=0.055442s comm_avg=0.026771s root_ops=0.008624s overhead_ratio=0.017
Running Generation 147...
*** Completed generation 147 after 551.1681 seconds ***
- Best fitness in generation 147 is 7.9242177
-- Overall best fitness is found in generation 63 and is 7.9167957
[MPI_TIMING] gen=147 total_max=3.726630s total_avg=3.726619s compute_max=3.716918s compute_avg=3.699753s comm_max=0.053359s comm_avg=0.024661s root_ops=0.008614s overhead_ratio=0.017
Running Generation 148...
*** Completed generation 148 after 554.8928 seconds ***
- Best fitness in generation 148 is 7.9225526
-- Overall best fitness is found in generation 63 and is 7.9167957
[MPI_TIMING] gen=148 total_max=3.724710s total_avg=3.724674s compute_max=3.713628s compute_avg=3.692930s comm_max=0.055390s comm_avg=0.029527s root_ops=0.008668s overhead_ratio=0.017
Running Generation 149...
*** Completed generation 149 after 558.6284 seconds ***
- Best fitness in generation 149 is 7.9225526
-- Overall best fitness is found in generation 63 and is 7.9167957
[MPI_TIMING] gen=149 total_max=3.735582s total_avg=3.735566s compute_max=3.724663s compute_avg=3.697468s comm_max=0.064326s comm_avg=0.035885s root_ops=0.008633s overhead_ratio=0.020
Running Generation 150...
*** Completed generation 150 after 562.36523 seconds ***
- Best fitness in generation 150 is 7.9225526
-- Overall best fitness is found in generation 63 and is 7.9167957
[MPI_TIMING] gen=150 total_max=3.736758s total_avg=3.736743s compute_max=3.725657s compute_avg=3.695585s comm_max=0.072718s comm_avg=0.038955s root_ops=0.008606s overhead_ratio=0.022
Reached 150 generations, exiting...


- Overall best fitness is 7.9167957
- The best individual is:
                generation:	63
                index:		0
                fitness:	7.9167957
                string:	0.00000;0.47546;0.00000;0.00000;0.43818;0.68173;0.76535

