Scale config: households=48 horizon=60 individuals=8000 max_generation=150 repetitions=8
Running distributed (MPI) GA exploration...
Running Generation 1...
*** Completed generation 1 after 5.5610647 seconds ***
- Best fitness in generation 1 is 8.54756
-- Overall best fitness is found in generation 1 and is 8.54756
[MPI_TIMING] gen=1 total_max=5.575505s total_avg=5.562950s compute_max=5.544321s compute_avg=4.348330s comm_max=1.960166s comm_avg=1.211178s root_ops=0.026760s overhead_ratio=0.356
Running Generation 2...
*** Completed generation 2 after 11.106337 seconds ***
- Best fitness in generation 2 is 8.364198
-- Overall best fitness is found in generation 2 and is 8.364198
[MPI_TIMING] gen=2 total_max=5.545164s total_avg=5.545006s compute_max=5.512739s compute_avg=4.058841s comm_max=1.977320s comm_avg=1.482778s root_ops=0.026441s overhead_ratio=0.361
Running Generation 3...
*** Completed generation 3 after 16.654533 seconds ***
- Best fitness in generation 3 is 8.364198
-- Overall best fitness is found in generation 2 and is 8.364198
[MPI_TIMING] gen=3 total_max=5.548101s total_avg=5.548042s compute_max=5.515783s compute_avg=4.059115s comm_max=1.978831s comm_avg=1.485569s root_ops=0.026291s overhead_ratio=0.361
Running Generation 4...
*** Completed generation 4 after 20.307833 seconds ***
- Best fitness in generation 4 is 8.364198
-- Overall best fitness is found in generation 2 and is 8.364198
[MPI_TIMING] gen=4 total_max=3.653217s total_avg=3.652232s compute_max=3.621461s compute_avg=3.588076s comm_max=0.079695s comm_avg=0.061727s root_ops=0.018884s overhead_ratio=0.027
Running Generation 5...
*** Completed generation 5 after 23.935799 seconds ***
- Best fitness in generation 5 is 8.364198
-- Overall best fitness is found in generation 2 and is 8.364198
[MPI_TIMING] gen=5 total_max=3.628255s total_avg=3.627993s compute_max=3.603807s compute_avg=3.587846s comm_max=0.053172s comm_avg=0.037941s root_ops=0.017199s overhead_ratio=0.019
Running Generation 6...
*** Completed generation 6 after 27.562126 seconds ***
- Best fitness in generation 6 is 8.364198
-- Overall best fitness is found in generation 2 and is 8.364198
[MPI_TIMING] gen=6 total_max=3.626535s total_avg=3.625983s compute_max=3.603612s compute_avg=3.592156s comm_max=0.044167s comm_avg=0.031533s root_ops=0.017881s overhead_ratio=0.017
Running Generation 7...
*** Completed generation 7 after 31.193602 seconds ***
- Best fitness in generation 7 is 8.364198
-- Overall best fitness is found in generation 2 and is 8.364198
[MPI_TIMING] gen=7 total_max=3.631418s total_avg=3.631310s compute_max=3.608591s compute_avg=3.595261s comm_max=0.048079s comm_avg=0.033829s root_ops=0.017299s overhead_ratio=0.018
Running Generation 8...
*** Completed generation 8 after 34.82395 seconds ***
- Best fitness in generation 8 is 8.3169565
-- Overall best fitness is found in generation 8 and is 8.3169565
[MPI_TIMING] gen=8 total_max=3.630320s total_avg=3.630287s compute_max=3.611554s compute_avg=3.599423s comm_max=0.044962s comm_avg=0.028646s root_ops=0.017268s overhead_ratio=0.017
Running Generation 9...
*** Completed generation 9 after 38.462353 seconds ***
- Best fitness in generation 9 is 8.237522
-- Overall best fitness is found in generation 9 and is 8.237522
[MPI_TIMING] gen=9 total_max=3.638723s total_avg=3.638364s compute_max=3.615999s compute_avg=3.600086s comm_max=0.049306s comm_avg=0.036009s root_ops=0.017725s overhead_ratio=0.018
Running Generation 10...
*** Completed generation 10 after 42.09438 seconds ***
- Best fitness in generation 10 is 8.170269
-- Overall best fitness is found in generation 10 and is 8.170269
[MPI_TIMING] gen=10 total_max=3.631951s total_avg=3.631870s compute_max=3.611044s compute_avg=3.600983s comm_max=0.039394s comm_avg=0.028676s root_ops=0.017251s overhead_ratio=0.016
Running Generation 11...
*** Completed generation 11 after 45.731346 seconds ***
- Best fitness in generation 11 is 8.170269
-- Overall best fitness is found in generation 10 and is 8.170269
[MPI_TIMING] gen=11 total_max=3.636987s total_avg=3.636906s compute_max=3.614725s compute_avg=3.603278s comm_max=0.043558s comm_avg=0.031404s root_ops=0.017404s overhead_ratio=0.017
Running Generation 12...
*** Completed generation 12 after 49.363995 seconds ***
- Best fitness in generation 12 is 8.170269
-- Overall best fitness is found in generation 10 and is 8.170269
[MPI_TIMING] gen=12 total_max=3.632587s total_avg=3.632529s compute_max=3.611846s compute_avg=3.602186s comm_max=0.042084s comm_avg=0.028153s root_ops=0.017132s overhead_ratio=0.016
Running Generation 13...
*** Completed generation 13 after 53.003956 seconds ***
- Best fitness in generation 13 is 8.170291
-- Overall best fitness is found in generation 10 and is 8.170269
[MPI_TIMING] gen=13 total_max=3.640467s total_avg=3.639934s compute_max=3.619578s compute_avg=3.608591s comm_max=0.044677s comm_avg=0.029079s root_ops=0.017762s overhead_ratio=0.017
Running Generation 14...
*** Completed generation 14 after 56.64611 seconds ***
- Best fitness in generation 14 is 8.171213
-- Overall best fitness is found in generation 10 and is 8.170269
[MPI_TIMING] gen=14 total_max=3.642101s total_avg=3.642035s compute_max=3.621149s compute_avg=3.610865s comm_max=0.043836s comm_avg=0.028951s root_ops=0.017372s overhead_ratio=0.017
Running Generation 15...
*** Completed generation 15 after 60.29677 seconds ***
- Best fitness in generation 15 is 8.171213
-- Overall best fitness is found in generation 10 and is 8.170269
[MPI_TIMING] gen=15 total_max=3.650603s total_avg=3.650580s compute_max=3.630087s compute_avg=3.613753s comm_max=0.044510s comm_avg=0.034616s root_ops=0.017322s overhead_ratio=0.017
Running Generation 16...
*** Completed generation 16 after 63.946033 seconds ***
- Best fitness in generation 16 is 8.183768
-- Overall best fitness is found in generation 10 and is 8.170269
[MPI_TIMING] gen=16 total_max=3.649206s total_avg=3.649182s compute_max=3.628702s compute_avg=3.614460s comm_max=0.051968s comm_avg=0.032516s root_ops=0.017284s overhead_ratio=0.019
Running Generation 17...
*** Completed generation 17 after 67.589874 seconds ***
- Best fitness in generation 17 is 8.158682
-- Overall best fitness is found in generation 17 and is 8.158682
[MPI_TIMING] gen=17 total_max=3.644193s total_avg=3.643820s compute_max=3.623195s compute_avg=3.614811s comm_max=0.042636s comm_avg=0.026744s root_ops=0.017753s overhead_ratio=0.017
Running Generation 18...
*** Completed generation 18 after 71.24272 seconds ***
- Best fitness in generation 18 is 8.120094
-- Overall best fitness is found in generation 18 and is 8.120094
[MPI_TIMING] gen=18 total_max=3.652774s total_avg=3.652662s compute_max=3.631436s compute_avg=3.617655s comm_max=0.049797s comm_avg=0.032818s root_ops=0.017130s overhead_ratio=0.018
Running Generation 19...
*** Completed generation 19 after 74.899635 seconds ***
- Best fitness in generation 19 is 8.108463
-- Overall best fitness is found in generation 19 and is 8.108463
[MPI_TIMING] gen=19 total_max=3.656887s total_avg=3.656845s compute_max=3.634813s compute_avg=3.620783s comm_max=0.050927s comm_avg=0.033861s root_ops=0.017243s overhead_ratio=0.019
Running Generation 20...
*** Completed generation 20 after 78.563644 seconds ***
- Best fitness in generation 20 is 8.055156
-- Overall best fitness is found in generation 20 and is 8.055156
[MPI_TIMING] gen=20 total_max=3.663947s total_avg=3.663919s compute_max=3.641830s compute_avg=3.621833s comm_max=0.054668s comm_avg=0.039899s root_ops=0.017127s overhead_ratio=0.020
Running Generation 21...
*** Completed generation 21 after 82.23028 seconds ***
- Best fitness in generation 21 is 8.055156
-- Overall best fitness is found in generation 20 and is 8.055156
[MPI_TIMING] gen=21 total_max=3.666579s total_avg=3.666563s compute_max=3.644548s compute_avg=3.627999s comm_max=0.054513s comm_avg=0.036373s root_ops=0.017150s overhead_ratio=0.020
Running Generation 22...
*** Completed generation 22 after 85.905014 seconds ***
- Best fitness in generation 22 is 7.987853
-- Overall best fitness is found in generation 22 and is 7.987853
[MPI_TIMING] gen=22 total_max=3.674670s total_avg=3.674659s compute_max=3.652635s compute_avg=3.631071s comm_max=0.059391s comm_avg=0.041391s root_ops=0.017202s overhead_ratio=0.021
Running Generation 23...
*** Completed generation 23 after 89.58226 seconds ***
- Best fitness in generation 23 is 7.9546556
-- Overall best fitness is found in generation 23 and is 7.9546556
[MPI_TIMING] gen=23 total_max=3.677720s total_avg=3.677236s compute_max=3.655052s compute_avg=3.633277s comm_max=0.052017s comm_avg=0.041688s root_ops=0.017792s overhead_ratio=0.019
Running Generation 24...
*** Completed generation 24 after 93.26622 seconds ***
- Best fitness in generation 24 is 7.9546556
-- Overall best fitness is found in generation 23 and is 7.9546556
[MPI_TIMING] gen=24 total_max=3.683896s total_avg=3.683801s compute_max=3.661189s compute_avg=3.637807s comm_max=0.057470s comm_avg=0.043788s root_ops=0.017273s overhead_ratio=0.020
Running Generation 25...
*** Completed generation 25 after 96.943115 seconds ***
- Best fitness in generation 25 is 7.96156
-- Overall best fitness is found in generation 23 and is 7.9546556
[MPI_TIMING] gen=25 total_max=3.676833s total_avg=3.676810s compute_max=3.654707s compute_avg=3.638629s comm_max=0.052250s comm_avg=0.035979s root_ops=0.017248s overhead_ratio=0.019
Running Generation 26...
*** Completed generation 26 after 100.62148 seconds ***
- Best fitness in generation 26 is 7.9671726
-- Overall best fitness is found in generation 23 and is 7.9546556
[MPI_TIMING] gen=26 total_max=3.678323s total_avg=3.678298s compute_max=3.656104s compute_avg=3.638627s comm_max=0.048713s comm_avg=0.037458s root_ops=0.017327s overhead_ratio=0.018
Running Generation 27...
*** Completed generation 27 after 104.31463 seconds ***
- Best fitness in generation 27 is 7.947323
-- Overall best fitness is found in generation 27 and is 7.947323
[MPI_TIMING] gen=27 total_max=3.693078s total_avg=3.693043s compute_max=3.670811s compute_avg=3.640336s comm_max=0.065084s comm_avg=0.050509s root_ops=0.017222s overhead_ratio=0.022
Running Generation 28...
*** Completed generation 28 after 108.001076 seconds ***
- Best fitness in generation 28 is 7.946947
-- Overall best fitness is found in generation 28 and is 7.946947
[MPI_TIMING] gen=28 total_max=3.686554s total_avg=3.686405s compute_max=3.664234s compute_avg=3.641226s comm_max=0.055643s comm_avg=0.042952s root_ops=0.017438s overhead_ratio=0.020
Running Generation 29...
*** Completed generation 29 after 111.68674 seconds ***
- Best fitness in generation 29 is 7.9452696
-- Overall best fitness is found in generation 29 and is 7.9452696
[MPI_TIMING] gen=29 total_max=3.685600s total_avg=3.685557s compute_max=3.663151s compute_avg=3.638347s comm_max=0.059505s comm_avg=0.045014s root_ops=0.017193s overhead_ratio=0.021
Running Generation 30...
*** Completed generation 30 after 115.37827 seconds ***
- Best fitness in generation 30 is 7.9414525
-- Overall best fitness is found in generation 30 and is 7.9414525
[MPI_TIMING] gen=30 total_max=3.692049s total_avg=3.691534s compute_max=3.669158s compute_avg=3.640540s comm_max=0.067679s comm_avg=0.048719s root_ops=0.017822s overhead_ratio=0.023
Running Generation 31...
*** Completed generation 31 after 119.070564 seconds ***
- Best fitness in generation 31 is 7.934924
-- Overall best fitness is found in generation 31 and is 7.934924
[MPI_TIMING] gen=31 total_max=3.692190s total_avg=3.692093s compute_max=3.669461s compute_avg=3.638919s comm_max=0.071788s comm_avg=0.050974s root_ops=0.017243s overhead_ratio=0.024
Running Generation 32...
*** Completed generation 32 after 122.75937 seconds ***
- Best fitness in generation 32 is 7.9258924
-- Overall best fitness is found in generation 32 and is 7.9258924
[MPI_TIMING] gen=32 total_max=3.688795s total_avg=3.688746s compute_max=3.666580s compute_avg=3.642550s comm_max=0.056792s comm_avg=0.043982s root_ops=0.017340s overhead_ratio=0.020
Running Generation 33...
*** Completed generation 33 after 126.45147 seconds ***
- Best fitness in generation 33 is 7.9258924
-- Overall best fitness is found in generation 32 and is 7.9258924
[MPI_TIMING] gen=33 total_max=3.692036s total_avg=3.691999s compute_max=3.669624s compute_avg=3.639637s comm_max=0.070206s comm_avg=0.050166s root_ops=0.017187s overhead_ratio=0.024
Running Generation 34...
*** Completed generation 34 after 130.14294 seconds ***
- Best fitness in generation 34 is 7.9328127
-- Overall best fitness is found in generation 32 and is 7.9258924
[MPI_TIMING] gen=34 total_max=3.691505s total_avg=3.691413s compute_max=3.669209s compute_avg=3.638313s comm_max=0.068822s comm_avg=0.050887s root_ops=0.017334s overhead_ratio=0.023
Running Generation 35...
*** Completed generation 35 after 133.83035 seconds ***
- Best fitness in generation 35 is 7.930509
-- Overall best fitness is found in generation 32 and is 7.9258924
[MPI_TIMING] gen=35 total_max=3.687339s total_avg=3.687295s compute_max=3.665109s compute_avg=3.637987s comm_max=0.068551s comm_avg=0.047126s root_ops=0.017087s overhead_ratio=0.023
Running Generation 36...
*** Completed generation 36 after 137.52158 seconds ***
- Best fitness in generation 36 is 7.924131
-- Overall best fitness is found in generation 36 and is 7.924131
[MPI_TIMING] gen=36 total_max=3.691305s total_avg=3.691173s compute_max=3.669198s compute_avg=3.640144s comm_max=0.069349s comm_avg=0.048820s root_ops=0.017286s overhead_ratio=0.023
Running Generation 37...
*** Completed generation 37 after 141.21477 seconds ***
- Best fitness in generation 37 is 7.924131
-- Overall best fitness is found in generation 36 and is 7.924131
[MPI_TIMING] gen=37 total_max=3.693144s total_avg=3.693096s compute_max=3.670950s compute_avg=3.638241s comm_max=0.069249s comm_avg=0.052666s root_ops=0.017136s overhead_ratio=0.023
Running Generation 38...
*** Completed generation 38 after 144.90572 seconds ***
- Best fitness in generation 38 is 7.924131
-- Overall best fitness is found in generation 36 and is 7.924131
[MPI_TIMING] gen=38 total_max=3.690970s total_avg=3.690881s compute_max=3.668847s compute_avg=3.640360s comm_max=0.066090s comm_avg=0.048314s root_ops=0.017281s overhead_ratio=0.023
Running Generation 39...
*** Completed generation 39 after 148.60347 seconds ***
- Best fitness in generation 39 is 7.923653
-- Overall best fitness is found in generation 39 and is 7.923653
[MPI_TIMING] gen=39 total_max=3.697693s total_avg=3.697665s compute_max=3.675464s compute_avg=3.638795s comm_max=0.073003s comm_avg=0.056673s root_ops=0.017198s overhead_ratio=0.024
Running Generation 40...
*** Completed generation 40 after 152.29774 seconds ***
- Best fitness in generation 40 is 7.9256983
-- Overall best fitness is found in generation 39 and is 7.923653
[MPI_TIMING] gen=40 total_max=3.694823s total_avg=3.694272s compute_max=3.671975s compute_avg=3.642330s comm_max=0.062747s comm_avg=0.049662s root_ops=0.017870s overhead_ratio=0.022
Running Generation 41...
*** Completed generation 41 after 155.99779 seconds ***
- Best fitness in generation 41 is 7.9256983
-- Overall best fitness is found in generation 39 and is 7.923653
[MPI_TIMING] gen=41 total_max=3.699987s total_avg=3.699857s compute_max=3.677204s compute_avg=3.643238s comm_max=0.067777s comm_avg=0.054433s root_ops=0.017114s overhead_ratio=0.023
Running Generation 42...
*** Completed generation 42 after 159.6911 seconds ***
- Best fitness in generation 42 is 7.926277
-- Overall best fitness is found in generation 39 and is 7.923653
[MPI_TIMING] gen=42 total_max=3.693254s total_avg=3.693229s compute_max=3.671172s compute_avg=3.639889s comm_max=0.072034s comm_avg=0.051145s root_ops=0.017181s overhead_ratio=0.024
Running Generation 43...
*** Completed generation 43 after 163.38814 seconds ***
- Best fitness in generation 43 is 7.926277
-- Overall best fitness is found in generation 39 and is 7.923653
[MPI_TIMING] gen=43 total_max=3.696984s total_avg=3.696966s compute_max=3.674883s compute_avg=3.643063s comm_max=0.070083s comm_avg=0.051708s root_ops=0.017192s overhead_ratio=0.024
Running Generation 44...
*** Completed generation 44 after 167.08273 seconds ***
- Best fitness in generation 44 is 7.926277
-- Overall best fitness is found in generation 39 and is 7.923653
[MPI_TIMING] gen=44 total_max=3.694530s total_avg=3.694500s compute_max=3.672377s compute_avg=3.639831s comm_max=0.067820s comm_avg=0.052478s root_ops=0.017153s overhead_ratio=0.023
Running Generation 45...
*** Completed generation 45 after 170.78343 seconds ***
- Best fitness in generation 45 is 7.9237714
-- Overall best fitness is found in generation 39 and is 7.923653
[MPI_TIMING] gen=45 total_max=3.700660s total_avg=3.700634s compute_max=3.678611s compute_avg=3.643906s comm_max=0.068580s comm_avg=0.054542s root_ops=0.017114s overhead_ratio=0.023
Running Generation 46...
*** Completed generation 46 after 174.47807 seconds ***
- Best fitness in generation 46 is 7.9237714
-- Overall best fitness is found in generation 39 and is 7.923653
[MPI_TIMING] gen=46 total_max=3.694658s total_avg=3.694583s compute_max=3.672533s compute_avg=3.637717s comm_max=0.068437s comm_avg=0.054664s root_ops=0.017245s overhead_ratio=0.023
Running Generation 47...
*** Completed generation 47 after 178.17506 seconds ***
- Best fitness in generation 47 is 7.9237714
-- Overall best fitness is found in generation 39 and is 7.923653
[MPI_TIMING] gen=47 total_max=3.696923s total_avg=3.696891s compute_max=3.674865s compute_avg=3.639693s comm_max=0.066667s comm_avg=0.055003s root_ops=0.017195s overhead_ratio=0.023
Running Generation 48...
*** Completed generation 48 after 181.87122 seconds ***
- Best fitness in generation 48 is 7.9237714
-- Overall best fitness is found in generation 39 and is 7.923653
[MPI_TIMING] gen=48 total_max=3.696094s total_avg=3.696063s compute_max=3.673976s compute_avg=3.638449s comm_max=0.075594s comm_avg=0.055425s root_ops=0.017137s overhead_ratio=0.025
Running Generation 49...
*** Completed generation 49 after 185.57382 seconds ***
- Best fitness in generation 49 is 7.9262514
-- Overall best fitness is found in generation 39 and is 7.923653
[MPI_TIMING] gen=49 total_max=3.702559s total_avg=3.702546s compute_max=3.680520s compute_avg=3.641633s comm_max=0.076620s comm_avg=0.058716s root_ops=0.017206s overhead_ratio=0.025
Running Generation 50...
*** Completed generation 50 after 189.26692 seconds ***
- Best fitness in generation 50 is 7.9257336
-- Overall best fitness is found in generation 39 and is 7.923653
[MPI_TIMING] gen=50 total_max=3.693054s total_avg=3.693034s compute_max=3.670918s compute_avg=3.640993s comm_max=0.063566s comm_avg=0.049833s root_ops=0.017278s overhead_ratio=0.022
Running Generation 51...
*** Completed generation 51 after 192.96843 seconds ***
- Best fitness in generation 51 is 7.9250765
-- Overall best fitness is found in generation 39 and is 7.923653
[MPI_TIMING] gen=51 total_max=3.701442s total_avg=3.701410s compute_max=3.679284s compute_avg=3.639482s comm_max=0.074559s comm_avg=0.059730s root_ops=0.017209s overhead_ratio=0.025
Running Generation 52...
*** Completed generation 52 after 196.66704 seconds ***
- Best fitness in generation 52 is 7.9250765
-- Overall best fitness is found in generation 39 and is 7.923653
[MPI_TIMING] gen=52 total_max=3.698557s total_avg=3.698530s compute_max=3.676487s compute_avg=3.641613s comm_max=0.069852s comm_avg=0.054727s root_ops=0.017146s overhead_ratio=0.024
Running Generation 53...
*** Completed generation 53 after 200.37411 seconds ***
- Best fitness in generation 53 is 7.925837
-- Overall best fitness is found in generation 39 and is 7.923653
[MPI_TIMING] gen=53 total_max=3.707497s total_avg=3.707066s compute_max=3.684819s compute_avg=3.638561s comm_max=0.081251s comm_avg=0.066245s root_ops=0.017707s overhead_ratio=0.027
Running Generation 54...
*** Completed generation 54 after 204.07579 seconds ***
- Best fitness in generation 54 is 7.924219
-- Overall best fitness is found in generation 39 and is 7.923653
[MPI_TIMING] gen=54 total_max=3.701587s total_avg=3.701492s compute_max=3.678957s compute_avg=3.638770s comm_max=0.078905s comm_avg=0.060541s root_ops=0.017071s overhead_ratio=0.026
Running Generation 55...
*** Completed generation 55 after 207.7816 seconds ***
- Best fitness in generation 55 is 7.924219
-- Overall best fitness is found in generation 39 and is 7.923653
[MPI_TIMING] gen=55 total_max=3.705795s total_avg=3.705747s compute_max=3.683654s compute_avg=3.637338s comm_max=0.083057s comm_avg=0.066214s root_ops=0.017189s overhead_ratio=0.027
Running Generation 56...
*** Completed generation 56 after 211.48022 seconds ***
- Best fitness in generation 56 is 7.924219
-- Overall best fitness is found in generation 39 and is 7.923653
[MPI_TIMING] gen=56 total_max=3.698570s total_avg=3.698540s compute_max=3.676446s compute_avg=3.639471s comm_max=0.070776s comm_avg=0.056881s root_ops=0.017124s overhead_ratio=0.024
Running Generation 57...
*** Completed generation 57 after 215.18579 seconds ***
- Best fitness in generation 57 is 7.924219
-- Overall best fitness is found in generation 39 and is 7.923653
[MPI_TIMING] gen=57 total_max=3.705502s total_avg=3.705465s compute_max=3.683481s compute_avg=3.638166s comm_max=0.078268s comm_avg=0.065128s root_ops=0.016989s overhead_ratio=0.026
Running Generation 58...
*** Completed generation 58 after 218.8837 seconds ***
- Best fitness in generation 58 is 7.924219
-- Overall best fitness is found in generation 39 and is 7.923653
[MPI_TIMING] gen=58 total_max=3.697913s total_avg=3.697839s compute_max=3.676003s compute_avg=3.638991s comm_max=0.070916s comm_avg=0.056661s root_ops=0.017123s overhead_ratio=0.024
Running Generation 59...
*** Completed generation 59 after 222.59575 seconds ***
- Best fitness in generation 59 is 7.924219
-- Overall best fitness is found in generation 39 and is 7.923653
[MPI_TIMING] gen=59 total_max=3.712026s total_avg=3.711981s compute_max=3.690009s compute_avg=3.641273s comm_max=0.083558s comm_avg=0.068507s root_ops=0.017235s overhead_ratio=0.027
Running Generation 60...
*** Completed generation 60 after 226.29926 seconds ***
- Best fitness in generation 60 is 7.924
-- Overall best fitness is found in generation 39 and is 7.923653
[MPI_TIMING] gen=60 total_max=3.703447s total_avg=3.703424s compute_max=3.681361s compute_avg=3.642225s comm_max=0.073594s comm_avg=0.059006s root_ops=0.017156s overhead_ratio=0.025
Running Generation 61...
*** Completed generation 61 after 230.00572 seconds ***
- Best fitness in generation 61 is 7.924
-- Overall best fitness is found in generation 39 and is 7.923653
[MPI_TIMING] gen=61 total_max=3.706401s total_avg=3.706379s compute_max=3.684390s compute_avg=3.641533s comm_max=0.081325s comm_avg=0.062662s root_ops=0.017100s overhead_ratio=0.027
Running Generation 62...
*** Completed generation 62 after 233.7079 seconds ***
- Best fitness in generation 62 is 7.921811
-- Overall best fitness is found in generation 62 and is 7.921811
[MPI_TIMING] gen=62 total_max=3.702123s total_avg=3.702109s compute_max=3.680097s compute_avg=3.639278s comm_max=0.082638s comm_avg=0.060644s root_ops=0.017116s overhead_ratio=0.027
Running Generation 63...
*** Completed generation 63 after 237.41513 seconds ***
- Best fitness in generation 63 is 7.921811
-- Overall best fitness is found in generation 62 and is 7.921811
[MPI_TIMING] gen=63 total_max=3.707159s total_avg=3.707150s compute_max=3.685160s compute_avg=3.641013s comm_max=0.089084s comm_avg=0.063945s root_ops=0.017166s overhead_ratio=0.029
Running Generation 64...
*** Completed generation 64 after 241.11359 seconds ***
- Best fitness in generation 64 is 7.924
-- Overall best fitness is found in generation 62 and is 7.921811
[MPI_TIMING] gen=64 total_max=3.698394s total_avg=3.698373s compute_max=3.676375s compute_avg=3.641066s comm_max=0.081338s comm_avg=0.055119s root_ops=0.017123s overhead_ratio=0.027
Running Generation 65...
*** Completed generation 65 after 244.8202 seconds ***
- Best fitness in generation 65 is 7.9175615
-- Overall best fitness is found in generation 65 and is 7.9175615
[MPI_TIMING] gen=65 total_max=3.706634s total_avg=3.706560s compute_max=3.684460s compute_avg=3.639155s comm_max=0.085601s comm_avg=0.065199s root_ops=0.017270s overhead_ratio=0.028
Running Generation 66...
*** Completed generation 66 after 248.53253 seconds ***
- Best fitness in generation 66 is 7.9175615
-- Overall best fitness is found in generation 65 and is 7.9175615
[MPI_TIMING] gen=66 total_max=3.712272s total_avg=3.712247s compute_max=3.690017s compute_avg=3.641213s comm_max=0.089149s comm_avg=0.068836s root_ops=0.017201s overhead_ratio=0.029
Running Generation 67...
*** Completed generation 67 after 252.24055 seconds ***
- Best fitness in generation 67 is 7.9175615
-- Overall best fitness is found in generation 65 and is 7.9175615
[MPI_TIMING] gen=67 total_max=3.707966s total_avg=3.707949s compute_max=3.685870s compute_avg=3.643948s comm_max=0.085972s comm_avg=0.061801s root_ops=0.017203s overhead_ratio=0.028
Running Generation 68...
*** Completed generation 68 after 255.94551 seconds ***
- Best fitness in generation 68 is 7.9175615
-- Overall best fitness is found in generation 65 and is 7.9175615
[MPI_TIMING] gen=68 total_max=3.704886s total_avg=3.704869s compute_max=3.682601s compute_avg=3.640767s comm_max=0.086251s comm_avg=0.061902s root_ops=0.017228s overhead_ratio=0.028
Running Generation 69...
*** Completed generation 69 after 259.6505 seconds ***
- Best fitness in generation 69 is 7.92293
-- Overall best fitness is found in generation 65 and is 7.9175615
[MPI_TIMING] gen=69 total_max=3.705332s total_avg=3.704975s compute_max=3.682690s compute_avg=3.642739s comm_max=0.092391s comm_avg=0.059977s root_ops=0.017700s overhead_ratio=0.030
Running Generation 70...
*** Completed generation 70 after 263.34842 seconds ***
- Best fitness in generation 70 is 7.917015
-- Overall best fitness is found in generation 70 and is 7.917015
[MPI_TIMING] gen=70 total_max=3.697818s total_avg=3.697741s compute_max=3.675247s compute_avg=3.639631s comm_max=0.084745s comm_avg=0.055909s root_ops=0.017221s overhead_ratio=0.028
Running Generation 71...
*** Completed generation 71 after 267.0511 seconds ***
- Best fitness in generation 71 is 7.917015
-- Overall best fitness is found in generation 70 and is 7.917015
[MPI_TIMING] gen=71 total_max=3.702602s total_avg=3.702566s compute_max=3.680427s compute_avg=3.639913s comm_max=0.088779s comm_avg=0.060470s root_ops=0.017093s overhead_ratio=0.029
Running Generation 72...
*** Completed generation 72 after 270.75238 seconds ***
- Best fitness in generation 72 is 7.917015
-- Overall best fitness is found in generation 70 and is 7.917015
[MPI_TIMING] gen=72 total_max=3.701371s total_avg=3.701246s compute_max=3.679281s compute_avg=3.638698s comm_max=0.088654s comm_avg=0.060339s root_ops=0.017287s overhead_ratio=0.029
Running Generation 73...
*** Completed generation 73 after 274.4584 seconds ***
- Best fitness in generation 73 is 7.916555
-- Overall best fitness is found in generation 73 and is 7.916555
[MPI_TIMING] gen=73 total_max=3.705982s total_avg=3.705958s compute_max=3.683744s compute_avg=3.638943s comm_max=0.091172s comm_avg=0.064810s root_ops=0.017246s overhead_ratio=0.029
Running Generation 74...
*** Completed generation 74 after 278.16364 seconds ***
- Best fitness in generation 74 is 7.9230256
-- Overall best fitness is found in generation 73 and is 7.916555
[MPI_TIMING] gen=74 total_max=3.705164s total_avg=3.705144s compute_max=3.683098s compute_avg=3.639188s comm_max=0.087310s comm_avg=0.063761s root_ops=0.017186s overhead_ratio=0.028
Running Generation 75...
*** Completed generation 75 after 281.87076 seconds ***
- Best fitness in generation 75 is 7.9230256
-- Overall best fitness is found in generation 73 and is 7.916555
[MPI_TIMING] gen=75 total_max=3.707057s total_avg=3.707047s compute_max=3.684948s compute_avg=3.640226s comm_max=0.088329s comm_avg=0.064616s root_ops=0.017264s overhead_ratio=0.028
Running Generation 76...
*** Completed generation 76 after 285.57535 seconds ***
- Best fitness in generation 76 is 7.923433
-- Overall best fitness is found in generation 73 and is 7.916555
[MPI_TIMING] gen=76 total_max=3.704526s total_avg=3.704508s compute_max=3.682357s compute_avg=3.639944s comm_max=0.085401s comm_avg=0.062359s root_ops=0.017265s overhead_ratio=0.028
Running Generation 77...
*** Completed generation 77 after 289.28128 seconds ***
- Best fitness in generation 77 is 7.9232697
-- Overall best fitness is found in generation 73 and is 7.916555
[MPI_TIMING] gen=77 total_max=3.705897s total_avg=3.705879s compute_max=3.683722s compute_avg=3.641505s comm_max=0.085966s comm_avg=0.062172s root_ops=0.017242s overhead_ratio=0.028
Running Generation 78...
*** Completed generation 78 after 292.9831 seconds ***
- Best fitness in generation 78 is 7.9232697
-- Overall best fitness is found in generation 73 and is 7.916555
[MPI_TIMING] gen=78 total_max=3.701734s total_avg=3.701707s compute_max=3.679566s compute_avg=3.642066s comm_max=0.088760s comm_avg=0.057450s root_ops=0.017156s overhead_ratio=0.029
Running Generation 79...
*** Completed generation 79 after 296.68903 seconds ***
- Best fitness in generation 79 is 7.9232697
-- Overall best fitness is found in generation 73 and is 7.916555
[MPI_TIMING] gen=79 total_max=3.705938s total_avg=3.705863s compute_max=3.683847s compute_avg=3.643435s comm_max=0.093181s comm_avg=0.060219s root_ops=0.017302s overhead_ratio=0.030
Running Generation 80...
*** Completed generation 80 after 300.39377 seconds ***
- Best fitness in generation 80 is 7.9232697
-- Overall best fitness is found in generation 73 and is 7.916555
[MPI_TIMING] gen=80 total_max=3.704799s total_avg=3.704703s compute_max=3.682439s compute_avg=3.642364s comm_max=0.091168s comm_avg=0.060108s root_ops=0.017467s overhead_ratio=0.029
Running Generation 81...
*** Completed generation 81 after 304.1013 seconds ***
- Best fitness in generation 81 is 7.9175024
-- Overall best fitness is found in generation 73 and is 7.916555
[MPI_TIMING] gen=81 total_max=3.707444s total_avg=3.707407s compute_max=3.684978s compute_avg=3.643658s comm_max=0.095330s comm_avg=0.061539s root_ops=0.017314s overhead_ratio=0.030
Running Generation 82...
*** Completed generation 82 after 307.80048 seconds ***
- Best fitness in generation 82 is 7.9175024
-- Overall best fitness is found in generation 73 and is 7.916555
[MPI_TIMING] gen=82 total_max=3.699157s total_avg=3.699141s compute_max=3.676976s compute_avg=3.640238s comm_max=0.086826s comm_avg=0.056687s root_ops=0.017347s overhead_ratio=0.028
Running Generation 83...
*** Completed generation 83 after 311.50128 seconds ***
- Best fitness in generation 83 is 7.9175024
-- Overall best fitness is found in generation 73 and is 7.916555
[MPI_TIMING] gen=83 total_max=3.700752s total_avg=3.700714s compute_max=3.678571s compute_avg=3.637135s comm_max=0.090120s comm_avg=0.061381s root_ops=0.017206s overhead_ratio=0.029
Running Generation 84...
*** Completed generation 84 after 315.2014 seconds ***
- Best fitness in generation 84 is 7.9175024
-- Overall best fitness is found in generation 73 and is 7.916555
[MPI_TIMING] gen=84 total_max=3.700158s total_avg=3.700030s compute_max=3.677994s compute_avg=3.638129s comm_max=0.088745s comm_avg=0.059676s root_ops=0.017411s overhead_ratio=0.029
Running Generation 85...
*** Completed generation 85 after 318.90625 seconds ***
- Best fitness in generation 85 is 7.918555
-- Overall best fitness is found in generation 73 and is 7.916555
[MPI_TIMING] gen=85 total_max=3.705042s total_avg=3.704853s compute_max=3.682325s compute_avg=3.637952s comm_max=0.092834s comm_avg=0.064641s root_ops=0.017696s overhead_ratio=0.030
Running Generation 86...
*** Completed generation 86 after 322.6087 seconds ***
- Best fitness in generation 86 is 7.918555
-- Overall best fitness is found in generation 73 and is 7.916555
[MPI_TIMING] gen=86 total_max=3.702371s total_avg=3.702291s compute_max=3.679826s compute_avg=3.637619s comm_max=0.090836s comm_avg=0.062457s root_ops=0.017344s overhead_ratio=0.029
Running Generation 87...
*** Completed generation 87 after 326.3135 seconds ***
- Best fitness in generation 87 is 7.918555
-- Overall best fitness is found in generation 73 and is 7.916555
[MPI_TIMING] gen=87 total_max=3.704756s total_avg=3.704733s compute_max=3.682485s compute_avg=3.639228s comm_max=0.093116s comm_avg=0.063298s root_ops=0.017286s overhead_ratio=0.030
Running Generation 88...
*** Completed generation 88 after 330.01306 seconds ***
- Best fitness in generation 88 is 7.918555
-- Overall best fitness is found in generation 73 and is 7.916555
[MPI_TIMING] gen=88 total_max=3.699484s total_avg=3.699452s compute_max=3.677304s compute_avg=3.638247s comm_max=0.087668s comm_avg=0.059005s root_ops=0.017223s overhead_ratio=0.028
Running Generation 89...
*** Completed generation 89 after 333.71893 seconds ***
- Best fitness in generation 89 is 7.9169164
-- Overall best fitness is found in generation 73 and is 7.916555
[MPI_TIMING] gen=89 total_max=3.705821s total_avg=3.705807s compute_max=3.683696s compute_avg=3.641155s comm_max=0.090573s comm_avg=0.062442s root_ops=0.017301s overhead_ratio=0.029
Running Generation 90...
*** Completed generation 90 after 337.421 seconds ***
- Best fitness in generation 90 is 7.9169164
-- Overall best fitness is found in generation 73 and is 7.916555
[MPI_TIMING] gen=90 total_max=3.702005s total_avg=3.701991s compute_max=3.679685s compute_avg=3.638387s comm_max=0.087043s comm_avg=0.061395s root_ops=0.017300s overhead_ratio=0.028
Running Generation 91...
*** Completed generation 91 after 341.12866 seconds ***
- Best fitness in generation 91 is 7.9169164
-- Overall best fitness is found in generation 73 and is 7.916555
[MPI_TIMING] gen=91 total_max=3.707575s total_avg=3.707568s compute_max=3.685417s compute_avg=3.641038s comm_max=0.092011s comm_avg=0.064315s root_ops=0.017355s overhead_ratio=0.029
Running Generation 92...
*** Completed generation 92 after 344.8317 seconds ***
- Best fitness in generation 92 is 7.9169164
-- Overall best fitness is found in generation 73 and is 7.916555
[MPI_TIMING] gen=92 total_max=3.702984s total_avg=3.702970s compute_max=3.680745s compute_avg=3.640827s comm_max=0.085777s comm_avg=0.059924s root_ops=0.017369s overhead_ratio=0.028
Running Generation 93...
*** Completed generation 93 after 348.53836 seconds ***
- Best fitness in generation 93 is 7.9169164
-- Overall best fitness is found in generation 73 and is 7.916555
[MPI_TIMING] gen=93 total_max=3.706614s total_avg=3.706569s compute_max=3.684385s compute_avg=3.639619s comm_max=0.095229s comm_avg=0.064756s root_ops=0.017175s overhead_ratio=0.030
Running Generation 94...
*** Completed generation 94 after 352.2434 seconds ***
- Best fitness in generation 94 is 7.9213595
-- Overall best fitness is found in generation 73 and is 7.916555
[MPI_TIMING] gen=94 total_max=3.705120s total_avg=3.704986s compute_max=3.682895s compute_avg=3.643798s comm_max=0.093581s comm_avg=0.058969s root_ops=0.017381s overhead_ratio=0.030
Running Generation 95...
*** Completed generation 95 after 355.95074 seconds ***
- Best fitness in generation 95 is 7.9213595
-- Overall best fitness is found in generation 73 and is 7.916555
[MPI_TIMING] gen=95 total_max=3.707299s total_avg=3.707269s compute_max=3.685101s compute_avg=3.636632s comm_max=0.089879s comm_avg=0.068430s root_ops=0.017277s overhead_ratio=0.029
Running Generation 96...
*** Completed generation 96 after 359.65234 seconds ***
- Best fitness in generation 96 is 7.92191
-- Overall best fitness is found in generation 73 and is 7.916555
[MPI_TIMING] gen=96 total_max=3.701526s total_avg=3.701516s compute_max=3.679411s compute_avg=3.637810s comm_max=0.084118s comm_avg=0.061493s root_ops=0.017324s overhead_ratio=0.027
Running Generation 97...
*** Completed generation 97 after 363.35867 seconds ***
- Best fitness in generation 97 is 7.92191
-- Overall best fitness is found in generation 73 and is 7.916555
[MPI_TIMING] gen=97 total_max=3.706267s total_avg=3.706239s compute_max=3.684122s compute_avg=3.638181s comm_max=0.094129s comm_avg=0.065861s root_ops=0.017210s overhead_ratio=0.030
Running Generation 98...
*** Completed generation 98 after 367.05783 seconds ***
- Best fitness in generation 98 is 7.92191
-- Overall best fitness is found in generation 73 and is 7.916555
[MPI_TIMING] gen=98 total_max=3.699105s total_avg=3.699097s compute_max=3.677046s compute_avg=3.638831s comm_max=0.086478s comm_avg=0.058060s root_ops=0.017262s overhead_ratio=0.028
Running Generation 99...
*** Completed generation 99 after 370.76724 seconds ***
- Best fitness in generation 99 is 7.921796
-- Overall best fitness is found in generation 73 and is 7.916555
[MPI_TIMING] gen=99 total_max=3.709370s total_avg=3.709341s compute_max=3.687293s compute_avg=3.638171s comm_max=0.096447s comm_avg=0.068954s root_ops=0.017362s overhead_ratio=0.031
Running Generation 100...
*** Completed generation 100 after 374.47153 seconds ***
- Best fitness in generation 100 is 7.922296
-- Overall best fitness is found in generation 73 and is 7.916555
[MPI_TIMING] gen=100 total_max=3.704232s total_avg=3.704216s compute_max=3.682022s compute_avg=3.640266s comm_max=0.082815s comm_avg=0.061736s root_ops=0.017324s overhead_ratio=0.027
Running Generation 101...
*** Completed generation 101 after 378.17874 seconds ***
- Best fitness in generation 101 is 7.922296
-- Overall best fitness is found in generation 73 and is 7.916555
[MPI_TIMING] gen=101 total_max=3.707150s total_avg=3.707117s compute_max=3.684979s compute_avg=3.637464s comm_max=0.096266s comm_avg=0.067458s root_ops=0.017188s overhead_ratio=0.031
Running Generation 102...
*** Completed generation 102 after 381.88297 seconds ***
- Best fitness in generation 102 is 7.922296
-- Overall best fitness is found in generation 73 and is 7.916555
[MPI_TIMING] gen=102 total_max=3.704539s total_avg=3.704166s compute_max=3.682007s compute_avg=3.637591s comm_max=0.088363s comm_avg=0.064321s root_ops=0.017638s overhead_ratio=0.029
Running Generation 103...
*** Completed generation 103 after 385.59384 seconds ***
- Best fitness in generation 103 is 7.922296
-- Overall best fitness is found in generation 73 and is 7.916555
[MPI_TIMING] gen=103 total_max=3.710809s total_avg=3.710750s compute_max=3.688323s compute_avg=3.638829s comm_max=0.093402s comm_avg=0.069711s root_ops=0.017314s overhead_ratio=0.030
Running Generation 104...
*** Completed generation 104 after 389.30115 seconds ***
- Best fitness in generation 104 is 7.922296
-- Overall best fitness is found in generation 73 and is 7.916555
[MPI_TIMING] gen=104 total_max=3.707246s total_avg=3.707221s compute_max=3.685047s compute_avg=3.638095s comm_max=0.092041s comm_avg=0.066923s root_ops=0.017250s overhead_ratio=0.029
Running Generation 105...
*** Completed generation 105 after 393.01382 seconds ***
- Best fitness in generation 105 is 7.920399
-- Overall best fitness is found in generation 73 and is 7.916555
[MPI_TIMING] gen=105 total_max=3.712644s total_avg=3.712615s compute_max=3.690552s compute_avg=3.638105s comm_max=0.102406s comm_avg=0.072315s root_ops=0.017186s overhead_ratio=0.032
Running Generation 106...
*** Completed generation 106 after 396.71277 seconds ***
- Best fitness in generation 106 is 7.920399
-- Overall best fitness is found in generation 73 and is 7.916555
[MPI_TIMING] gen=106 total_max=3.698879s total_avg=3.698863s compute_max=3.676885s compute_avg=3.637483s comm_max=0.082547s comm_avg=0.059184s root_ops=0.017197s overhead_ratio=0.027
Running Generation 107...
*** Completed generation 107 after 400.4228 seconds ***
- Best fitness in generation 107 is 7.920399
-- Overall best fitness is found in generation 73 and is 7.916555
[MPI_TIMING] gen=107 total_max=3.709973s total_avg=3.709941s compute_max=3.687835s compute_avg=3.638933s comm_max=0.092821s comm_avg=0.068826s root_ops=0.017082s overhead_ratio=0.030
Running Generation 108...
*** Completed generation 108 after 404.12268 seconds ***
- Best fitness in generation 108 is 7.920399
-- Overall best fitness is found in generation 73 and is 7.916555
[MPI_TIMING] gen=108 total_max=3.699996s total_avg=3.699828s compute_max=3.677907s compute_avg=3.636556s comm_max=0.083365s comm_avg=0.061057s root_ops=0.017341s overhead_ratio=0.027
Running Generation 109...
*** Completed generation 109 after 407.8345 seconds ***
- Best fitness in generation 109 is 7.9217963
-- Overall best fitness is found in generation 73 and is 7.916555
[MPI_TIMING] gen=109 total_max=3.711761s total_avg=3.711731s compute_max=3.689577s compute_avg=3.641636s comm_max=0.093162s comm_avg=0.067896s root_ops=0.017225s overhead_ratio=0.030
Running Generation 110...
*** Completed generation 110 after 411.5373 seconds ***
- Best fitness in generation 110 is 7.921159
-- Overall best fitness is found in generation 73 and is 7.916555
[MPI_TIMING] gen=110 total_max=3.702810s total_avg=3.702729s compute_max=3.680728s compute_avg=3.640789s comm_max=0.079155s comm_avg=0.059721s root_ops=0.017378s overhead_ratio=0.026
Running Generation 111...
*** Completed generation 111 after 415.2453 seconds ***
- Best fitness in generation 111 is 7.921159
-- Overall best fitness is found in generation 73 and is 7.916555
[MPI_TIMING] gen=111 total_max=3.707963s total_avg=3.707930s compute_max=3.685731s compute_avg=3.642463s comm_max=0.089326s comm_avg=0.063261s root_ops=0.017271s overhead_ratio=0.029
Running Generation 112...
*** Completed generation 112 after 418.95145 seconds ***
- Best fitness in generation 112 is 7.921159
-- Overall best fitness is found in generation 73 and is 7.916555
[MPI_TIMING] gen=112 total_max=3.706089s total_avg=3.706075s compute_max=3.683856s compute_avg=3.641663s comm_max=0.086342s comm_avg=0.062202s root_ops=0.017294s overhead_ratio=0.028
Running Generation 113...
*** Completed generation 113 after 422.6608 seconds ***
- Best fitness in generation 113 is 7.921159
-- Overall best fitness is found in generation 73 and is 7.916555
[MPI_TIMING] gen=113 total_max=3.709269s total_avg=3.709239s compute_max=3.687053s compute_avg=3.642885s comm_max=0.088701s comm_avg=0.064159s root_ops=0.017191s overhead_ratio=0.029
Running Generation 114...
*** Completed generation 114 after 426.36996 seconds ***
- Best fitness in generation 114 is 7.921159
-- Overall best fitness is found in generation 73 and is 7.916555
[MPI_TIMING] gen=114 total_max=3.709262s total_avg=3.709131s compute_max=3.686957s compute_avg=3.644573s comm_max=0.085679s comm_avg=0.062336s root_ops=0.017396s overhead_ratio=0.028
Running Generation 115...
*** Completed generation 115 after 430.08112 seconds ***
- Best fitness in generation 115 is 7.921159
-- Overall best fitness is found in generation 73 and is 7.916555
[MPI_TIMING] gen=115 total_max=3.711092s total_avg=3.711044s compute_max=3.688766s compute_avg=3.644421s comm_max=0.085502s comm_avg=0.064432s root_ops=0.017157s overhead_ratio=0.028
Running Generation 116...
*** Completed generation 116 after 433.7818 seconds ***
- Best fitness in generation 116 is 7.921217
-- Overall best fitness is found in generation 73 and is 7.916555
[MPI_TIMING] gen=116 total_max=3.700620s total_avg=3.700596s compute_max=3.678489s compute_avg=3.642614s comm_max=0.077677s comm_avg=0.055797s root_ops=0.017113s overhead_ratio=0.026
Running Generation 117...
*** Completed generation 117 after 437.4895 seconds ***
- Best fitness in generation 117 is 7.921217
-- Overall best fitness is found in generation 73 and is 7.916555
[MPI_TIMING] gen=117 total_max=3.707668s total_avg=3.707632s compute_max=3.685597s compute_avg=3.641336s comm_max=0.084186s comm_avg=0.064099s root_ops=0.017202s overhead_ratio=0.027
Running Generation 118...
*** Completed generation 118 after 441.19666 seconds ***
- Best fitness in generation 118 is 7.9219956
-- Overall best fitness is found in generation 73 and is 7.916555
[MPI_TIMING] gen=118 total_max=3.707532s total_avg=3.707146s compute_max=3.684809s compute_avg=3.643084s comm_max=0.083785s comm_avg=0.061801s root_ops=0.017702s overhead_ratio=0.027
Running Generation 119...
*** Completed generation 119 after 444.9114 seconds ***
- Best fitness in generation 119 is 7.9219956
-- Overall best fitness is found in generation 73 and is 7.916555
[MPI_TIMING] gen=119 total_max=3.714688s total_avg=3.714616s compute_max=3.692080s compute_avg=3.641954s comm_max=0.100730s comm_avg=0.070450s root_ops=0.017315s overhead_ratio=0.032
Running Generation 120...
*** Completed generation 120 after 448.60822 seconds ***
- Best fitness in generation 120 is 7.9224377
-- Overall best fitness is found in generation 73 and is 7.916555
[MPI_TIMING] gen=120 total_max=3.696760s total_avg=3.696729s compute_max=3.674575s compute_avg=3.640401s comm_max=0.073015s comm_avg=0.054129s root_ops=0.017208s overhead_ratio=0.024
Running Generation 121...
*** Completed generation 121 after 452.32434 seconds ***
- Best fitness in generation 121 is 7.9224377
-- Overall best fitness is found in generation 73 and is 7.916555
[MPI_TIMING] gen=121 total_max=3.716120s total_avg=3.716050s compute_max=3.693987s compute_avg=3.642908s comm_max=0.095695s comm_avg=0.070929s root_ops=0.017337s overhead_ratio=0.030
Running Generation 122...
*** Completed generation 122 after 456.0305 seconds ***
- Best fitness in generation 122 is 7.922412
-- Overall best fitness is found in generation 73 and is 7.916555
[MPI_TIMING] gen=122 total_max=3.706072s total_avg=3.706046s compute_max=3.683882s compute_avg=3.643232s comm_max=0.084653s comm_avg=0.060607s root_ops=0.017279s overhead_ratio=0.028
Running Generation 123...
*** Completed generation 123 after 459.7443 seconds ***
- Best fitness in generation 123 is 7.917376
-- Overall best fitness is found in generation 73 and is 7.916555
[MPI_TIMING] gen=123 total_max=3.713748s total_avg=3.713725s compute_max=3.691586s compute_avg=3.643018s comm_max=0.092568s comm_avg=0.068511s root_ops=0.017195s overhead_ratio=0.030
Running Generation 124...
*** Completed generation 124 after 463.4479 seconds ***
- Best fitness in generation 124 is 7.922412
-- Overall best fitness is found in generation 73 and is 7.916555
[MPI_TIMING] gen=124 total_max=3.703646s total_avg=3.703542s compute_max=3.681448s compute_avg=3.641235s comm_max=0.079928s comm_avg=0.060088s root_ops=0.017366s overhead_ratio=0.026
Running Generation 125...
*** Completed generation 125 after 467.16556 seconds ***
- Best fitness in generation 125 is 7.922418
-- Overall best fitness is found in generation 73 and is 7.916555
[MPI_TIMING] gen=125 total_max=3.717598s total_avg=3.717557s compute_max=3.695348s compute_avg=3.642627s comm_max=0.094671s comm_avg=0.072738s root_ops=0.017159s overhead_ratio=0.030
Running Generation 126...
*** Completed generation 126 after 470.86676 seconds ***
- Best fitness in generation 126 is 7.9213896
-- Overall best fitness is found in generation 73 and is 7.916555
[MPI_TIMING] gen=126 total_max=3.701188s total_avg=3.701140s compute_max=3.679101s compute_avg=3.640615s comm_max=0.076495s comm_avg=0.058321s root_ops=0.017265s overhead_ratio=0.025
Running Generation 127...
*** Completed generation 127 after 474.57803 seconds ***
- Best fitness in generation 127 is 7.9211006
-- Overall best fitness is found in generation 73 and is 7.916555
[MPI_TIMING] gen=127 total_max=3.711211s total_avg=3.711178s compute_max=3.689061s compute_avg=3.642201s comm_max=0.089240s comm_avg=0.066791s root_ops=0.017117s overhead_ratio=0.029
Running Generation 128...
*** Completed generation 128 after 478.28513 seconds ***
- Best fitness in generation 128 is 7.9211006
-- Overall best fitness is found in generation 73 and is 7.916555
[MPI_TIMING] gen=128 total_max=3.707052s total_avg=3.707022s compute_max=3.685085s compute_avg=3.641721s comm_max=0.082943s comm_avg=0.063102s root_ops=0.017213s overhead_ratio=0.027
Running Generation 129...
*** Completed generation 129 after 481.9991 seconds ***
- Best fitness in generation 129 is 7.9211006
-- Overall best fitness is found in generation 73 and is 7.916555
[MPI_TIMING] gen=129 total_max=3.713926s total_avg=3.713896s compute_max=3.691719s compute_avg=3.642020s comm_max=0.091032s comm_avg=0.069691s root_ops=0.017112s overhead_ratio=0.029
Running Generation 130...
*** Completed generation 130 after 485.7002 seconds ***
- Best fitness in generation 130 is 7.9211006
-- Overall best fitness is found in generation 73 and is 7.916555
[MPI_TIMING] gen=130 total_max=3.701037s total_avg=3.701029s compute_max=3.679049s compute_avg=3.640289s comm_max=0.081459s comm_avg=0.058545s root_ops=0.017184s overhead_ratio=0.027
Running Generation 131...
*** Completed generation 131 after 489.41342 seconds ***
- Best fitness in generation 131 is 7.9211006
-- Overall best fitness is found in generation 73 and is 7.916555
[MPI_TIMING] gen=131 total_max=3.713160s total_avg=3.713134s compute_max=3.691097s compute_avg=3.641544s comm_max=0.094353s comm_avg=0.069406s root_ops=0.017101s overhead_ratio=0.030
Running Generation 132...
*** Completed generation 132 after 493.1228 seconds ***
- Best fitness in generation 132 is 7.917259
-- Overall best fitness is found in generation 73 and is 7.916555
[MPI_TIMING] gen=132 total_max=3.709325s total_avg=3.709316s compute_max=3.687183s compute_avg=3.642262s comm_max=0.091604s comm_avg=0.064863s root_ops=0.017159s overhead_ratio=0.029
Running Generation 133...
*** Completed generation 133 after 496.83572 seconds ***
- Best fitness in generation 133 is 7.917259
-- Overall best fitness is found in generation 73 and is 7.916555
[MPI_TIMING] gen=133 total_max=3.712844s total_avg=3.712828s compute_max=3.690838s compute_avg=3.642978s comm_max=0.094862s comm_avg=0.067656s root_ops=0.017177s overhead_ratio=0.030
Running Generation 134...
*** Completed generation 134 after 500.54233 seconds ***
- Best fitness in generation 134 is 7.917259
-- Overall best fitness is found in generation 73 and is 7.916555
[MPI_TIMING] gen=134 total_max=3.707124s total_avg=3.706632s compute_max=3.684361s compute_avg=3.641470s comm_max=0.092864s comm_avg=0.062891s root_ops=0.017783s overhead_ratio=0.030
Running Generation 135...
*** Completed generation 135 after 504.25055 seconds ***
- Best fitness in generation 135 is 7.9161773
-- Overall best fitness is found in generation 135 and is 7.9161773
[MPI_TIMING] gen=135 total_max=3.708142s total_avg=3.708048s compute_max=3.685506s compute_avg=3.642289s comm_max=0.090194s comm_avg=0.063561s root_ops=0.017213s overhead_ratio=0.029
Running Generation 136...
*** Completed generation 136 after 507.96002 seconds ***
- Best fitness in generation 136 is 7.9161773
-- Overall best fitness is found in generation 135 and is 7.9161773
[MPI_TIMING] gen=136 total_max=3.709408s total_avg=3.709396s compute_max=3.687291s compute_avg=3.641524s comm_max=0.091042s comm_avg=0.065666s root_ops=0.017267s overhead_ratio=0.029
Running Generation 137...
*** Completed generation 137 after 511.67404 seconds ***
- Best fitness in generation 137 is 7.922733
-- Overall best fitness is found in generation 135 and is 7.9161773
[MPI_TIMING] gen=137 total_max=3.713953s total_avg=3.713927s compute_max=3.691842s compute_avg=3.642653s comm_max=0.092129s comm_avg=0.069076s root_ops=0.017208s overhead_ratio=0.029
Running Generation 138...
*** Completed generation 138 after 515.3765 seconds ***
- Best fitness in generation 138 is 7.922619
-- Overall best fitness is found in generation 135 and is 7.9161773
[MPI_TIMING] gen=138 total_max=3.702547s total_avg=3.702445s compute_max=3.680342s compute_avg=3.642286s comm_max=0.079937s comm_avg=0.057939s root_ops=0.017382s overhead_ratio=0.026
Running Generation 139...
*** Completed generation 139 after 519.09625 seconds ***
- Best fitness in generation 139 is 7.922619
-- Overall best fitness is found in generation 135 and is 7.9161773
[MPI_TIMING] gen=139 total_max=3.719630s total_avg=3.719595s compute_max=3.697378s compute_avg=3.644218s comm_max=0.099653s comm_avg=0.073176s root_ops=0.017228s overhead_ratio=0.031
Running Generation 140...
*** Completed generation 140 after 522.7984 seconds ***
- Best fitness in generation 140 is 7.922619
-- Overall best fitness is found in generation 135 and is 7.9161773
[MPI_TIMING] gen=140 total_max=3.702124s total_avg=3.702100s compute_max=3.680030s compute_avg=3.643102s comm_max=0.078666s comm_avg=0.056805s root_ops=0.017175s overhead_ratio=0.026
Running Generation 141...
*** Completed generation 141 after 526.514 seconds ***
- Best fitness in generation 141 is 7.922619
-- Overall best fitness is found in generation 135 and is 7.9161773
[MPI_TIMING] gen=141 total_max=3.715513s total_avg=3.715489s compute_max=3.693397s compute_avg=3.641838s comm_max=0.100831s comm_avg=0.071463s root_ops=0.017128s overhead_ratio=0.032
Running Generation 142...
*** Completed generation 142 after 530.21497 seconds ***
- Best fitness in generation 142 is 7.922619
-- Overall best fitness is found in generation 135 and is 7.9161773
[MPI_TIMING] gen=142 total_max=3.700940s total_avg=3.700914s compute_max=3.678965s compute_avg=3.641621s comm_max=0.078269s comm_avg=0.057095s root_ops=0.017206s overhead_ratio=0.026
Running Generation 143...
*** Completed generation 143 after 533.92804 seconds ***
- Best fitness in generation 143 is 7.922619
-- Overall best fitness is found in generation 135 and is 7.9161773
[MPI_TIMING] gen=143 total_max=3.713028s total_avg=3.712992s compute_max=3.690971s compute_avg=3.642842s comm_max=0.086051s comm_avg=0.067971s root_ops=0.017061s overhead_ratio=0.028
Running Generation 144...
*** Completed generation 144 after 537.63055 seconds ***
- Best fitness in generation 144 is 7.922619
-- Overall best fitness is found in generation 135 and is 7.9161773
[MPI_TIMING] gen=144 total_max=3.702461s total_avg=3.702450s compute_max=3.680539s compute_avg=3.642717s comm_max=0.080455s comm_avg=0.057544s root_ops=0.017134s overhead_ratio=0.026
Running Generation 145...
*** Completed generation 145 after 541.34283 seconds ***
- Best fitness in generation 145 is 7.922619
-- Overall best fitness is found in generation 135 and is 7.9161773
[MPI_TIMING] gen=145 total_max=3.712238s total_avg=3.712209s compute_max=3.690200s compute_avg=3.641547s comm_max=0.088088s comm_avg=0.068463s root_ops=0.017220s overhead_ratio=0.028
Running Generation 146...
*** Completed generation 146 after 545.0461 seconds ***
- Best fitness in generation 146 is 7.9224296
-- Overall best fitness is found in generation 135 and is 7.9161773
[MPI_TIMING] gen=146 total_max=3.703163s total_avg=3.703148s compute_max=3.681041s compute_avg=3.641900s comm_max=0.076876s comm_avg=0.059046s root_ops=0.017238s overhead_ratio=0.025
Running Generation 147...
*** Completed generation 147 after 548.7544 seconds ***
- Best fitness in generation 147 is 7.9215593
-- Overall best fitness is found in generation 135 and is 7.9161773
[MPI_TIMING] gen=147 total_max=3.708234s total_avg=3.708218s compute_max=3.686054s compute_avg=3.641064s comm_max=0.090710s comm_avg=0.064955s root_ops=0.017226s overhead_ratio=0.029
Running Generation 148...
*** Completed generation 148 after 552.46576 seconds ***
- Best fitness in generation 148 is 7.9215593
-- Overall best fitness is found in generation 135 and is 7.9161773
[MPI_TIMING] gen=148 total_max=3.711358s total_avg=3.711337s compute_max=3.689136s compute_avg=3.641673s comm_max=0.090295s comm_avg=0.067468s root_ops=0.017187s overhead_ratio=0.029
Running Generation 149...
*** Completed generation 149 after 556.1779 seconds ***
- Best fitness in generation 149 is 7.921629
-- Overall best fitness is found in generation 135 and is 7.9161773
[MPI_TIMING] gen=149 total_max=3.712108s total_avg=3.712080s compute_max=3.689987s compute_avg=3.641028s comm_max=0.091450s comm_avg=0.068869s root_ops=0.017086s overhead_ratio=0.029
Running Generation 150...
*** Completed generation 150 after 559.885 seconds ***
- Best fitness in generation 150 is 7.921631
-- Overall best fitness is found in generation 135 and is 7.9161773
[MPI_TIMING] gen=150 total_max=3.707588s total_avg=3.707094s compute_max=3.684792s compute_avg=3.640355s comm_max=0.090874s comm_avg=0.064479s root_ops=0.017708s overhead_ratio=0.029
Reached 150 generations, exiting...


- Overall best fitness is 7.9161773
- The best individual is:
                generation:	135
                index:		0
                fitness:	7.9161773
                string:	0.00000;0.46173;0.00000;0.00000;0.51512;0.67341;0.74666

