Scale config: households=48 horizon=60 individuals=128 max_generation=75 repetitions=20 seed=16562
Running distributed (MPI) GA exploration...
Running Generation 1...
*** Completed generation 1 after 1.1349806 seconds ***
- Best fitness in generation 1 is 9.122226
-- Overall best fitness is found in generation 1 and is 9.122226
[MPI_TIMING] gen=1 total_max=1.135127s total_avg=1.135127s compute_max=1.134749s compute_avg=1.134749s comm_max=0.000070s comm_avg=0.000070s root_ops=0.000292s overhead_ratio=0.000
Running Generation 2...
*** Completed generation 2 after 2.2725828 seconds ***
- Best fitness in generation 2 is 9.122226
-- Overall best fitness is found in generation 1 and is 9.122226
[MPI_TIMING] gen=2 total_max=1.137602s total_avg=1.137602s compute_max=1.137242s compute_avg=1.137242s comm_max=0.000040s comm_avg=0.000040s root_ops=0.000302s overhead_ratio=0.000
Running Generation 3...
*** Completed generation 3 after 3.4094942 seconds ***
- Best fitness in generation 3 is 9.122226
-- Overall best fitness is found in generation 1 and is 9.122226
[MPI_TIMING] gen=3 total_max=1.136866s total_avg=1.136866s compute_max=1.136561s compute_avg=1.136561s comm_max=0.000016s comm_avg=0.000016s root_ops=0.000273s overhead_ratio=0.000
Running Generation 4...
*** Completed generation 4 after 4.549457 seconds ***
- Best fitness in generation 4 is 9.122226
-- Overall best fitness is found in generation 1 and is 9.122226
[MPI_TIMING] gen=4 total_max=1.139960s total_avg=1.139960s compute_max=1.139606s compute_avg=1.139606s comm_max=0.000054s comm_avg=0.000054s root_ops=0.000276s overhead_ratio=0.000
Running Generation 5...
*** Completed generation 5 after 5.690195 seconds ***
- Best fitness in generation 5 is 9.122226
-- Overall best fitness is found in generation 1 and is 9.122226
[MPI_TIMING] gen=5 total_max=1.140731s total_avg=1.140731s compute_max=1.140396s compute_avg=1.140396s comm_max=0.000026s comm_avg=0.000026s root_ops=0.000290s overhead_ratio=0.000
Running Generation 6...
*** Completed generation 6 after 6.832684 seconds ***
- Best fitness in generation 6 is 9.122226
-- Overall best fitness is found in generation 1 and is 9.122226
[MPI_TIMING] gen=6 total_max=1.142468s total_avg=1.142468s compute_max=1.142112s compute_avg=1.142112s comm_max=0.000051s comm_avg=0.000051s root_ops=0.000288s overhead_ratio=0.000
Running Generation 7...
*** Completed generation 7 after 7.975572 seconds ***
- Best fitness in generation 7 is 9.122226
-- Overall best fitness is found in generation 1 and is 9.122226
[MPI_TIMING] gen=7 total_max=1.142871s total_avg=1.142871s compute_max=1.142546s compute_avg=1.142546s comm_max=0.000024s comm_avg=0.000024s root_ops=0.000276s overhead_ratio=0.000
Running Generation 8...
*** Completed generation 8 after 9.118324 seconds ***
- Best fitness in generation 8 is 8.987383
-- Overall best fitness is found in generation 8 and is 8.987383
[MPI_TIMING] gen=8 total_max=1.142724s total_avg=1.142724s compute_max=1.142403s compute_avg=1.142403s comm_max=0.000026s comm_avg=0.000026s root_ops=0.000276s overhead_ratio=0.000
Running Generation 9...
*** Completed generation 9 after 10.261641 seconds ***
- Best fitness in generation 9 is 8.9497175
-- Overall best fitness is found in generation 9 and is 8.9497175
[MPI_TIMING] gen=9 total_max=1.143324s total_avg=1.143324s compute_max=1.142956s compute_avg=1.142956s comm_max=0.000054s comm_avg=0.000054s root_ops=0.000294s overhead_ratio=0.000
Running Generation 10...
*** Completed generation 10 after 11.406404 seconds ***
- Best fitness in generation 10 is 8.864054
-- Overall best fitness is found in generation 10 and is 8.864054
[MPI_TIMING] gen=10 total_max=1.144758s total_avg=1.144758s compute_max=1.144409s compute_avg=1.144409s comm_max=0.000028s comm_avg=0.000028s root_ops=0.000301s overhead_ratio=0.000
Running Generation 11...
*** Completed generation 11 after 12.551055 seconds ***
- Best fitness in generation 11 is 8.493119
-- Overall best fitness is found in generation 11 and is 8.493119
[MPI_TIMING] gen=11 total_max=1.144621s total_avg=1.144621s compute_max=1.144289s compute_avg=1.144289s comm_max=0.000028s comm_avg=0.000028s root_ops=0.000282s overhead_ratio=0.000
Running Generation 12...
*** Completed generation 12 after 13.696264 seconds ***
- Best fitness in generation 12 is 8.455801
-- Overall best fitness is found in generation 12 and is 8.455801
[MPI_TIMING] gen=12 total_max=1.145212s total_avg=1.145212s compute_max=1.144873s compute_avg=1.144873s comm_max=0.000026s comm_avg=0.000026s root_ops=0.000286s overhead_ratio=0.000
Running Generation 13...
*** Completed generation 13 after 14.842546 seconds ***
- Best fitness in generation 13 is 8.409193
-- Overall best fitness is found in generation 13 and is 8.409193
[MPI_TIMING] gen=13 total_max=1.146269s total_avg=1.146269s compute_max=1.145909s compute_avg=1.145909s comm_max=0.000051s comm_avg=0.000051s root_ops=0.000292s overhead_ratio=0.000
Running Generation 14...
*** Completed generation 14 after 15.989753 seconds ***
- Best fitness in generation 14 is 8.230198
-- Overall best fitness is found in generation 14 and is 8.230198
[MPI_TIMING] gen=14 total_max=1.147171s total_avg=1.147171s compute_max=1.146857s compute_avg=1.146857s comm_max=0.000027s comm_avg=0.000027s root_ops=0.000268s overhead_ratio=0.000
Running Generation 15...
*** Completed generation 15 after 17.13586 seconds ***
- Best fitness in generation 15 is 8.228689
-- Overall best fitness is found in generation 15 and is 8.228689
[MPI_TIMING] gen=15 total_max=1.146110s total_avg=1.146110s compute_max=1.145786s compute_avg=1.145786s comm_max=0.000026s comm_avg=0.000026s root_ops=0.000281s overhead_ratio=0.000
Running Generation 16...
*** Completed generation 16 after 18.283653 seconds ***
- Best fitness in generation 16 is 8.118574
-- Overall best fitness is found in generation 16 and is 8.118574
[MPI_TIMING] gen=16 total_max=1.147780s total_avg=1.147780s compute_max=1.147457s compute_avg=1.147457s comm_max=0.000027s comm_avg=0.000027s root_ops=0.000277s overhead_ratio=0.000
Running Generation 17...
*** Completed generation 17 after 19.430704 seconds ***
- Best fitness in generation 17 is 8.118574
-- Overall best fitness is found in generation 16 and is 8.118574
[MPI_TIMING] gen=17 total_max=1.147042s total_avg=1.147042s compute_max=1.146657s compute_avg=1.146657s comm_max=0.000088s comm_avg=0.000088s root_ops=0.000268s overhead_ratio=0.000
Running Generation 18...
*** Completed generation 18 after 20.57797 seconds ***
- Best fitness in generation 18 is 8.078412
-- Overall best fitness is found in generation 18 and is 8.078412
[MPI_TIMING] gen=18 total_max=1.147261s total_avg=1.147261s compute_max=1.146910s compute_avg=1.146910s comm_max=0.000049s comm_avg=0.000049s root_ops=0.000284s overhead_ratio=0.000
Running Generation 19...
*** Completed generation 19 after 21.726383 seconds ***
- Best fitness in generation 19 is 8.043908
-- Overall best fitness is found in generation 19 and is 8.043908
[MPI_TIMING] gen=19 total_max=1.148394s total_avg=1.148394s compute_max=1.148064s compute_avg=1.148064s comm_max=0.000034s comm_avg=0.000034s root_ops=0.000276s overhead_ratio=0.000
Running Generation 20...
*** Completed generation 20 after 22.877504 seconds ***
- Best fitness in generation 20 is 7.9952345
-- Overall best fitness is found in generation 20 and is 7.9952345
[MPI_TIMING] gen=20 total_max=1.151110s total_avg=1.151110s compute_max=1.150791s compute_avg=1.150791s comm_max=0.000026s comm_avg=0.000026s root_ops=0.000276s overhead_ratio=0.000
Running Generation 21...
*** Completed generation 21 after 24.027271 seconds ***
- Best fitness in generation 21 is 7.8894715
-- Overall best fitness is found in generation 21 and is 7.8894715
[MPI_TIMING] gen=21 total_max=1.149754s total_avg=1.149754s compute_max=1.149431s compute_avg=1.149431s comm_max=0.000033s comm_avg=0.000033s root_ops=0.000273s overhead_ratio=0.000
Running Generation 22...
*** Completed generation 22 after 25.176176 seconds ***
- Best fitness in generation 22 is 7.8894715
-- Overall best fitness is found in generation 21 and is 7.8894715
[MPI_TIMING] gen=22 total_max=1.148908s total_avg=1.148908s compute_max=1.148574s compute_avg=1.148574s comm_max=0.000031s comm_avg=0.000031s root_ops=0.000278s overhead_ratio=0.000
Running Generation 23...
*** Completed generation 23 after 26.326708 seconds ***
- Best fitness in generation 23 is 7.8894715
-- Overall best fitness is found in generation 21 and is 7.8894715
[MPI_TIMING] gen=23 total_max=1.150509s total_avg=1.150509s compute_max=1.150192s compute_avg=1.150192s comm_max=0.000025s comm_avg=0.000025s root_ops=0.000274s overhead_ratio=0.000
Running Generation 24...
*** Completed generation 24 after 27.477993 seconds ***
- Best fitness in generation 24 is 7.803776
-- Overall best fitness is found in generation 24 and is 7.803776
[MPI_TIMING] gen=24 total_max=1.151277s total_avg=1.151277s compute_max=1.150939s compute_avg=1.150939s comm_max=0.000044s comm_avg=0.000044s root_ops=0.000278s overhead_ratio=0.000
Running Generation 25...
*** Completed generation 25 after 28.627804 seconds ***
- Best fitness in generation 25 is 7.740197
-- Overall best fitness is found in generation 25 and is 7.740197
[MPI_TIMING] gen=25 total_max=1.149790s total_avg=1.149790s compute_max=1.149458s compute_avg=1.149458s comm_max=0.000049s comm_avg=0.000049s root_ops=0.000266s overhead_ratio=0.000
Running Generation 26...
*** Completed generation 26 after 29.778316 seconds ***
- Best fitness in generation 26 is 7.736383
-- Overall best fitness is found in generation 26 and is 7.736383
[MPI_TIMING] gen=26 total_max=1.150515s total_avg=1.150515s compute_max=1.150193s compute_avg=1.150193s comm_max=0.000025s comm_avg=0.000025s root_ops=0.000278s overhead_ratio=0.000
Running Generation 27...
*** Completed generation 27 after 30.93003 seconds ***
- Best fitness in generation 27 is 7.7261596
-- Overall best fitness is found in generation 27 and is 7.7261596
[MPI_TIMING] gen=27 total_max=1.151712s total_avg=1.151712s compute_max=1.151366s compute_avg=1.151366s comm_max=0.000042s comm_avg=0.000042s root_ops=0.000280s overhead_ratio=0.000
Running Generation 28...
*** Completed generation 28 after 32.08442 seconds ***
- Best fitness in generation 28 is 7.705818
-- Overall best fitness is found in generation 28 and is 7.705818
[MPI_TIMING] gen=28 total_max=1.154378s total_avg=1.154378s compute_max=1.154043s compute_avg=1.154043s comm_max=0.000029s comm_avg=0.000029s root_ops=0.000277s overhead_ratio=0.000
Running Generation 29...
*** Completed generation 29 after 33.23624 seconds ***
- Best fitness in generation 29 is 7.705818
-- Overall best fitness is found in generation 28 and is 7.705818
[MPI_TIMING] gen=29 total_max=1.151800s total_avg=1.151800s compute_max=1.151477s compute_avg=1.151477s comm_max=0.000031s comm_avg=0.000031s root_ops=0.000275s overhead_ratio=0.000
Running Generation 30...
*** Completed generation 30 after 34.389336 seconds ***
- Best fitness in generation 30 is 7.7290535
-- Overall best fitness is found in generation 28 and is 7.705818
[MPI_TIMING] gen=30 total_max=1.153091s total_avg=1.153091s compute_max=1.152765s compute_avg=1.152765s comm_max=0.000027s comm_avg=0.000027s root_ops=0.000282s overhead_ratio=0.000
Running Generation 31...
*** Completed generation 31 after 35.54111 seconds ***
- Best fitness in generation 31 is 7.617112
-- Overall best fitness is found in generation 31 and is 7.617112
[MPI_TIMING] gen=31 total_max=1.151754s total_avg=1.151754s compute_max=1.151440s compute_avg=1.151440s comm_max=0.000026s comm_avg=0.000026s root_ops=0.000272s overhead_ratio=0.000
Running Generation 32...
*** Completed generation 32 after 36.69264 seconds ***
- Best fitness in generation 32 is 7.617112
-- Overall best fitness is found in generation 31 and is 7.617112
[MPI_TIMING] gen=32 total_max=1.151529s total_avg=1.151529s compute_max=1.151205s compute_avg=1.151205s comm_max=0.000025s comm_avg=0.000025s root_ops=0.000273s overhead_ratio=0.000
Running Generation 33...
*** Completed generation 33 after 37.846886 seconds ***
- Best fitness in generation 33 is 7.617676
-- Overall best fitness is found in generation 31 and is 7.617112
[MPI_TIMING] gen=33 total_max=1.154237s total_avg=1.154237s compute_max=1.153877s compute_avg=1.153877s comm_max=0.000060s comm_avg=0.000060s root_ops=0.000283s overhead_ratio=0.000
Running Generation 34...
*** Completed generation 34 after 38.999428 seconds ***
- Best fitness in generation 34 is 7.56587
-- Overall best fitness is found in generation 34 and is 7.56587
[MPI_TIMING] gen=34 total_max=1.152519s total_avg=1.152519s compute_max=1.152197s compute_avg=1.152197s comm_max=0.000033s comm_avg=0.000033s root_ops=0.000270s overhead_ratio=0.000
Running Generation 35...
*** Completed generation 35 after 40.153004 seconds ***
- Best fitness in generation 35 is 7.56587
-- Overall best fitness is found in generation 34 and is 7.56587
[MPI_TIMING] gen=35 total_max=1.153565s total_avg=1.153565s compute_max=1.153242s compute_avg=1.153242s comm_max=0.000036s comm_avg=0.000036s root_ops=0.000270s overhead_ratio=0.000
Running Generation 36...
*** Completed generation 36 after 41.305977 seconds ***
- Best fitness in generation 36 is 7.56587
-- Overall best fitness is found in generation 34 and is 7.56587
[MPI_TIMING] gen=36 total_max=1.152960s total_avg=1.152960s compute_max=1.152652s compute_avg=1.152652s comm_max=0.000026s comm_avg=0.000026s root_ops=0.000265s overhead_ratio=0.000
Running Generation 37...
*** Completed generation 37 after 42.45968 seconds ***
- Best fitness in generation 37 is 7.56587
-- Overall best fitness is found in generation 34 and is 7.56587
[MPI_TIMING] gen=37 total_max=1.153711s total_avg=1.153711s compute_max=1.153363s compute_avg=1.153363s comm_max=0.000046s comm_avg=0.000046s root_ops=0.000275s overhead_ratio=0.000
Running Generation 38...
*** Completed generation 38 after 43.61379 seconds ***
- Best fitness in generation 38 is 7.5336266
-- Overall best fitness is found in generation 38 and is 7.5336266
[MPI_TIMING] gen=38 total_max=1.154081s total_avg=1.154081s compute_max=1.153773s compute_avg=1.153773s comm_max=0.000026s comm_avg=0.000026s root_ops=0.000266s overhead_ratio=0.000
Running Generation 39...
*** Completed generation 39 after 44.77024 seconds ***
- Best fitness in generation 39 is 7.5336266
-- Overall best fitness is found in generation 38 and is 7.5336266
[MPI_TIMING] gen=39 total_max=1.156452s total_avg=1.156452s compute_max=1.156131s compute_avg=1.156131s comm_max=0.000030s comm_avg=0.000030s root_ops=0.000273s overhead_ratio=0.000
Running Generation 40...
*** Completed generation 40 after 45.92672 seconds ***
- Best fitness in generation 40 is 7.5336266
-- Overall best fitness is found in generation 38 and is 7.5336266
[MPI_TIMING] gen=40 total_max=1.156474s total_avg=1.156474s compute_max=1.156141s compute_avg=1.156141s comm_max=0.000035s comm_avg=0.000035s root_ops=0.000281s overhead_ratio=0.000
Running Generation 41...
*** Completed generation 41 after 47.08534 seconds ***
- Best fitness in generation 41 is 7.5336266
-- Overall best fitness is found in generation 38 and is 7.5336266
[MPI_TIMING] gen=41 total_max=1.158609s total_avg=1.158609s compute_max=1.158287s compute_avg=1.158287s comm_max=0.000027s comm_avg=0.000027s root_ops=0.000279s overhead_ratio=0.000
Running Generation 42...
*** Completed generation 42 after 48.240746 seconds ***
- Best fitness in generation 42 is 7.5222673
-- Overall best fitness is found in generation 42 and is 7.5222673
[MPI_TIMING] gen=42 total_max=1.155410s total_avg=1.155410s compute_max=1.155075s compute_avg=1.155075s comm_max=0.000026s comm_avg=0.000026s root_ops=0.000283s overhead_ratio=0.000
Running Generation 43...
*** Completed generation 43 after 49.39554 seconds ***
- Best fitness in generation 43 is 7.5222673
-- Overall best fitness is found in generation 42 and is 7.5222673
[MPI_TIMING] gen=43 total_max=1.154771s total_avg=1.154771s compute_max=1.154427s compute_avg=1.154427s comm_max=0.000044s comm_avg=0.000044s root_ops=0.000283s overhead_ratio=0.000
Running Generation 44...
*** Completed generation 44 after 50.551567 seconds ***
- Best fitness in generation 44 is 7.519929
-- Overall best fitness is found in generation 44 and is 7.519929
[MPI_TIMING] gen=44 total_max=1.156011s total_avg=1.156011s compute_max=1.155667s compute_avg=1.155667s comm_max=0.000054s comm_avg=0.000054s root_ops=0.000274s overhead_ratio=0.000
Running Generation 45...
*** Completed generation 45 after 51.705914 seconds ***
- Best fitness in generation 45 is 7.519929
-- Overall best fitness is found in generation 44 and is 7.519929
[MPI_TIMING] gen=45 total_max=1.154354s total_avg=1.154354s compute_max=1.154006s compute_avg=1.154006s comm_max=0.000043s comm_avg=0.000043s root_ops=0.000282s overhead_ratio=0.000
Running Generation 46...
*** Completed generation 46 after 52.860683 seconds ***
- Best fitness in generation 46 is 7.519929
-- Overall best fitness is found in generation 44 and is 7.519929
[MPI_TIMING] gen=46 total_max=1.154734s total_avg=1.154734s compute_max=1.154424s compute_avg=1.154424s comm_max=0.000027s comm_avg=0.000027s root_ops=0.000265s overhead_ratio=0.000
Running Generation 47...
*** Completed generation 47 after 54.014137 seconds ***
- Best fitness in generation 47 is 7.519929
-- Overall best fitness is found in generation 44 and is 7.519929
[MPI_TIMING] gen=47 total_max=1.153461s total_avg=1.153461s compute_max=1.153137s compute_avg=1.153137s comm_max=0.000026s comm_avg=0.000026s root_ops=0.000279s overhead_ratio=0.000
Running Generation 48...
*** Completed generation 48 after 55.16651 seconds ***
- Best fitness in generation 48 is 7.519929
-- Overall best fitness is found in generation 44 and is 7.519929
[MPI_TIMING] gen=48 total_max=1.152364s total_avg=1.152364s compute_max=1.152031s compute_avg=1.152031s comm_max=0.000035s comm_avg=0.000035s root_ops=0.000283s overhead_ratio=0.000
Running Generation 49...
*** Completed generation 49 after 56.321583 seconds ***
- Best fitness in generation 49 is 7.522105
-- Overall best fitness is found in generation 44 and is 7.519929
[MPI_TIMING] gen=49 total_max=1.155062s total_avg=1.155062s compute_max=1.154734s compute_avg=1.154734s comm_max=0.000028s comm_avg=0.000028s root_ops=0.000275s overhead_ratio=0.000
Running Generation 50...
*** Completed generation 50 after 57.475895 seconds ***
- Best fitness in generation 50 is 7.522105
-- Overall best fitness is found in generation 44 and is 7.519929
[MPI_TIMING] gen=50 total_max=1.154290s total_avg=1.154290s compute_max=1.153977s compute_avg=1.153977s comm_max=0.000027s comm_avg=0.000027s root_ops=0.000265s overhead_ratio=0.000
Running Generation 51...
*** Completed generation 51 after 58.63051 seconds ***
- Best fitness in generation 51 is 7.522105
-- Overall best fitness is found in generation 44 and is 7.519929
[MPI_TIMING] gen=51 total_max=1.154606s total_avg=1.154606s compute_max=1.154267s compute_avg=1.154267s comm_max=0.000048s comm_avg=0.000048s root_ops=0.000272s overhead_ratio=0.000
Running Generation 52...
*** Completed generation 52 after 59.785713 seconds ***
- Best fitness in generation 52 is 7.5139174
-- Overall best fitness is found in generation 52 and is 7.5139174
[MPI_TIMING] gen=52 total_max=1.155203s total_avg=1.155203s compute_max=1.154880s compute_avg=1.154880s comm_max=0.000027s comm_avg=0.000027s root_ops=0.000279s overhead_ratio=0.000
Running Generation 53...
*** Completed generation 53 after 60.94038 seconds ***
- Best fitness in generation 53 is 7.5139174
-- Overall best fitness is found in generation 52 and is 7.5139174
[MPI_TIMING] gen=53 total_max=1.154651s total_avg=1.154651s compute_max=1.154327s compute_avg=1.154327s comm_max=0.000034s comm_avg=0.000034s root_ops=0.000273s overhead_ratio=0.000
Running Generation 54...
*** Completed generation 54 after 62.09238 seconds ***
- Best fitness in generation 54 is 7.5139174
-- Overall best fitness is found in generation 52 and is 7.5139174
[MPI_TIMING] gen=54 total_max=1.152011s total_avg=1.152011s compute_max=1.151675s compute_avg=1.151675s comm_max=0.000026s comm_avg=0.000026s root_ops=0.000283s overhead_ratio=0.000
Running Generation 55...
*** Completed generation 55 after 63.245617 seconds ***
- Best fitness in generation 55 is 7.5139174
-- Overall best fitness is found in generation 52 and is 7.5139174
[MPI_TIMING] gen=55 total_max=1.153223s total_avg=1.153223s compute_max=1.152891s compute_avg=1.152891s comm_max=0.000025s comm_avg=0.000025s root_ops=0.000283s overhead_ratio=0.000
Running Generation 56...
*** Completed generation 56 after 64.39853 seconds ***
- Best fitness in generation 56 is 7.520922
-- Overall best fitness is found in generation 52 and is 7.5139174
[MPI_TIMING] gen=56 total_max=1.152881s total_avg=1.152881s compute_max=1.152548s compute_avg=1.152548s comm_max=0.000044s comm_avg=0.000044s root_ops=0.000273s overhead_ratio=0.000
Running Generation 57...
*** Completed generation 57 after 65.55309 seconds ***
- Best fitness in generation 57 is 7.520922
-- Overall best fitness is found in generation 52 and is 7.5139174
[MPI_TIMING] gen=57 total_max=1.154553s total_avg=1.154553s compute_max=1.154232s compute_avg=1.154232s comm_max=0.000031s comm_avg=0.000031s root_ops=0.000272s overhead_ratio=0.000
Running Generation 58...
*** Completed generation 58 after 66.706764 seconds ***
- Best fitness in generation 58 is 7.518228
-- Overall best fitness is found in generation 52 and is 7.5139174
[MPI_TIMING] gen=58 total_max=1.153671s total_avg=1.153671s compute_max=1.153327s compute_avg=1.153327s comm_max=0.000048s comm_avg=0.000048s root_ops=0.000280s overhead_ratio=0.000
Running Generation 59...
*** Completed generation 59 after 67.86082 seconds ***
- Best fitness in generation 59 is 7.5151353
-- Overall best fitness is found in generation 52 and is 7.5139174
[MPI_TIMING] gen=59 total_max=1.154037s total_avg=1.154037s compute_max=1.153697s compute_avg=1.153697s comm_max=0.000047s comm_avg=0.000047s root_ops=0.000268s overhead_ratio=0.000
Running Generation 60...
*** Completed generation 60 after 69.01539 seconds ***
- Best fitness in generation 60 is 7.518228
-- Overall best fitness is found in generation 52 and is 7.5139174
[MPI_TIMING] gen=60 total_max=1.154566s total_avg=1.154566s compute_max=1.154237s compute_avg=1.154237s comm_max=0.000033s comm_avg=0.000033s root_ops=0.000278s overhead_ratio=0.000
Running Generation 61...
*** Completed generation 61 after 70.17005 seconds ***
- Best fitness in generation 61 is 7.518228
-- Overall best fitness is found in generation 52 and is 7.5139174
[MPI_TIMING] gen=61 total_max=1.154643s total_avg=1.154643s compute_max=1.154325s compute_avg=1.154325s comm_max=0.000032s comm_avg=0.000032s root_ops=0.000269s overhead_ratio=0.000
Running Generation 62...
*** Completed generation 62 after 71.32387 seconds ***
- Best fitness in generation 62 is 7.518228
-- Overall best fitness is found in generation 52 and is 7.5139174
[MPI_TIMING] gen=62 total_max=1.153815s total_avg=1.153815s compute_max=1.153493s compute_avg=1.153493s comm_max=0.000029s comm_avg=0.000029s root_ops=0.000276s overhead_ratio=0.000
Running Generation 63...
*** Completed generation 63 after 72.47672 seconds ***
- Best fitness in generation 63 is 7.518228
-- Overall best fitness is found in generation 52 and is 7.5139174
[MPI_TIMING] gen=63 total_max=1.152837s total_avg=1.152837s compute_max=1.152528s compute_avg=1.152528s comm_max=0.000024s comm_avg=0.000024s root_ops=0.000269s overhead_ratio=0.000
Running Generation 64...
*** Completed generation 64 after 73.62896 seconds ***
- Best fitness in generation 64 is 7.518228
-- Overall best fitness is found in generation 52 and is 7.5139174
[MPI_TIMING] gen=64 total_max=1.152242s total_avg=1.152242s compute_max=1.151917s compute_avg=1.151917s comm_max=0.000026s comm_avg=0.000026s root_ops=0.000271s overhead_ratio=0.000
Running Generation 65...
*** Completed generation 65 after 74.78185 seconds ***
- Best fitness in generation 65 is 7.517827
-- Overall best fitness is found in generation 52 and is 7.5139174
[MPI_TIMING] gen=65 total_max=1.152875s total_avg=1.152875s compute_max=1.152425s compute_avg=1.152425s comm_max=0.000157s comm_avg=0.000157s root_ops=0.000274s overhead_ratio=0.000
Running Generation 66...
*** Completed generation 66 after 75.93449 seconds ***
- Best fitness in generation 66 is 7.517827
-- Overall best fitness is found in generation 52 and is 7.5139174
[MPI_TIMING] gen=66 total_max=1.152638s total_avg=1.152638s compute_max=1.152308s compute_avg=1.152308s comm_max=0.000026s comm_avg=0.000026s root_ops=0.000288s overhead_ratio=0.000
Running Generation 67...
*** Completed generation 67 after 77.08714 seconds ***
- Best fitness in generation 67 is 7.517827
-- Overall best fitness is found in generation 52 and is 7.5139174
[MPI_TIMING] gen=67 total_max=1.152647s total_avg=1.152647s compute_max=1.152310s compute_avg=1.152310s comm_max=0.000032s comm_avg=0.000032s root_ops=0.000289s overhead_ratio=0.000
Running Generation 68...
*** Completed generation 68 after 78.240364 seconds ***
- Best fitness in generation 68 is 7.517827
-- Overall best fitness is found in generation 52 and is 7.5139174
[MPI_TIMING] gen=68 total_max=1.153201s total_avg=1.153201s compute_max=1.152871s compute_avg=1.152871s comm_max=0.000030s comm_avg=0.000030s root_ops=0.000282s overhead_ratio=0.000
Running Generation 69...
*** Completed generation 69 after 79.39248 seconds ***
- Best fitness in generation 69 is 7.5204916
-- Overall best fitness is found in generation 52 and is 7.5139174
[MPI_TIMING] gen=69 total_max=1.152114s total_avg=1.152114s compute_max=1.151782s compute_avg=1.151782s comm_max=0.000027s comm_avg=0.000027s root_ops=0.000279s overhead_ratio=0.000
Running Generation 70...
*** Completed generation 70 after 80.544815 seconds ***
- Best fitness in generation 70 is 7.5204916
-- Overall best fitness is found in generation 52 and is 7.5139174
[MPI_TIMING] gen=70 total_max=1.152312s total_avg=1.152312s compute_max=1.151967s compute_avg=1.151967s comm_max=0.000052s comm_avg=0.000052s root_ops=0.000275s overhead_ratio=0.000
Running Generation 71...
*** Completed generation 71 after 81.69717 seconds ***
- Best fitness in generation 71 is 7.521285
-- Overall best fitness is found in generation 52 and is 7.5139174
[MPI_TIMING] gen=71 total_max=1.152350s total_avg=1.152350s compute_max=1.152022s compute_avg=1.152022s comm_max=0.000026s comm_avg=0.000026s root_ops=0.000286s overhead_ratio=0.000
Running Generation 72...
*** Completed generation 72 after 82.84939 seconds ***
- Best fitness in generation 72 is 7.5198517
-- Overall best fitness is found in generation 52 and is 7.5139174
[MPI_TIMING] gen=72 total_max=1.152209s total_avg=1.152209s compute_max=1.151876s compute_avg=1.151876s comm_max=0.000033s comm_avg=0.000033s root_ops=0.000282s overhead_ratio=0.000
Running Generation 73...
*** Completed generation 73 after 84.00107 seconds ***
- Best fitness in generation 73 is 7.517991
-- Overall best fitness is found in generation 52 and is 7.5139174
[MPI_TIMING] gen=73 total_max=1.151658s total_avg=1.151658s compute_max=1.151343s compute_avg=1.151343s comm_max=0.000026s comm_avg=0.000026s root_ops=0.000272s overhead_ratio=0.000
Running Generation 74...
*** Completed generation 74 after 85.153725 seconds ***
- Best fitness in generation 74 is 7.517991
-- Overall best fitness is found in generation 52 and is 7.5139174
[MPI_TIMING] gen=74 total_max=1.152648s total_avg=1.152648s compute_max=1.152329s compute_avg=1.152329s comm_max=0.000031s comm_avg=0.000031s root_ops=0.000261s overhead_ratio=0.000
Running Generation 75...
*** Completed generation 75 after 86.3046 seconds ***
- Best fitness in generation 75 is 7.5154676
-- Overall best fitness is found in generation 52 and is 7.5139174
[MPI_TIMING] gen=75 total_max=1.150871s total_avg=1.150871s compute_max=1.150533s compute_avg=1.150533s comm_max=0.000050s comm_avg=0.000050s root_ops=0.000272s overhead_ratio=0.000
Reached 75 generations, exiting...


- Overall best fitness is 7.5139174
- The best individual is:
                generation:	52
                index:		2
                fitness:	7.5139174
                string:	0.00000;0.07081;0.00000;0.00000;0.50570;0.64125;0.74529

