Scale config: households=48 horizon=60 individuals=16000 max_generation=150 repetitions=8
Running distributed (MPI) GA exploration...
Running Generation 1...
*** Completed generation 1 after 3.802672 seconds ***
- Best fitness in generation 1 is 8.386709
-- Overall best fitness is found in generation 1 and is 8.386709
[MPI_TIMING] gen=1 total_max=3.822189s total_avg=3.797478s compute_max=3.769164s compute_avg=3.651930s comm_max=0.208390s comm_avg=0.143186s root_ops=0.036170s overhead_ratio=0.064
Running Generation 2...
*** Completed generation 2 after 7.4454045 seconds ***
- Best fitness in generation 2 is 8.386709
-- Overall best fitness is found in generation 1 and is 8.386709
[MPI_TIMING] gen=2 total_max=3.642644s total_avg=3.642543s compute_max=3.594669s compute_avg=3.579014s comm_max=0.090929s comm_avg=0.061207s root_ops=0.035953s overhead_ratio=0.035
Running Generation 3...
*** Completed generation 3 after 11.089795 seconds ***
- Best fitness in generation 3 is 8.386709
-- Overall best fitness is found in generation 1 and is 8.386709
[MPI_TIMING] gen=3 total_max=3.644326s total_avg=3.644223s compute_max=3.596219s compute_avg=3.575690s comm_max=0.097702s comm_avg=0.066293s root_ops=0.035085s overhead_ratio=0.036
Running Generation 4...
*** Completed generation 4 after 14.73309 seconds ***
- Best fitness in generation 4 is 8.549177
-- Overall best fitness is found in generation 1 and is 8.386709
[MPI_TIMING] gen=4 total_max=3.643212s total_avg=3.643168s compute_max=3.596119s compute_avg=3.579711s comm_max=0.088991s comm_avg=0.061219s root_ops=0.035089s overhead_ratio=0.034
Running Generation 5...
*** Completed generation 5 after 18.377392 seconds ***
- Best fitness in generation 5 is 8.477637
-- Overall best fitness is found in generation 1 and is 8.386709
[MPI_TIMING] gen=5 total_max=3.644694s total_avg=3.644622s compute_max=3.607005s compute_avg=3.582915s comm_max=0.092830s comm_avg=0.059501s root_ops=0.034632s overhead_ratio=0.035
Running Generation 6...
*** Completed generation 6 after 22.036476 seconds ***
- Best fitness in generation 6 is 8.477637
-- Overall best fitness is found in generation 1 and is 8.386709
[MPI_TIMING] gen=6 total_max=3.659017s total_avg=3.658601s compute_max=3.612122s compute_avg=3.588290s comm_max=0.104832s comm_avg=0.068065s root_ops=0.035214s overhead_ratio=0.038
Running Generation 7...
*** Completed generation 7 after 25.692177 seconds ***
- Best fitness in generation 7 is 8.474608
-- Overall best fitness is found in generation 1 and is 8.386709
[MPI_TIMING] gen=7 total_max=3.655633s total_avg=3.655559s compute_max=3.609641s compute_avg=3.591040s comm_max=0.089751s comm_avg=0.062306s root_ops=0.034742s overhead_ratio=0.034
Running Generation 8...
*** Completed generation 8 after 29.36638 seconds ***
- Best fitness in generation 8 is 8.474608
-- Overall best fitness is found in generation 1 and is 8.386709
[MPI_TIMING] gen=8 total_max=3.674709s total_avg=3.674177s compute_max=3.628300s compute_avg=3.595755s comm_max=0.110318s comm_avg=0.076165s root_ops=0.035438s overhead_ratio=0.040
Running Generation 9...
*** Completed generation 9 after 33.03484 seconds ***
- Best fitness in generation 9 is 8.480422
-- Overall best fitness is found in generation 1 and is 8.386709
[MPI_TIMING] gen=9 total_max=3.668354s total_avg=3.668256s compute_max=3.621969s compute_avg=3.597266s comm_max=0.100731s comm_avg=0.068794s root_ops=0.034473s overhead_ratio=0.037
Running Generation 10...
*** Completed generation 10 after 36.714405 seconds ***
- Best fitness in generation 10 is 8.480422
-- Overall best fitness is found in generation 1 and is 8.386709
[MPI_TIMING] gen=10 total_max=3.680146s total_avg=3.679530s compute_max=3.633111s compute_avg=3.602147s comm_max=0.112448s comm_avg=0.075135s root_ops=0.035259s overhead_ratio=0.040
Running Generation 11...
*** Completed generation 11 after 40.375565 seconds ***
- Best fitness in generation 11 is 8.475034
-- Overall best fitness is found in generation 1 and is 8.386709
[MPI_TIMING] gen=11 total_max=3.661115s total_avg=3.661026s compute_max=3.615049s compute_avg=3.598392s comm_max=0.093734s comm_avg=0.060424s root_ops=0.034645s overhead_ratio=0.035
Running Generation 12...
*** Completed generation 12 after 44.053986 seconds ***
- Best fitness in generation 12 is 8.425491
-- Overall best fitness is found in generation 1 and is 8.386709
[MPI_TIMING] gen=12 total_max=3.678358s total_avg=3.678319s compute_max=3.632139s compute_avg=3.601739s comm_max=0.111528s comm_avg=0.074379s root_ops=0.034499s overhead_ratio=0.040
Running Generation 13...
*** Completed generation 13 after 47.718067 seconds ***
- Best fitness in generation 13 is 8.397352
-- Overall best fitness is found in generation 1 and is 8.386709
[MPI_TIMING] gen=13 total_max=3.664024s total_avg=3.663994s compute_max=3.618593s compute_avg=3.599920s comm_max=0.101518s comm_avg=0.061883s root_ops=0.034353s overhead_ratio=0.037
Running Generation 14...
*** Completed generation 14 after 51.40015 seconds ***
- Best fitness in generation 14 is 8.359598
-- Overall best fitness is found in generation 14 and is 8.359598
[MPI_TIMING] gen=14 total_max=3.682781s total_avg=3.682062s compute_max=3.635790s compute_avg=3.604719s comm_max=0.104152s comm_avg=0.075095s root_ops=0.035239s overhead_ratio=0.038
Running Generation 15...
*** Completed generation 15 after 55.060093 seconds ***
- Best fitness in generation 15 is 8.325053
-- Overall best fitness is found in generation 15 and is 8.325053
[MPI_TIMING] gen=15 total_max=3.659855s total_avg=3.659814s compute_max=3.618630s compute_avg=3.604832s comm_max=0.082244s comm_avg=0.052754s root_ops=0.034911s overhead_ratio=0.032
Running Generation 16...
*** Completed generation 16 after 58.75215 seconds ***
- Best fitness in generation 16 is 8.24565
-- Overall best fitness is found in generation 16 and is 8.24565
[MPI_TIMING] gen=16 total_max=3.692004s total_avg=3.691963s compute_max=3.645324s compute_avg=3.609700s comm_max=0.121843s comm_avg=0.080054s root_ops=0.034622s overhead_ratio=0.042
Running Generation 17...
*** Completed generation 17 after 62.424484 seconds ***
- Best fitness in generation 17 is 8.204515
-- Overall best fitness is found in generation 17 and is 8.204515
[MPI_TIMING] gen=17 total_max=3.672275s total_avg=3.672243s compute_max=3.634007s compute_avg=3.610982s comm_max=0.099378s comm_avg=0.059057s root_ops=0.034541s overhead_ratio=0.036
Running Generation 18...
*** Completed generation 18 after 66.12094 seconds ***
- Best fitness in generation 18 is 8.176914
-- Overall best fitness is found in generation 18 and is 8.176914
[MPI_TIMING] gen=18 total_max=3.696999s total_avg=3.696427s compute_max=3.650135s compute_avg=3.612938s comm_max=0.108971s comm_avg=0.081238s root_ops=0.035272s overhead_ratio=0.039
Running Generation 19...
*** Completed generation 19 after 69.78868 seconds ***
- Best fitness in generation 19 is 8.108312
-- Overall best fitness is found in generation 19 and is 8.108312
[MPI_TIMING] gen=19 total_max=3.667688s total_avg=3.667549s compute_max=3.628807s compute_avg=3.613671s comm_max=0.068379s comm_avg=0.051682s root_ops=0.034374s overhead_ratio=0.028
Running Generation 20...
*** Completed generation 20 after 73.4908 seconds ***
- Best fitness in generation 20 is 8.108312
-- Overall best fitness is found in generation 19 and is 8.108312
[MPI_TIMING] gen=20 total_max=3.702066s total_avg=3.702049s compute_max=3.656105s compute_avg=3.616072s comm_max=0.101763s comm_avg=0.083777s root_ops=0.034455s overhead_ratio=0.037
Running Generation 21...
*** Completed generation 21 after 77.16788 seconds ***
- Best fitness in generation 21 is 8.066967
-- Overall best fitness is found in generation 21 and is 8.066967
[MPI_TIMING] gen=21 total_max=3.677013s total_avg=3.676966s compute_max=3.631477s compute_avg=3.614711s comm_max=0.081097s comm_avg=0.060073s root_ops=0.034211s overhead_ratio=0.031
Running Generation 22...
*** Completed generation 22 after 80.87525 seconds ***
- Best fitness in generation 22 is 8.064659
-- Overall best fitness is found in generation 22 and is 8.064659
[MPI_TIMING] gen=22 total_max=3.707643s total_avg=3.707334s compute_max=3.661357s compute_avg=3.620068s comm_max=0.109447s comm_avg=0.085054s root_ops=0.034662s overhead_ratio=0.039
Running Generation 23...
*** Completed generation 23 after 84.55777 seconds ***
- Best fitness in generation 23 is 8.022297
-- Overall best fitness is found in generation 23 and is 8.022297
[MPI_TIMING] gen=23 total_max=3.682448s total_avg=3.682405s compute_max=3.638880s compute_avg=3.620450s comm_max=0.089318s comm_avg=0.059761s root_ops=0.034369s overhead_ratio=0.034
Running Generation 24...
*** Completed generation 24 after 88.26633 seconds ***
- Best fitness in generation 24 is 7.9930983
-- Overall best fitness is found in generation 24 and is 7.9930983
[MPI_TIMING] gen=24 total_max=3.709221s total_avg=3.708535s compute_max=3.662486s compute_avg=3.626788s comm_max=0.108177s comm_avg=0.079500s root_ops=0.035215s overhead_ratio=0.039
Running Generation 25...
*** Completed generation 25 after 91.95038 seconds ***
- Best fitness in generation 25 is 7.991308
-- Overall best fitness is found in generation 25 and is 7.991308
[MPI_TIMING] gen=25 total_max=3.683963s total_avg=3.683886s compute_max=3.641097s compute_avg=3.625929s comm_max=0.079592s comm_avg=0.055756s root_ops=0.034459s overhead_ratio=0.031
Running Generation 26...
*** Completed generation 26 after 95.66361 seconds ***
- Best fitness in generation 26 is 7.951531
-- Overall best fitness is found in generation 26 and is 7.951531
[MPI_TIMING] gen=26 total_max=3.713178s total_avg=3.713153s compute_max=3.667054s compute_avg=3.626059s comm_max=0.122545s comm_avg=0.084892s root_ops=0.034481s overhead_ratio=0.042
Running Generation 27...
*** Completed generation 27 after 99.35487 seconds ***
- Best fitness in generation 27 is 7.951531
-- Overall best fitness is found in generation 26 and is 7.951531
[MPI_TIMING] gen=27 total_max=3.691217s total_avg=3.691184s compute_max=3.647532s compute_avg=3.628304s comm_max=0.088185s comm_avg=0.060689s root_ops=0.034328s overhead_ratio=0.033
Running Generation 28...
*** Completed generation 28 after 103.07468 seconds ***
- Best fitness in generation 28 is 7.951389
-- Overall best fitness is found in generation 28 and is 7.951389
[MPI_TIMING] gen=28 total_max=3.719888s total_avg=3.719737s compute_max=3.674002s compute_avg=3.631917s comm_max=0.123661s comm_avg=0.085610s root_ops=0.034615s overhead_ratio=0.043
Running Generation 29...
*** Completed generation 29 after 106.7565 seconds ***
- Best fitness in generation 29 is 7.943453
-- Overall best fitness is found in generation 29 and is 7.943453
[MPI_TIMING] gen=29 total_max=3.681769s total_avg=3.681718s compute_max=3.638510s compute_avg=3.629118s comm_max=0.074754s comm_avg=0.050411s root_ops=0.034312s overhead_ratio=0.030
Running Generation 30...
*** Completed generation 30 after 110.47555 seconds ***
- Best fitness in generation 30 is 7.9462433
-- Overall best fitness is found in generation 29 and is 7.943453
[MPI_TIMING] gen=30 total_max=3.718996s total_avg=3.718969s compute_max=3.673041s compute_avg=3.631783s comm_max=0.115071s comm_avg=0.084996s root_ops=0.034284s overhead_ratio=0.040
Running Generation 31...
*** Completed generation 31 after 114.1694 seconds ***
- Best fitness in generation 31 is 7.941084
-- Overall best fitness is found in generation 31 and is 7.941084
[MPI_TIMING] gen=31 total_max=3.694231s total_avg=3.693812s compute_max=3.648669s compute_avg=3.631642s comm_max=0.090649s comm_avg=0.059945s root_ops=0.034859s overhead_ratio=0.034
Running Generation 32...
*** Completed generation 32 after 117.88609 seconds ***
- Best fitness in generation 32 is 7.937451
-- Overall best fitness is found in generation 32 and is 7.937451
[MPI_TIMING] gen=32 total_max=3.716640s total_avg=3.716576s compute_max=3.670275s compute_avg=3.632346s comm_max=0.107714s comm_avg=0.082022s root_ops=0.034529s overhead_ratio=0.038
Running Generation 33...
*** Completed generation 33 after 121.58047 seconds ***
- Best fitness in generation 33 is 7.933714
-- Overall best fitness is found in generation 33 and is 7.933714
[MPI_TIMING] gen=33 total_max=3.694295s total_avg=3.694239s compute_max=3.648758s compute_avg=3.631004s comm_max=0.098789s comm_avg=0.061057s root_ops=0.034106s overhead_ratio=0.036
Running Generation 34...
*** Completed generation 34 after 125.30008 seconds ***
- Best fitness in generation 34 is 7.930769
-- Overall best fitness is found in generation 34 and is 7.930769
[MPI_TIMING] gen=34 total_max=3.719559s total_avg=3.719538s compute_max=3.673768s compute_avg=3.632448s comm_max=0.121998s comm_avg=0.084911s root_ops=0.034114s overhead_ratio=0.042
Running Generation 35...
*** Completed generation 35 after 128.99721 seconds ***
- Best fitness in generation 35 is 7.9304714
-- Overall best fitness is found in generation 35 and is 7.9304714
[MPI_TIMING] gen=35 total_max=3.697094s total_avg=3.697060s compute_max=3.652577s compute_avg=3.633109s comm_max=0.096068s comm_avg=0.061762s root_ops=0.034287s overhead_ratio=0.035
Running Generation 36...
*** Completed generation 36 after 132.71262 seconds ***
- Best fitness in generation 36 is 7.9304714
-- Overall best fitness is found in generation 35 and is 7.9304714
[MPI_TIMING] gen=36 total_max=3.715356s total_avg=3.715324s compute_max=3.669390s compute_avg=3.631858s comm_max=0.120296s comm_avg=0.081278s root_ops=0.034271s overhead_ratio=0.042
Running Generation 37...
*** Completed generation 37 after 136.41167 seconds ***
- Best fitness in generation 37 is 7.925738
-- Overall best fitness is found in generation 37 and is 7.925738
[MPI_TIMING] gen=37 total_max=3.698996s total_avg=3.698961s compute_max=3.656812s compute_avg=3.630625s comm_max=0.103841s comm_avg=0.066159s root_ops=0.034096s overhead_ratio=0.037
Running Generation 38...
*** Completed generation 38 after 140.13225 seconds ***
- Best fitness in generation 38 is 7.926832
-- Overall best fitness is found in generation 37 and is 7.925738
[MPI_TIMING] gen=38 total_max=3.720533s total_avg=3.720512s compute_max=3.674713s compute_avg=3.634028s comm_max=0.116546s comm_avg=0.084301s root_ops=0.034192s overhead_ratio=0.041
Running Generation 39...
*** Completed generation 39 after 143.82803 seconds ***
- Best fitness in generation 39 is 7.926832
-- Overall best fitness is found in generation 37 and is 7.925738
[MPI_TIMING] gen=39 total_max=3.695720s total_avg=3.695680s compute_max=3.658770s compute_avg=3.632551s comm_max=0.099170s comm_avg=0.060957s root_ops=0.034030s overhead_ratio=0.036
Running Generation 40...
*** Completed generation 40 after 147.55309 seconds ***
- Best fitness in generation 40 is 7.925147
-- Overall best fitness is found in generation 40 and is 7.925147
[MPI_TIMING] gen=40 total_max=3.725011s total_avg=3.724990s compute_max=3.679344s compute_avg=3.631954s comm_max=0.124128s comm_avg=0.090858s root_ops=0.034100s overhead_ratio=0.042
Running Generation 41...
*** Completed generation 41 after 151.25874 seconds ***
- Best fitness in generation 41 is 7.924758
-- Overall best fitness is found in generation 41 and is 7.924758
[MPI_TIMING] gen=41 total_max=3.705947s total_avg=3.705608s compute_max=3.659601s compute_avg=3.630110s comm_max=0.108150s comm_avg=0.073289s root_ops=0.034606s overhead_ratio=0.039
Running Generation 42...
*** Completed generation 42 after 154.98419 seconds ***
- Best fitness in generation 42 is 7.924961
-- Overall best fitness is found in generation 41 and is 7.924758
[MPI_TIMING] gen=42 total_max=3.725344s total_avg=3.725290s compute_max=3.678983s compute_avg=3.631128s comm_max=0.122101s comm_avg=0.091973s root_ops=0.034258s overhead_ratio=0.042
Running Generation 43...
*** Completed generation 43 after 158.68866 seconds ***
- Best fitness in generation 43 is 7.924961
-- Overall best fitness is found in generation 41 and is 7.924758
[MPI_TIMING] gen=43 total_max=3.704420s total_avg=3.704379s compute_max=3.658619s compute_avg=3.629124s comm_max=0.101070s comm_avg=0.073081s root_ops=0.034031s overhead_ratio=0.036
Running Generation 44...
*** Completed generation 44 after 162.42188 seconds ***
- Best fitness in generation 44 is 7.924961
-- Overall best fitness is found in generation 41 and is 7.924758
[MPI_TIMING] gen=44 total_max=3.733469s total_avg=3.733163s compute_max=3.687505s compute_avg=3.631906s comm_max=0.134361s comm_avg=0.099054s root_ops=0.034489s overhead_ratio=0.045
Running Generation 45...
*** Completed generation 45 after 166.12933 seconds ***
- Best fitness in generation 45 is 7.9242907
-- Overall best fitness is found in generation 45 and is 7.9242907
[MPI_TIMING] gen=45 total_max=3.707409s total_avg=3.707356s compute_max=3.661264s compute_avg=3.632659s comm_max=0.106295s comm_avg=0.072522s root_ops=0.034038s overhead_ratio=0.038
Running Generation 46...
*** Completed generation 46 after 169.85413 seconds ***
- Best fitness in generation 46 is 7.9230146
-- Overall best fitness is found in generation 46 and is 7.9230146
[MPI_TIMING] gen=46 total_max=3.724732s total_avg=3.724703s compute_max=3.679100s compute_avg=3.632534s comm_max=0.132912s comm_avg=0.089997s root_ops=0.034011s overhead_ratio=0.045
Running Generation 47...
*** Completed generation 47 after 173.55968 seconds ***
- Best fitness in generation 47 is 7.9235234
-- Overall best fitness is found in generation 46 and is 7.9230146
[MPI_TIMING] gen=47 total_max=3.705516s total_avg=3.705480s compute_max=3.659922s compute_avg=3.631615s comm_max=0.113526s comm_avg=0.071682s root_ops=0.034197s overhead_ratio=0.040
Running Generation 48...
*** Completed generation 48 after 177.29126 seconds ***
- Best fitness in generation 48 is 7.9225373
-- Overall best fitness is found in generation 48 and is 7.9225373
[MPI_TIMING] gen=48 total_max=3.731530s total_avg=3.731512s compute_max=3.685746s compute_avg=3.632237s comm_max=0.137374s comm_avg=0.097088s root_ops=0.034248s overhead_ratio=0.046
Running Generation 49...
*** Completed generation 49 after 180.99301 seconds ***
- Best fitness in generation 49 is 7.9242907
-- Overall best fitness is found in generation 48 and is 7.9225373
[MPI_TIMING] gen=49 total_max=3.701690s total_avg=3.701652s compute_max=3.655701s compute_avg=3.632604s comm_max=0.106980s comm_avg=0.066878s root_ops=0.033981s overhead_ratio=0.038
Running Generation 50...
*** Completed generation 50 after 184.72234 seconds ***
- Best fitness in generation 50 is 7.92426
-- Overall best fitness is found in generation 48 and is 7.9225373
[MPI_TIMING] gen=50 total_max=3.729270s total_avg=3.729254s compute_max=3.683839s compute_avg=3.632770s comm_max=0.133100s comm_avg=0.094305s root_ops=0.034112s overhead_ratio=0.045
Running Generation 51...
*** Completed generation 51 after 188.43402 seconds ***
- Best fitness in generation 51 is 7.9230857
-- Overall best fitness is found in generation 48 and is 7.9225373
[MPI_TIMING] gen=51 total_max=3.711640s total_avg=3.711605s compute_max=3.665823s compute_avg=3.627819s comm_max=0.117798s comm_avg=0.081619s root_ops=0.033947s overhead_ratio=0.041
Running Generation 52...
*** Completed generation 52 after 192.1589 seconds ***
- Best fitness in generation 52 is 7.9230857
-- Overall best fitness is found in generation 48 and is 7.9225373
[MPI_TIMING] gen=52 total_max=3.724946s total_avg=3.724810s compute_max=3.679362s compute_avg=3.630873s comm_max=0.136064s comm_avg=0.091751s root_ops=0.034227s overhead_ratio=0.046
Running Generation 53...
*** Completed generation 53 after 195.87093 seconds ***
- Best fitness in generation 53 is 7.9230695
-- Overall best fitness is found in generation 48 and is 7.9225373
[MPI_TIMING] gen=53 total_max=3.711960s total_avg=3.711922s compute_max=3.665872s compute_avg=3.631895s comm_max=0.115411s comm_avg=0.077854s root_ops=0.034014s overhead_ratio=0.040
Running Generation 54...
*** Completed generation 54 after 199.5975 seconds ***
- Best fitness in generation 54 is 7.9230695
-- Overall best fitness is found in generation 48 and is 7.9225373
[MPI_TIMING] gen=54 total_max=3.727117s total_avg=3.726560s compute_max=3.680873s compute_avg=3.633159s comm_max=0.129637s comm_avg=0.091183s root_ops=0.034742s overhead_ratio=0.044
Running Generation 55...
*** Completed generation 55 after 203.31296 seconds ***
- Best fitness in generation 55 is 7.9230695
-- Overall best fitness is found in generation 48 and is 7.9225373
[MPI_TIMING] gen=55 total_max=3.715364s total_avg=3.715307s compute_max=3.669245s compute_avg=3.631487s comm_max=0.120257s comm_avg=0.081630s root_ops=0.034279s overhead_ratio=0.042
Running Generation 56...
*** Completed generation 56 after 207.03793 seconds ***
- Best fitness in generation 56 is 7.922554
-- Overall best fitness is found in generation 48 and is 7.9225373
[MPI_TIMING] gen=56 total_max=3.724912s total_avg=3.724876s compute_max=3.679116s compute_avg=3.631096s comm_max=0.134234s comm_avg=0.091603s root_ops=0.034088s overhead_ratio=0.045
Running Generation 57...
*** Completed generation 57 after 210.74947 seconds ***
- Best fitness in generation 57 is 7.9224467
-- Overall best fitness is found in generation 57 and is 7.9224467
[MPI_TIMING] gen=57 total_max=3.711480s total_avg=3.711459s compute_max=3.665733s compute_avg=3.632827s comm_max=0.117611s comm_avg=0.076452s root_ops=0.034138s overhead_ratio=0.041
Running Generation 58...
*** Completed generation 58 after 214.48645 seconds ***
- Best fitness in generation 58 is 7.9230695
-- Overall best fitness is found in generation 57 and is 7.9224467
[MPI_TIMING] gen=58 total_max=3.736942s total_avg=3.736917s compute_max=3.691083s compute_avg=3.633433s comm_max=0.152009s comm_avg=0.101297s root_ops=0.034255s overhead_ratio=0.050
Running Generation 59...
*** Completed generation 59 after 218.20346 seconds ***
- Best fitness in generation 59 is 7.9224606
-- Overall best fitness is found in generation 57 and is 7.9224467
[MPI_TIMING] gen=59 total_max=3.716955s total_avg=3.716919s compute_max=3.671022s compute_avg=3.631973s comm_max=0.118276s comm_avg=0.082762s root_ops=0.034208s overhead_ratio=0.041
Running Generation 60...
*** Completed generation 60 after 221.93683 seconds ***
- Best fitness in generation 60 is 7.922384
-- Overall best fitness is found in generation 60 and is 7.922384
[MPI_TIMING] gen=60 total_max=3.733314s total_avg=3.733301s compute_max=3.687592s compute_avg=3.632883s comm_max=0.132479s comm_avg=0.098224s root_ops=0.034345s overhead_ratio=0.045
Running Generation 61...
*** Completed generation 61 after 225.65645 seconds ***
- Best fitness in generation 61 is 7.922384
-- Overall best fitness is found in generation 60 and is 7.922384
[MPI_TIMING] gen=61 total_max=3.719560s total_avg=3.719512s compute_max=3.673578s compute_avg=3.631531s comm_max=0.114520s comm_avg=0.085806s root_ops=0.034048s overhead_ratio=0.040
Running Generation 62...
*** Completed generation 62 after 229.38019 seconds ***
- Best fitness in generation 62 is 7.922125
-- Overall best fitness is found in generation 62 and is 7.922125
[MPI_TIMING] gen=62 total_max=3.723888s total_avg=3.723671s compute_max=3.678072s compute_avg=3.634287s comm_max=0.117153s comm_avg=0.087186s root_ops=0.034409s overhead_ratio=0.041
Running Generation 63...
*** Completed generation 63 after 233.10283 seconds ***
- Best fitness in generation 63 is 7.922125
-- Overall best fitness is found in generation 62 and is 7.922125
[MPI_TIMING] gen=63 total_max=3.722605s total_avg=3.722557s compute_max=3.676644s compute_avg=3.632032s comm_max=0.130675s comm_avg=0.088351s root_ops=0.034045s overhead_ratio=0.044
Running Generation 64...
*** Completed generation 64 after 236.83478 seconds ***
- Best fitness in generation 64 is 7.922125
-- Overall best fitness is found in generation 62 and is 7.922125
[MPI_TIMING] gen=64 total_max=3.732125s total_avg=3.731880s compute_max=3.686327s compute_avg=3.631526s comm_max=0.144397s comm_avg=0.098155s root_ops=0.034435s overhead_ratio=0.048
Running Generation 65...
*** Completed generation 65 after 240.5557 seconds ***
- Best fitness in generation 65 is 7.922125
-- Overall best fitness is found in generation 62 and is 7.922125
[MPI_TIMING] gen=65 total_max=3.720864s total_avg=3.720818s compute_max=3.674570s compute_avg=3.632677s comm_max=0.112409s comm_avg=0.085961s root_ops=0.034142s overhead_ratio=0.039
Running Generation 66...
*** Completed generation 66 after 244.2816 seconds ***
- Best fitness in generation 66 is 7.922125
-- Overall best fitness is found in generation 62 and is 7.922125
[MPI_TIMING] gen=66 total_max=3.725850s total_avg=3.725829s compute_max=3.680014s compute_avg=3.634933s comm_max=0.118902s comm_avg=0.088711s root_ops=0.034219s overhead_ratio=0.041
Running Generation 67...
*** Completed generation 67 after 248.01207 seconds ***
- Best fitness in generation 67 is 7.9221416
-- Overall best fitness is found in generation 62 and is 7.922125
[MPI_TIMING] gen=67 total_max=3.730429s total_avg=3.730393s compute_max=3.684566s compute_avg=3.637708s comm_max=0.124256s comm_avg=0.090507s root_ops=0.034115s overhead_ratio=0.042
Running Generation 68...
*** Completed generation 68 after 251.73827 seconds ***
- Best fitness in generation 68 is 7.9221416
-- Overall best fitness is found in generation 62 and is 7.922125
[MPI_TIMING] gen=68 total_max=3.726139s total_avg=3.726119s compute_max=3.680503s compute_avg=3.635744s comm_max=0.126829s comm_avg=0.088188s root_ops=0.034259s overhead_ratio=0.043
Running Generation 69...
*** Completed generation 69 after 255.46985 seconds ***
- Best fitness in generation 69 is 7.9221416
-- Overall best fitness is found in generation 62 and is 7.922125
[MPI_TIMING] gen=69 total_max=3.731527s total_avg=3.731490s compute_max=3.685587s compute_avg=3.632498s comm_max=0.133897s comm_avg=0.096815s root_ops=0.034104s overhead_ratio=0.045
Running Generation 70...
*** Completed generation 70 after 259.20645 seconds ***
- Best fitness in generation 70 is 7.9221416
-- Overall best fitness is found in generation 62 and is 7.922125
[MPI_TIMING] gen=70 total_max=3.737212s total_avg=3.736569s compute_max=3.690677s compute_avg=3.634290s comm_max=0.136841s comm_avg=0.100051s root_ops=0.034917s overhead_ratio=0.046
Running Generation 71...
*** Completed generation 71 after 262.9349 seconds ***
- Best fitness in generation 71 is 7.9221416
-- Overall best fitness is found in generation 62 and is 7.922125
[MPI_TIMING] gen=71 total_max=3.728389s total_avg=3.728302s compute_max=3.681876s compute_avg=3.632277s comm_max=0.129828s comm_avg=0.093848s root_ops=0.034076s overhead_ratio=0.044
Running Generation 72...
*** Completed generation 72 after 266.66147 seconds ***
- Best fitness in generation 72 is 7.9221416
-- Overall best fitness is found in generation 62 and is 7.922125
[MPI_TIMING] gen=72 total_max=3.726494s total_avg=3.726481s compute_max=3.680705s compute_avg=3.635276s comm_max=0.127833s comm_avg=0.089021s root_ops=0.034193s overhead_ratio=0.043
Running Generation 73...
*** Completed generation 73 after 270.38635 seconds ***
- Best fitness in generation 73 is 7.9221416
-- Overall best fitness is found in generation 62 and is 7.922125
[MPI_TIMING] gen=73 total_max=3.724823s total_avg=3.724793s compute_max=3.679123s compute_avg=3.632839s comm_max=0.125730s comm_avg=0.089774s root_ops=0.034144s overhead_ratio=0.043
Running Generation 74...
*** Completed generation 74 after 274.11078 seconds ***
- Best fitness in generation 74 is 7.922746
-- Overall best fitness is found in generation 62 and is 7.922125
[MPI_TIMING] gen=74 total_max=3.724429s total_avg=3.724365s compute_max=3.678536s compute_avg=3.633587s comm_max=0.125572s comm_avg=0.088585s root_ops=0.034342s overhead_ratio=0.043
Running Generation 75...
*** Completed generation 75 after 277.8371 seconds ***
- Best fitness in generation 75 is 7.922746
-- Overall best fitness is found in generation 62 and is 7.922125
[MPI_TIMING] gen=75 total_max=3.726252s total_avg=3.726218s compute_max=3.680275s compute_avg=3.632715s comm_max=0.127667s comm_avg=0.091324s root_ops=0.034108s overhead_ratio=0.043
Running Generation 76...
*** Completed generation 76 after 281.56815 seconds ***
- Best fitness in generation 76 is 7.920148
-- Overall best fitness is found in generation 76 and is 7.920148
[MPI_TIMING] gen=76 total_max=3.730990s total_avg=3.730964s compute_max=3.685150s compute_avg=3.634806s comm_max=0.127739s comm_avg=0.093987s root_ops=0.033997s overhead_ratio=0.043
Running Generation 77...
*** Completed generation 77 after 285.29718 seconds ***
- Best fitness in generation 77 is 7.920148
-- Overall best fitness is found in generation 76 and is 7.920148
[MPI_TIMING] gen=77 total_max=3.729032s total_avg=3.728967s compute_max=3.683477s compute_avg=3.631365s comm_max=0.126856s comm_avg=0.095417s root_ops=0.034225s overhead_ratio=0.043
Running Generation 78...
*** Completed generation 78 after 289.02 seconds ***
- Best fitness in generation 78 is 7.920148
-- Overall best fitness is found in generation 76 and is 7.920148
[MPI_TIMING] gen=78 total_max=3.722747s total_avg=3.722724s compute_max=3.677034s compute_avg=3.631792s comm_max=0.130118s comm_avg=0.088744s root_ops=0.034249s overhead_ratio=0.044
Running Generation 79...
*** Completed generation 79 after 292.74625 seconds ***
- Best fitness in generation 79 is 7.9163704
-- Overall best fitness is found in generation 79 and is 7.9163704
[MPI_TIMING] gen=79 total_max=3.726221s total_avg=3.726184s compute_max=3.680280s compute_avg=3.631938s comm_max=0.138418s comm_avg=0.092072s root_ops=0.034031s overhead_ratio=0.046
Running Generation 80...
*** Completed generation 80 after 296.47797 seconds ***
- Best fitness in generation 80 is 7.9163704
-- Overall best fitness is found in generation 79 and is 7.9163704
[MPI_TIMING] gen=80 total_max=3.731970s total_avg=3.731670s compute_max=3.686013s compute_avg=3.631862s comm_max=0.147087s comm_avg=0.097606s root_ops=0.034481s overhead_ratio=0.049
Running Generation 81...
*** Completed generation 81 after 300.20724 seconds ***
- Best fitness in generation 81 is 7.9163704
-- Overall best fitness is found in generation 79 and is 7.9163704
[MPI_TIMING] gen=81 total_max=3.729235s total_avg=3.729181s compute_max=3.683014s compute_avg=3.633107s comm_max=0.137114s comm_avg=0.093894s root_ops=0.034151s overhead_ratio=0.046
Running Generation 82...
*** Completed generation 82 after 303.94235 seconds ***
- Best fitness in generation 82 is 7.9163704
-- Overall best fitness is found in generation 79 and is 7.9163704
[MPI_TIMING] gen=82 total_max=3.735093s total_avg=3.735011s compute_max=3.689258s compute_avg=3.634956s comm_max=0.131932s comm_avg=0.097860s root_ops=0.034371s overhead_ratio=0.045
Running Generation 83...
*** Completed generation 83 after 307.66763 seconds ***
- Best fitness in generation 83 is 7.9213343
-- Overall best fitness is found in generation 79 and is 7.9163704
[MPI_TIMING] gen=83 total_max=3.725240s total_avg=3.725202s compute_max=3.679050s compute_avg=3.631788s comm_max=0.122257s comm_avg=0.091236s root_ops=0.034098s overhead_ratio=0.042
Running Generation 84...
*** Completed generation 84 after 311.4034 seconds ***
- Best fitness in generation 84 is 7.922212
-- Overall best fitness is found in generation 79 and is 7.9163704
[MPI_TIMING] gen=84 total_max=3.735778s total_avg=3.735704s compute_max=3.689927s compute_avg=3.632067s comm_max=0.132307s comm_avg=0.101445s root_ops=0.034327s overhead_ratio=0.045
Running Generation 85...
*** Completed generation 85 after 315.13754 seconds ***
- Best fitness in generation 85 is 7.921083
-- Overall best fitness is found in generation 79 and is 7.9163704
[MPI_TIMING] gen=85 total_max=3.734102s total_avg=3.734064s compute_max=3.688037s compute_avg=3.632719s comm_max=0.129247s comm_avg=0.099163s root_ops=0.034177s overhead_ratio=0.044
Running Generation 86...
*** Completed generation 86 after 318.87152 seconds ***
- Best fitness in generation 86 is 7.921083
-- Overall best fitness is found in generation 79 and is 7.9163704
[MPI_TIMING] gen=86 total_max=3.734415s total_avg=3.733919s compute_max=3.687935s compute_avg=3.632892s comm_max=0.136223s comm_avg=0.098803s root_ops=0.034844s overhead_ratio=0.046
Running Generation 87...
*** Completed generation 87 after 322.6066 seconds ***
- Best fitness in generation 87 is 7.922212
-- Overall best fitness is found in generation 79 and is 7.9163704
[MPI_TIMING] gen=87 total_max=3.735005s total_avg=3.734939s compute_max=3.688629s compute_avg=3.632233s comm_max=0.133471s comm_avg=0.100510s root_ops=0.034371s overhead_ratio=0.045
Running Generation 88...
*** Completed generation 88 after 326.3427 seconds ***
- Best fitness in generation 88 is 7.9223623
-- Overall best fitness is found in generation 79 and is 7.9163704
[MPI_TIMING] gen=88 total_max=3.736077s total_avg=3.736040s compute_max=3.690016s compute_avg=3.631543s comm_max=0.136016s comm_avg=0.102307s root_ops=0.034299s overhead_ratio=0.046
Running Generation 89...
*** Completed generation 89 after 330.07825 seconds ***
- Best fitness in generation 89 is 7.9216194
-- Overall best fitness is found in generation 79 and is 7.9163704
[MPI_TIMING] gen=89 total_max=3.735464s total_avg=3.735422s compute_max=3.689462s compute_avg=3.631635s comm_max=0.149458s comm_avg=0.101616s root_ops=0.033982s overhead_ratio=0.049
Running Generation 90...
*** Completed generation 90 after 333.8078 seconds ***
- Best fitness in generation 90 is 7.9216194
-- Overall best fitness is found in generation 79 and is 7.9163704
[MPI_TIMING] gen=90 total_max=3.729494s total_avg=3.729477s compute_max=3.684000s compute_avg=3.631520s comm_max=0.136944s comm_avg=0.095779s root_ops=0.034070s overhead_ratio=0.046
Running Generation 91...
*** Completed generation 91 after 337.5469 seconds ***
- Best fitness in generation 91 is 7.922094
-- Overall best fitness is found in generation 79 and is 7.9163704
[MPI_TIMING] gen=91 total_max=3.739045s total_avg=3.739011s compute_max=3.693370s compute_avg=3.631114s comm_max=0.144809s comm_avg=0.105722s root_ops=0.034057s overhead_ratio=0.048
Running Generation 92...
*** Completed generation 92 after 341.28 seconds ***
- Best fitness in generation 92 is 7.922094
-- Overall best fitness is found in generation 79 and is 7.9163704
[MPI_TIMING] gen=92 total_max=3.733043s total_avg=3.733022s compute_max=3.687494s compute_avg=3.633563s comm_max=0.141539s comm_avg=0.097282s root_ops=0.034090s overhead_ratio=0.047
Running Generation 93...
*** Completed generation 93 after 345.01157 seconds ***
- Best fitness in generation 93 is 7.921445
-- Overall best fitness is found in generation 79 and is 7.9163704
[MPI_TIMING] gen=93 total_max=3.731785s total_avg=3.731533s compute_max=3.685643s compute_avg=3.633605s comm_max=0.130325s comm_avg=0.095723s root_ops=0.034519s overhead_ratio=0.044
Running Generation 94...
*** Completed generation 94 after 348.7447 seconds ***
- Best fitness in generation 94 is 7.922094
-- Overall best fitness is found in generation 79 and is 7.9163704
[MPI_TIMING] gen=94 total_max=3.733061s total_avg=3.733015s compute_max=3.686795s compute_avg=3.632995s comm_max=0.131849s comm_avg=0.097836s root_ops=0.034201s overhead_ratio=0.044
Running Generation 95...
*** Completed generation 95 after 352.48196 seconds ***
- Best fitness in generation 95 is 7.922094
-- Overall best fitness is found in generation 79 and is 7.9163704
[MPI_TIMING] gen=95 total_max=3.737214s total_avg=3.737182s compute_max=3.691480s compute_avg=3.633172s comm_max=0.140417s comm_avg=0.101831s root_ops=0.034115s overhead_ratio=0.047
Running Generation 96...
*** Completed generation 96 after 356.21344 seconds ***
- Best fitness in generation 96 is 7.92199
-- Overall best fitness is found in generation 79 and is 7.9163704
[MPI_TIMING] gen=96 total_max=3.731416s total_avg=3.731398s compute_max=3.685629s compute_avg=3.633582s comm_max=0.133451s comm_avg=0.095631s root_ops=0.034201s overhead_ratio=0.045
Running Generation 97...
*** Completed generation 97 after 359.94736 seconds ***
- Best fitness in generation 97 is 7.918752
-- Overall best fitness is found in generation 79 and is 7.9163704
[MPI_TIMING] gen=97 total_max=3.733895s total_avg=3.733865s compute_max=3.688080s compute_avg=3.633375s comm_max=0.134821s comm_avg=0.098304s root_ops=0.034234s overhead_ratio=0.045
Running Generation 98...
*** Completed generation 98 after 363.6787 seconds ***
- Best fitness in generation 98 is 7.918752
-- Overall best fitness is found in generation 79 and is 7.9163704
[MPI_TIMING] gen=98 total_max=3.731292s total_avg=3.731264s compute_max=3.685557s compute_avg=3.630875s comm_max=0.131862s comm_avg=0.098204s root_ops=0.034218s overhead_ratio=0.045
Running Generation 99...
*** Completed generation 99 after 367.41666 seconds ***
- Best fitness in generation 99 is 7.918752
-- Overall best fitness is found in generation 79 and is 7.9163704
[MPI_TIMING] gen=99 total_max=3.737871s total_avg=3.737831s compute_max=3.692119s compute_avg=3.631611s comm_max=0.141057s comm_avg=0.104048s root_ops=0.034021s overhead_ratio=0.047
Running Generation 100...
*** Completed generation 100 after 371.14673 seconds ***
- Best fitness in generation 100 is 7.9217305
-- Overall best fitness is found in generation 79 and is 7.9163704
[MPI_TIMING] gen=100 total_max=3.730119s total_avg=3.730017s compute_max=3.684499s compute_avg=3.630060s comm_max=0.142340s comm_avg=0.097769s root_ops=0.034271s overhead_ratio=0.047
Running Generation 101...
*** Completed generation 101 after 374.8767 seconds ***
- Best fitness in generation 101 is 7.9217305
-- Overall best fitness is found in generation 79 and is 7.9163704
[MPI_TIMING] gen=101 total_max=3.729935s total_avg=3.729908s compute_max=3.684131s compute_avg=3.631218s comm_max=0.135386s comm_avg=0.096501s root_ops=0.034270s overhead_ratio=0.045
Running Generation 102...
*** Completed generation 102 after 378.61316 seconds ***
- Best fitness in generation 102 is 7.9217305
-- Overall best fitness is found in generation 79 and is 7.9163704
[MPI_TIMING] gen=102 total_max=3.736700s total_avg=3.736391s compute_max=3.690504s compute_avg=3.631838s comm_max=0.138816s comm_avg=0.102335s root_ops=0.034736s overhead_ratio=0.046
Running Generation 103...
*** Completed generation 103 after 382.3453 seconds ***
- Best fitness in generation 103 is 7.921466
-- Overall best fitness is found in generation 79 and is 7.9163704
[MPI_TIMING] gen=103 total_max=3.732086s total_avg=3.732013s compute_max=3.685947s compute_avg=3.632608s comm_max=0.131045s comm_avg=0.097215s root_ops=0.034262s overhead_ratio=0.044
Running Generation 104...
*** Completed generation 104 after 386.07693 seconds ***
- Best fitness in generation 104 is 7.921466
-- Overall best fitness is found in generation 79 and is 7.9163704
[MPI_TIMING] gen=104 total_max=3.731612s total_avg=3.731564s compute_max=3.685442s compute_avg=3.633478s comm_max=0.125493s comm_avg=0.095909s root_ops=0.034060s overhead_ratio=0.043
Running Generation 105...
*** Completed generation 105 after 389.81116 seconds ***
- Best fitness in generation 105 is 7.9202037
-- Overall best fitness is found in generation 79 and is 7.9163704
[MPI_TIMING] gen=105 total_max=3.734270s total_avg=3.734135s compute_max=3.688624s compute_avg=3.632639s comm_max=0.127313s comm_avg=0.099301s root_ops=0.034359s overhead_ratio=0.043
Running Generation 106...
*** Completed generation 106 after 393.54422 seconds ***
- Best fitness in generation 106 is 7.92134
-- Overall best fitness is found in generation 79 and is 7.9163704
[MPI_TIMING] gen=106 total_max=3.733021s total_avg=3.732996s compute_max=3.686940s compute_avg=3.633684s comm_max=0.125885s comm_avg=0.097116s root_ops=0.034386s overhead_ratio=0.043
Running Generation 107...
*** Completed generation 107 after 397.27875 seconds ***
- Best fitness in generation 107 is 7.921466
-- Overall best fitness is found in generation 79 and is 7.9163704
[MPI_TIMING] gen=107 total_max=3.734469s total_avg=3.734416s compute_max=3.688551s compute_avg=3.631848s comm_max=0.141098s comm_avg=0.100396s root_ops=0.034003s overhead_ratio=0.047
Running Generation 108...
*** Completed generation 108 after 401.0113 seconds ***
- Best fitness in generation 108 is 7.921466
-- Overall best fitness is found in generation 79 and is 7.9163704
[MPI_TIMING] gen=108 total_max=3.732515s total_avg=3.732495s compute_max=3.686772s compute_avg=3.634127s comm_max=0.125116s comm_avg=0.096187s root_ops=0.034144s overhead_ratio=0.043
Running Generation 109...
*** Completed generation 109 after 404.74774 seconds ***
- Best fitness in generation 109 is 7.921466
-- Overall best fitness is found in generation 79 and is 7.9163704
[MPI_TIMING] gen=109 total_max=3.736378s total_avg=3.736352s compute_max=3.690641s compute_avg=3.632593s comm_max=0.138903s comm_avg=0.101578s root_ops=0.034141s overhead_ratio=0.046
Running Generation 110...
*** Completed generation 110 after 408.47897 seconds ***
- Best fitness in generation 110 is 7.921466
-- Overall best fitness is found in generation 79 and is 7.9163704
[MPI_TIMING] gen=110 total_max=3.731192s total_avg=3.731170s compute_max=3.685323s compute_avg=3.631020s comm_max=0.134929s comm_avg=0.097963s root_ops=0.034261s overhead_ratio=0.045
Running Generation 111...
*** Completed generation 111 after 412.21906 seconds ***
- Best fitness in generation 111 is 7.921466
-- Overall best fitness is found in generation 79 and is 7.9163704
[MPI_TIMING] gen=111 total_max=3.740026s total_avg=3.740011s compute_max=3.694005s compute_avg=3.630804s comm_max=0.151534s comm_avg=0.107008s root_ops=0.034425s overhead_ratio=0.050
Running Generation 112...
*** Completed generation 112 after 415.9573 seconds ***
- Best fitness in generation 112 is 7.921809
-- Overall best fitness is found in generation 79 and is 7.9163704
[MPI_TIMING] gen=112 total_max=3.738194s total_avg=3.738156s compute_max=3.692025s compute_avg=3.630331s comm_max=0.144746s comm_avg=0.105638s root_ops=0.034249s overhead_ratio=0.048
Running Generation 113...
*** Completed generation 113 after 419.69394 seconds ***
- Best fitness in generation 113 is 7.9220676
-- Overall best fitness is found in generation 79 and is 7.9163704
[MPI_TIMING] gen=113 total_max=3.736581s total_avg=3.736551s compute_max=3.690539s compute_avg=3.630244s comm_max=0.143611s comm_avg=0.104126s root_ops=0.034165s overhead_ratio=0.048
Running Generation 114...
*** Completed generation 114 after 423.4186 seconds ***
- Best fitness in generation 114 is 7.921085
-- Overall best fitness is found in generation 79 and is 7.9163704
[MPI_TIMING] gen=114 total_max=3.724636s total_avg=3.724590s compute_max=3.678671s compute_avg=3.629700s comm_max=0.130653s comm_avg=0.092697s root_ops=0.034347s overhead_ratio=0.044
Running Generation 115...
*** Completed generation 115 after 427.15356 seconds ***
- Best fitness in generation 115 is 7.9220676
-- Overall best fitness is found in generation 79 and is 7.9163704
[MPI_TIMING] gen=115 total_max=3.734920s total_avg=3.734883s compute_max=3.688524s compute_avg=3.630929s comm_max=0.147041s comm_avg=0.101773s root_ops=0.034135s overhead_ratio=0.049
Running Generation 116...
*** Completed generation 116 after 430.88046 seconds ***
- Best fitness in generation 116 is 7.9220676
-- Overall best fitness is found in generation 79 and is 7.9163704
[MPI_TIMING] gen=116 total_max=3.726828s total_avg=3.726799s compute_max=3.681129s compute_avg=3.632532s comm_max=0.128449s comm_avg=0.092082s root_ops=0.034187s overhead_ratio=0.044
Running Generation 117...
*** Completed generation 117 after 434.61688 seconds ***
- Best fitness in generation 117 is 7.9218903
-- Overall best fitness is found in generation 79 and is 7.9163704
[MPI_TIMING] gen=117 total_max=3.736371s total_avg=3.736349s compute_max=3.690344s compute_avg=3.631575s comm_max=0.143162s comm_avg=0.102588s root_ops=0.034225s overhead_ratio=0.047
Running Generation 118...
*** Completed generation 118 after 438.3493 seconds ***
- Best fitness in generation 118 is 7.9218903
-- Overall best fitness is found in generation 79 and is 7.9163704
[MPI_TIMING] gen=118 total_max=3.733031s total_avg=3.732390s compute_max=3.686455s compute_avg=3.632380s comm_max=0.137577s comm_avg=0.097773s root_ops=0.035048s overhead_ratio=0.046
Running Generation 119...
*** Completed generation 119 after 442.08597 seconds ***
- Best fitness in generation 119 is 7.9218903
-- Overall best fitness is found in generation 79 and is 7.9163704
[MPI_TIMING] gen=119 total_max=3.736604s total_avg=3.736506s compute_max=3.689910s compute_avg=3.634698s comm_max=0.138038s comm_avg=0.099619s root_ops=0.034281s overhead_ratio=0.046
Running Generation 120...
*** Completed generation 120 after 445.81763 seconds ***
- Best fitness in generation 120 is 7.9218903
-- Overall best fitness is found in generation 79 and is 7.9163704
[MPI_TIMING] gen=120 total_max=3.731625s total_avg=3.731601s compute_max=3.685736s compute_avg=3.633831s comm_max=0.135345s comm_avg=0.095576s root_ops=0.034342s overhead_ratio=0.045
Running Generation 121...
*** Completed generation 121 after 449.5592 seconds ***
- Best fitness in generation 121 is 7.9214067
-- Overall best fitness is found in generation 79 and is 7.9163704
[MPI_TIMING] gen=121 total_max=3.741507s total_avg=3.741457s compute_max=3.695567s compute_avg=3.635968s comm_max=0.146682s comm_avg=0.103311s root_ops=0.034096s overhead_ratio=0.048
Running Generation 122...
*** Completed generation 122 after 453.28406 seconds ***
- Best fitness in generation 122 is 7.9214067
-- Overall best fitness is found in generation 79 and is 7.9163704
[MPI_TIMING] gen=122 total_max=3.724878s total_avg=3.724806s compute_max=3.679089s compute_avg=3.635498s comm_max=0.126883s comm_avg=0.087117s root_ops=0.034307s overhead_ratio=0.043
Running Generation 123...
*** Completed generation 123 after 457.0145 seconds ***
- Best fitness in generation 123 is 7.9214067
-- Overall best fitness is found in generation 79 and is 7.9163704
[MPI_TIMING] gen=123 total_max=3.730359s total_avg=3.730329s compute_max=3.684393s compute_avg=3.632119s comm_max=0.137835s comm_avg=0.096030s root_ops=0.034145s overhead_ratio=0.046
Running Generation 124...
*** Completed generation 124 after 460.7448 seconds ***
- Best fitness in generation 124 is 7.9220676
-- Overall best fitness is found in generation 79 and is 7.9163704
[MPI_TIMING] gen=124 total_max=3.730276s total_avg=3.730255s compute_max=3.684505s compute_avg=3.634805s comm_max=0.131972s comm_avg=0.093265s root_ops=0.034215s overhead_ratio=0.045
Running Generation 125...
*** Completed generation 125 after 464.47946 seconds ***
- Best fitness in generation 125 is 7.9220676
-- Overall best fitness is found in generation 79 and is 7.9163704
[MPI_TIMING] gen=125 total_max=3.734586s total_avg=3.734557s compute_max=3.688621s compute_avg=3.631115s comm_max=0.141216s comm_avg=0.101258s root_ops=0.034181s overhead_ratio=0.047
Running Generation 126...
*** Completed generation 126 after 468.20917 seconds ***
- Best fitness in generation 126 is 7.9206877
-- Overall best fitness is found in generation 79 and is 7.9163704
[MPI_TIMING] gen=126 total_max=3.729653s total_avg=3.729636s compute_max=3.683775s compute_avg=3.630869s comm_max=0.135661s comm_avg=0.096579s root_ops=0.034267s overhead_ratio=0.046
Running Generation 127...
*** Completed generation 127 after 471.94333 seconds ***
- Best fitness in generation 127 is 7.9220676
-- Overall best fitness is found in generation 79 and is 7.9163704
[MPI_TIMING] gen=127 total_max=3.734124s total_avg=3.734106s compute_max=3.688034s compute_avg=3.632577s comm_max=0.136983s comm_avg=0.099336s root_ops=0.034336s overhead_ratio=0.046
Running Generation 128...
*** Completed generation 128 after 475.6716 seconds ***
- Best fitness in generation 128 is 7.9180293
-- Overall best fitness is found in generation 79 and is 7.9163704
[MPI_TIMING] gen=128 total_max=3.728211s total_avg=3.728193s compute_max=3.682195s compute_avg=3.631661s comm_max=0.133606s comm_avg=0.094333s root_ops=0.034441s overhead_ratio=0.045
Running Generation 129...
*** Completed generation 129 after 479.40604 seconds ***
- Best fitness in generation 129 is 7.9180293
-- Overall best fitness is found in generation 79 and is 7.9163704
[MPI_TIMING] gen=129 total_max=3.734370s total_avg=3.734323s compute_max=3.687858s compute_avg=3.631080s comm_max=0.140663s comm_avg=0.101064s root_ops=0.034126s overhead_ratio=0.047
Running Generation 130...
*** Completed generation 130 after 483.13425 seconds ***
- Best fitness in generation 130 is 7.915351
-- Overall best fitness is found in generation 130 and is 7.915351
[MPI_TIMING] gen=130 total_max=3.728160s total_avg=3.728148s compute_max=3.682203s compute_avg=3.632617s comm_max=0.134246s comm_avg=0.093344s root_ops=0.034252s overhead_ratio=0.045
Running Generation 131...
*** Completed generation 131 after 486.86392 seconds ***
- Best fitness in generation 131 is 7.915351
-- Overall best fitness is found in generation 130 and is 7.915351
[MPI_TIMING] gen=131 total_max=3.729634s total_avg=3.729606s compute_max=3.683589s compute_avg=3.632255s comm_max=0.132487s comm_avg=0.095165s root_ops=0.034223s overhead_ratio=0.045
Running Generation 132...
*** Completed generation 132 after 490.5939 seconds ***
- Best fitness in generation 132 is 7.915351
-- Overall best fitness is found in generation 130 and is 7.915351
[MPI_TIMING] gen=132 total_max=3.729926s total_avg=3.729905s compute_max=3.684051s compute_avg=3.632215s comm_max=0.132112s comm_avg=0.095498s root_ops=0.034325s overhead_ratio=0.045
Running Generation 133...
*** Completed generation 133 after 494.32544 seconds ***
- Best fitness in generation 133 is 7.915351
-- Overall best fitness is found in generation 130 and is 7.915351
[MPI_TIMING] gen=133 total_max=3.731470s total_avg=3.731439s compute_max=3.685336s compute_avg=3.630884s comm_max=0.137743s comm_avg=0.098371s root_ops=0.034204s overhead_ratio=0.046
Running Generation 134...
*** Completed generation 134 after 498.05673 seconds ***
- Best fitness in generation 134 is 7.921894
-- Overall best fitness is found in generation 130 and is 7.915351
[MPI_TIMING] gen=134 total_max=3.731362s total_avg=3.731247s compute_max=3.685316s compute_avg=3.633491s comm_max=0.138183s comm_avg=0.095556s root_ops=0.034464s overhead_ratio=0.046
Running Generation 135...
*** Completed generation 135 after 501.79425 seconds ***
- Best fitness in generation 135 is 7.921894
-- Overall best fitness is found in generation 130 and is 7.915351
[MPI_TIMING] gen=135 total_max=3.737669s total_avg=3.737458s compute_max=3.691328s compute_avg=3.632390s comm_max=0.144139s comm_avg=0.102843s root_ops=0.034842s overhead_ratio=0.048
Running Generation 136...
*** Completed generation 136 after 505.52417 seconds ***
- Best fitness in generation 136 is 7.921894
-- Overall best fitness is found in generation 130 and is 7.915351
[MPI_TIMING] gen=136 total_max=3.729812s total_avg=3.729741s compute_max=3.683447s compute_avg=3.633303s comm_max=0.132589s comm_avg=0.094259s root_ops=0.034108s overhead_ratio=0.045
Running Generation 137...
*** Completed generation 137 after 509.26096 seconds ***
- Best fitness in generation 137 is 7.921894
-- Overall best fitness is found in generation 130 and is 7.915351
[MPI_TIMING] gen=137 total_max=3.736737s total_avg=3.736710s compute_max=3.690915s compute_avg=3.634179s comm_max=0.143958s comm_avg=0.100348s root_ops=0.034179s overhead_ratio=0.048
Running Generation 138...
*** Completed generation 138 after 512.99036 seconds ***
- Best fitness in generation 138 is 7.9216604
-- Overall best fitness is found in generation 130 and is 7.915351
[MPI_TIMING] gen=138 total_max=3.729397s total_avg=3.729358s compute_max=3.683425s compute_avg=3.633559s comm_max=0.132902s comm_avg=0.093605s root_ops=0.034356s overhead_ratio=0.045
Running Generation 139...
*** Completed generation 139 after 516.7268 seconds ***
- Best fitness in generation 139 is 7.921894
-- Overall best fitness is found in generation 130 and is 7.915351
[MPI_TIMING] gen=139 total_max=3.736352s total_avg=3.736326s compute_max=3.690192s compute_avg=3.633677s comm_max=0.143724s comm_avg=0.100459s root_ops=0.034310s overhead_ratio=0.048
Running Generation 140...
*** Completed generation 140 after 520.45685 seconds ***
- Best fitness in generation 140 is 7.9213567
-- Overall best fitness is found in generation 130 and is 7.915351
[MPI_TIMING] gen=140 total_max=3.730028s total_avg=3.730005s compute_max=3.684139s compute_avg=3.633172s comm_max=0.136130s comm_avg=0.094640s root_ops=0.034343s overhead_ratio=0.046
Running Generation 141...
*** Completed generation 141 after 524.1912 seconds ***
- Best fitness in generation 141 is 7.921894
-- Overall best fitness is found in generation 130 and is 7.915351
[MPI_TIMING] gen=141 total_max=3.734291s total_avg=3.734270s compute_max=3.688251s compute_avg=3.631996s comm_max=0.140073s comm_avg=0.100079s root_ops=0.034371s overhead_ratio=0.047
Running Generation 142...
*** Completed generation 142 after 527.92377 seconds ***
- Best fitness in generation 142 is 7.9217167
-- Overall best fitness is found in generation 130 and is 7.915351
[MPI_TIMING] gen=142 total_max=3.732485s total_avg=3.732469s compute_max=3.686438s compute_avg=3.631661s comm_max=0.139415s comm_avg=0.098604s root_ops=0.034514s overhead_ratio=0.047
Running Generation 143...
*** Completed generation 143 after 531.65906 seconds ***
- Best fitness in generation 143 is 7.921894
-- Overall best fitness is found in generation 130 and is 7.915351
[MPI_TIMING] gen=143 total_max=3.735254s total_avg=3.735202s compute_max=3.688961s compute_avg=3.631865s comm_max=0.138817s comm_avg=0.101159s root_ops=0.034104s overhead_ratio=0.046
Running Generation 144...
*** Completed generation 144 after 535.3951 seconds ***
- Best fitness in generation 144 is 7.922796
-- Overall best fitness is found in generation 130 and is 7.915351
[MPI_TIMING] gen=144 total_max=3.736082s total_avg=3.735945s compute_max=3.690113s compute_avg=3.633600s comm_max=0.143319s comm_avg=0.100148s root_ops=0.034388s overhead_ratio=0.048
Running Generation 145...
*** Completed generation 145 after 539.1251 seconds ***
- Best fitness in generation 145 is 7.922076
-- Overall best fitness is found in generation 130 and is 7.915351
[MPI_TIMING] gen=145 total_max=3.730012s total_avg=3.729983s compute_max=3.683924s compute_avg=3.631188s comm_max=0.137088s comm_avg=0.096597s root_ops=0.034428s overhead_ratio=0.046
Running Generation 146...
*** Completed generation 146 after 542.85535 seconds ***
- Best fitness in generation 146 is 7.922076
-- Overall best fitness is found in generation 130 and is 7.915351
[MPI_TIMING] gen=146 total_max=3.730174s total_avg=3.730137s compute_max=3.684152s compute_avg=3.632284s comm_max=0.136316s comm_avg=0.095665s root_ops=0.034263s overhead_ratio=0.046
Running Generation 147...
*** Completed generation 147 after 546.59235 seconds ***
- Best fitness in generation 147 is 7.922076
-- Overall best fitness is found in generation 130 and is 7.915351
[MPI_TIMING] gen=147 total_max=3.736927s total_avg=3.736890s compute_max=3.690861s compute_avg=3.632125s comm_max=0.146249s comm_avg=0.102588s root_ops=0.034090s overhead_ratio=0.048
Running Generation 148...
*** Completed generation 148 after 550.32855 seconds ***
- Best fitness in generation 148 is 7.922076
-- Overall best fitness is found in generation 130 and is 7.915351
[MPI_TIMING] gen=148 total_max=3.736417s total_avg=3.736186s compute_max=3.690378s compute_avg=3.635063s comm_max=0.140722s comm_avg=0.098921s root_ops=0.034469s overhead_ratio=0.047
Running Generation 149...
*** Completed generation 149 after 554.0636 seconds ***
- Best fitness in generation 149 is 7.9198356
-- Overall best fitness is found in generation 130 and is 7.915351
[MPI_TIMING] gen=149 total_max=3.734967s total_avg=3.734926s compute_max=3.688712s compute_avg=3.633128s comm_max=0.138462s comm_avg=0.099611s root_ops=0.034261s overhead_ratio=0.046
Running Generation 150...
*** Completed generation 150 after 557.78796 seconds ***
- Best fitness in generation 150 is 7.9198356
-- Overall best fitness is found in generation 130 and is 7.915351
[MPI_TIMING] gen=150 total_max=3.724533s total_avg=3.724344s compute_max=3.678533s compute_avg=3.632585s comm_max=0.131533s comm_avg=0.089551s root_ops=0.034598s overhead_ratio=0.045
Reached 150 generations, exiting...


- Overall best fitness is 7.915351
- The best individual is:
                generation:	130
                index:		11
                fitness:	7.915351
                string:	0.00000;0.47128;0.00000;0.00000;0.38153;0.67715;0.76443

