Scale config: households=48 horizon=60 individuals=1000 max_generation=150 repetitions=8
Running distributed (MPI) GA exploration...
Running Generation 1...
*** Completed generation 1 after 3.5938492 seconds ***
- Best fitness in generation 1 is 8.6929035
-- Overall best fitness is found in generation 1 and is 8.6929035
[MPI_TIMING] gen=1 total_max=3.595048s total_avg=3.595048s compute_max=3.591816s compute_avg=3.591816s comm_max=0.000922s comm_avg=0.000922s root_ops=0.002222s overhead_ratio=0.001
Running Generation 2...
*** Completed generation 2 after 7.1725698 seconds ***
- Best fitness in generation 2 is 8.6929035
-- Overall best fitness is found in generation 1 and is 8.6929035
[MPI_TIMING] gen=2 total_max=3.578682s total_avg=3.578682s compute_max=3.576297s compute_avg=3.576297s comm_max=0.000086s comm_avg=0.000086s root_ops=0.002232s overhead_ratio=0.001
Running Generation 3...
*** Completed generation 3 after 10.758367 seconds ***
- Best fitness in generation 3 is 8.750253
-- Overall best fitness is found in generation 1 and is 8.6929035
[MPI_TIMING] gen=3 total_max=3.585746s total_avg=3.585746s compute_max=3.583324s compute_avg=3.583324s comm_max=0.000115s comm_avg=0.000115s root_ops=0.002231s overhead_ratio=0.001
Running Generation 4...
*** Completed generation 4 after 14.353178 seconds ***
- Best fitness in generation 4 is 8.750253
-- Overall best fitness is found in generation 1 and is 8.6929035
[MPI_TIMING] gen=4 total_max=3.594748s total_avg=3.594748s compute_max=3.592399s compute_avg=3.592399s comm_max=0.000070s comm_avg=0.000070s root_ops=0.002212s overhead_ratio=0.001
Running Generation 5...
*** Completed generation 5 after 17.965353 seconds ***
- Best fitness in generation 5 is 8.760743
-- Overall best fitness is found in generation 1 and is 8.6929035
[MPI_TIMING] gen=5 total_max=3.612149s total_avg=3.612149s compute_max=3.609740s compute_avg=3.609740s comm_max=0.000123s comm_avg=0.000123s root_ops=0.002219s overhead_ratio=0.001
Running Generation 6...
*** Completed generation 6 after 21.568392 seconds ***
- Best fitness in generation 6 is 8.760743
-- Overall best fitness is found in generation 1 and is 8.6929035
[MPI_TIMING] gen=6 total_max=3.603029s total_avg=3.603029s compute_max=3.600605s compute_avg=3.600605s comm_max=0.000099s comm_avg=0.000099s root_ops=0.002244s overhead_ratio=0.001
Running Generation 7...
*** Completed generation 7 after 25.187984 seconds ***
- Best fitness in generation 7 is 8.760743
-- Overall best fitness is found in generation 1 and is 8.6929035
[MPI_TIMING] gen=7 total_max=3.619518s total_avg=3.619518s compute_max=3.617152s compute_avg=3.617152s comm_max=0.000074s comm_avg=0.000074s root_ops=0.002215s overhead_ratio=0.001
Running Generation 8...
*** Completed generation 8 after 28.80112 seconds ***
- Best fitness in generation 8 is 8.782708
-- Overall best fitness is found in generation 1 and is 8.6929035
[MPI_TIMING] gen=8 total_max=3.613101s total_avg=3.613101s compute_max=3.610709s compute_avg=3.610709s comm_max=0.000095s comm_avg=0.000095s root_ops=0.002216s overhead_ratio=0.001
Running Generation 9...
*** Completed generation 9 after 32.425243 seconds ***
- Best fitness in generation 9 is 8.782708
-- Overall best fitness is found in generation 1 and is 8.6929035
[MPI_TIMING] gen=9 total_max=3.624012s total_avg=3.624012s compute_max=3.621617s compute_avg=3.621617s comm_max=0.000155s comm_avg=0.000155s root_ops=0.002158s overhead_ratio=0.001
Running Generation 10...
*** Completed generation 10 after 36.03277 seconds ***
- Best fitness in generation 10 is 8.782708
-- Overall best fitness is found in generation 1 and is 8.6929035
[MPI_TIMING] gen=10 total_max=3.607537s total_avg=3.607537s compute_max=3.605186s compute_avg=3.605186s comm_max=0.000061s comm_avg=0.000061s root_ops=0.002215s overhead_ratio=0.001
Running Generation 11...
*** Completed generation 11 after 39.664368 seconds ***
- Best fitness in generation 11 is 8.579161
-- Overall best fitness is found in generation 11 and is 8.579161
[MPI_TIMING] gen=11 total_max=3.631612s total_avg=3.631612s compute_max=3.629174s compute_avg=3.629174s comm_max=0.000100s comm_avg=0.000100s root_ops=0.002255s overhead_ratio=0.001
Running Generation 12...
*** Completed generation 12 after 43.28619 seconds ***
- Best fitness in generation 12 is 8.579161
-- Overall best fitness is found in generation 11 and is 8.579161
[MPI_TIMING] gen=12 total_max=3.621726s total_avg=3.621726s compute_max=3.619377s compute_avg=3.619377s comm_max=0.000062s comm_avg=0.000062s root_ops=0.002210s overhead_ratio=0.001
Running Generation 13...
*** Completed generation 13 after 46.914963 seconds ***
- Best fitness in generation 13 is 8.5464735
-- Overall best fitness is found in generation 13 and is 8.5464735
[MPI_TIMING] gen=13 total_max=3.628740s total_avg=3.628740s compute_max=3.626375s compute_avg=3.626375s comm_max=0.000074s comm_avg=0.000074s root_ops=0.002207s overhead_ratio=0.001
Running Generation 14...
*** Completed generation 14 after 50.550053 seconds ***
- Best fitness in generation 14 is 8.447331
-- Overall best fitness is found in generation 14 and is 8.447331
[MPI_TIMING] gen=14 total_max=3.635126s total_avg=3.635126s compute_max=3.632677s compute_avg=3.632677s comm_max=0.000096s comm_avg=0.000096s root_ops=0.002282s overhead_ratio=0.001
Running Generation 15...
*** Completed generation 15 after 54.198338 seconds ***
- Best fitness in generation 15 is 8.365246
-- Overall best fitness is found in generation 15 and is 8.365246
[MPI_TIMING] gen=15 total_max=3.648147s total_avg=3.648147s compute_max=3.645802s compute_avg=3.645802s comm_max=0.000070s comm_avg=0.000070s root_ops=0.002195s overhead_ratio=0.001
Running Generation 16...
*** Completed generation 16 after 57.839058 seconds ***
- Best fitness in generation 16 is 8.306839
-- Overall best fitness is found in generation 16 and is 8.306839
[MPI_TIMING] gen=16 total_max=3.640720s total_avg=3.640720s compute_max=3.638350s compute_avg=3.638350s comm_max=0.000067s comm_avg=0.000067s root_ops=0.002235s overhead_ratio=0.001
Running Generation 17...
*** Completed generation 17 after 61.491978 seconds ***
- Best fitness in generation 17 is 8.2043495
-- Overall best fitness is found in generation 17 and is 8.2043495
[MPI_TIMING] gen=17 total_max=3.652836s total_avg=3.652836s compute_max=3.650466s compute_avg=3.650466s comm_max=0.000107s comm_avg=0.000107s root_ops=0.002181s overhead_ratio=0.001
Running Generation 18...
*** Completed generation 18 after 65.136086 seconds ***
- Best fitness in generation 18 is 8.162314
-- Overall best fitness is found in generation 18 and is 8.162314
[MPI_TIMING] gen=18 total_max=3.644078s total_avg=3.644078s compute_max=3.641749s compute_avg=3.641749s comm_max=0.000067s comm_avg=0.000067s root_ops=0.002197s overhead_ratio=0.001
Running Generation 19...
*** Completed generation 19 after 68.78919 seconds ***
- Best fitness in generation 19 is 8.162314
-- Overall best fitness is found in generation 18 and is 8.162314
[MPI_TIMING] gen=19 total_max=3.653121s total_avg=3.653121s compute_max=3.650701s compute_avg=3.650701s comm_max=0.000098s comm_avg=0.000098s root_ops=0.002239s overhead_ratio=0.001
Running Generation 20...
*** Completed generation 20 after 72.44268 seconds ***
- Best fitness in generation 20 is 8.162314
-- Overall best fitness is found in generation 18 and is 8.162314
[MPI_TIMING] gen=20 total_max=3.653432s total_avg=3.653432s compute_max=3.651059s compute_avg=3.651059s comm_max=0.000074s comm_avg=0.000074s root_ops=0.002224s overhead_ratio=0.001
Running Generation 21...
*** Completed generation 21 after 76.10749 seconds ***
- Best fitness in generation 21 is 8.091108
-- Overall best fitness is found in generation 21 and is 8.091108
[MPI_TIMING] gen=21 total_max=3.664746s total_avg=3.664746s compute_max=3.662401s compute_avg=3.662401s comm_max=0.000067s comm_avg=0.000067s root_ops=0.002197s overhead_ratio=0.001
Running Generation 22...
*** Completed generation 22 after 79.76333 seconds ***
- Best fitness in generation 22 is 8.056861
-- Overall best fitness is found in generation 22 and is 8.056861
[MPI_TIMING] gen=22 total_max=3.655823s total_avg=3.655823s compute_max=3.653470s compute_avg=3.653470s comm_max=0.000069s comm_avg=0.000069s root_ops=0.002216s overhead_ratio=0.001
Running Generation 23...
*** Completed generation 23 after 83.435036 seconds ***
- Best fitness in generation 23 is 8.004173
-- Overall best fitness is found in generation 23 and is 8.004173
[MPI_TIMING] gen=23 total_max=3.671686s total_avg=3.671686s compute_max=3.669300s compute_avg=3.669300s comm_max=0.000070s comm_avg=0.000070s root_ops=0.002234s overhead_ratio=0.001
Running Generation 24...
*** Completed generation 24 after 87.10178 seconds ***
- Best fitness in generation 24 is 8.004173
-- Overall best fitness is found in generation 23 and is 8.004173
[MPI_TIMING] gen=24 total_max=3.666681s total_avg=3.666681s compute_max=3.664340s compute_avg=3.664340s comm_max=0.000067s comm_avg=0.000067s root_ops=0.002203s overhead_ratio=0.001
Running Generation 25...
*** Completed generation 25 after 90.779945 seconds ***
- Best fitness in generation 25 is 7.9536924
-- Overall best fitness is found in generation 25 and is 7.9536924
[MPI_TIMING] gen=25 total_max=3.678184s total_avg=3.678184s compute_max=3.675749s compute_avg=3.675749s comm_max=0.000094s comm_avg=0.000094s root_ops=0.002261s overhead_ratio=0.001
Running Generation 26...
*** Completed generation 26 after 94.456696 seconds ***
- Best fitness in generation 26 is 7.939724
-- Overall best fitness is found in generation 26 and is 7.939724
[MPI_TIMING] gen=26 total_max=3.676641s total_avg=3.676641s compute_max=3.674314s compute_avg=3.674314s comm_max=0.000071s comm_avg=0.000071s root_ops=0.002181s overhead_ratio=0.001
Running Generation 27...
*** Completed generation 27 after 98.13681 seconds ***
- Best fitness in generation 27 is 7.9370737
-- Overall best fitness is found in generation 27 and is 7.9370737
[MPI_TIMING] gen=27 total_max=3.680126s total_avg=3.680126s compute_max=3.677741s compute_avg=3.677741s comm_max=0.000069s comm_avg=0.000069s root_ops=0.002233s overhead_ratio=0.001
Running Generation 28...
*** Completed generation 28 after 101.815414 seconds ***
- Best fitness in generation 28 is 7.9370737
-- Overall best fitness is found in generation 27 and is 7.9370737
[MPI_TIMING] gen=28 total_max=3.678534s total_avg=3.678534s compute_max=3.676198s compute_avg=3.676198s comm_max=0.000073s comm_avg=0.000073s root_ops=0.002196s overhead_ratio=0.001
Running Generation 29...
*** Completed generation 29 after 105.50502 seconds ***
- Best fitness in generation 29 is 7.9367714
-- Overall best fitness is found in generation 29 and is 7.9367714
[MPI_TIMING] gen=29 total_max=3.689537s total_avg=3.689537s compute_max=3.687226s compute_avg=3.687226s comm_max=0.000067s comm_avg=0.000067s root_ops=0.002161s overhead_ratio=0.001
Running Generation 30...
*** Completed generation 30 after 109.186356 seconds ***
- Best fitness in generation 30 is 7.9264603
-- Overall best fitness is found in generation 30 and is 7.9264603
[MPI_TIMING] gen=30 total_max=3.681304s total_avg=3.681304s compute_max=3.679003s compute_avg=3.679003s comm_max=0.000066s comm_avg=0.000066s root_ops=0.002168s overhead_ratio=0.001
Running Generation 31...
*** Completed generation 31 after 112.87569 seconds ***
- Best fitness in generation 31 is 7.9282045
-- Overall best fitness is found in generation 30 and is 7.9264603
[MPI_TIMING] gen=31 total_max=3.689308s total_avg=3.689308s compute_max=3.686974s compute_avg=3.686974s comm_max=0.000069s comm_avg=0.000069s root_ops=0.002182s overhead_ratio=0.001
Running Generation 32...
*** Completed generation 32 after 116.55623 seconds ***
- Best fitness in generation 32 is 7.9282045
-- Overall best fitness is found in generation 30 and is 7.9264603
[MPI_TIMING] gen=32 total_max=3.680571s total_avg=3.680571s compute_max=3.678162s compute_avg=3.678162s comm_max=0.000093s comm_avg=0.000093s root_ops=0.002245s overhead_ratio=0.001
Running Generation 33...
*** Completed generation 33 after 120.23594 seconds ***
- Best fitness in generation 33 is 7.9282045
-- Overall best fitness is found in generation 30 and is 7.9264603
[MPI_TIMING] gen=33 total_max=3.679621s total_avg=3.679621s compute_max=3.677227s compute_avg=3.677227s comm_max=0.000106s comm_avg=0.000106s root_ops=0.002204s overhead_ratio=0.001
Running Generation 34...
*** Completed generation 34 after 123.9238 seconds ***
- Best fitness in generation 34 is 7.924873
-- Overall best fitness is found in generation 34 and is 7.924873
[MPI_TIMING] gen=34 total_max=3.687782s total_avg=3.687782s compute_max=3.685474s compute_avg=3.685474s comm_max=0.000074s comm_avg=0.000074s root_ops=0.002163s overhead_ratio=0.001
Running Generation 35...
*** Completed generation 35 after 127.614075 seconds ***
- Best fitness in generation 35 is 7.924873
-- Overall best fitness is found in generation 34 and is 7.924873
[MPI_TIMING] gen=35 total_max=3.690251s total_avg=3.690251s compute_max=3.687922s compute_avg=3.687922s comm_max=0.000072s comm_avg=0.000072s root_ops=0.002174s overhead_ratio=0.001
Running Generation 36...
*** Completed generation 36 after 131.29837 seconds ***
- Best fitness in generation 36 is 7.924719
-- Overall best fitness is found in generation 36 and is 7.924719
[MPI_TIMING] gen=36 total_max=3.684281s total_avg=3.684281s compute_max=3.681945s compute_avg=3.681945s comm_max=0.000068s comm_avg=0.000068s root_ops=0.002202s overhead_ratio=0.001
Running Generation 37...
*** Completed generation 37 after 134.99251 seconds ***
- Best fitness in generation 37 is 7.922402
-- Overall best fitness is found in generation 37 and is 7.922402
[MPI_TIMING] gen=37 total_max=3.694082s total_avg=3.694082s compute_max=3.691746s compute_avg=3.691746s comm_max=0.000074s comm_avg=0.000074s root_ops=0.002176s overhead_ratio=0.001
Running Generation 38...
*** Completed generation 38 after 138.68462 seconds ***
- Best fitness in generation 38 is 7.922402
-- Overall best fitness is found in generation 37 and is 7.922402
[MPI_TIMING] gen=38 total_max=3.692087s total_avg=3.692087s compute_max=3.689761s compute_avg=3.689761s comm_max=0.000068s comm_avg=0.000068s root_ops=0.002189s overhead_ratio=0.001
Running Generation 39...
*** Completed generation 39 after 142.37672 seconds ***
- Best fitness in generation 39 is 7.922402
-- Overall best fitness is found in generation 37 and is 7.922402
[MPI_TIMING] gen=39 total_max=3.692039s total_avg=3.692039s compute_max=3.689728s compute_avg=3.689728s comm_max=0.000076s comm_avg=0.000076s root_ops=0.002155s overhead_ratio=0.001
Running Generation 40...
*** Completed generation 40 after 146.06905 seconds ***
- Best fitness in generation 40 is 7.925214
-- Overall best fitness is found in generation 37 and is 7.922402
[MPI_TIMING] gen=40 total_max=3.692315s total_avg=3.692315s compute_max=3.689997s compute_avg=3.689997s comm_max=0.000071s comm_avg=0.000071s root_ops=0.002177s overhead_ratio=0.001
Running Generation 41...
*** Completed generation 41 after 149.76161 seconds ***
- Best fitness in generation 41 is 7.925214
-- Overall best fitness is found in generation 37 and is 7.922402
[MPI_TIMING] gen=41 total_max=3.692527s total_avg=3.692527s compute_max=3.690197s compute_avg=3.690197s comm_max=0.000069s comm_avg=0.000069s root_ops=0.002177s overhead_ratio=0.001
Running Generation 42...
*** Completed generation 42 after 153.4527 seconds ***
- Best fitness in generation 42 is 7.923838
-- Overall best fitness is found in generation 37 and is 7.922402
[MPI_TIMING] gen=42 total_max=3.691118s total_avg=3.691118s compute_max=3.688704s compute_avg=3.688704s comm_max=0.000102s comm_avg=0.000102s root_ops=0.002236s overhead_ratio=0.001
Running Generation 43...
*** Completed generation 43 after 157.14775 seconds ***
- Best fitness in generation 43 is 7.923838
-- Overall best fitness is found in generation 37 and is 7.922402
[MPI_TIMING] gen=43 total_max=3.694957s total_avg=3.694957s compute_max=3.692626s compute_avg=3.692626s comm_max=0.000058s comm_avg=0.000058s root_ops=0.002196s overhead_ratio=0.001
Running Generation 44...
*** Completed generation 44 after 160.8406 seconds ***
- Best fitness in generation 44 is 7.923838
-- Overall best fitness is found in generation 37 and is 7.922402
[MPI_TIMING] gen=44 total_max=3.692825s total_avg=3.692825s compute_max=3.690488s compute_avg=3.690488s comm_max=0.000072s comm_avg=0.000072s root_ops=0.002195s overhead_ratio=0.001
Running Generation 45...
*** Completed generation 45 after 164.53427 seconds ***
- Best fitness in generation 45 is 7.923838
-- Overall best fitness is found in generation 37 and is 7.922402
[MPI_TIMING] gen=45 total_max=3.693614s total_avg=3.693614s compute_max=3.691279s compute_avg=3.691279s comm_max=0.000077s comm_avg=0.000077s root_ops=0.002177s overhead_ratio=0.001
Running Generation 46...
*** Completed generation 46 after 168.22708 seconds ***
- Best fitness in generation 46 is 7.9224367
-- Overall best fitness is found in generation 37 and is 7.922402
[MPI_TIMING] gen=46 total_max=3.692785s total_avg=3.692785s compute_max=3.690457s compute_avg=3.690457s comm_max=0.000068s comm_avg=0.000068s root_ops=0.002191s overhead_ratio=0.001
Running Generation 47...
*** Completed generation 47 after 171.92166 seconds ***
- Best fitness in generation 47 is 7.914754
-- Overall best fitness is found in generation 47 and is 7.914754
[MPI_TIMING] gen=47 total_max=3.694550s total_avg=3.694550s compute_max=3.692199s compute_avg=3.692199s comm_max=0.000073s comm_avg=0.000073s root_ops=0.002196s overhead_ratio=0.001
Running Generation 48...
*** Completed generation 48 after 175.61603 seconds ***
- Best fitness in generation 48 is 7.919745
-- Overall best fitness is found in generation 47 and is 7.914754
[MPI_TIMING] gen=48 total_max=3.694334s total_avg=3.694334s compute_max=3.692003s compute_avg=3.692003s comm_max=0.000071s comm_avg=0.000071s root_ops=0.002192s overhead_ratio=0.001
Running Generation 49...
*** Completed generation 49 after 179.31383 seconds ***
- Best fitness in generation 49 is 7.9224367
-- Overall best fitness is found in generation 47 and is 7.914754
[MPI_TIMING] gen=49 total_max=3.697736s total_avg=3.697736s compute_max=3.695407s compute_avg=3.695407s comm_max=0.000070s comm_avg=0.000070s root_ops=0.002176s overhead_ratio=0.001
Running Generation 50...
*** Completed generation 50 after 183.0053 seconds ***
- Best fitness in generation 50 is 7.913965
-- Overall best fitness is found in generation 50 and is 7.913965
[MPI_TIMING] gen=50 total_max=3.691441s total_avg=3.691441s compute_max=3.689123s compute_avg=3.689123s comm_max=0.000068s comm_avg=0.000068s root_ops=0.002182s overhead_ratio=0.001
Running Generation 51...
*** Completed generation 51 after 186.69826 seconds ***
- Best fitness in generation 51 is 7.9224367
-- Overall best fitness is found in generation 50 and is 7.913965
[MPI_TIMING] gen=51 total_max=3.692920s total_avg=3.692920s compute_max=3.690602s compute_avg=3.690602s comm_max=0.000070s comm_avg=0.000070s root_ops=0.002167s overhead_ratio=0.001
Running Generation 52...
*** Completed generation 52 after 190.39052 seconds ***
- Best fitness in generation 52 is 7.9235287
-- Overall best fitness is found in generation 50 and is 7.913965
[MPI_TIMING] gen=52 total_max=3.692236s total_avg=3.692236s compute_max=3.689912s compute_avg=3.689912s comm_max=0.000069s comm_avg=0.000069s root_ops=0.002187s overhead_ratio=0.001
Running Generation 53...
*** Completed generation 53 after 194.08621 seconds ***
- Best fitness in generation 53 is 7.9235287
-- Overall best fitness is found in generation 50 and is 7.913965
[MPI_TIMING] gen=53 total_max=3.695643s total_avg=3.695643s compute_max=3.693321s compute_avg=3.693321s comm_max=0.000073s comm_avg=0.000073s root_ops=0.002166s overhead_ratio=0.001
Running Generation 54...
*** Completed generation 54 after 197.78145 seconds ***
- Best fitness in generation 54 is 7.9235287
-- Overall best fitness is found in generation 50 and is 7.913965
[MPI_TIMING] gen=54 total_max=3.695198s total_avg=3.695198s compute_max=3.692900s compute_avg=3.692900s comm_max=0.000070s comm_avg=0.000070s root_ops=0.002160s overhead_ratio=0.001
Running Generation 55...
*** Completed generation 55 after 201.48222 seconds ***
- Best fitness in generation 55 is 7.9225035
-- Overall best fitness is found in generation 50 and is 7.913965
[MPI_TIMING] gen=55 total_max=3.700816s total_avg=3.700816s compute_max=3.698394s compute_avg=3.698394s comm_max=0.000101s comm_avg=0.000101s root_ops=0.002238s overhead_ratio=0.001
Running Generation 56...
*** Completed generation 56 after 205.17513 seconds ***
- Best fitness in generation 56 is 7.9225035
-- Overall best fitness is found in generation 50 and is 7.913965
[MPI_TIMING] gen=56 total_max=3.692792s total_avg=3.692792s compute_max=3.690498s compute_avg=3.690498s comm_max=0.000063s comm_avg=0.000063s root_ops=0.002163s overhead_ratio=0.001
Running Generation 57...
*** Completed generation 57 after 208.87466 seconds ***
- Best fitness in generation 57 is 7.9212394
-- Overall best fitness is found in generation 50 and is 7.913965
[MPI_TIMING] gen=57 total_max=3.699546s total_avg=3.699546s compute_max=3.697196s compute_avg=3.697196s comm_max=0.000072s comm_avg=0.000072s root_ops=0.002194s overhead_ratio=0.001
Running Generation 58...
*** Completed generation 58 after 212.57031 seconds ***
- Best fitness in generation 58 is 7.9212394
-- Overall best fitness is found in generation 50 and is 7.913965
[MPI_TIMING] gen=58 total_max=3.695556s total_avg=3.695556s compute_max=3.693269s compute_avg=3.693269s comm_max=0.000069s comm_avg=0.000069s root_ops=0.002150s overhead_ratio=0.001
Running Generation 59...
*** Completed generation 59 after 216.27325 seconds ***
- Best fitness in generation 59 is 7.9212394
-- Overall best fitness is found in generation 50 and is 7.913965
[MPI_TIMING] gen=59 total_max=3.702961s total_avg=3.702961s compute_max=3.700610s compute_avg=3.700610s comm_max=0.000072s comm_avg=0.000072s root_ops=0.002197s overhead_ratio=0.001
Running Generation 60...
*** Completed generation 60 after 219.9655 seconds ***
- Best fitness in generation 60 is 7.9212394
-- Overall best fitness is found in generation 50 and is 7.913965
[MPI_TIMING] gen=60 total_max=3.692216s total_avg=3.692216s compute_max=3.689873s compute_avg=3.689873s comm_max=0.000074s comm_avg=0.000074s root_ops=0.002200s overhead_ratio=0.001
Running Generation 61...
*** Completed generation 61 after 223.66039 seconds ***
- Best fitness in generation 61 is 7.923132
-- Overall best fitness is found in generation 50 and is 7.913965
[MPI_TIMING] gen=61 total_max=3.694805s total_avg=3.694805s compute_max=3.692494s compute_avg=3.692494s comm_max=0.000067s comm_avg=0.000067s root_ops=0.002166s overhead_ratio=0.001
Running Generation 62...
*** Completed generation 62 after 227.35535 seconds ***
- Best fitness in generation 62 is 7.922478
-- Overall best fitness is found in generation 50 and is 7.913965
[MPI_TIMING] gen=62 total_max=3.694939s total_avg=3.694939s compute_max=3.692628s compute_avg=3.692628s comm_max=0.000076s comm_avg=0.000076s root_ops=0.002164s overhead_ratio=0.001
Running Generation 63...
*** Completed generation 63 after 231.05896 seconds ***
- Best fitness in generation 63 is 7.922478
-- Overall best fitness is found in generation 50 and is 7.913965
[MPI_TIMING] gen=63 total_max=3.703575s total_avg=3.703575s compute_max=3.701260s compute_avg=3.701260s comm_max=0.000067s comm_avg=0.000067s root_ops=0.002167s overhead_ratio=0.001
Running Generation 64...
*** Completed generation 64 after 234.74876 seconds ***
- Best fitness in generation 64 is 7.922478
-- Overall best fitness is found in generation 50 and is 7.913965
[MPI_TIMING] gen=64 total_max=3.689759s total_avg=3.689759s compute_max=3.687463s compute_avg=3.687463s comm_max=0.000071s comm_avg=0.000071s root_ops=0.002157s overhead_ratio=0.001
Running Generation 65...
*** Completed generation 65 after 238.4478 seconds ***
- Best fitness in generation 65 is 7.922478
-- Overall best fitness is found in generation 50 and is 7.913965
[MPI_TIMING] gen=65 total_max=3.699019s total_avg=3.699019s compute_max=3.696665s compute_avg=3.696665s comm_max=0.000104s comm_avg=0.000104s root_ops=0.002168s overhead_ratio=0.001
Running Generation 66...
*** Completed generation 66 after 242.14078 seconds ***
- Best fitness in generation 66 is 7.922478
-- Overall best fitness is found in generation 50 and is 7.913965
[MPI_TIMING] gen=66 total_max=3.692947s total_avg=3.692947s compute_max=3.690633s compute_avg=3.690633s comm_max=0.000068s comm_avg=0.000068s root_ops=0.002176s overhead_ratio=0.001
Running Generation 67...
*** Completed generation 67 after 245.84152 seconds ***
- Best fitness in generation 67 is 7.9201565
-- Overall best fitness is found in generation 50 and is 7.913965
[MPI_TIMING] gen=67 total_max=3.700711s total_avg=3.700711s compute_max=3.698385s compute_avg=3.698385s comm_max=0.000072s comm_avg=0.000072s root_ops=0.002172s overhead_ratio=0.001
Running Generation 68...
*** Completed generation 68 after 249.531 seconds ***
- Best fitness in generation 68 is 7.9201565
-- Overall best fitness is found in generation 50 and is 7.913965
[MPI_TIMING] gen=68 total_max=3.689443s total_avg=3.689443s compute_max=3.687141s compute_avg=3.687141s comm_max=0.000067s comm_avg=0.000067s root_ops=0.002171s overhead_ratio=0.001
Running Generation 69...
*** Completed generation 69 after 253.23042 seconds ***
- Best fitness in generation 69 is 7.9201565
-- Overall best fitness is found in generation 50 and is 7.913965
[MPI_TIMING] gen=69 total_max=3.699384s total_avg=3.699384s compute_max=3.697048s compute_avg=3.697048s comm_max=0.000074s comm_avg=0.000074s root_ops=0.002179s overhead_ratio=0.001
Running Generation 70...
*** Completed generation 70 after 256.92148 seconds ***
- Best fitness in generation 70 is 7.9201565
-- Overall best fitness is found in generation 50 and is 7.913965
[MPI_TIMING] gen=70 total_max=3.691043s total_avg=3.691043s compute_max=3.688717s compute_avg=3.688717s comm_max=0.000065s comm_avg=0.000065s root_ops=0.002193s overhead_ratio=0.001
Running Generation 71...
*** Completed generation 71 after 260.62115 seconds ***
- Best fitness in generation 71 is 7.9201565
-- Overall best fitness is found in generation 50 and is 7.913965
[MPI_TIMING] gen=71 total_max=3.699663s total_avg=3.699663s compute_max=3.697265s compute_avg=3.697265s comm_max=0.000095s comm_avg=0.000095s root_ops=0.002221s overhead_ratio=0.001
Running Generation 72...
*** Completed generation 72 after 264.3136 seconds ***
- Best fitness in generation 72 is 7.9201565
-- Overall best fitness is found in generation 50 and is 7.913965
[MPI_TIMING] gen=72 total_max=3.692357s total_avg=3.692357s compute_max=3.690060s compute_avg=3.690060s comm_max=0.000066s comm_avg=0.000066s root_ops=0.002160s overhead_ratio=0.001
Running Generation 73...
*** Completed generation 73 after 268.01215 seconds ***
- Best fitness in generation 73 is 7.9235487
-- Overall best fitness is found in generation 50 and is 7.913965
[MPI_TIMING] gen=73 total_max=3.698516s total_avg=3.698516s compute_max=3.696165s compute_avg=3.696165s comm_max=0.000076s comm_avg=0.000076s root_ops=0.002187s overhead_ratio=0.001
Running Generation 74...
*** Completed generation 74 after 271.70877 seconds ***
- Best fitness in generation 74 is 7.9235487
-- Overall best fitness is found in generation 50 and is 7.913965
[MPI_TIMING] gen=74 total_max=3.696600s total_avg=3.696600s compute_max=3.694274s compute_avg=3.694274s comm_max=0.000065s comm_avg=0.000065s root_ops=0.002197s overhead_ratio=0.001
Running Generation 75...
*** Completed generation 75 after 275.40976 seconds ***
- Best fitness in generation 75 is 7.9250526
-- Overall best fitness is found in generation 50 and is 7.913965
[MPI_TIMING] gen=75 total_max=3.700925s total_avg=3.700925s compute_max=3.698600s compute_avg=3.698600s comm_max=0.000072s comm_avg=0.000072s root_ops=0.002168s overhead_ratio=0.001
Running Generation 76...
*** Completed generation 76 after 279.10602 seconds ***
- Best fitness in generation 76 is 7.925293
-- Overall best fitness is found in generation 50 and is 7.913965
[MPI_TIMING] gen=76 total_max=3.696243s total_avg=3.696243s compute_max=3.693931s compute_avg=3.693931s comm_max=0.000074s comm_avg=0.000074s root_ops=0.002169s overhead_ratio=0.001
Running Generation 77...
*** Completed generation 77 after 282.80478 seconds ***
- Best fitness in generation 77 is 7.925293
-- Overall best fitness is found in generation 50 and is 7.913965
[MPI_TIMING] gen=77 total_max=3.698748s total_avg=3.698748s compute_max=3.696412s compute_avg=3.696412s comm_max=0.000067s comm_avg=0.000067s root_ops=0.002188s overhead_ratio=0.001
Running Generation 78...
*** Completed generation 78 after 286.4992 seconds ***
- Best fitness in generation 78 is 7.92319
-- Overall best fitness is found in generation 50 and is 7.913965
[MPI_TIMING] gen=78 total_max=3.694350s total_avg=3.694350s compute_max=3.692052s compute_avg=3.692052s comm_max=0.000073s comm_avg=0.000073s root_ops=0.002155s overhead_ratio=0.001
Running Generation 79...
*** Completed generation 79 after 290.19516 seconds ***
- Best fitness in generation 79 is 7.92319
-- Overall best fitness is found in generation 50 and is 7.913965
[MPI_TIMING] gen=79 total_max=3.695941s total_avg=3.695941s compute_max=3.693614s compute_avg=3.693614s comm_max=0.000069s comm_avg=0.000069s root_ops=0.002176s overhead_ratio=0.001
Running Generation 80...
*** Completed generation 80 after 293.89554 seconds ***
- Best fitness in generation 80 is 7.92319
-- Overall best fitness is found in generation 50 and is 7.913965
[MPI_TIMING] gen=80 total_max=3.700306s total_avg=3.700306s compute_max=3.698027s compute_avg=3.698027s comm_max=0.000075s comm_avg=0.000075s root_ops=0.002133s overhead_ratio=0.001
Running Generation 81...
*** Completed generation 81 after 297.5928 seconds ***
- Best fitness in generation 81 is 7.92319
-- Overall best fitness is found in generation 50 and is 7.913965
[MPI_TIMING] gen=81 total_max=3.697284s total_avg=3.697284s compute_max=3.694938s compute_avg=3.694938s comm_max=0.000066s comm_avg=0.000066s root_ops=0.002203s overhead_ratio=0.001
Running Generation 82...
*** Completed generation 82 after 301.2874 seconds ***
- Best fitness in generation 82 is 7.923909
-- Overall best fitness is found in generation 50 and is 7.913965
[MPI_TIMING] gen=82 total_max=3.694591s total_avg=3.694591s compute_max=3.692238s compute_avg=3.692238s comm_max=0.000074s comm_avg=0.000074s root_ops=0.002210s overhead_ratio=0.001
Running Generation 83...
*** Completed generation 83 after 304.97964 seconds ***
- Best fitness in generation 83 is 7.9253902
-- Overall best fitness is found in generation 50 and is 7.913965
[MPI_TIMING] gen=83 total_max=3.692118s total_avg=3.692118s compute_max=3.689831s compute_avg=3.689831s comm_max=0.000070s comm_avg=0.000070s root_ops=0.002137s overhead_ratio=0.001
Running Generation 84...
*** Completed generation 84 after 308.66824 seconds ***
- Best fitness in generation 84 is 7.92232
-- Overall best fitness is found in generation 50 and is 7.913965
[MPI_TIMING] gen=84 total_max=3.688619s total_avg=3.688619s compute_max=3.686281s compute_avg=3.686281s comm_max=0.000068s comm_avg=0.000068s root_ops=0.002198s overhead_ratio=0.001
Running Generation 85...
*** Completed generation 85 after 312.35434 seconds ***
- Best fitness in generation 85 is 7.92232
-- Overall best fitness is found in generation 50 and is 7.913965
[MPI_TIMING] gen=85 total_max=3.686093s total_avg=3.686093s compute_max=3.683735s compute_avg=3.683735s comm_max=0.000070s comm_avg=0.000070s root_ops=0.002205s overhead_ratio=0.001
Running Generation 86...
*** Completed generation 86 after 316.04428 seconds ***
- Best fitness in generation 86 is 7.9240346
-- Overall best fitness is found in generation 50 and is 7.913965
[MPI_TIMING] gen=86 total_max=3.689822s total_avg=3.689822s compute_max=3.687545s compute_avg=3.687545s comm_max=0.000063s comm_avg=0.000063s root_ops=0.002149s overhead_ratio=0.001
Running Generation 87...
*** Completed generation 87 after 319.72748 seconds ***
- Best fitness in generation 87 is 7.9240346
-- Overall best fitness is found in generation 50 and is 7.913965
[MPI_TIMING] gen=87 total_max=3.683245s total_avg=3.683245s compute_max=3.680842s compute_avg=3.680842s comm_max=0.000097s comm_avg=0.000097s root_ops=0.002225s overhead_ratio=0.001
Running Generation 88...
*** Completed generation 88 after 323.42813 seconds ***
- Best fitness in generation 88 is 7.9240346
-- Overall best fitness is found in generation 50 and is 7.913965
[MPI_TIMING] gen=88 total_max=3.700567s total_avg=3.700567s compute_max=3.698253s compute_avg=3.698253s comm_max=0.000071s comm_avg=0.000071s root_ops=0.002172s overhead_ratio=0.001
Running Generation 89...
*** Completed generation 89 after 327.10092 seconds ***
- Best fitness in generation 89 is 7.9251847
-- Overall best fitness is found in generation 50 and is 7.913965
[MPI_TIMING] gen=89 total_max=3.672807s total_avg=3.672807s compute_max=3.670447s compute_avg=3.670447s comm_max=0.000073s comm_avg=0.000073s root_ops=0.002206s overhead_ratio=0.001
Running Generation 90...
*** Completed generation 90 after 330.7955 seconds ***
- Best fitness in generation 90 is 7.9248056
-- Overall best fitness is found in generation 50 and is 7.913965
[MPI_TIMING] gen=90 total_max=3.694492s total_avg=3.694492s compute_max=3.692186s compute_avg=3.692186s comm_max=0.000071s comm_avg=0.000071s root_ops=0.002166s overhead_ratio=0.001
Running Generation 91...
*** Completed generation 91 after 334.46375 seconds ***
- Best fitness in generation 91 is 7.9248056
-- Overall best fitness is found in generation 50 and is 7.913965
[MPI_TIMING] gen=91 total_max=3.668199s total_avg=3.668199s compute_max=3.665879s compute_avg=3.665879s comm_max=0.000067s comm_avg=0.000067s root_ops=0.002174s overhead_ratio=0.001
Running Generation 92...
*** Completed generation 92 after 338.15576 seconds ***
- Best fitness in generation 92 is 7.9248056
-- Overall best fitness is found in generation 50 and is 7.913965
[MPI_TIMING] gen=92 total_max=3.692003s total_avg=3.692003s compute_max=3.689672s compute_avg=3.689672s comm_max=0.000072s comm_avg=0.000072s root_ops=0.002189s overhead_ratio=0.001
Running Generation 93...
*** Completed generation 93 after 341.82538 seconds ***
- Best fitness in generation 93 is 7.9248056
-- Overall best fitness is found in generation 50 and is 7.913965
[MPI_TIMING] gen=93 total_max=3.669562s total_avg=3.669562s compute_max=3.667245s compute_avg=3.667245s comm_max=0.000067s comm_avg=0.000067s root_ops=0.002171s overhead_ratio=0.001
Running Generation 94...
*** Completed generation 94 after 345.51584 seconds ***
- Best fitness in generation 94 is 7.9246984
-- Overall best fitness is found in generation 50 and is 7.913965
[MPI_TIMING] gen=94 total_max=3.690447s total_avg=3.690447s compute_max=3.688139s compute_avg=3.688139s comm_max=0.000071s comm_avg=0.000071s root_ops=0.002169s overhead_ratio=0.001
Running Generation 95...
*** Completed generation 95 after 349.18167 seconds ***
- Best fitness in generation 95 is 7.9234877
-- Overall best fitness is found in generation 50 and is 7.913965
[MPI_TIMING] gen=95 total_max=3.665830s total_avg=3.665830s compute_max=3.663476s compute_avg=3.663476s comm_max=0.000072s comm_avg=0.000072s root_ops=0.002202s overhead_ratio=0.001
Running Generation 96...
*** Completed generation 96 after 352.85532 seconds ***
- Best fitness in generation 96 is 7.923216
-- Overall best fitness is found in generation 50 and is 7.913965
[MPI_TIMING] gen=96 total_max=3.673535s total_avg=3.673535s compute_max=3.671259s compute_avg=3.671259s comm_max=0.000071s comm_avg=0.000071s root_ops=0.002138s overhead_ratio=0.001
Running Generation 97...
*** Completed generation 97 after 356.53888 seconds ***
- Best fitness in generation 97 is 7.9234877
-- Overall best fitness is found in generation 50 and is 7.913965
[MPI_TIMING] gen=97 total_max=3.683578s total_avg=3.683578s compute_max=3.681229s compute_avg=3.681229s comm_max=0.000072s comm_avg=0.000072s root_ops=0.002192s overhead_ratio=0.001
Running Generation 98...
*** Completed generation 98 after 360.20755 seconds ***
- Best fitness in generation 98 is 7.9234877
-- Overall best fitness is found in generation 50 and is 7.913965
[MPI_TIMING] gen=98 total_max=3.668612s total_avg=3.668612s compute_max=3.666322s compute_avg=3.666322s comm_max=0.000074s comm_avg=0.000074s root_ops=0.002147s overhead_ratio=0.001
Running Generation 99...
*** Completed generation 99 after 363.88962 seconds ***
- Best fitness in generation 99 is 7.9234877
-- Overall best fitness is found in generation 50 and is 7.913965
[MPI_TIMING] gen=99 total_max=3.682079s total_avg=3.682079s compute_max=3.679729s compute_avg=3.679729s comm_max=0.000065s comm_avg=0.000065s root_ops=0.002207s overhead_ratio=0.001
Running Generation 100...
*** Completed generation 100 after 367.55673 seconds ***
- Best fitness in generation 100 is 7.9234877
-- Overall best fitness is found in generation 50 and is 7.913965
[MPI_TIMING] gen=100 total_max=3.667014s total_avg=3.667014s compute_max=3.664733s compute_avg=3.664733s comm_max=0.000069s comm_avg=0.000069s root_ops=0.002140s overhead_ratio=0.001
Running Generation 101...
*** Completed generation 101 after 371.23593 seconds ***
- Best fitness in generation 101 is 7.9234877
-- Overall best fitness is found in generation 50 and is 7.913965
[MPI_TIMING] gen=101 total_max=3.679191s total_avg=3.679191s compute_max=3.676879s compute_avg=3.676879s comm_max=0.000064s comm_avg=0.000064s root_ops=0.002169s overhead_ratio=0.001
Running Generation 102...
*** Completed generation 102 after 374.90442 seconds ***
- Best fitness in generation 102 is 7.9229374
-- Overall best fitness is found in generation 50 and is 7.913965
[MPI_TIMING] gen=102 total_max=3.668475s total_avg=3.668475s compute_max=3.666140s compute_avg=3.666140s comm_max=0.000071s comm_avg=0.000071s root_ops=0.002196s overhead_ratio=0.001
Running Generation 103...
*** Completed generation 103 after 378.58652 seconds ***
- Best fitness in generation 103 is 7.92223
-- Overall best fitness is found in generation 50 and is 7.913965
[MPI_TIMING] gen=103 total_max=3.682088s total_avg=3.682088s compute_max=3.679711s compute_avg=3.679711s comm_max=0.000088s comm_avg=0.000088s root_ops=0.002210s overhead_ratio=0.001
Running Generation 104...
*** Completed generation 104 after 382.25705 seconds ***
- Best fitness in generation 104 is 7.92223
-- Overall best fitness is found in generation 50 and is 7.913965
[MPI_TIMING] gen=104 total_max=3.670441s total_avg=3.670441s compute_max=3.668142s compute_avg=3.668142s comm_max=0.000069s comm_avg=0.000069s root_ops=0.002153s overhead_ratio=0.001
Running Generation 105...
*** Completed generation 105 after 385.94058 seconds ***
- Best fitness in generation 105 is 7.92223
-- Overall best fitness is found in generation 50 and is 7.913965
[MPI_TIMING] gen=105 total_max=3.683544s total_avg=3.683544s compute_max=3.681192s compute_avg=3.681192s comm_max=0.000071s comm_avg=0.000071s root_ops=0.002199s overhead_ratio=0.001
Running Generation 106...
*** Completed generation 106 after 389.60748 seconds ***
- Best fitness in generation 106 is 7.92223
-- Overall best fitness is found in generation 50 and is 7.913965
[MPI_TIMING] gen=106 total_max=3.666830s total_avg=3.666830s compute_max=3.664513s compute_avg=3.664513s comm_max=0.000069s comm_avg=0.000069s root_ops=0.002184s overhead_ratio=0.001
Running Generation 107...
*** Completed generation 107 after 393.29352 seconds ***
- Best fitness in generation 107 is 7.92223
-- Overall best fitness is found in generation 50 and is 7.913965
[MPI_TIMING] gen=107 total_max=3.685997s total_avg=3.685997s compute_max=3.683664s compute_avg=3.683664s comm_max=0.000074s comm_avg=0.000074s root_ops=0.002176s overhead_ratio=0.001
Running Generation 108...
*** Completed generation 108 after 396.96 seconds ***
- Best fitness in generation 108 is 7.92223
-- Overall best fitness is found in generation 50 and is 7.913965
[MPI_TIMING] gen=108 total_max=3.666412s total_avg=3.666412s compute_max=3.664127s compute_avg=3.664127s comm_max=0.000072s comm_avg=0.000072s root_ops=0.002145s overhead_ratio=0.001
Running Generation 109...
*** Completed generation 109 after 400.64114 seconds ***
- Best fitness in generation 109 is 7.92223
-- Overall best fitness is found in generation 50 and is 7.913965
[MPI_TIMING] gen=109 total_max=3.681141s total_avg=3.681141s compute_max=3.678828s compute_avg=3.678828s comm_max=0.000069s comm_avg=0.000069s root_ops=0.002165s overhead_ratio=0.001
Running Generation 110...
*** Completed generation 110 after 404.3344 seconds ***
- Best fitness in generation 110 is 7.92223
-- Overall best fitness is found in generation 50 and is 7.913965
[MPI_TIMING] gen=110 total_max=3.693233s total_avg=3.693233s compute_max=3.690913s compute_avg=3.690913s comm_max=0.000069s comm_avg=0.000069s root_ops=0.002184s overhead_ratio=0.001
Running Generation 111...
*** Completed generation 111 after 408.0193 seconds ***
- Best fitness in generation 111 is 7.923812
-- Overall best fitness is found in generation 50 and is 7.913965
[MPI_TIMING] gen=111 total_max=3.684819s total_avg=3.684819s compute_max=3.682524s compute_avg=3.682524s comm_max=0.000076s comm_avg=0.000076s root_ops=0.002135s overhead_ratio=0.001
Running Generation 112...
*** Completed generation 112 after 411.69006 seconds ***
- Best fitness in generation 112 is 7.923812
-- Overall best fitness is found in generation 50 and is 7.913965
[MPI_TIMING] gen=112 total_max=3.670707s total_avg=3.670707s compute_max=3.668451s compute_avg=3.668451s comm_max=0.000070s comm_avg=0.000070s root_ops=0.002118s overhead_ratio=0.001
Running Generation 113...
*** Completed generation 113 after 415.37442 seconds ***
- Best fitness in generation 113 is 7.9252796
-- Overall best fitness is found in generation 50 and is 7.913965
[MPI_TIMING] gen=113 total_max=3.684404s total_avg=3.684404s compute_max=3.682067s compute_avg=3.682067s comm_max=0.000062s comm_avg=0.000062s root_ops=0.002198s overhead_ratio=0.001
Running Generation 114...
*** Completed generation 114 after 419.0466 seconds ***
- Best fitness in generation 114 is 7.923491
-- Overall best fitness is found in generation 50 and is 7.913965
[MPI_TIMING] gen=114 total_max=3.672109s total_avg=3.672109s compute_max=3.669826s compute_avg=3.669826s comm_max=0.000072s comm_avg=0.000072s root_ops=0.002142s overhead_ratio=0.001
Running Generation 115...
*** Completed generation 115 after 422.72638 seconds ***
- Best fitness in generation 115 is 7.923491
-- Overall best fitness is found in generation 50 and is 7.913965
[MPI_TIMING] gen=115 total_max=3.679799s total_avg=3.679799s compute_max=3.677431s compute_avg=3.677431s comm_max=0.000073s comm_avg=0.000073s root_ops=0.002210s overhead_ratio=0.001
Running Generation 116...
*** Completed generation 116 after 426.3916 seconds ***
- Best fitness in generation 116 is 7.923491
-- Overall best fitness is found in generation 50 and is 7.913965
[MPI_TIMING] gen=116 total_max=3.665165s total_avg=3.665165s compute_max=3.662839s compute_avg=3.662839s comm_max=0.000070s comm_avg=0.000070s root_ops=0.002191s overhead_ratio=0.001
Running Generation 117...
*** Completed generation 117 after 430.073 seconds ***
- Best fitness in generation 117 is 7.923491
-- Overall best fitness is found in generation 50 and is 7.913965
[MPI_TIMING] gen=117 total_max=3.681368s total_avg=3.681368s compute_max=3.679021s compute_avg=3.679021s comm_max=0.000074s comm_avg=0.000074s root_ops=0.002192s overhead_ratio=0.001
Running Generation 118...
*** Completed generation 118 after 433.74023 seconds ***
- Best fitness in generation 118 is 7.923491
-- Overall best fitness is found in generation 50 and is 7.913965
[MPI_TIMING] gen=118 total_max=3.667107s total_avg=3.667107s compute_max=3.664854s compute_avg=3.664854s comm_max=0.000071s comm_avg=0.000071s root_ops=0.002114s overhead_ratio=0.001
Running Generation 119...
*** Completed generation 119 after 437.42386 seconds ***
- Best fitness in generation 119 is 7.923491
-- Overall best fitness is found in generation 50 and is 7.913965
[MPI_TIMING] gen=119 total_max=3.683632s total_avg=3.683632s compute_max=3.681324s compute_avg=3.681324s comm_max=0.000067s comm_avg=0.000067s root_ops=0.002162s overhead_ratio=0.001
Running Generation 120...
*** Completed generation 120 after 441.1203 seconds ***
- Best fitness in generation 120 is 7.923491
-- Overall best fitness is found in generation 50 and is 7.913965
[MPI_TIMING] gen=120 total_max=3.696470s total_avg=3.696470s compute_max=3.694114s compute_avg=3.694114s comm_max=0.000089s comm_avg=0.000089s root_ops=0.002195s overhead_ratio=0.001
Running Generation 121...
*** Completed generation 121 after 444.8028 seconds ***
- Best fitness in generation 121 is 7.923491
-- Overall best fitness is found in generation 50 and is 7.913965
[MPI_TIMING] gen=121 total_max=3.682379s total_avg=3.682379s compute_max=3.680112s compute_avg=3.680112s comm_max=0.000069s comm_avg=0.000069s root_ops=0.002121s overhead_ratio=0.001
Running Generation 122...
*** Completed generation 122 after 448.50195 seconds ***
- Best fitness in generation 122 is 7.9244604
-- Overall best fitness is found in generation 50 and is 7.913965
[MPI_TIMING] gen=122 total_max=3.699168s total_avg=3.699168s compute_max=3.696848s compute_avg=3.696848s comm_max=0.000070s comm_avg=0.000070s root_ops=0.002181s overhead_ratio=0.001
Running Generation 123...
*** Completed generation 123 after 452.1842 seconds ***
- Best fitness in generation 123 is 7.9244604
-- Overall best fitness is found in generation 50 and is 7.913965
[MPI_TIMING] gen=123 total_max=3.682179s total_avg=3.682179s compute_max=3.679875s compute_avg=3.679875s comm_max=0.000073s comm_avg=0.000073s root_ops=0.002147s overhead_ratio=0.001
Running Generation 124...
*** Completed generation 124 after 455.87827 seconds ***
- Best fitness in generation 124 is 7.9244604
-- Overall best fitness is found in generation 50 and is 7.913965
[MPI_TIMING] gen=124 total_max=3.694062s total_avg=3.694062s compute_max=3.691756s compute_avg=3.691756s comm_max=0.000057s comm_avg=0.000057s root_ops=0.002188s overhead_ratio=0.001
Running Generation 125...
*** Completed generation 125 after 459.56186 seconds ***
- Best fitness in generation 125 is 7.9244604
-- Overall best fitness is found in generation 50 and is 7.913965
[MPI_TIMING] gen=125 total_max=3.683584s total_avg=3.683584s compute_max=3.681232s compute_avg=3.681232s comm_max=0.000074s comm_avg=0.000074s root_ops=0.002192s overhead_ratio=0.001
Running Generation 126...
*** Completed generation 126 after 463.2603 seconds ***
- Best fitness in generation 126 is 7.9244604
-- Overall best fitness is found in generation 50 and is 7.913965
[MPI_TIMING] gen=126 total_max=3.698360s total_avg=3.698360s compute_max=3.696089s compute_avg=3.696089s comm_max=0.000068s comm_avg=0.000068s root_ops=0.002135s overhead_ratio=0.001
Running Generation 127...
*** Completed generation 127 after 466.92993 seconds ***
- Best fitness in generation 127 is 7.923584
-- Overall best fitness is found in generation 50 and is 7.913965
[MPI_TIMING] gen=127 total_max=3.669607s total_avg=3.669607s compute_max=3.667285s compute_avg=3.667285s comm_max=0.000072s comm_avg=0.000072s root_ops=0.002171s overhead_ratio=0.001
Running Generation 128...
*** Completed generation 128 after 470.62378 seconds ***
- Best fitness in generation 128 is 7.923584
-- Overall best fitness is found in generation 50 and is 7.913965
[MPI_TIMING] gen=128 total_max=3.693813s total_avg=3.693813s compute_max=3.691507s compute_avg=3.691507s comm_max=0.000070s comm_avg=0.000070s root_ops=0.002168s overhead_ratio=0.001
Running Generation 129...
*** Completed generation 129 after 474.31708 seconds ***
- Best fitness in generation 129 is 7.9226236
-- Overall best fitness is found in generation 50 and is 7.913965
[MPI_TIMING] gen=129 total_max=3.693284s total_avg=3.693284s compute_max=3.690913s compute_avg=3.690913s comm_max=0.000107s comm_avg=0.000107s root_ops=0.002182s overhead_ratio=0.001
Running Generation 130...
*** Completed generation 130 after 478.01303 seconds ***
- Best fitness in generation 130 is 7.9226236
-- Overall best fitness is found in generation 50 and is 7.913965
[MPI_TIMING] gen=130 total_max=3.695875s total_avg=3.695875s compute_max=3.693598s compute_avg=3.693598s comm_max=0.000066s comm_avg=0.000066s root_ops=0.002146s overhead_ratio=0.001
Running Generation 131...
*** Completed generation 131 after 481.6807 seconds ***
- Best fitness in generation 131 is 7.925388
-- Overall best fitness is found in generation 50 and is 7.913965
[MPI_TIMING] gen=131 total_max=3.667657s total_avg=3.667657s compute_max=3.665348s compute_avg=3.665348s comm_max=0.000074s comm_avg=0.000074s root_ops=0.002153s overhead_ratio=0.001
Running Generation 132...
*** Completed generation 132 after 485.3759 seconds ***
- Best fitness in generation 132 is 7.9224887
-- Overall best fitness is found in generation 50 and is 7.913965
[MPI_TIMING] gen=132 total_max=3.695145s total_avg=3.695145s compute_max=3.692840s compute_avg=3.692840s comm_max=0.000079s comm_avg=0.000079s root_ops=0.002159s overhead_ratio=0.001
Running Generation 133...
*** Completed generation 133 after 489.06345 seconds ***
- Best fitness in generation 133 is 7.9224887
-- Overall best fitness is found in generation 50 and is 7.913965
[MPI_TIMING] gen=133 total_max=3.687537s total_avg=3.687537s compute_max=3.685229s compute_avg=3.685229s comm_max=0.000063s comm_avg=0.000063s root_ops=0.002169s overhead_ratio=0.001
Running Generation 134...
*** Completed generation 134 after 492.76025 seconds ***
- Best fitness in generation 134 is 7.9224887
-- Overall best fitness is found in generation 50 and is 7.913965
[MPI_TIMING] gen=134 total_max=3.696749s total_avg=3.696749s compute_max=3.694474s compute_avg=3.694474s comm_max=0.000072s comm_avg=0.000072s root_ops=0.002132s overhead_ratio=0.001
Running Generation 135...
*** Completed generation 135 after 496.42773 seconds ***
- Best fitness in generation 135 is 7.9245973
-- Overall best fitness is found in generation 50 and is 7.913965
[MPI_TIMING] gen=135 total_max=3.667477s total_avg=3.667477s compute_max=3.665160s compute_avg=3.665160s comm_max=0.000064s comm_avg=0.000064s root_ops=0.002176s overhead_ratio=0.001
Running Generation 136...
*** Completed generation 136 after 500.1238 seconds ***
- Best fitness in generation 136 is 7.9245973
-- Overall best fitness is found in generation 50 and is 7.913965
[MPI_TIMING] gen=136 total_max=3.696070s total_avg=3.696070s compute_max=3.693711s compute_avg=3.693711s comm_max=0.000093s comm_avg=0.000093s root_ops=0.002197s overhead_ratio=0.001
Running Generation 137...
*** Completed generation 137 after 503.81805 seconds ***
- Best fitness in generation 137 is 7.9251194
-- Overall best fitness is found in generation 50 and is 7.913965
[MPI_TIMING] gen=137 total_max=3.694115s total_avg=3.694115s compute_max=3.691847s compute_avg=3.691847s comm_max=0.000064s comm_avg=0.000064s root_ops=0.002125s overhead_ratio=0.001
Running Generation 138...
*** Completed generation 138 after 507.51505 seconds ***
- Best fitness in generation 138 is 7.9217744
-- Overall best fitness is found in generation 50 and is 7.913965
[MPI_TIMING] gen=138 total_max=3.697021s total_avg=3.697021s compute_max=3.694706s compute_avg=3.694706s comm_max=0.000074s comm_avg=0.000074s root_ops=0.002173s overhead_ratio=0.001
Running Generation 139...
*** Completed generation 139 after 511.18484 seconds ***
- Best fitness in generation 139 is 7.9217744
-- Overall best fitness is found in generation 50 and is 7.913965
[MPI_TIMING] gen=139 total_max=3.669738s total_avg=3.669738s compute_max=3.667441s compute_avg=3.667441s comm_max=0.000066s comm_avg=0.000066s root_ops=0.002147s overhead_ratio=0.001
Running Generation 140...
*** Completed generation 140 after 514.88104 seconds ***
- Best fitness in generation 140 is 7.9217744
-- Overall best fitness is found in generation 50 and is 7.913965
[MPI_TIMING] gen=140 total_max=3.696114s total_avg=3.696114s compute_max=3.693841s compute_avg=3.693841s comm_max=0.000074s comm_avg=0.000074s root_ops=0.002131s overhead_ratio=0.001
Running Generation 141...
*** Completed generation 141 after 518.57294 seconds ***
- Best fitness in generation 141 is 7.9217744
-- Overall best fitness is found in generation 50 and is 7.913965
[MPI_TIMING] gen=141 total_max=3.691919s total_avg=3.691919s compute_max=3.689616s compute_avg=3.689616s comm_max=0.000071s comm_avg=0.000071s root_ops=0.002151s overhead_ratio=0.001
Running Generation 142...
*** Completed generation 142 after 522.2398 seconds ***
- Best fitness in generation 142 is 7.9217744
-- Overall best fitness is found in generation 50 and is 7.913965
[MPI_TIMING] gen=142 total_max=3.666874s total_avg=3.666874s compute_max=3.664559s compute_avg=3.664559s comm_max=0.000064s comm_avg=0.000064s root_ops=0.002187s overhead_ratio=0.001
Running Generation 143...
*** Completed generation 143 after 525.9094 seconds ***
- Best fitness in generation 143 is 7.9217744
-- Overall best fitness is found in generation 50 and is 7.913965
[MPI_TIMING] gen=143 total_max=3.669498s total_avg=3.669498s compute_max=3.667190s compute_avg=3.667190s comm_max=0.000073s comm_avg=0.000073s root_ops=0.002153s overhead_ratio=0.001
Running Generation 144...
*** Completed generation 144 after 529.6071 seconds ***
- Best fitness in generation 144 is 7.9217744
-- Overall best fitness is found in generation 50 and is 7.913965
[MPI_TIMING] gen=144 total_max=3.697656s total_avg=3.697656s compute_max=3.695399s compute_avg=3.695399s comm_max=0.000067s comm_avg=0.000067s root_ops=0.002124s overhead_ratio=0.001
Running Generation 145...
*** Completed generation 145 after 533.2767 seconds ***
- Best fitness in generation 145 is 7.9217744
-- Overall best fitness is found in generation 50 and is 7.913965
[MPI_TIMING] gen=145 total_max=3.669570s total_avg=3.669570s compute_max=3.667254s compute_avg=3.667254s comm_max=0.000076s comm_avg=0.000076s root_ops=0.002159s overhead_ratio=0.001
Running Generation 146...
*** Completed generation 146 after 536.9525 seconds ***
- Best fitness in generation 146 is 7.9217744
-- Overall best fitness is found in generation 50 and is 7.913965
[MPI_TIMING] gen=146 total_max=3.675779s total_avg=3.675779s compute_max=3.673473s compute_avg=3.673473s comm_max=0.000067s comm_avg=0.000067s root_ops=0.002172s overhead_ratio=0.001
Running Generation 147...
*** Completed generation 147 after 540.64764 seconds ***
- Best fitness in generation 147 is 7.9217744
-- Overall best fitness is found in generation 50 and is 7.913965
[MPI_TIMING] gen=147 total_max=3.695158s total_avg=3.695158s compute_max=3.692820s compute_avg=3.692820s comm_max=0.000071s comm_avg=0.000071s root_ops=0.002184s overhead_ratio=0.001
Running Generation 148...
*** Completed generation 148 after 544.324 seconds ***
- Best fitness in generation 148 is 7.923926
-- Overall best fitness is found in generation 50 and is 7.913965
[MPI_TIMING] gen=148 total_max=3.676240s total_avg=3.676240s compute_max=3.673980s compute_avg=3.673980s comm_max=0.000066s comm_avg=0.000066s root_ops=0.002129s overhead_ratio=0.001
Running Generation 149...
*** Completed generation 149 after 547.991 seconds ***
- Best fitness in generation 149 is 7.923926
-- Overall best fitness is found in generation 50 and is 7.913965
[MPI_TIMING] gen=149 total_max=3.667025s total_avg=3.667025s compute_max=3.664723s compute_avg=3.664723s comm_max=0.000068s comm_avg=0.000068s root_ops=0.002153s overhead_ratio=0.001
Running Generation 150...
*** Completed generation 150 after 551.6669 seconds ***
- Best fitness in generation 150 is 7.9232116
-- Overall best fitness is found in generation 50 and is 7.913965
[MPI_TIMING] gen=150 total_max=3.675843s total_avg=3.675843s compute_max=3.673528s compute_avg=3.673528s comm_max=0.000079s comm_avg=0.000079s root_ops=0.002169s overhead_ratio=0.001
Reached 150 generations, exiting...


- Overall best fitness is 7.913965
- The best individual is:
                generation:	50
                index:		49
                fitness:	7.913965
                string:	0.00000;0.47170;0.00000;0.00000;0.42231;0.68465;0.75582

