Scale config: households=48 horizon=60 individuals=2000 max_generation=150 repetitions=8
Running distributed (MPI) GA exploration...
Running Generation 1...
*** Completed generation 1 after 3.6017559 seconds ***
- Best fitness in generation 1 is 8.914534
-- Overall best fitness is found in generation 1 and is 8.914534
[MPI_TIMING] gen=1 total_max=3.604134s total_avg=3.602976s compute_max=3.598383s compute_avg=3.592932s comm_max=0.014260s comm_avg=0.007742s root_ops=0.004427s overhead_ratio=0.005
Running Generation 2...
*** Completed generation 2 after 7.1944447 seconds ***
- Best fitness in generation 2 is 8.914534
-- Overall best fitness is found in generation 1 and is 8.914534
[MPI_TIMING] gen=2 total_max=3.592630s total_avg=3.592626s compute_max=3.587679s compute_avg=3.587625s comm_max=0.004886s comm_avg=0.002718s root_ops=0.004435s overhead_ratio=0.003
Running Generation 3...
*** Completed generation 3 after 10.78607 seconds ***
- Best fitness in generation 3 is 8.914534
-- Overall best fitness is found in generation 1 and is 8.914534
[MPI_TIMING] gen=3 total_max=3.591536s total_avg=3.591528s compute_max=3.586562s compute_avg=3.580912s comm_max=0.016218s comm_avg=0.008354s root_ops=0.004417s overhead_ratio=0.006
Running Generation 4...
*** Completed generation 4 after 14.385366 seconds ***
- Best fitness in generation 4 is 8.845268
-- Overall best fitness is found in generation 4 and is 8.845268
[MPI_TIMING] gen=4 total_max=3.599194s total_avg=3.599156s compute_max=3.594348s compute_avg=3.586331s comm_max=0.020837s comm_avg=0.010617s root_ops=0.004306s overhead_ratio=0.007
Running Generation 5...
*** Completed generation 5 after 17.979418 seconds ***
- Best fitness in generation 5 is 8.845268
-- Overall best fitness is found in generation 4 and is 8.845268
[MPI_TIMING] gen=5 total_max=3.594277s total_avg=3.594221s compute_max=3.589178s compute_avg=3.587979s comm_max=0.004945s comm_avg=0.003978s root_ops=0.004418s overhead_ratio=0.003
Running Generation 6...
*** Completed generation 6 after 21.579926 seconds ***
- Best fitness in generation 6 is 8.845268
-- Overall best fitness is found in generation 4 and is 8.845268
[MPI_TIMING] gen=6 total_max=3.600383s total_avg=3.600325s compute_max=3.595331s compute_avg=3.595298s comm_max=0.004960s comm_avg=0.002712s root_ops=0.004515s overhead_ratio=0.003
Running Generation 7...
*** Completed generation 7 after 25.18213 seconds ***
- Best fitness in generation 7 is 8.845268
-- Overall best fitness is found in generation 4 and is 8.845268
[MPI_TIMING] gen=7 total_max=3.602097s total_avg=3.602050s compute_max=3.597133s compute_avg=3.595772s comm_max=0.007643s comm_avg=0.004027s root_ops=0.004395s overhead_ratio=0.003
Running Generation 8...
*** Completed generation 8 after 28.791342 seconds ***
- Best fitness in generation 8 is 8.804813
-- Overall best fitness is found in generation 8 and is 8.804813
[MPI_TIMING] gen=8 total_max=3.609376s total_avg=3.609275s compute_max=3.604220s compute_avg=3.594730s comm_max=0.023893s comm_avg=0.012188s root_ops=0.004593s overhead_ratio=0.008
Running Generation 9...
*** Completed generation 9 after 32.401268 seconds ***
- Best fitness in generation 9 is 8.772079
-- Overall best fitness is found in generation 9 and is 8.772079
[MPI_TIMING] gen=9 total_max=3.609796s total_avg=3.609677s compute_max=3.604395s compute_avg=3.596503s comm_max=0.021144s comm_avg=0.010939s root_ops=0.004353s overhead_ratio=0.007
Running Generation 10...
*** Completed generation 10 after 36.01605 seconds ***
- Best fitness in generation 10 is 8.646027
-- Overall best fitness is found in generation 10 and is 8.646027
[MPI_TIMING] gen=10 total_max=3.614719s total_avg=3.614662s compute_max=3.609664s compute_avg=3.600728s comm_max=0.022885s comm_avg=0.011761s root_ops=0.004237s overhead_ratio=0.008
Running Generation 11...
*** Completed generation 11 after 39.62617 seconds ***
- Best fitness in generation 11 is 8.646027
-- Overall best fitness is found in generation 10 and is 8.646027
[MPI_TIMING] gen=11 total_max=3.610202s total_avg=3.610139s compute_max=3.605167s compute_avg=3.600882s comm_max=0.013439s comm_avg=0.007025s root_ops=0.004354s overhead_ratio=0.005
Running Generation 12...
*** Completed generation 12 after 43.243134 seconds ***
- Best fitness in generation 12 is 8.646027
-- Overall best fitness is found in generation 10 and is 8.646027
[MPI_TIMING] gen=12 total_max=3.616879s total_avg=3.616863s compute_max=3.611913s compute_avg=3.609724s comm_max=0.009268s comm_avg=0.004917s root_ops=0.004328s overhead_ratio=0.004
Running Generation 13...
*** Completed generation 13 after 46.860317 seconds ***
- Best fitness in generation 13 is 8.474315
-- Overall best fitness is found in generation 13 and is 8.474315
[MPI_TIMING] gen=13 total_max=3.617154s total_avg=3.617141s compute_max=3.612173s compute_avg=3.605507s comm_max=0.018247s comm_avg=0.009406s root_ops=0.004344s overhead_ratio=0.006
Running Generation 14...
*** Completed generation 14 after 50.48022 seconds ***
- Best fitness in generation 14 is 8.474315
-- Overall best fitness is found in generation 13 and is 8.474315
[MPI_TIMING] gen=14 total_max=3.620001s total_avg=3.619922s compute_max=3.614845s compute_avg=3.607270s comm_max=0.020106s comm_avg=0.010352s root_ops=0.004493s overhead_ratio=0.007
Running Generation 15...
*** Completed generation 15 after 54.103397 seconds ***
- Best fitness in generation 15 is 8.471405
-- Overall best fitness is found in generation 15 and is 8.471405
[MPI_TIMING] gen=15 total_max=3.623064s total_avg=3.622999s compute_max=3.617973s compute_avg=3.611918s comm_max=0.017158s comm_avg=0.008862s root_ops=0.004321s overhead_ratio=0.006
Running Generation 16...
*** Completed generation 16 after 57.74042 seconds ***
- Best fitness in generation 16 is 8.415813
-- Overall best fitness is found in generation 16 and is 8.415813
[MPI_TIMING] gen=16 total_max=3.636965s total_avg=3.636962s compute_max=3.632006s compute_avg=3.625259s comm_max=0.018403s comm_avg=0.009491s root_ops=0.004313s overhead_ratio=0.006
Running Generation 17...
*** Completed generation 17 after 61.375088 seconds ***
- Best fitness in generation 17 is 8.381399
-- Overall best fitness is found in generation 17 and is 8.381399
[MPI_TIMING] gen=17 total_max=3.634678s total_avg=3.634647s compute_max=3.629650s compute_avg=3.619309s comm_max=0.025607s comm_avg=0.013096s root_ops=0.004369s overhead_ratio=0.008
Running Generation 18...
*** Completed generation 18 after 65.00323 seconds ***
- Best fitness in generation 18 is 8.383544
-- Overall best fitness is found in generation 17 and is 8.381399
[MPI_TIMING] gen=18 total_max=3.628066s total_avg=3.628052s compute_max=3.623097s compute_avg=3.619888s comm_max=0.011345s comm_avg=0.005946s root_ops=0.004324s overhead_ratio=0.004
Running Generation 19...
*** Completed generation 19 after 68.64916 seconds ***
- Best fitness in generation 19 is 8.345866
-- Overall best fitness is found in generation 19 and is 8.345866
[MPI_TIMING] gen=19 total_max=3.645975s total_avg=3.645932s compute_max=3.640893s compute_avg=3.626508s comm_max=0.033725s comm_avg=0.017165s root_ops=0.004405s overhead_ratio=0.010
Running Generation 20...
*** Completed generation 20 after 72.28933 seconds ***
- Best fitness in generation 20 is 8.210445
-- Overall best fitness is found in generation 20 and is 8.210445
[MPI_TIMING] gen=20 total_max=3.640065s total_avg=3.640033s compute_max=3.635082s compute_avg=3.622697s comm_max=0.029708s comm_avg=0.015131s root_ops=0.004292s overhead_ratio=0.009
Running Generation 21...
*** Completed generation 21 after 75.940346 seconds ***
- Best fitness in generation 21 is 8.117163
-- Overall best fitness is found in generation 21 and is 8.117163
[MPI_TIMING] gen=21 total_max=3.651012s total_avg=3.650981s compute_max=3.646034s compute_avg=3.627206s comm_max=0.042530s comm_avg=0.021549s root_ops=0.004336s overhead_ratio=0.013
Running Generation 22...
*** Completed generation 22 after 79.58965 seconds ***
- Best fitness in generation 22 is 8.117163
-- Overall best fitness is found in generation 21 and is 8.117163
[MPI_TIMING] gen=22 total_max=3.649260s total_avg=3.649253s compute_max=3.644300s compute_avg=3.626718s comm_max=0.040067s comm_avg=0.020308s root_ops=0.004341s overhead_ratio=0.012
Running Generation 23...
*** Completed generation 23 after 83.23828 seconds ***
- Best fitness in generation 23 is 8.090286
-- Overall best fitness is found in generation 23 and is 8.090286
[MPI_TIMING] gen=23 total_max=3.648578s total_avg=3.648550s compute_max=3.643583s compute_avg=3.633904s comm_max=0.024312s comm_avg=0.012449s root_ops=0.004278s overhead_ratio=0.008
Running Generation 24...
*** Completed generation 24 after 86.894844 seconds ***
- Best fitness in generation 24 is 8.090286
-- Overall best fitness is found in generation 23 and is 8.090286
[MPI_TIMING] gen=24 total_max=3.656515s total_avg=3.656508s compute_max=3.651609s compute_avg=3.638303s comm_max=0.031463s comm_avg=0.016009s root_ops=0.004277s overhead_ratio=0.010
Running Generation 25...
*** Completed generation 25 after 90.562775 seconds ***
- Best fitness in generation 25 is 7.9873686
-- Overall best fitness is found in generation 25 and is 7.9873686
[MPI_TIMING] gen=25 total_max=3.667990s total_avg=3.667930s compute_max=3.662916s compute_avg=3.647691s comm_max=0.035362s comm_avg=0.017994s root_ops=0.004380s overhead_ratio=0.011
Running Generation 26...
*** Completed generation 26 after 94.22949 seconds ***
- Best fitness in generation 26 is 8.034521
-- Overall best fitness is found in generation 25 and is 7.9873686
[MPI_TIMING] gen=26 total_max=3.666642s total_avg=3.666628s compute_max=3.661645s compute_avg=3.643052s comm_max=0.042111s comm_avg=0.021336s root_ops=0.004361s overhead_ratio=0.013
Running Generation 27...
*** Completed generation 27 after 97.900085 seconds ***
- Best fitness in generation 27 is 7.9961405
-- Overall best fitness is found in generation 25 and is 7.9873686
[MPI_TIMING] gen=27 total_max=3.670532s total_avg=3.670490s compute_max=3.665575s compute_avg=3.645241s comm_max=0.045585s comm_avg=0.023064s root_ops=0.004262s overhead_ratio=0.014
Running Generation 28...
*** Completed generation 28 after 101.5722 seconds ***
- Best fitness in generation 28 is 7.9961405
-- Overall best fitness is found in generation 25 and is 7.9873686
[MPI_TIMING] gen=28 total_max=3.672135s total_avg=3.672098s compute_max=3.667165s compute_avg=3.647932s comm_max=0.043319s comm_avg=0.021944s root_ops=0.004326s overhead_ratio=0.013
Running Generation 29...
*** Completed generation 29 after 105.246994 seconds ***
- Best fitness in generation 29 is 7.9961405
-- Overall best fitness is found in generation 25 and is 7.9873686
[MPI_TIMING] gen=29 total_max=3.674756s total_avg=3.674738s compute_max=3.669794s compute_avg=3.651698s comm_max=0.041077s comm_avg=0.020812s root_ops=0.004344s overhead_ratio=0.012
Running Generation 30...
*** Completed generation 30 after 108.92121 seconds ***
- Best fitness in generation 30 is 7.9961405
-- Overall best fitness is found in generation 25 and is 7.9873686
[MPI_TIMING] gen=30 total_max=3.674174s total_avg=3.674166s compute_max=3.669188s compute_avg=3.650342s comm_max=0.042621s comm_avg=0.021595s root_ops=0.004345s overhead_ratio=0.013
Running Generation 31...
*** Completed generation 31 after 112.59955 seconds ***
- Best fitness in generation 31 is 7.959432
-- Overall best fitness is found in generation 31 and is 7.959432
[MPI_TIMING] gen=31 total_max=3.678278s total_avg=3.678246s compute_max=3.673326s compute_avg=3.655223s comm_max=0.041116s comm_avg=0.020833s root_ops=0.004269s overhead_ratio=0.012
Running Generation 32...
*** Completed generation 32 after 116.26343 seconds ***
- Best fitness in generation 32 is 7.9582286
-- Overall best fitness is found in generation 32 and is 7.9582286
[MPI_TIMING] gen=32 total_max=3.664028s total_avg=3.663929s compute_max=3.658871s compute_avg=3.646842s comm_max=0.028973s comm_avg=0.014799s root_ops=0.004468s overhead_ratio=0.009
Running Generation 33...
*** Completed generation 33 after 119.948235 seconds ***
- Best fitness in generation 33 is 7.937589
-- Overall best fitness is found in generation 33 and is 7.937589
[MPI_TIMING] gen=33 total_max=3.684687s total_avg=3.684654s compute_max=3.679624s compute_avg=3.659758s comm_max=0.044752s comm_avg=0.022669s root_ops=0.004343s overhead_ratio=0.013
Running Generation 34...
*** Completed generation 34 after 123.60528 seconds ***
- Best fitness in generation 34 is 7.937589
-- Overall best fitness is found in generation 33 and is 7.937589
[MPI_TIMING] gen=34 total_max=3.656989s total_avg=3.656973s compute_max=3.652016s compute_avg=3.641312s comm_max=0.026340s comm_avg=0.013455s root_ops=0.004296s overhead_ratio=0.008
Running Generation 35...
*** Completed generation 35 after 127.29103 seconds ***
- Best fitness in generation 35 is 7.937589
-- Overall best fitness is found in generation 33 and is 7.937589
[MPI_TIMING] gen=35 total_max=3.685694s total_avg=3.685688s compute_max=3.680764s compute_avg=3.654056s comm_max=0.058293s comm_avg=0.029429s root_ops=0.004295s overhead_ratio=0.017
Running Generation 36...
*** Completed generation 36 after 130.95436 seconds ***
- Best fitness in generation 36 is 7.937589
-- Overall best fitness is found in generation 33 and is 7.937589
[MPI_TIMING] gen=36 total_max=3.663338s total_avg=3.663305s compute_max=3.658354s compute_avg=3.643642s comm_max=0.034299s comm_avg=0.017433s root_ops=0.004351s overhead_ratio=0.011
Running Generation 37...
*** Completed generation 37 after 134.64127 seconds ***
- Best fitness in generation 37 is 7.9362755
-- Overall best fitness is found in generation 37 and is 7.9362755
[MPI_TIMING] gen=37 total_max=3.686846s total_avg=3.686838s compute_max=3.681873s compute_avg=3.657713s comm_max=0.053247s comm_avg=0.026906s root_ops=0.004322s overhead_ratio=0.016
Running Generation 38...
*** Completed generation 38 after 138.29832 seconds ***
- Best fitness in generation 38 is 7.9362755
-- Overall best fitness is found in generation 37 and is 7.9362755
[MPI_TIMING] gen=38 total_max=3.657004s total_avg=3.656989s compute_max=3.652065s compute_avg=3.644600s comm_max=0.019823s comm_avg=0.010193s root_ops=0.004278s overhead_ratio=0.007
Running Generation 39...
*** Completed generation 39 after 141.987 seconds ***
- Best fitness in generation 39 is 7.9362755
-- Overall best fitness is found in generation 37 and is 7.9362755
[MPI_TIMING] gen=39 total_max=3.688653s total_avg=3.688632s compute_max=3.683711s compute_avg=3.662318s comm_max=0.047646s comm_avg=0.024105s root_ops=0.004307s overhead_ratio=0.014
Running Generation 40...
*** Completed generation 40 after 145.65845 seconds ***
- Best fitness in generation 40 is 7.9363227
-- Overall best fitness is found in generation 37 and is 7.9362755
[MPI_TIMING] gen=40 total_max=3.671388s total_avg=3.671383s compute_max=3.666469s compute_avg=3.658288s comm_max=0.021229s comm_avg=0.010888s root_ops=0.004304s overhead_ratio=0.007
Running Generation 41...
*** Completed generation 41 after 149.34479 seconds ***
- Best fitness in generation 41 is 7.9363227
-- Overall best fitness is found in generation 37 and is 7.9362755
[MPI_TIMING] gen=41 total_max=3.686281s total_avg=3.686281s compute_max=3.681344s compute_avg=3.666971s comm_max=0.033641s comm_avg=0.017107s root_ops=0.004290s overhead_ratio=0.010
Running Generation 42...
*** Completed generation 42 after 153.01233 seconds ***
- Best fitness in generation 42 is 7.9363227
-- Overall best fitness is found in generation 37 and is 7.9362755
[MPI_TIMING] gen=42 total_max=3.667610s total_avg=3.667547s compute_max=3.662545s compute_avg=3.651725s comm_max=0.026537s comm_avg=0.013566s root_ops=0.004398s overhead_ratio=0.008
Running Generation 43...
*** Completed generation 43 after 156.69786 seconds ***
- Best fitness in generation 43 is 7.9363227
-- Overall best fitness is found in generation 37 and is 7.9362755
[MPI_TIMING] gen=43 total_max=3.685422s total_avg=3.685417s compute_max=3.680438s compute_avg=3.662720s comm_max=0.040379s comm_avg=0.020473s root_ops=0.004340s overhead_ratio=0.012
Running Generation 44...
*** Completed generation 44 after 160.36818 seconds ***
- Best fitness in generation 44 is 7.9340725
-- Overall best fitness is found in generation 44 and is 7.9340725
[MPI_TIMING] gen=44 total_max=3.670255s total_avg=3.670254s compute_max=3.665300s compute_avg=3.653169s comm_max=0.029174s comm_avg=0.014864s root_ops=0.004327s overhead_ratio=0.009
Running Generation 45...
*** Completed generation 45 after 164.05432 seconds ***
- Best fitness in generation 45 is 7.9340725
-- Overall best fitness is found in generation 44 and is 7.9340725
[MPI_TIMING] gen=45 total_max=3.686088s total_avg=3.686061s compute_max=3.681145s compute_avg=3.653495s comm_max=0.060201s comm_avg=0.030381s root_ops=0.004259s overhead_ratio=0.017
Running Generation 46...
*** Completed generation 46 after 167.72604 seconds ***
- Best fitness in generation 46 is 7.9334545
-- Overall best fitness is found in generation 46 and is 7.9334545
[MPI_TIMING] gen=46 total_max=3.671677s total_avg=3.671670s compute_max=3.666779s compute_avg=3.646679s comm_max=0.045041s comm_avg=0.022803s root_ops=0.004264s overhead_ratio=0.013
Running Generation 47...
*** Completed generation 47 after 171.41394 seconds ***
- Best fitness in generation 47 is 7.9336004
-- Overall best fitness is found in generation 46 and is 7.9334545
[MPI_TIMING] gen=47 total_max=3.687882s total_avg=3.687862s compute_max=3.682964s compute_avg=3.658803s comm_max=0.053159s comm_avg=0.026856s root_ops=0.004295s overhead_ratio=0.016
Running Generation 48...
*** Completed generation 48 after 175.08266 seconds ***
- Best fitness in generation 48 is 7.9336004
-- Overall best fitness is found in generation 46 and is 7.9334545
[MPI_TIMING] gen=48 total_max=3.668714s total_avg=3.668682s compute_max=3.663703s compute_avg=3.645583s comm_max=0.041145s comm_avg=0.020869s root_ops=0.004347s overhead_ratio=0.012
Running Generation 49...
*** Completed generation 49 after 178.76976 seconds ***
- Best fitness in generation 49 is 7.9336004
-- Overall best fitness is found in generation 46 and is 7.9334545
[MPI_TIMING] gen=49 total_max=3.687042s total_avg=3.687026s compute_max=3.682085s compute_avg=3.655017s comm_max=0.059051s comm_avg=0.029800s root_ops=0.004303s overhead_ratio=0.017
Running Generation 50...
*** Completed generation 50 after 182.443 seconds ***
- Best fitness in generation 50 is 7.9265056
-- Overall best fitness is found in generation 50 and is 7.9265056
[MPI_TIMING] gen=50 total_max=3.673229s total_avg=3.673203s compute_max=3.668268s compute_avg=3.647617s comm_max=0.046168s comm_avg=0.023359s root_ops=0.004341s overhead_ratio=0.014
Running Generation 51...
*** Completed generation 51 after 186.13116 seconds ***
- Best fitness in generation 51 is 7.9265056
-- Overall best fitness is found in generation 50 and is 7.9265056
[MPI_TIMING] gen=51 total_max=3.688106s total_avg=3.688073s compute_max=3.683155s compute_avg=3.652742s comm_max=0.065735s comm_avg=0.033143s root_ops=0.004263s overhead_ratio=0.019
Running Generation 52...
*** Completed generation 52 after 189.80737 seconds ***
- Best fitness in generation 52 is 7.9265056
-- Overall best fitness is found in generation 50 and is 7.9265056
[MPI_TIMING] gen=52 total_max=3.676214s total_avg=3.676182s compute_max=3.671256s compute_avg=3.643848s comm_max=0.059668s comm_avg=0.030119s root_ops=0.004316s overhead_ratio=0.017
Running Generation 53...
*** Completed generation 53 after 193.4965 seconds ***
- Best fitness in generation 53 is 7.9257207
-- Overall best fitness is found in generation 53 and is 7.9257207
[MPI_TIMING] gen=53 total_max=3.689070s total_avg=3.689066s compute_max=3.684142s compute_avg=3.653873s comm_max=0.065423s comm_avg=0.032989s root_ops=0.004294s overhead_ratio=0.019
Running Generation 54...
*** Completed generation 54 after 197.17274 seconds ***
- Best fitness in generation 54 is 7.9257207
-- Overall best fitness is found in generation 53 and is 7.9257207
[MPI_TIMING] gen=54 total_max=3.676215s total_avg=3.676194s compute_max=3.671268s compute_avg=3.647162s comm_max=0.053075s comm_avg=0.026817s root_ops=0.004317s overhead_ratio=0.016
Running Generation 55...
*** Completed generation 55 after 200.86526 seconds ***
- Best fitness in generation 55 is 7.930476
-- Overall best fitness is found in generation 53 and is 7.9257207
[MPI_TIMING] gen=55 total_max=3.692531s total_avg=3.692500s compute_max=3.687475s compute_avg=3.658263s comm_max=0.063378s comm_avg=0.032000s root_ops=0.004363s overhead_ratio=0.018
Running Generation 56...
*** Completed generation 56 after 204.5386 seconds ***
- Best fitness in generation 56 is 7.9285893
-- Overall best fitness is found in generation 53 and is 7.9257207
[MPI_TIMING] gen=56 total_max=3.673300s total_avg=3.673267s compute_max=3.668272s compute_avg=3.648244s comm_max=0.044972s comm_avg=0.022775s root_ops=0.004385s overhead_ratio=0.013
Running Generation 57...
*** Completed generation 57 after 208.22726 seconds ***
- Best fitness in generation 57 is 7.9244814
-- Overall best fitness is found in generation 57 and is 7.9244814
[MPI_TIMING] gen=57 total_max=3.688603s total_avg=3.688568s compute_max=3.683581s compute_avg=3.656417s comm_max=0.059308s comm_avg=0.029941s root_ops=0.004305s overhead_ratio=0.017
Running Generation 58...
*** Completed generation 58 after 211.90556 seconds ***
- Best fitness in generation 58 is 7.9244814
-- Overall best fitness is found in generation 57 and is 7.9244814
[MPI_TIMING] gen=58 total_max=3.678255s total_avg=3.678243s compute_max=3.673337s compute_avg=3.652372s comm_max=0.046782s comm_avg=0.023662s root_ops=0.004311s overhead_ratio=0.014
Running Generation 59...
*** Completed generation 59 after 215.59117 seconds ***
- Best fitness in generation 59 is 7.9261193
-- Overall best fitness is found in generation 57 and is 7.9244814
[MPI_TIMING] gen=59 total_max=3.685551s total_avg=3.685539s compute_max=3.680617s compute_avg=3.657845s comm_max=0.050437s comm_avg=0.025497s root_ops=0.004279s overhead_ratio=0.015
Running Generation 60...
*** Completed generation 60 after 219.27922 seconds ***
- Best fitness in generation 60 is 7.9261193
-- Overall best fitness is found in generation 57 and is 7.9244814
[MPI_TIMING] gen=60 total_max=3.687986s total_avg=3.687957s compute_max=3.683097s compute_avg=3.667473s comm_max=0.036094s comm_avg=0.018325s root_ops=0.004204s overhead_ratio=0.011
Running Generation 61...
*** Completed generation 61 after 222.97365 seconds ***
- Best fitness in generation 61 is 7.9261193
-- Overall best fitness is found in generation 57 and is 7.9244814
[MPI_TIMING] gen=61 total_max=3.694437s total_avg=3.694399s compute_max=3.689528s compute_avg=3.665747s comm_max=0.052355s comm_avg=0.026463s root_ops=0.004267s overhead_ratio=0.015
Running Generation 62...
*** Completed generation 62 after 226.6555 seconds ***
- Best fitness in generation 62 is 7.9261193
-- Overall best fitness is found in generation 57 and is 7.9244814
[MPI_TIMING] gen=62 total_max=3.681870s total_avg=3.681839s compute_max=3.676903s compute_avg=3.653535s comm_max=0.051597s comm_avg=0.026087s root_ops=0.004321s overhead_ratio=0.015
Running Generation 63...
*** Completed generation 63 after 230.34586 seconds ***
- Best fitness in generation 63 is 7.9261193
-- Overall best fitness is found in generation 57 and is 7.9244814
[MPI_TIMING] gen=63 total_max=3.690289s total_avg=3.690285s compute_max=3.685364s compute_avg=3.658146s comm_max=0.059319s comm_avg=0.029934s root_ops=0.004297s overhead_ratio=0.017
Running Generation 64...
*** Completed generation 64 after 234.02034 seconds ***
- Best fitness in generation 64 is 7.9261193
-- Overall best fitness is found in generation 57 and is 7.9244814
[MPI_TIMING] gen=64 total_max=3.674442s total_avg=3.674426s compute_max=3.669502s compute_avg=3.644118s comm_max=0.055633s comm_avg=0.028098s root_ops=0.004307s overhead_ratio=0.016
Running Generation 65...
*** Completed generation 65 after 237.71326 seconds ***
- Best fitness in generation 65 is 7.922356
-- Overall best fitness is found in generation 65 and is 7.922356
[MPI_TIMING] gen=65 total_max=3.692874s total_avg=3.692873s compute_max=3.687892s compute_avg=3.655885s comm_max=0.068953s comm_avg=0.034784s root_ops=0.004297s overhead_ratio=0.020
Running Generation 66...
*** Completed generation 66 after 241.39719 seconds ***
- Best fitness in generation 66 is 7.922356
-- Overall best fitness is found in generation 65 and is 7.922356
[MPI_TIMING] gen=66 total_max=3.683940s total_avg=3.683901s compute_max=3.678929s compute_avg=3.649065s comm_max=0.064620s comm_avg=0.032598s root_ops=0.004363s overhead_ratio=0.019
Running Generation 67...
*** Completed generation 67 after 245.09355 seconds ***
- Best fitness in generation 67 is 7.922356
-- Overall best fitness is found in generation 65 and is 7.922356
[MPI_TIMING] gen=67 total_max=3.696300s total_avg=3.696266s compute_max=3.691329s compute_avg=3.655696s comm_max=0.076193s comm_avg=0.038373s root_ops=0.004280s overhead_ratio=0.022
Running Generation 68...
*** Completed generation 68 after 248.77322 seconds ***
- Best fitness in generation 68 is 7.9204407
-- Overall best fitness is found in generation 68 and is 7.9204407
[MPI_TIMING] gen=68 total_max=3.679618s total_avg=3.679617s compute_max=3.674707s compute_avg=3.649983s comm_max=0.054317s comm_avg=0.027446s root_ops=0.004267s overhead_ratio=0.016
Running Generation 69...
*** Completed generation 69 after 252.46988 seconds ***
- Best fitness in generation 69 is 7.9204407
-- Overall best fitness is found in generation 68 and is 7.9204407
[MPI_TIMING] gen=69 total_max=3.696594s total_avg=3.696588s compute_max=3.691709s compute_avg=3.659436s comm_max=0.069388s comm_avg=0.034972s root_ops=0.004245s overhead_ratio=0.020
Running Generation 70...
*** Completed generation 70 after 256.14835 seconds ***
- Best fitness in generation 70 is 7.9256473
-- Overall best fitness is found in generation 68 and is 7.9204407
[MPI_TIMING] gen=70 total_max=3.678556s total_avg=3.678487s compute_max=3.673556s compute_avg=3.649210s comm_max=0.053509s comm_avg=0.027036s root_ops=0.004365s overhead_ratio=0.016
Running Generation 71...
*** Completed generation 71 after 259.84497 seconds ***
- Best fitness in generation 71 is 7.9258175
-- Overall best fitness is found in generation 68 and is 7.9204407
[MPI_TIMING] gen=71 total_max=3.696579s total_avg=3.696569s compute_max=3.691516s compute_avg=3.654983s comm_max=0.078067s comm_avg=0.039344s root_ops=0.004371s overhead_ratio=0.022
Running Generation 72...
*** Completed generation 72 after 263.5222 seconds ***
- Best fitness in generation 72 is 7.924917
-- Overall best fitness is found in generation 68 and is 7.9204407
[MPI_TIMING] gen=72 total_max=3.677110s total_avg=3.677105s compute_max=3.672145s compute_avg=3.649018s comm_max=0.051164s comm_avg=0.025865s root_ops=0.004334s overhead_ratio=0.015
Running Generation 73...
*** Completed generation 73 after 267.2191 seconds ***
- Best fitness in generation 73 is 7.9258175
-- Overall best fitness is found in generation 68 and is 7.9204407
[MPI_TIMING] gen=73 total_max=3.696853s total_avg=3.696826s compute_max=3.691887s compute_avg=3.659056s comm_max=0.070586s comm_avg=0.035580s root_ops=0.004265s overhead_ratio=0.020
Running Generation 74...
*** Completed generation 74 after 270.90384 seconds ***
- Best fitness in generation 74 is 7.9258175
-- Overall best fitness is found in generation 68 and is 7.9204407
[MPI_TIMING] gen=74 total_max=3.684778s total_avg=3.684731s compute_max=3.679809s compute_avg=3.660620s comm_max=0.043211s comm_avg=0.021884s root_ops=0.004342s overhead_ratio=0.013
Running Generation 75...
*** Completed generation 75 after 274.5996 seconds ***
- Best fitness in generation 75 is 7.925362
-- Overall best fitness is found in generation 68 and is 7.9204407
[MPI_TIMING] gen=75 total_max=3.695708s total_avg=3.695661s compute_max=3.690762s compute_avg=3.661926s comm_max=0.062576s comm_avg=0.031561s root_ops=0.004235s overhead_ratio=0.018
Running Generation 76...
*** Completed generation 76 after 278.28406 seconds ***
- Best fitness in generation 76 is 7.923165
-- Overall best fitness is found in generation 68 and is 7.9204407
[MPI_TIMING] gen=76 total_max=3.684526s total_avg=3.684453s compute_max=3.679538s compute_avg=3.653629s comm_max=0.056617s comm_avg=0.028585s root_ops=0.004363s overhead_ratio=0.017
Running Generation 77...
*** Completed generation 77 after 281.98154 seconds ***
- Best fitness in generation 77 is 7.9269447
-- Overall best fitness is found in generation 68 and is 7.9204407
[MPI_TIMING] gen=77 total_max=3.697432s total_avg=3.697385s compute_max=3.692454s compute_avg=3.660096s comm_max=0.069652s comm_avg=0.035102s root_ops=0.004259s overhead_ratio=0.020
Running Generation 78...
*** Completed generation 78 after 285.66013 seconds ***
- Best fitness in generation 78 is 7.9255614
-- Overall best fitness is found in generation 68 and is 7.9204407
[MPI_TIMING] gen=78 total_max=3.678537s total_avg=3.678524s compute_max=3.673648s compute_avg=3.655588s comm_max=0.040942s comm_avg=0.020747s root_ops=0.004274s overhead_ratio=0.012
Running Generation 79...
*** Completed generation 79 after 289.35492 seconds ***
- Best fitness in generation 79 is 7.9255614
-- Overall best fitness is found in generation 68 and is 7.9204407
[MPI_TIMING] gen=79 total_max=3.694758s total_avg=3.694743s compute_max=3.689835s compute_avg=3.654367s comm_max=0.075787s comm_avg=0.038173s root_ops=0.004291s overhead_ratio=0.022
Running Generation 80...
*** Completed generation 80 after 293.03683 seconds ***
- Best fitness in generation 80 is 7.926193
-- Overall best fitness is found in generation 68 and is 7.9204407
[MPI_TIMING] gen=80 total_max=3.681883s total_avg=3.681872s compute_max=3.676970s compute_avg=3.650185s comm_max=0.058420s comm_avg=0.029486s root_ops=0.004294s overhead_ratio=0.017
Running Generation 81...
*** Completed generation 81 after 296.7331 seconds ***
- Best fitness in generation 81 is 7.926193
-- Overall best fitness is found in generation 68 and is 7.9204407
[MPI_TIMING] gen=81 total_max=3.696192s total_avg=3.696165s compute_max=3.691291s compute_avg=3.660978s comm_max=0.065484s comm_avg=0.033017s root_ops=0.004232s overhead_ratio=0.019
Running Generation 82...
*** Completed generation 82 after 300.41635 seconds ***
- Best fitness in generation 82 is 7.9231405
-- Overall best fitness is found in generation 68 and is 7.9204407
[MPI_TIMING] gen=82 total_max=3.683280s total_avg=3.683239s compute_max=3.678326s compute_avg=3.653832s comm_max=0.053817s comm_avg=0.027198s root_ops=0.004302s overhead_ratio=0.016
Running Generation 83...
*** Completed generation 83 after 304.1116 seconds ***
- Best fitness in generation 83 is 7.9231405
-- Overall best fitness is found in generation 68 and is 7.9204407
[MPI_TIMING] gen=83 total_max=3.695243s total_avg=3.695214s compute_max=3.690279s compute_avg=3.661726s comm_max=0.061968s comm_avg=0.031262s root_ops=0.004342s overhead_ratio=0.018
Running Generation 84...
*** Completed generation 84 after 307.79663 seconds ***
- Best fitness in generation 84 is 7.9231405
-- Overall best fitness is found in generation 68 and is 7.9204407
[MPI_TIMING] gen=84 total_max=3.684984s total_avg=3.684963s compute_max=3.680008s compute_avg=3.649615s comm_max=0.065719s comm_avg=0.033148s root_ops=0.004286s overhead_ratio=0.019
Running Generation 85...
*** Completed generation 85 after 311.4911 seconds ***
- Best fitness in generation 85 is 7.922653
-- Overall best fitness is found in generation 68 and is 7.9204407
[MPI_TIMING] gen=85 total_max=3.694374s total_avg=3.694369s compute_max=3.689487s compute_avg=3.653708s comm_max=0.076402s comm_avg=0.038474s root_ops=0.004265s overhead_ratio=0.022
Running Generation 86...
*** Completed generation 86 after 315.1736 seconds ***
- Best fitness in generation 86 is 7.922653
-- Overall best fitness is found in generation 68 and is 7.9204407
[MPI_TIMING] gen=86 total_max=3.682512s total_avg=3.682492s compute_max=3.677582s compute_avg=3.651168s comm_max=0.057674s comm_avg=0.029122s root_ops=0.004287s overhead_ratio=0.017
Running Generation 87...
*** Completed generation 87 after 318.86862 seconds ***
- Best fitness in generation 87 is 7.9255867
-- Overall best fitness is found in generation 68 and is 7.9204407
[MPI_TIMING] gen=87 total_max=3.695062s total_avg=3.695011s compute_max=3.690008s compute_avg=3.657730s comm_max=0.069466s comm_avg=0.035034s root_ops=0.004381s overhead_ratio=0.020
Running Generation 88...
*** Completed generation 88 after 322.54984 seconds ***
- Best fitness in generation 88 is 7.924021
-- Overall best fitness is found in generation 68 and is 7.9204407
[MPI_TIMING] gen=88 total_max=3.681089s total_avg=3.681054s compute_max=3.676129s compute_avg=3.649874s comm_max=0.057425s comm_avg=0.028996s root_ops=0.004252s overhead_ratio=0.017
Running Generation 89...
*** Completed generation 89 after 326.24298 seconds ***
- Best fitness in generation 89 is 7.924021
-- Overall best fitness is found in generation 68 and is 7.9204407
[MPI_TIMING] gen=89 total_max=3.693130s total_avg=3.693113s compute_max=3.688211s compute_avg=3.657256s comm_max=0.066752s comm_avg=0.033665s root_ops=0.004270s overhead_ratio=0.019
Running Generation 90...
*** Completed generation 90 after 329.92902 seconds ***
- Best fitness in generation 90 is 7.924021
-- Overall best fitness is found in generation 68 and is 7.9204407
[MPI_TIMING] gen=90 total_max=3.685982s total_avg=3.685976s compute_max=3.681069s compute_avg=3.655017s comm_max=0.056962s comm_avg=0.028767s root_ops=0.004269s overhead_ratio=0.017
Running Generation 91...
*** Completed generation 91 after 333.62656 seconds ***
- Best fitness in generation 91 is 7.924021
-- Overall best fitness is found in generation 68 and is 7.9204407
[MPI_TIMING] gen=91 total_max=3.697497s total_avg=3.697482s compute_max=3.692575s compute_avg=3.656659s comm_max=0.076681s comm_avg=0.038623s root_ops=0.004288s overhead_ratio=0.022
Running Generation 92...
*** Completed generation 92 after 337.30484 seconds ***
- Best fitness in generation 92 is 7.924021
-- Overall best fitness is found in generation 68 and is 7.9204407
[MPI_TIMING] gen=92 total_max=3.678334s total_avg=3.678284s compute_max=3.673327s compute_avg=3.649010s comm_max=0.053499s comm_avg=0.027029s root_ops=0.004378s overhead_ratio=0.016
Running Generation 93...
*** Completed generation 93 after 341.00446 seconds ***
- Best fitness in generation 93 is 7.9223156
-- Overall best fitness is found in generation 68 and is 7.9204407
[MPI_TIMING] gen=93 total_max=3.699540s total_avg=3.699504s compute_max=3.694531s compute_avg=3.664161s comm_max=0.065701s comm_avg=0.033141s root_ops=0.004286s overhead_ratio=0.019
Running Generation 94...
*** Completed generation 94 after 344.68817 seconds ***
- Best fitness in generation 94 is 7.9223156
-- Overall best fitness is found in generation 68 and is 7.9204407
[MPI_TIMING] gen=94 total_max=3.683665s total_avg=3.683665s compute_max=3.678741s compute_avg=3.653784s comm_max=0.054794s comm_avg=0.027686s root_ops=0.004279s overhead_ratio=0.016
Running Generation 95...
*** Completed generation 95 after 348.3884 seconds ***
- Best fitness in generation 95 is 7.9223156
-- Overall best fitness is found in generation 68 and is 7.9204407
[MPI_TIMING] gen=95 total_max=3.700219s total_avg=3.700202s compute_max=3.695264s compute_avg=3.666871s comm_max=0.061665s comm_avg=0.031123s root_ops=0.004299s overhead_ratio=0.018
Running Generation 96...
*** Completed generation 96 after 352.0765 seconds ***
- Best fitness in generation 96 is 7.922471
-- Overall best fitness is found in generation 68 and is 7.9204407
[MPI_TIMING] gen=96 total_max=3.688054s total_avg=3.688042s compute_max=3.683130s compute_avg=3.662275s comm_max=0.046567s comm_avg=0.023558s root_ops=0.004307s overhead_ratio=0.014
Running Generation 97...
*** Completed generation 97 after 355.77658 seconds ***
- Best fitness in generation 97 is 7.922471
-- Overall best fitness is found in generation 68 and is 7.9204407
[MPI_TIMING] gen=97 total_max=3.700013s total_avg=3.699994s compute_max=3.695074s compute_avg=3.659804s comm_max=0.075437s comm_avg=0.038003s root_ops=0.004262s overhead_ratio=0.022
Running Generation 98...
*** Completed generation 98 after 359.46313 seconds ***
- Best fitness in generation 98 is 7.922471
-- Overall best fitness is found in generation 68 and is 7.9204407
[MPI_TIMING] gen=98 total_max=3.686579s total_avg=3.686536s compute_max=3.681585s compute_avg=3.659476s comm_max=0.049082s comm_avg=0.024833s root_ops=0.004337s overhead_ratio=0.014
Running Generation 99...
*** Completed generation 99 after 363.1575 seconds ***
- Best fitness in generation 99 is 7.922471
-- Overall best fitness is found in generation 68 and is 7.9204407
[MPI_TIMING] gen=99 total_max=3.694295s total_avg=3.694270s compute_max=3.689314s compute_avg=3.663837s comm_max=0.055893s comm_avg=0.028242s root_ops=0.004269s overhead_ratio=0.016
Running Generation 100...
*** Completed generation 100 after 366.84702 seconds ***
- Best fitness in generation 100 is 7.922471
-- Overall best fitness is found in generation 68 and is 7.9204407
[MPI_TIMING] gen=100 total_max=3.689492s total_avg=3.689472s compute_max=3.684534s compute_avg=3.662629s comm_max=0.048686s comm_avg=0.024637s root_ops=0.004301s overhead_ratio=0.014
Running Generation 101...
*** Completed generation 101 after 370.546 seconds ***
- Best fitness in generation 101 is 7.9242544
-- Overall best fitness is found in generation 68 and is 7.9204407
[MPI_TIMING] gen=101 total_max=3.698908s total_avg=3.698891s compute_max=3.693985s compute_avg=3.662200s comm_max=0.068450s comm_avg=0.034508s root_ops=0.004252s overhead_ratio=0.020
Running Generation 102...
*** Completed generation 102 after 374.23737 seconds ***
- Best fitness in generation 102 is 7.9242544
-- Overall best fitness is found in generation 68 and is 7.9204407
[MPI_TIMING] gen=102 total_max=3.691430s total_avg=3.691385s compute_max=3.686454s compute_avg=3.656074s comm_max=0.065597s comm_avg=0.033083s root_ops=0.004331s overhead_ratio=0.019
Running Generation 103...
*** Completed generation 103 after 377.93805 seconds ***
- Best fitness in generation 103 is 7.924072
-- Overall best fitness is found in generation 68 and is 7.9204407
[MPI_TIMING] gen=103 total_max=3.700596s total_avg=3.700570s compute_max=3.695660s compute_avg=3.667965s comm_max=0.060280s comm_avg=0.030417s root_ops=0.004264s overhead_ratio=0.017
Running Generation 104...
*** Completed generation 104 after 381.6273 seconds ***
- Best fitness in generation 104 is 7.924072
-- Overall best fitness is found in generation 68 and is 7.9204407
[MPI_TIMING] gen=104 total_max=3.689329s total_avg=3.689273s compute_max=3.684264s compute_avg=3.661691s comm_max=0.050055s comm_avg=0.025340s root_ops=0.004366s overhead_ratio=0.015
Running Generation 105...
*** Completed generation 105 after 385.32596 seconds ***
- Best fitness in generation 105 is 7.924072
-- Overall best fitness is found in generation 68 and is 7.9204407
[MPI_TIMING] gen=105 total_max=3.698554s total_avg=3.698511s compute_max=3.693585s compute_avg=3.666882s comm_max=0.058330s comm_avg=0.029449s root_ops=0.004244s overhead_ratio=0.017
Running Generation 106...
*** Completed generation 106 after 389.01648 seconds ***
- Best fitness in generation 106 is 7.924072
-- Overall best fitness is found in generation 68 and is 7.9204407
[MPI_TIMING] gen=106 total_max=3.690475s total_avg=3.690465s compute_max=3.685579s compute_avg=3.662016s comm_max=0.051954s comm_avg=0.026263s root_ops=0.004250s overhead_ratio=0.015
Running Generation 107...
*** Completed generation 107 after 392.7134 seconds ***
- Best fitness in generation 107 is 7.924461
-- Overall best fitness is found in generation 68 and is 7.9204407
[MPI_TIMING] gen=107 total_max=3.696894s total_avg=3.696885s compute_max=3.692014s compute_avg=3.661757s comm_max=0.065332s comm_avg=0.032943s root_ops=0.004257s overhead_ratio=0.019
Running Generation 108...
*** Completed generation 108 after 396.40332 seconds ***
- Best fitness in generation 108 is 7.9235682
-- Overall best fitness is found in generation 68 and is 7.9204407
[MPI_TIMING] gen=108 total_max=3.689919s total_avg=3.689887s compute_max=3.684958s compute_avg=3.661085s comm_max=0.052598s comm_avg=0.026590s root_ops=0.004306s overhead_ratio=0.015
Running Generation 109...
*** Completed generation 109 after 400.10315 seconds ***
- Best fitness in generation 109 is 7.923289
-- Overall best fitness is found in generation 68 and is 7.9204407
[MPI_TIMING] gen=109 total_max=3.699774s total_avg=3.699770s compute_max=3.694846s compute_avg=3.665514s comm_max=0.063550s comm_avg=0.032055s root_ops=0.004284s overhead_ratio=0.018
Running Generation 110...
*** Completed generation 110 after 403.79263 seconds ***
- Best fitness in generation 110 is 7.920209
-- Overall best fitness is found in generation 110 and is 7.920209
[MPI_TIMING] gen=110 total_max=3.689430s total_avg=3.689430s compute_max=3.684544s compute_avg=3.660182s comm_max=0.053567s comm_avg=0.027057s root_ops=0.004272s overhead_ratio=0.016
Running Generation 111...
*** Completed generation 111 after 407.49338 seconds ***
- Best fitness in generation 111 is 7.920209
-- Overall best fitness is found in generation 110 and is 7.920209
[MPI_TIMING] gen=111 total_max=3.700751s total_avg=3.700718s compute_max=3.695804s compute_avg=3.665633s comm_max=0.065180s comm_avg=0.032867s root_ops=0.004321s overhead_ratio=0.019
Running Generation 112...
*** Completed generation 112 after 411.18457 seconds ***
- Best fitness in generation 112 is 7.9241242
-- Overall best fitness is found in generation 110 and is 7.920209
[MPI_TIMING] gen=112 total_max=3.691110s total_avg=3.691104s compute_max=3.686170s compute_avg=3.660721s comm_max=0.055794s comm_avg=0.028179s root_ops=0.004293s overhead_ratio=0.016
Running Generation 113...
*** Completed generation 113 after 414.87918 seconds ***
- Best fitness in generation 113 is 7.924117
-- Overall best fitness is found in generation 110 and is 7.920209
[MPI_TIMING] gen=113 total_max=3.694542s total_avg=3.694526s compute_max=3.689624s compute_avg=3.664697s comm_max=0.054730s comm_avg=0.027651s root_ops=0.004249s overhead_ratio=0.016
Running Generation 114...
*** Completed generation 114 after 418.56992 seconds ***
- Best fitness in generation 114 is 7.924117
-- Overall best fitness is found in generation 110 and is 7.920209
[MPI_TIMING] gen=114 total_max=3.690761s total_avg=3.690721s compute_max=3.685741s compute_avg=3.662793s comm_max=0.050792s comm_avg=0.025711s root_ops=0.004320s overhead_ratio=0.015
Running Generation 115...
*** Completed generation 115 after 422.2743 seconds ***
- Best fitness in generation 115 is 7.9221554
-- Overall best fitness is found in generation 110 and is 7.920209
[MPI_TIMING] gen=115 total_max=3.704344s total_avg=3.704332s compute_max=3.699333s compute_avg=3.669966s comm_max=0.063671s comm_avg=0.032137s root_ops=0.004326s overhead_ratio=0.018
Running Generation 116...
*** Completed generation 116 after 425.9681 seconds ***
- Best fitness in generation 116 is 7.9221554
-- Overall best fitness is found in generation 110 and is 7.920209
[MPI_TIMING] gen=116 total_max=3.693735s total_avg=3.693726s compute_max=3.688787s compute_avg=3.664146s comm_max=0.054189s comm_avg=0.027378s root_ops=0.004297s overhead_ratio=0.016
Running Generation 117...
*** Completed generation 117 after 429.66458 seconds ***
- Best fitness in generation 117 is 7.9221554
-- Overall best fitness is found in generation 110 and is 7.920209
[MPI_TIMING] gen=117 total_max=3.696444s total_avg=3.696436s compute_max=3.691524s compute_avg=3.665187s comm_max=0.057553s comm_avg=0.029056s root_ops=0.004271s overhead_ratio=0.017
Running Generation 118...
*** Completed generation 118 after 433.3589 seconds ***
- Best fitness in generation 118 is 7.9221554
-- Overall best fitness is found in generation 110 and is 7.920209
[MPI_TIMING] gen=118 total_max=3.694249s total_avg=3.694235s compute_max=3.689335s compute_avg=3.664271s comm_max=0.054971s comm_avg=0.027767s root_ops=0.004287s overhead_ratio=0.016
Running Generation 119...
*** Completed generation 119 after 437.05698 seconds ***
- Best fitness in generation 119 is 7.9221554
-- Overall best fitness is found in generation 110 and is 7.920209
[MPI_TIMING] gen=119 total_max=3.698052s total_avg=3.698039s compute_max=3.693119s compute_avg=3.667069s comm_max=0.056991s comm_avg=0.028784s root_ops=0.004260s overhead_ratio=0.017
Running Generation 120...
*** Completed generation 120 after 440.75372 seconds ***
- Best fitness in generation 120 is 7.9221554
-- Overall best fitness is found in generation 110 and is 7.920209
[MPI_TIMING] gen=120 total_max=3.696826s total_avg=3.696754s compute_max=3.691755s compute_avg=3.666610s comm_max=0.055167s comm_avg=0.027885s root_ops=0.004392s overhead_ratio=0.016
Running Generation 121...
*** Completed generation 121 after 444.44772 seconds ***
- Best fitness in generation 121 is 7.9233003
-- Overall best fitness is found in generation 110 and is 7.920209
[MPI_TIMING] gen=121 total_max=3.693890s total_avg=3.693850s compute_max=3.688934s compute_avg=3.664624s comm_max=0.053531s comm_avg=0.027039s root_ops=0.004263s overhead_ratio=0.016
Running Generation 122...
*** Completed generation 122 after 448.14127 seconds ***
- Best fitness in generation 122 is 7.9233723
-- Overall best fitness is found in generation 110 and is 7.920209
[MPI_TIMING] gen=122 total_max=3.693593s total_avg=3.693538s compute_max=3.688599s compute_avg=3.661674s comm_max=0.058690s comm_avg=0.029628s root_ops=0.004359s overhead_ratio=0.017
Running Generation 123...
*** Completed generation 123 after 451.83762 seconds ***
- Best fitness in generation 123 is 7.9233723
-- Overall best fitness is found in generation 110 and is 7.920209
[MPI_TIMING] gen=123 total_max=3.696286s total_avg=3.696263s compute_max=3.691328s compute_avg=3.664286s comm_max=0.059001s comm_avg=0.029774s root_ops=0.004296s overhead_ratio=0.017
Running Generation 124...
*** Completed generation 124 after 455.52814 seconds ***
- Best fitness in generation 124 is 7.9238
-- Overall best fitness is found in generation 110 and is 7.920209
[MPI_TIMING] gen=124 total_max=3.690477s total_avg=3.690451s compute_max=3.685558s compute_avg=3.666770s comm_max=0.042452s comm_avg=0.021508s root_ops=0.004235s overhead_ratio=0.013
Running Generation 125...
*** Completed generation 125 after 459.2233 seconds ***
- Best fitness in generation 125 is 7.922436
-- Overall best fitness is found in generation 110 and is 7.920209
[MPI_TIMING] gen=125 total_max=3.695156s total_avg=3.695132s compute_max=3.690267s compute_avg=3.663707s comm_max=0.057919s comm_avg=0.029234s root_ops=0.004270s overhead_ratio=0.017
Running Generation 126...
*** Completed generation 126 after 462.9145 seconds ***
- Best fitness in generation 126 is 7.9191904
-- Overall best fitness is found in generation 126 and is 7.9191904
[MPI_TIMING] gen=126 total_max=3.691162s total_avg=3.691139s compute_max=3.686129s compute_avg=3.650378s comm_max=0.076445s comm_avg=0.038552s root_ops=0.004304s overhead_ratio=0.022
Running Generation 127...
*** Completed generation 127 after 466.60956 seconds ***
- Best fitness in generation 127 is 7.9191904
-- Overall best fitness is found in generation 126 and is 7.9191904
[MPI_TIMING] gen=127 total_max=3.695025s total_avg=3.695015s compute_max=3.690108s compute_avg=3.654023s comm_max=0.077045s comm_avg=0.038802s root_ops=0.004270s overhead_ratio=0.022
Running Generation 128...
*** Completed generation 128 after 470.30316 seconds ***
- Best fitness in generation 128 is 7.9191904
-- Overall best fitness is found in generation 126 and is 7.9191904
[MPI_TIMING] gen=128 total_max=3.693568s total_avg=3.693547s compute_max=3.688634s compute_avg=3.656241s comm_max=0.069637s comm_avg=0.035101s root_ops=0.004299s overhead_ratio=0.020
Running Generation 129...
*** Completed generation 129 after 473.99744 seconds ***
- Best fitness in generation 129 is 7.9191904
-- Overall best fitness is found in generation 126 and is 7.9191904
[MPI_TIMING] gen=129 total_max=3.694207s total_avg=3.694201s compute_max=3.689240s compute_avg=3.663884s comm_max=0.055636s comm_avg=0.028124s root_ops=0.004270s overhead_ratio=0.016
Running Generation 130...
*** Completed generation 130 after 477.69125 seconds ***
- Best fitness in generation 130 is 7.9191904
-- Overall best fitness is found in generation 126 and is 7.9191904
[MPI_TIMING] gen=130 total_max=3.693762s total_avg=3.693762s compute_max=3.688872s compute_avg=3.666224s comm_max=0.050142s comm_avg=0.025353s root_ops=0.004257s overhead_ratio=0.015
Running Generation 131...
*** Completed generation 131 after 481.38638 seconds ***
- Best fitness in generation 131 is 7.9191904
-- Overall best fitness is found in generation 126 and is 7.9191904
[MPI_TIMING] gen=131 total_max=3.695140s total_avg=3.695108s compute_max=3.690211s compute_avg=3.664767s comm_max=0.055710s comm_avg=0.028131s root_ops=0.004309s overhead_ratio=0.016
Running Generation 132...
*** Completed generation 132 after 485.07742 seconds ***
- Best fitness in generation 132 is 7.9191904
-- Overall best fitness is found in generation 126 and is 7.9191904
[MPI_TIMING] gen=132 total_max=3.690973s total_avg=3.690941s compute_max=3.686068s compute_avg=3.663904s comm_max=0.049190s comm_avg=0.024867s root_ops=0.004227s overhead_ratio=0.014
Running Generation 133...
*** Completed generation 133 after 488.77515 seconds ***
- Best fitness in generation 133 is 7.9191904
-- Overall best fitness is found in generation 126 and is 7.9191904
[MPI_TIMING] gen=133 total_max=3.697748s total_avg=3.697702s compute_max=3.692779s compute_avg=3.663630s comm_max=0.063133s comm_avg=0.031859s root_ops=0.004313s overhead_ratio=0.018
Running Generation 134...
*** Completed generation 134 after 492.46414 seconds ***
- Best fitness in generation 134 is 7.9191904
-- Overall best fitness is found in generation 126 and is 7.9191904
[MPI_TIMING] gen=134 total_max=3.688969s total_avg=3.688963s compute_max=3.684032s compute_avg=3.661443s comm_max=0.050059s comm_avg=0.025308s root_ops=0.004313s overhead_ratio=0.015
Running Generation 135...
*** Completed generation 135 after 496.15723 seconds ***
- Best fitness in generation 135 is 7.9191904
-- Overall best fitness is found in generation 126 and is 7.9191904
[MPI_TIMING] gen=135 total_max=3.693036s total_avg=3.693016s compute_max=3.688057s compute_avg=3.664132s comm_max=0.052747s comm_avg=0.026658s root_ops=0.004337s overhead_ratio=0.015
Running Generation 136...
*** Completed generation 136 after 499.85217 seconds ***
- Best fitness in generation 136 is 7.9191904
-- Overall best fitness is found in generation 126 and is 7.9191904
[MPI_TIMING] gen=136 total_max=3.695049s total_avg=3.694980s compute_max=3.689908s compute_avg=3.665133s comm_max=0.054509s comm_avg=0.027557s root_ops=0.004463s overhead_ratio=0.016
Running Generation 137...
*** Completed generation 137 after 503.54538 seconds ***
- Best fitness in generation 137 is 7.9227066
-- Overall best fitness is found in generation 126 and is 7.9191904
[MPI_TIMING] gen=137 total_max=3.693096s total_avg=3.693020s compute_max=3.688067s compute_avg=3.656305s comm_max=0.068509s comm_avg=0.034533s root_ops=0.004258s overhead_ratio=0.020
Running Generation 138...
*** Completed generation 138 after 507.2357 seconds ***
- Best fitness in generation 138 is 7.9227066
-- Overall best fitness is found in generation 126 and is 7.9191904
[MPI_TIMING] gen=138 total_max=3.690292s total_avg=3.690264s compute_max=3.685358s compute_avg=3.659418s comm_max=0.056716s comm_avg=0.028638s root_ops=0.004303s overhead_ratio=0.017
Running Generation 139...
*** Completed generation 139 after 510.92865 seconds ***
- Best fitness in generation 139 is 7.9227066
-- Overall best fitness is found in generation 126 and is 7.9191904
[MPI_TIMING] gen=139 total_max=3.692910s total_avg=3.692900s compute_max=3.687992s compute_avg=3.660330s comm_max=0.060200s comm_avg=0.030380s root_ops=0.004269s overhead_ratio=0.017
Running Generation 140...
*** Completed generation 140 after 514.6198 seconds ***
- Best fitness in generation 140 is 7.9227066
-- Overall best fitness is found in generation 126 and is 7.9191904
[MPI_TIMING] gen=140 total_max=3.691092s total_avg=3.691091s compute_max=3.686180s compute_avg=3.660897s comm_max=0.055435s comm_avg=0.028009s root_ops=0.004259s overhead_ratio=0.016
Running Generation 141...
*** Completed generation 141 after 518.3171 seconds ***
- Best fitness in generation 141 is 7.9218926
-- Overall best fitness is found in generation 126 and is 7.9191904
[MPI_TIMING] gen=141 total_max=3.697223s total_avg=3.697212s compute_max=3.692346s compute_avg=3.668090s comm_max=0.053325s comm_avg=0.026935s root_ops=0.004264s overhead_ratio=0.016
Running Generation 142...
*** Completed generation 142 after 522.00775 seconds ***
- Best fitness in generation 142 is 7.9218926
-- Overall best fitness is found in generation 126 and is 7.9191904
[MPI_TIMING] gen=142 total_max=3.690706s total_avg=3.690662s compute_max=3.685726s compute_avg=3.664967s comm_max=0.046367s comm_avg=0.023469s root_ops=0.004339s overhead_ratio=0.014
Running Generation 143...
*** Completed generation 143 after 525.6956 seconds ***
- Best fitness in generation 143 is 7.9218926
-- Overall best fitness is found in generation 126 and is 7.9191904
[MPI_TIMING] gen=143 total_max=3.687806s total_avg=3.687786s compute_max=3.682880s compute_avg=3.661379s comm_max=0.047885s comm_avg=0.024213s root_ops=0.004279s overhead_ratio=0.014
Running Generation 144...
*** Completed generation 144 after 529.39185 seconds ***
- Best fitness in generation 144 is 7.9218926
-- Overall best fitness is found in generation 126 and is 7.9191904
[MPI_TIMING] gen=144 total_max=3.696200s total_avg=3.696185s compute_max=3.691264s compute_avg=3.659701s comm_max=0.067990s comm_avg=0.034278s root_ops=0.004300s overhead_ratio=0.020
Running Generation 145...
*** Completed generation 145 after 533.09375 seconds ***
- Best fitness in generation 145 is 7.921191
-- Overall best fitness is found in generation 126 and is 7.9191904
[MPI_TIMING] gen=145 total_max=3.701862s total_avg=3.701855s compute_max=3.696954s compute_avg=3.664007s comm_max=0.070761s comm_avg=0.035658s root_ops=0.004270s overhead_ratio=0.020
Running Generation 146...
*** Completed generation 146 after 536.7911 seconds ***
- Best fitness in generation 146 is 7.9218926
-- Overall best fitness is found in generation 126 and is 7.9191904
[MPI_TIMING] gen=146 total_max=3.697260s total_avg=3.697251s compute_max=3.692361s compute_avg=3.662273s comm_max=0.065014s comm_avg=0.032785s root_ops=0.004275s overhead_ratio=0.019
Running Generation 147...
*** Completed generation 147 after 540.4902 seconds ***
- Best fitness in generation 147 is 7.9221196
-- Overall best fitness is found in generation 126 and is 7.9191904
[MPI_TIMING] gen=147 total_max=3.699090s total_avg=3.699070s compute_max=3.694162s compute_avg=3.665363s comm_max=0.062443s comm_avg=0.031499s root_ops=0.004300s overhead_ratio=0.018
Running Generation 148...
*** Completed generation 148 after 544.18524 seconds ***
- Best fitness in generation 148 is 7.9221196
-- Overall best fitness is found in generation 126 and is 7.9191904
[MPI_TIMING] gen=148 total_max=3.695012s total_avg=3.695003s compute_max=3.690082s compute_avg=3.663839s comm_max=0.057355s comm_avg=0.028957s root_ops=0.004303s overhead_ratio=0.017
Running Generation 149...
*** Completed generation 149 after 547.8844 seconds ***
- Best fitness in generation 149 is 7.9221196
-- Overall best fitness is found in generation 126 and is 7.9191904
[MPI_TIMING] gen=149 total_max=3.699057s total_avg=3.699045s compute_max=3.694114s compute_avg=3.665628s comm_max=0.061871s comm_avg=0.031228s root_ops=0.004261s overhead_ratio=0.018
Running Generation 150...
*** Completed generation 150 after 551.5766 seconds ***
- Best fitness in generation 150 is 7.9242544
-- Overall best fitness is found in generation 126 and is 7.9191904
[MPI_TIMING] gen=150 total_max=3.692220s total_avg=3.692184s compute_max=3.687266s compute_avg=3.664998s comm_max=0.049374s comm_avg=0.024969s root_ops=0.004323s overhead_ratio=0.015
Reached 150 generations, exiting...


- Overall best fitness is 7.9191904
- The best individual is:
                generation:	126
                index:		8
                fitness:	7.9191904
                string:	0.00000;0.45925;0.00000;0.00000;0.42729;0.67106;0.74962

