Scale config: households=48 horizon=60 individuals=256000 max_generation=150 repetitions=8
Running distributed (MPI) GA exploration...
Running Generation 1...
*** Completed generation 1 after 10.004598 seconds ***
- Best fitness in generation 1 is 8.3890915
-- Overall best fitness is found in generation 1 and is 8.3890915
[MPI_TIMING] gen=1 total_max=10.668169s total_avg=10.627452s compute_max=5.673375s compute_avg=4.106252s comm_max=7.122191s comm_avg=6.518548s root_ops=0.661524s overhead_ratio=0.730
Running Generation 2...
*** Completed generation 2 after 19.476303 seconds ***
- Best fitness in generation 2 is 8.3890915
-- Overall best fitness is found in generation 1 and is 8.3890915
[MPI_TIMING] gen=2 total_max=9.472327s total_avg=9.452888s compute_max=5.613201s compute_avg=3.743897s comm_max=5.942799s comm_avg=5.706436s root_ops=0.641139s overhead_ratio=0.695
Running Generation 3...
*** Completed generation 3 after 28.92891 seconds ***
- Best fitness in generation 3 is 8.368456
-- Overall best fitness is found in generation 3 and is 8.368456
[MPI_TIMING] gen=3 total_max=9.452470s total_avg=9.443962s compute_max=5.536047s compute_avg=3.670711s comm_max=5.910065s comm_avg=5.770728s root_ops=0.633744s overhead_ratio=0.692
Running Generation 4...
*** Completed generation 4 after 38.381996 seconds ***
- Best fitness in generation 4 is 8.368456
-- Overall best fitness is found in generation 3 and is 8.368456
[MPI_TIMING] gen=4 total_max=9.454146s total_avg=9.453924s compute_max=5.530585s compute_avg=3.646695s comm_max=5.921628s comm_avg=5.804704s root_ops=0.634873s overhead_ratio=0.694
Running Generation 5...
*** Completed generation 5 after 47.821278 seconds ***
- Best fitness in generation 5 is 8.368456
-- Overall best fitness is found in generation 3 and is 8.368456
[MPI_TIMING] gen=5 total_max=9.439812s total_avg=8.844611s compute_max=5.541956s compute_avg=3.651808s comm_max=5.875585s comm_avg=5.190324s root_ops=0.623111s overhead_ratio=0.688
Running Generation 6...
*** Completed generation 6 after 57.272614 seconds ***
- Best fitness in generation 6 is 8.3558655
-- Overall best fitness is found in generation 6 and is 8.3558655
[MPI_TIMING] gen=6 total_max=10.058415s total_avg=10.012801s compute_max=5.539841s compute_avg=3.655847s comm_max=6.518181s comm_avg=6.354535s root_ops=0.607775s overhead_ratio=0.708
Running Generation 7...
*** Completed generation 7 after 66.65809 seconds ***
- Best fitness in generation 7 is 8.3558655
-- Overall best fitness is found in generation 6 and is 8.3558655
[MPI_TIMING] gen=7 total_max=9.388802s total_avg=9.388434s compute_max=5.541538s compute_avg=3.657610s comm_max=5.843273s comm_avg=5.728391s root_ops=0.611147s overhead_ratio=0.687
Running Generation 8...
*** Completed generation 8 after 76.0592 seconds ***
- Best fitness in generation 8 is 8.3558655
-- Overall best fitness is found in generation 6 and is 8.3558655
[MPI_TIMING] gen=8 total_max=9.401037s total_avg=9.394489s compute_max=5.550178s compute_avg=3.660345s comm_max=5.848096s comm_avg=5.731737s root_ops=0.604302s overhead_ratio=0.686
Running Generation 9...
*** Completed generation 9 after 85.5036 seconds ***
- Best fitness in generation 9 is 8.138418
-- Overall best fitness is found in generation 9 and is 8.138418
[MPI_TIMING] gen=9 total_max=9.449599s total_avg=9.449167s compute_max=5.536794s compute_avg=3.661707s comm_max=5.898219s comm_avg=5.785034s root_ops=0.609534s overhead_ratio=0.689
Running Generation 10...
*** Completed generation 10 after 94.90659 seconds ***
- Best fitness in generation 10 is 8.138418
-- Overall best fitness is found in generation 9 and is 8.138418
[MPI_TIMING] gen=10 total_max=9.402794s total_avg=9.398236s compute_max=5.539279s compute_avg=3.663434s comm_max=5.849305s comm_avg=5.732395s root_ops=0.604741s overhead_ratio=0.686
Running Generation 11...
*** Completed generation 11 after 104.496635 seconds ***
- Best fitness in generation 11 is 8.138418
-- Overall best fitness is found in generation 9 and is 8.138418
[MPI_TIMING] gen=11 total_max=9.606346s total_avg=9.600202s compute_max=5.541888s compute_avg=3.664749s comm_max=6.044522s comm_avg=5.933054s root_ops=0.602345s overhead_ratio=0.692
Running Generation 12...
*** Completed generation 12 after 113.90857 seconds ***
- Best fitness in generation 12 is 8.145268
-- Overall best fitness is found in generation 9 and is 8.138418
[MPI_TIMING] gen=12 total_max=9.399291s total_avg=9.397712s compute_max=5.543114s compute_avg=3.666282s comm_max=5.846909s comm_avg=5.729036s root_ops=0.600962s overhead_ratio=0.686
Running Generation 13...
*** Completed generation 13 after 123.32765 seconds ***
- Best fitness in generation 13 is 8.1423645
-- Overall best fitness is found in generation 9 and is 8.138418
[MPI_TIMING] gen=13 total_max=9.432421s total_avg=9.432204s compute_max=5.545544s compute_avg=3.667003s comm_max=5.874547s comm_avg=5.762801s root_ops=0.602311s overhead_ratio=0.687
Running Generation 14...
*** Completed generation 14 after 132.71515 seconds ***
- Best fitness in generation 14 is 8.1423645
-- Overall best fitness is found in generation 9 and is 8.138418
[MPI_TIMING] gen=14 total_max=9.380578s total_avg=9.380158s compute_max=5.557592s compute_avg=3.668811s comm_max=5.830367s comm_avg=5.708927s root_ops=0.607466s overhead_ratio=0.686
Running Generation 15...
*** Completed generation 15 after 142.128 seconds ***
- Best fitness in generation 15 is 8.1423645
-- Overall best fitness is found in generation 9 and is 8.138418
[MPI_TIMING] gen=15 total_max=9.412809s total_avg=9.409600s compute_max=5.554916s compute_avg=3.670376s comm_max=5.863504s comm_avg=5.736818s root_ops=0.604139s overhead_ratio=0.687
Running Generation 16...
*** Completed generation 16 after 151.57286 seconds ***
- Best fitness in generation 16 is 8.089658
-- Overall best fitness is found in generation 16 and is 8.089658
[MPI_TIMING] gen=16 total_max=9.444729s total_avg=9.443377s compute_max=5.558448s compute_avg=3.671841s comm_max=5.887281s comm_avg=5.769135s root_ops=0.602804s overhead_ratio=0.687
Running Generation 17...
*** Completed generation 17 after 160.9765 seconds ***
- Best fitness in generation 17 is 8.089658
-- Overall best fitness is found in generation 16 and is 8.089658
[MPI_TIMING] gen=17 total_max=9.403614s total_avg=9.401743s compute_max=5.556460s compute_avg=3.673361s comm_max=5.847607s comm_avg=5.725988s root_ops=0.600945s overhead_ratio=0.686
Running Generation 18...
*** Completed generation 18 after 170.38512 seconds ***
- Best fitness in generation 18 is 8.089658
-- Overall best fitness is found in generation 16 and is 8.089658
[MPI_TIMING] gen=18 total_max=9.412231s total_avg=9.411908s compute_max=5.556537s compute_avg=3.674466s comm_max=5.856899s comm_avg=5.735032s root_ops=0.604667s overhead_ratio=0.687
Running Generation 19...
*** Completed generation 19 after 179.8021 seconds ***
- Best fitness in generation 19 is 8.039216
-- Overall best fitness is found in generation 19 and is 8.039216
[MPI_TIMING] gen=19 total_max=9.416881s total_avg=9.412489s compute_max=5.571002s compute_avg=3.675590s comm_max=5.852738s comm_avg=5.734509s root_ops=0.600058s overhead_ratio=0.685
Running Generation 20...
*** Completed generation 20 after 189.23285 seconds ***
- Best fitness in generation 20 is 8.00846
-- Overall best fitness is found in generation 20 and is 8.00846
[MPI_TIMING] gen=20 total_max=9.430664s total_avg=9.428563s compute_max=5.550536s compute_avg=3.676758s comm_max=5.864265s comm_avg=5.749424s root_ops=0.597903s overhead_ratio=0.685
Running Generation 21...
*** Completed generation 21 after 198.65834 seconds ***
- Best fitness in generation 21 is 8.00846
-- Overall best fitness is found in generation 20 and is 8.00846
[MPI_TIMING] gen=21 total_max=9.428151s total_avg=9.427872s compute_max=5.551205s compute_avg=3.677911s comm_max=5.870222s comm_avg=5.747568s root_ops=0.600574s overhead_ratio=0.686
Running Generation 22...
*** Completed generation 22 after 208.06555 seconds ***
- Best fitness in generation 22 is 7.960311
-- Overall best fitness is found in generation 22 and is 7.960311
[MPI_TIMING] gen=22 total_max=9.415138s total_avg=9.414510s compute_max=5.551643s compute_avg=3.680594s comm_max=5.848525s comm_avg=5.731492s root_ops=0.608521s overhead_ratio=0.686
Running Generation 23...
*** Completed generation 23 after 217.51468 seconds ***
- Best fitness in generation 23 is 7.960311
-- Overall best fitness is found in generation 22 and is 7.960311
[MPI_TIMING] gen=23 total_max=9.449062s total_avg=9.441902s compute_max=5.559271s compute_avg=3.683088s comm_max=5.872352s comm_avg=5.756420s root_ops=0.601016s overhead_ratio=0.685
Running Generation 24...
*** Completed generation 24 after 226.94019 seconds ***
- Best fitness in generation 24 is 7.960311
-- Overall best fitness is found in generation 22 and is 7.960311
[MPI_TIMING] gen=24 total_max=9.429404s total_avg=9.429060s compute_max=5.566527s compute_avg=3.685731s comm_max=5.858133s comm_avg=5.740919s root_ops=0.604939s overhead_ratio=0.685
Running Generation 25...
*** Completed generation 25 after 236.3559 seconds ***
- Best fitness in generation 25 is 7.9515014
-- Overall best fitness is found in generation 25 and is 7.9515014
[MPI_TIMING] gen=25 total_max=9.415605s total_avg=9.413266s compute_max=5.568104s compute_avg=3.688076s comm_max=5.844961s comm_avg=5.722789s root_ops=0.602541s overhead_ratio=0.685
Running Generation 26...
*** Completed generation 26 after 245.8057 seconds ***
- Best fitness in generation 26 is 7.937806
-- Overall best fitness is found in generation 26 and is 7.937806
[MPI_TIMING] gen=26 total_max=9.449728s total_avg=9.447059s compute_max=5.573161s compute_avg=3.689723s comm_max=5.876938s comm_avg=5.754946s root_ops=0.599796s overhead_ratio=0.685
Running Generation 27...
*** Completed generation 27 after 255.24738 seconds ***
- Best fitness in generation 27 is 7.937806
-- Overall best fitness is found in generation 26 and is 7.937806
[MPI_TIMING] gen=27 total_max=9.447150s total_avg=9.446717s compute_max=5.583738s compute_avg=3.690012s comm_max=5.870113s comm_avg=5.754294s root_ops=0.605270s overhead_ratio=0.685
Running Generation 28...
*** Completed generation 28 after 264.6816 seconds ***
- Best fitness in generation 28 is 7.937806
-- Overall best fitness is found in generation 26 and is 7.937806
[MPI_TIMING] gen=28 total_max=9.434145s total_avg=9.424666s compute_max=5.565591s compute_avg=3.691642s comm_max=5.838019s comm_avg=5.730652s root_ops=0.595311s overhead_ratio=0.682
Running Generation 29...
*** Completed generation 29 after 274.10944 seconds ***
- Best fitness in generation 29 is 7.9324083
-- Overall best fitness is found in generation 29 and is 7.9324083
[MPI_TIMING] gen=29 total_max=9.434346s total_avg=9.433860s compute_max=5.576569s compute_avg=3.691724s comm_max=5.855925s comm_avg=5.739738s root_ops=0.601915s overhead_ratio=0.685
Running Generation 30...
*** Completed generation 30 after 284.28433 seconds ***
- Best fitness in generation 30 is 7.9324083
-- Overall best fitness is found in generation 29 and is 7.9324083
[MPI_TIMING] gen=30 total_max=10.179443s total_avg=10.171851s compute_max=5.577715s compute_avg=3.700016s comm_max=6.598198s comm_avg=6.469450s root_ops=0.598778s overhead_ratio=0.707
Running Generation 31...
*** Completed generation 31 after 294.30038 seconds ***
- Best fitness in generation 31 is 7.927988
-- Overall best fitness is found in generation 31 and is 7.927988
[MPI_TIMING] gen=31 total_max=10.035631s total_avg=10.023682s compute_max=5.575029s compute_avg=3.708972s comm_max=6.446092s comm_avg=6.312324s root_ops=0.598870s overhead_ratio=0.702
Running Generation 32...
*** Completed generation 32 after 303.7291 seconds ***
- Best fitness in generation 32 is 7.927988
-- Overall best fitness is found in generation 31 and is 7.927988
[MPI_TIMING] gen=32 total_max=9.421206s total_avg=9.420687s compute_max=5.562189s compute_avg=3.695435s comm_max=5.833713s comm_avg=5.722864s root_ops=0.599267s overhead_ratio=0.683
Running Generation 33...
*** Completed generation 33 after 313.14426 seconds ***
- Best fitness in generation 33 is 7.924132
-- Overall best fitness is found in generation 33 and is 7.924132
[MPI_TIMING] gen=33 total_max=9.415165s total_avg=9.410017s compute_max=5.566485s compute_avg=3.690601s comm_max=5.834896s comm_avg=5.717050s root_ops=0.593919s overhead_ratio=0.683
Running Generation 34...
*** Completed generation 34 after 322.56198 seconds ***
- Best fitness in generation 34 is 7.924132
-- Overall best fitness is found in generation 33 and is 7.924132
[MPI_TIMING] gen=34 total_max=9.423011s total_avg=9.422562s compute_max=5.567129s compute_avg=3.691038s comm_max=5.836832s comm_avg=5.729137s root_ops=0.599301s overhead_ratio=0.683
Running Generation 35...
*** Completed generation 35 after 331.9778 seconds ***
- Best fitness in generation 35 is 7.924132
-- Overall best fitness is found in generation 33 and is 7.924132
[MPI_TIMING] gen=35 total_max=9.415798s total_avg=9.410435s compute_max=5.588566s compute_avg=3.690485s comm_max=5.826135s comm_avg=5.717584s root_ops=0.593734s overhead_ratio=0.682
Running Generation 36...
*** Completed generation 36 after 341.38977 seconds ***
- Best fitness in generation 36 is 7.924132
-- Overall best fitness is found in generation 33 and is 7.924132
[MPI_TIMING] gen=36 total_max=9.412094s total_avg=9.411977s compute_max=5.584172s compute_avg=3.691407s comm_max=5.824099s comm_avg=5.718203s root_ops=0.593956s overhead_ratio=0.682
Running Generation 37...
*** Completed generation 37 after 350.7993 seconds ***
- Best fitness in generation 37 is 7.924132
-- Overall best fitness is found in generation 33 and is 7.924132
[MPI_TIMING] gen=37 total_max=9.411475s total_avg=9.411251s compute_max=5.552454s compute_avg=3.690222s comm_max=5.828843s comm_avg=5.718655s root_ops=0.595963s overhead_ratio=0.683
Running Generation 38...
*** Completed generation 38 after 360.21774 seconds ***
- Best fitness in generation 38 is 7.9242287
-- Overall best fitness is found in generation 33 and is 7.924132
[MPI_TIMING] gen=38 total_max=9.418391s total_avg=9.416594s compute_max=5.581041s compute_avg=3.690309s comm_max=5.839874s comm_avg=5.723917s root_ops=0.594132s overhead_ratio=0.683
Running Generation 39...
*** Completed generation 39 after 369.6691 seconds ***
- Best fitness in generation 39 is 7.9227505
-- Overall best fitness is found in generation 39 and is 7.9227505
[MPI_TIMING] gen=39 total_max=9.451787s total_avg=9.451641s compute_max=5.574485s compute_avg=3.691259s comm_max=5.865422s comm_avg=5.758013s root_ops=0.594653s overhead_ratio=0.683
Running Generation 40...
*** Completed generation 40 after 379.08047 seconds ***
- Best fitness in generation 40 is 7.922374
-- Overall best fitness is found in generation 40 and is 7.922374
[MPI_TIMING] gen=40 total_max=9.412527s total_avg=9.412310s compute_max=5.568870s compute_avg=3.691361s comm_max=5.832868s comm_avg=5.718576s root_ops=0.595745s overhead_ratio=0.683
Running Generation 41...
*** Completed generation 41 after 388.5353 seconds ***
- Best fitness in generation 41 is 7.9220204
-- Overall best fitness is found in generation 41 and is 7.9220204
[MPI_TIMING] gen=41 total_max=9.454750s total_avg=9.454365s compute_max=5.566193s compute_avg=3.690736s comm_max=5.873767s comm_avg=5.761257s root_ops=0.595453s overhead_ratio=0.684
Running Generation 42...
*** Completed generation 42 after 397.96695 seconds ***
- Best fitness in generation 42 is 7.919753
-- Overall best fitness is found in generation 42 and is 7.919753
[MPI_TIMING] gen=42 total_max=9.431571s total_avg=9.431053s compute_max=5.568745s compute_avg=3.691950s comm_max=5.851824s comm_avg=5.736733s root_ops=0.594977s overhead_ratio=0.684
Running Generation 43...
*** Completed generation 43 after 407.41797 seconds ***
- Best fitness in generation 43 is 7.913515
-- Overall best fitness is found in generation 43 and is 7.913515
[MPI_TIMING] gen=43 total_max=9.450895s total_avg=9.450778s compute_max=5.563440s compute_avg=3.695964s comm_max=5.870071s comm_avg=5.752443s root_ops=0.594956s overhead_ratio=0.684
Running Generation 44...
*** Completed generation 44 after 416.83435 seconds ***
- Best fitness in generation 44 is 7.913515
-- Overall best fitness is found in generation 43 and is 7.913515
[MPI_TIMING] gen=44 total_max=9.416343s total_avg=9.415920s compute_max=5.568787s compute_avg=3.690470s comm_max=5.837370s comm_avg=5.723082s root_ops=0.594613s overhead_ratio=0.683
Running Generation 45...
*** Completed generation 45 after 426.24155 seconds ***
- Best fitness in generation 45 is 7.913515
-- Overall best fitness is found in generation 43 and is 7.913515
[MPI_TIMING] gen=45 total_max=9.407370s total_avg=9.407251s compute_max=5.579257s compute_avg=3.691207s comm_max=5.834110s comm_avg=5.713675s root_ops=0.594802s overhead_ratio=0.683
Running Generation 46...
*** Completed generation 46 after 435.66193 seconds ***
- Best fitness in generation 46 is 7.913515
-- Overall best fitness is found in generation 43 and is 7.913515
[MPI_TIMING] gen=46 total_max=9.420336s total_avg=9.420204s compute_max=5.567959s compute_avg=3.690208s comm_max=5.844884s comm_avg=5.727626s root_ops=0.594823s overhead_ratio=0.684
Running Generation 47...
*** Completed generation 47 after 445.1125 seconds ***
- Best fitness in generation 47 is 7.914687
-- Overall best fitness is found in generation 43 and is 7.913515
[MPI_TIMING] gen=47 total_max=9.450486s total_avg=9.448616s compute_max=5.575560s compute_avg=3.690223s comm_max=5.863675s comm_avg=5.756031s root_ops=0.592926s overhead_ratio=0.683
Running Generation 48...
*** Completed generation 48 after 454.55743 seconds ***
- Best fitness in generation 48 is 7.918909
-- Overall best fitness is found in generation 43 and is 7.913515
[MPI_TIMING] gen=48 total_max=9.446823s total_avg=9.446572s compute_max=5.567857s compute_avg=3.689821s comm_max=5.865903s comm_avg=5.754381s root_ops=0.594826s overhead_ratio=0.684
Running Generation 49...
*** Completed generation 49 after 463.95038 seconds ***
- Best fitness in generation 49 is 7.918909
-- Overall best fitness is found in generation 43 and is 7.913515
[MPI_TIMING] gen=49 total_max=9.392873s total_avg=9.392754s compute_max=5.576639s compute_avg=3.690675s comm_max=5.807717s comm_avg=5.699709s root_ops=0.594795s overhead_ratio=0.682
Running Generation 50...
*** Completed generation 50 after 473.35123 seconds ***
- Best fitness in generation 50 is 7.918909
-- Overall best fitness is found in generation 43 and is 7.913515
[MPI_TIMING] gen=50 total_max=9.401064s total_avg=9.400919s compute_max=5.564106s compute_avg=3.690124s comm_max=5.820443s comm_avg=5.708424s root_ops=0.595042s overhead_ratio=0.682
Running Generation 51...
*** Completed generation 51 after 482.7523 seconds ***
- Best fitness in generation 51 is 7.918909
-- Overall best fitness is found in generation 43 and is 7.913515
[MPI_TIMING] gen=51 total_max=9.401020s total_avg=9.399840s compute_max=5.564166s compute_avg=3.690570s comm_max=5.820780s comm_avg=5.706904s root_ops=0.593877s overhead_ratio=0.682
Running Generation 52...
*** Completed generation 52 after 492.15604 seconds ***
- Best fitness in generation 52 is 7.918909
-- Overall best fitness is found in generation 43 and is 7.913515
[MPI_TIMING] gen=52 total_max=9.404963s total_avg=9.404748s compute_max=5.568246s compute_avg=3.690366s comm_max=5.824851s comm_avg=5.712011s root_ops=0.595142s overhead_ratio=0.683
Running Generation 53...
*** Completed generation 53 after 501.58685 seconds ***
- Best fitness in generation 53 is 7.918264
-- Overall best fitness is found in generation 43 and is 7.913515
[MPI_TIMING] gen=53 total_max=9.432450s total_avg=9.432229s compute_max=5.565122s compute_avg=3.690702s comm_max=5.856468s comm_avg=5.739149s root_ops=0.596785s overhead_ratio=0.684
Running Generation 54...
*** Completed generation 54 after 511.03036 seconds ***
- Best fitness in generation 54 is 7.918264
-- Overall best fitness is found in generation 43 and is 7.913515
[MPI_TIMING] gen=54 total_max=9.443405s total_avg=9.441199s compute_max=5.567587s compute_avg=3.690406s comm_max=5.862666s comm_avg=5.748425s root_ops=0.594589s overhead_ratio=0.684
Running Generation 55...
*** Completed generation 55 after 520.4296 seconds ***
- Best fitness in generation 55 is 7.916375
-- Overall best fitness is found in generation 43 and is 7.913515
[MPI_TIMING] gen=55 total_max=9.399245s total_avg=9.398610s compute_max=5.557614s compute_avg=3.690178s comm_max=5.817558s comm_avg=5.706065s root_ops=0.593990s overhead_ratio=0.682
Running Generation 56...
*** Completed generation 56 after 529.8829 seconds ***
- Best fitness in generation 56 is 7.916375
-- Overall best fitness is found in generation 43 and is 7.913515
[MPI_TIMING] gen=56 total_max=9.458831s total_avg=9.458377s compute_max=5.566737s compute_avg=3.690286s comm_max=5.881717s comm_avg=5.765702s root_ops=0.599687s overhead_ratio=0.685
Running Generation 57...
*** Completed generation 57 after 539.3368 seconds ***
- Best fitness in generation 57 is 7.919738
-- Overall best fitness is found in generation 43 and is 7.913515
[MPI_TIMING] gen=57 total_max=9.453848s total_avg=9.447839s compute_max=5.568283s compute_avg=3.690724s comm_max=5.867427s comm_avg=5.754752s root_ops=0.593401s overhead_ratio=0.683
Running Generation 58...
*** Completed generation 58 after 548.6866 seconds ***
- Best fitness in generation 58 is 7.919738
-- Overall best fitness is found in generation 43 and is 7.913515
[MPI_TIMING] gen=58 total_max=9.350238s total_avg=9.350089s compute_max=5.576218s compute_avg=3.690740s comm_max=5.777865s comm_avg=5.656983s root_ops=0.593892s overhead_ratio=0.681
Running Generation 59...
*** Completed generation 59 after 558.11273 seconds ***
- Best fitness in generation 59 is 7.916112
-- Overall best fitness is found in generation 43 and is 7.913515
[MPI_TIMING] gen=59 total_max=9.431995s total_avg=9.431519s compute_max=5.572393s compute_avg=3.690499s comm_max=5.855421s comm_avg=5.738631s root_ops=0.599745s overhead_ratio=0.684
Running Generation 60...
*** Completed generation 60 after 567.5727 seconds ***
- Best fitness in generation 60 is 7.916112
-- Overall best fitness is found in generation 43 and is 7.913515
[MPI_TIMING] gen=60 total_max=9.459967s total_avg=9.459061s compute_max=5.567073s compute_avg=3.691119s comm_max=5.882811s comm_avg=5.765555s root_ops=0.598896s overhead_ratio=0.685
Running Generation 61...
*** Completed generation 61 after 576.9796 seconds ***
- Best fitness in generation 61 is 7.916112
-- Overall best fitness is found in generation 43 and is 7.913515
[MPI_TIMING] gen=61 total_max=9.406758s total_avg=9.401408s compute_max=5.569122s compute_avg=3.690677s comm_max=5.827637s comm_avg=5.708368s root_ops=0.593328s overhead_ratio=0.683
Running Generation 62...
*** Completed generation 62 after 586.447 seconds ***
- Best fitness in generation 62 is 7.916112
-- Overall best fitness is found in generation 43 and is 7.913515
[MPI_TIMING] gen=62 total_max=9.468186s total_avg=9.468041s compute_max=5.571167s compute_avg=3.690238s comm_max=5.895310s comm_avg=5.775436s root_ops=0.594139s overhead_ratio=0.685
Running Generation 63...
*** Completed generation 63 after 595.89465 seconds ***
- Best fitness in generation 63 is 7.915863
-- Overall best fitness is found in generation 43 and is 7.913515
[MPI_TIMING] gen=63 total_max=9.449122s total_avg=9.448929s compute_max=5.563431s compute_avg=3.690561s comm_max=5.870284s comm_avg=5.755996s root_ops=0.595691s overhead_ratio=0.684
Running Generation 64...
*** Completed generation 64 after 605.3076 seconds ***
- Best fitness in generation 64 is 7.915863
-- Overall best fitness is found in generation 43 and is 7.913515
[MPI_TIMING] gen=64 total_max=9.412959s total_avg=9.412851s compute_max=5.561791s compute_avg=3.690313s comm_max=5.834882s comm_avg=5.720165s root_ops=0.595777s overhead_ratio=0.683
Running Generation 65...
*** Completed generation 65 after 614.753 seconds ***
- Best fitness in generation 65 is 7.915863
-- Overall best fitness is found in generation 43 and is 7.913515
[MPI_TIMING] gen=65 total_max=9.449197s total_avg=9.448846s compute_max=5.560148s compute_avg=3.689865s comm_max=5.873202s comm_avg=5.756593s root_ops=0.599528s overhead_ratio=0.685
Running Generation 66...
*** Completed generation 66 after 624.1578 seconds ***
- Best fitness in generation 66 is 7.915863
-- Overall best fitness is found in generation 43 and is 7.913515
[MPI_TIMING] gen=66 total_max=9.404660s total_avg=9.400075s compute_max=5.566820s compute_avg=3.690333s comm_max=5.822391s comm_avg=5.707372s root_ops=0.594755s overhead_ratio=0.682
Running Generation 67...
*** Completed generation 67 after 633.5506 seconds ***
- Best fitness in generation 67 is 7.915667
-- Overall best fitness is found in generation 43 and is 7.913515
[MPI_TIMING] gen=67 total_max=9.393940s total_avg=9.393729s compute_max=5.559301s compute_avg=3.690273s comm_max=5.816106s comm_avg=5.701082s root_ops=0.595934s overhead_ratio=0.683
Running Generation 68...
*** Completed generation 68 after 642.9372 seconds ***
- Best fitness in generation 68 is 7.915667
-- Overall best fitness is found in generation 43 and is 7.913515
[MPI_TIMING] gen=68 total_max=9.386478s total_avg=9.383504s compute_max=5.570125s compute_avg=3.690605s comm_max=5.811888s comm_avg=5.690537s root_ops=0.592844s overhead_ratio=0.682
Running Generation 69...
*** Completed generation 69 after 652.32745 seconds ***
- Best fitness in generation 69 is 7.915514
-- Overall best fitness is found in generation 43 and is 7.913515
[MPI_TIMING] gen=69 total_max=9.392579s total_avg=9.392324s compute_max=5.566986s compute_avg=3.690145s comm_max=5.820299s comm_avg=5.699808s root_ops=0.595273s overhead_ratio=0.683
Running Generation 70...
*** Completed generation 70 after 661.7047 seconds ***
- Best fitness in generation 70 is 7.9147725
-- Overall best fitness is found in generation 43 and is 7.913515
[MPI_TIMING] gen=70 total_max=9.377237s total_avg=9.376840s compute_max=5.569975s compute_avg=3.690267s comm_max=5.801636s comm_avg=5.684202s root_ops=0.594934s overhead_ratio=0.682
Running Generation 71...
*** Completed generation 71 after 671.09375 seconds ***
- Best fitness in generation 71 is 7.9147725
-- Overall best fitness is found in generation 43 and is 7.913515
[MPI_TIMING] gen=71 total_max=9.388940s total_avg=9.387516s compute_max=5.566006s compute_avg=3.690551s comm_max=5.816691s comm_avg=5.694602s root_ops=0.593492s overhead_ratio=0.683
Running Generation 72...
*** Completed generation 72 after 680.49426 seconds ***
- Best fitness in generation 72 is 7.9147725
-- Overall best fitness is found in generation 43 and is 7.913515
[MPI_TIMING] gen=72 total_max=9.401020s total_avg=9.400864s compute_max=5.554102s compute_avg=3.691322s comm_max=5.824450s comm_avg=5.707175s root_ops=0.594075s overhead_ratio=0.683
Running Generation 73...
*** Completed generation 73 after 689.91223 seconds ***
- Best fitness in generation 73 is 7.9147725
-- Overall best fitness is found in generation 43 and is 7.913515
[MPI_TIMING] gen=73 total_max=9.421656s total_avg=9.421289s compute_max=5.569910s compute_avg=3.690209s comm_max=5.845060s comm_avg=5.728699s root_ops=0.597752s overhead_ratio=0.684
Running Generation 74...
*** Completed generation 74 after 699.30927 seconds ***
- Best fitness in generation 74 is 7.915906
-- Overall best fitness is found in generation 43 and is 7.913515
[MPI_TIMING] gen=74 total_max=9.396890s total_avg=9.395029s compute_max=5.568183s compute_avg=3.689823s comm_max=5.821783s comm_avg=5.702833s root_ops=0.595848s overhead_ratio=0.683
Running Generation 75...
*** Completed generation 75 after 708.70184 seconds ***
- Best fitness in generation 75 is 7.915906
-- Overall best fitness is found in generation 43 and is 7.913515
[MPI_TIMING] gen=75 total_max=9.393346s total_avg=9.393206s compute_max=5.565410s compute_avg=3.689821s comm_max=5.816335s comm_avg=5.701008s root_ops=0.596618s overhead_ratio=0.683
Running Generation 76...
*** Completed generation 76 after 718.11206 seconds ***
- Best fitness in generation 76 is 7.916735
-- Overall best fitness is found in generation 43 and is 7.913515
[MPI_TIMING] gen=76 total_max=9.410117s total_avg=9.408933s compute_max=5.563336s compute_avg=3.690204s comm_max=5.838986s comm_avg=5.716358s root_ops=0.595446s overhead_ratio=0.684
Running Generation 77...
*** Completed generation 77 after 727.562 seconds ***
- Best fitness in generation 77 is 7.915146
-- Overall best fitness is found in generation 43 and is 7.913515
[MPI_TIMING] gen=77 total_max=9.449919s total_avg=9.448862s compute_max=5.567527s compute_avg=3.690555s comm_max=5.873037s comm_avg=5.755939s root_ops=0.594392s overhead_ratio=0.684
Running Generation 78...
*** Completed generation 78 after 737.0154 seconds ***
- Best fitness in generation 78 is 7.9151797
-- Overall best fitness is found in generation 43 and is 7.913515
[MPI_TIMING] gen=78 total_max=9.454874s total_avg=9.454651s compute_max=5.566464s compute_avg=3.690054s comm_max=5.887676s comm_avg=5.762223s root_ops=0.596000s overhead_ratio=0.686
Running Generation 79...
*** Completed generation 79 after 746.40576 seconds ***
- Best fitness in generation 79 is 7.9145045
-- Overall best fitness is found in generation 43 and is 7.913515
[MPI_TIMING] gen=79 total_max=9.390306s total_avg=9.387888s compute_max=5.577176s compute_avg=3.690107s comm_max=5.818478s comm_avg=5.695416s root_ops=0.593517s overhead_ratio=0.683
Running Generation 80...
*** Completed generation 80 after 755.8155 seconds ***
- Best fitness in generation 80 is 7.9145317
-- Overall best fitness is found in generation 43 and is 7.913515
[MPI_TIMING] gen=80 total_max=9.410288s total_avg=9.410144s compute_max=5.569714s compute_avg=3.689370s comm_max=5.838488s comm_avg=5.718408s root_ops=0.594102s overhead_ratio=0.684
Running Generation 81...
*** Completed generation 81 after 765.2368 seconds ***
- Best fitness in generation 81 is 7.9151797
-- Overall best fitness is found in generation 43 and is 7.913515
[MPI_TIMING] gen=81 total_max=9.421149s total_avg=9.420698s compute_max=5.572854s compute_avg=3.689665s comm_max=5.850983s comm_avg=5.728668s root_ops=0.593702s overhead_ratio=0.684
Running Generation 82...
*** Completed generation 82 after 774.6957 seconds ***
- Best fitness in generation 82 is 7.9151797
-- Overall best fitness is found in generation 43 and is 7.913515
[MPI_TIMING] gen=82 total_max=9.460340s total_avg=9.460152s compute_max=5.566548s compute_avg=3.689611s comm_max=5.886827s comm_avg=5.768170s root_ops=0.595208s overhead_ratio=0.685
Running Generation 83...
*** Completed generation 83 after 784.1221 seconds ***
- Best fitness in generation 83 is 7.9151797
-- Overall best fitness is found in generation 43 and is 7.913515
[MPI_TIMING] gen=83 total_max=9.426355s total_avg=9.426141s compute_max=5.558609s compute_avg=3.690756s comm_max=5.853020s comm_avg=5.733015s root_ops=0.595063s overhead_ratio=0.684
Running Generation 84...
*** Completed generation 84 after 793.5908 seconds ***
- Best fitness in generation 84 is 7.915784
-- Overall best fitness is found in generation 43 and is 7.913515
[MPI_TIMING] gen=84 total_max=9.468655s total_avg=9.467026s compute_max=5.559461s compute_avg=3.690687s comm_max=5.895933s comm_avg=5.773974s root_ops=0.593414s overhead_ratio=0.685
Running Generation 85...
*** Completed generation 85 after 803.0457 seconds ***
- Best fitness in generation 85 is 7.915784
-- Overall best fitness is found in generation 43 and is 7.913515
[MPI_TIMING] gen=85 total_max=9.457184s total_avg=9.456897s compute_max=5.562752s compute_avg=3.690908s comm_max=5.881782s comm_avg=5.763615s root_ops=0.595780s overhead_ratio=0.685
Running Generation 86...
*** Completed generation 86 after 812.4477 seconds ***
- Best fitness in generation 86 is 7.9151034
-- Overall best fitness is found in generation 43 and is 7.913515
[MPI_TIMING] gen=86 total_max=9.402185s total_avg=9.402052s compute_max=5.551787s compute_avg=3.690241s comm_max=5.823176s comm_avg=5.709436s root_ops=0.596070s overhead_ratio=0.683
Running Generation 87...
*** Completed generation 87 after 821.8342 seconds ***
- Best fitness in generation 87 is 7.9154143
-- Overall best fitness is found in generation 43 and is 7.913515
[MPI_TIMING] gen=87 total_max=9.386976s total_avg=9.386835s compute_max=5.555883s compute_avg=3.690330s comm_max=5.817004s comm_avg=5.694129s root_ops=0.596568s overhead_ratio=0.683
Running Generation 88...
*** Completed generation 88 after 831.209 seconds ***
- Best fitness in generation 88 is 7.9154143
-- Overall best fitness is found in generation 43 and is 7.913515
[MPI_TIMING] gen=88 total_max=9.376295s total_avg=9.376099s compute_max=5.560199s compute_avg=3.690622s comm_max=5.794936s comm_avg=5.683094s root_ops=0.598116s overhead_ratio=0.682
Running Generation 89...
*** Completed generation 89 after 840.6165 seconds ***
- Best fitness in generation 89 is 7.9154143
-- Overall best fitness is found in generation 43 and is 7.913515
[MPI_TIMING] gen=89 total_max=9.407420s total_avg=9.403463s compute_max=5.575766s compute_avg=3.690131s comm_max=5.823618s comm_avg=5.710966s root_ops=0.594034s overhead_ratio=0.682
Running Generation 90...
*** Completed generation 90 after 850.03625 seconds ***
- Best fitness in generation 90 is 7.9129233
-- Overall best fitness is found in generation 90 and is 7.9129233
[MPI_TIMING] gen=90 total_max=9.419709s total_avg=9.417974s compute_max=5.565520s compute_avg=3.690197s comm_max=5.841140s comm_avg=5.725417s root_ops=0.592280s overhead_ratio=0.683
Running Generation 91...
*** Completed generation 91 after 859.76764 seconds ***
- Best fitness in generation 91 is 7.9129233
-- Overall best fitness is found in generation 90 and is 7.9129233
[MPI_TIMING] gen=91 total_max=9.735965s total_avg=9.730950s compute_max=5.579454s compute_avg=3.693813s comm_max=6.151629s comm_avg=6.034779s root_ops=0.591594s overhead_ratio=0.693
Running Generation 92...
*** Completed generation 92 after 869.4162 seconds ***
- Best fitness in generation 92 is 7.9146075
-- Overall best fitness is found in generation 90 and is 7.9129233
[MPI_TIMING] gen=92 total_max=9.656486s total_avg=9.655700s compute_max=5.561470s compute_avg=3.704728s comm_max=6.070625s comm_avg=5.948605s root_ops=0.594115s overhead_ratio=0.690
Running Generation 93...
*** Completed generation 93 after 878.84717 seconds ***
- Best fitness in generation 93 is 7.9146075
-- Overall best fitness is found in generation 90 and is 7.9129233
[MPI_TIMING] gen=93 total_max=9.428145s total_avg=9.427842s compute_max=5.561735s compute_avg=3.690129s comm_max=5.843432s comm_avg=5.735333s root_ops=0.597242s overhead_ratio=0.683
Running Generation 94...
*** Completed generation 94 after 888.2334 seconds ***
- Best fitness in generation 94 is 7.9146075
-- Overall best fitness is found in generation 90 and is 7.9129233
[MPI_TIMING] gen=94 total_max=9.386184s total_avg=9.381871s compute_max=5.569635s compute_avg=3.697384s comm_max=5.802586s comm_avg=5.682127s root_ops=0.592753s overhead_ratio=0.681
Running Generation 95...
*** Completed generation 95 after 897.6535 seconds ***
- Best fitness in generation 95 is 7.9146075
-- Overall best fitness is found in generation 90 and is 7.9129233
[MPI_TIMING] gen=95 total_max=9.424688s total_avg=9.424309s compute_max=5.577211s compute_avg=3.690490s comm_max=5.844352s comm_avg=5.731441s root_ops=0.597395s overhead_ratio=0.683
Running Generation 96...
*** Completed generation 96 after 907.07086 seconds ***
- Best fitness in generation 96 is 7.9146075
-- Overall best fitness is found in generation 90 and is 7.9129233
[MPI_TIMING] gen=96 total_max=9.417248s total_avg=9.413750s compute_max=5.561966s compute_avg=3.689670s comm_max=5.833441s comm_avg=5.721715s root_ops=0.593767s overhead_ratio=0.682
Running Generation 97...
*** Completed generation 97 after 916.4729 seconds ***
- Best fitness in generation 97 is 7.9146075
-- Overall best fitness is found in generation 90 and is 7.9129233
[MPI_TIMING] gen=97 total_max=9.404241s total_avg=9.403980s compute_max=5.588143s compute_avg=3.689606s comm_max=5.825230s comm_avg=5.712000s root_ops=0.595988s overhead_ratio=0.683
Running Generation 98...
*** Completed generation 98 after 925.87524 seconds ***
- Best fitness in generation 98 is 7.914262
-- Overall best fitness is found in generation 90 and is 7.9129233
[MPI_TIMING] gen=98 total_max=9.402267s total_avg=9.399846s compute_max=5.558431s compute_avg=3.690137s comm_max=5.818353s comm_avg=5.707345s root_ops=0.593483s overhead_ratio=0.682
Running Generation 99...
*** Completed generation 99 after 935.287 seconds ***
- Best fitness in generation 99 is 7.914262
-- Overall best fitness is found in generation 90 and is 7.9129233
[MPI_TIMING] gen=99 total_max=9.412899s total_avg=9.412713s compute_max=5.565450s compute_avg=3.689848s comm_max=5.839001s comm_avg=5.720496s root_ops=0.594771s overhead_ratio=0.684
Running Generation 100...
*** Completed generation 100 after 944.8345 seconds ***
- Best fitness in generation 100 is 7.91652
-- Overall best fitness is found in generation 90 and is 7.9129233
[MPI_TIMING] gen=100 total_max=9.591952s total_avg=9.569274s compute_max=5.558082s compute_avg=3.690174s comm_max=6.002749s comm_avg=5.876729s root_ops=0.595283s overhead_ratio=0.688
Running Generation 101...
*** Completed generation 101 after 954.318 seconds ***
- Best fitness in generation 101 is 7.91652
-- Overall best fitness is found in generation 90 and is 7.9129233
[MPI_TIMING] gen=101 total_max=9.462749s total_avg=9.456948s compute_max=5.574818s compute_avg=3.690908s comm_max=5.867180s comm_avg=5.763686s root_ops=0.590702s overhead_ratio=0.682
Running Generation 102...
*** Completed generation 102 after 964.2166 seconds ***
- Best fitness in generation 102 is 7.91652
-- Overall best fitness is found in generation 90 and is 7.9129233
[MPI_TIMING] gen=102 total_max=9.912998s total_avg=9.909044s compute_max=5.568266s compute_avg=3.699819s comm_max=6.334900s comm_avg=6.206859s root_ops=0.593825s overhead_ratio=0.699
Running Generation 103...
*** Completed generation 103 after 973.644 seconds ***
- Best fitness in generation 103 is 7.9167576
-- Overall best fitness is found in generation 90 and is 7.9129233
[MPI_TIMING] gen=103 total_max=9.419633s total_avg=9.418364s compute_max=5.560291s compute_avg=3.689738s comm_max=5.844172s comm_avg=5.726266s root_ops=0.592683s overhead_ratio=0.683
Running Generation 104...
*** Completed generation 104 after 983.0466 seconds ***
- Best fitness in generation 104 is 7.9167576
-- Overall best fitness is found in generation 90 and is 7.9129233
[MPI_TIMING] gen=104 total_max=9.403818s total_avg=9.403656s compute_max=5.577642s compute_avg=3.689825s comm_max=5.825950s comm_avg=5.711464s root_ops=0.593944s overhead_ratio=0.683
Running Generation 105...
*** Completed generation 105 after 992.4325 seconds ***
- Best fitness in generation 105 is 7.915042
-- Overall best fitness is found in generation 90 and is 7.9129233
[MPI_TIMING] gen=105 total_max=9.385826s total_avg=9.385023s compute_max=5.555830s compute_avg=3.689633s comm_max=5.813463s comm_avg=5.693026s root_ops=0.593211s overhead_ratio=0.683
Running Generation 106...
*** Completed generation 106 after 1001.85754 seconds ***
- Best fitness in generation 106 is 7.915042
-- Overall best fitness is found in generation 90 and is 7.9129233
[MPI_TIMING] gen=106 total_max=9.424925s total_avg=9.424707s compute_max=5.560531s compute_avg=3.689956s comm_max=5.849514s comm_avg=5.732389s root_ops=0.593069s overhead_ratio=0.684
Running Generation 107...
*** Completed generation 107 after 1011.24744 seconds ***
- Best fitness in generation 107 is 7.914436
-- Overall best fitness is found in generation 90 and is 7.9129233
[MPI_TIMING] gen=107 total_max=9.389792s total_avg=9.388084s compute_max=5.573790s compute_avg=3.688839s comm_max=5.813950s comm_avg=5.696890s root_ops=0.591301s overhead_ratio=0.682
Running Generation 108...
*** Completed generation 108 after 1020.6226 seconds ***
- Best fitness in generation 108 is 7.915042
-- Overall best fitness is found in generation 90 and is 7.9129233
[MPI_TIMING] gen=108 total_max=9.377149s total_avg=9.376925s compute_max=5.581435s compute_avg=3.689372s comm_max=5.803950s comm_avg=5.685190s root_ops=0.593281s overhead_ratio=0.682
Running Generation 109...
*** Completed generation 109 after 1030.0618 seconds ***
- Best fitness in generation 109 is 7.915042
-- Overall best fitness is found in generation 90 and is 7.9129233
[MPI_TIMING] gen=109 total_max=9.439151s total_avg=9.439042s compute_max=5.577365s compute_avg=3.689594s comm_max=5.861572s comm_avg=5.747084s root_ops=0.593379s overhead_ratio=0.684
Running Generation 110...
*** Completed generation 110 after 1039.4684 seconds ***
- Best fitness in generation 110 is 7.915717
-- Overall best fitness is found in generation 90 and is 7.9129233
[MPI_TIMING] gen=110 total_max=9.406629s total_avg=9.404661s compute_max=5.569162s compute_avg=3.689426s comm_max=5.834107s comm_avg=5.712880s root_ops=0.591367s overhead_ratio=0.683
Running Generation 111...
*** Completed generation 111 after 1048.8809 seconds ***
- Best fitness in generation 111 is 7.915792
-- Overall best fitness is found in generation 90 and is 7.9129233
[MPI_TIMING] gen=111 total_max=9.413645s total_avg=9.413463s compute_max=5.570177s compute_avg=3.689642s comm_max=5.837024s comm_avg=5.721460s root_ops=0.592754s overhead_ratio=0.683
Running Generation 112...
*** Completed generation 112 after 1058.3298 seconds ***
- Best fitness in generation 112 is 7.915792
-- Overall best fitness is found in generation 90 and is 7.9129233
[MPI_TIMING] gen=112 total_max=9.452106s total_avg=9.451812s compute_max=5.573520s compute_avg=3.689364s comm_max=5.877139s comm_avg=5.760075s root_ops=0.595850s overhead_ratio=0.685
Running Generation 113...
*** Completed generation 113 after 1067.7333 seconds ***
- Best fitness in generation 113 is 7.9142957
-- Overall best fitness is found in generation 90 and is 7.9129233
[MPI_TIMING] gen=113 total_max=9.403301s total_avg=9.403145s compute_max=5.564939s compute_avg=3.689167s comm_max=5.829751s comm_avg=5.711606s root_ops=0.595754s overhead_ratio=0.683
Running Generation 114...
*** Completed generation 114 after 1077.1241 seconds ***
- Best fitness in generation 114 is 7.915792
-- Overall best fitness is found in generation 90 and is 7.9129233
[MPI_TIMING] gen=114 total_max=9.390798s total_avg=9.388628s compute_max=5.560759s compute_avg=3.689205s comm_max=5.810216s comm_avg=5.697060s root_ops=0.593519s overhead_ratio=0.682
Running Generation 115...
*** Completed generation 115 after 1086.5537 seconds ***
- Best fitness in generation 115 is 7.915792
-- Overall best fitness is found in generation 90 and is 7.9129233
[MPI_TIMING] gen=115 total_max=9.429445s total_avg=9.428303s compute_max=5.565491s compute_avg=3.688943s comm_max=5.854114s comm_avg=5.737000s root_ops=0.592409s overhead_ratio=0.684
Running Generation 116...
*** Completed generation 116 after 1095.9441 seconds ***
- Best fitness in generation 116 is 7.9157376
-- Overall best fitness is found in generation 90 and is 7.9129233
[MPI_TIMING] gen=116 total_max=9.391082s total_avg=9.390920s compute_max=5.557842s compute_avg=3.689516s comm_max=5.817022s comm_avg=5.699042s root_ops=0.593097s overhead_ratio=0.683
Running Generation 117...
*** Completed generation 117 after 1105.3464 seconds ***
- Best fitness in generation 117 is 7.9157376
-- Overall best fitness is found in generation 90 and is 7.9129233
[MPI_TIMING] gen=117 total_max=9.402439s total_avg=9.402306s compute_max=5.563106s compute_avg=3.689221s comm_max=5.827700s comm_avg=5.710722s root_ops=0.593313s overhead_ratio=0.683
Running Generation 118...
*** Completed generation 118 after 1114.788 seconds ***
- Best fitness in generation 118 is 7.9157376
-- Overall best fitness is found in generation 90 and is 7.9129233
[MPI_TIMING] gen=118 total_max=9.441576s total_avg=9.441441s compute_max=5.556402s compute_avg=3.689785s comm_max=5.866575s comm_avg=5.749292s root_ops=0.593416s overhead_ratio=0.684
Running Generation 119...
*** Completed generation 119 after 1124.178 seconds ***
- Best fitness in generation 119 is 7.9157376
-- Overall best fitness is found in generation 90 and is 7.9129233
[MPI_TIMING] gen=119 total_max=9.389957s total_avg=9.389795s compute_max=5.551136s compute_avg=3.689361s comm_max=5.815643s comm_avg=5.698071s root_ops=0.593332s overhead_ratio=0.683
Running Generation 120...
*** Completed generation 120 after 1133.5818 seconds ***
- Best fitness in generation 120 is 7.9157376
-- Overall best fitness is found in generation 90 and is 7.9129233
[MPI_TIMING] gen=120 total_max=9.405966s total_avg=9.405722s compute_max=5.566450s compute_avg=3.689826s comm_max=5.824089s comm_avg=5.713525s root_ops=0.595505s overhead_ratio=0.683
Running Generation 121...
*** Completed generation 121 after 1143.0177 seconds ***
- Best fitness in generation 121 is 7.9157376
-- Overall best fitness is found in generation 90 and is 7.9129233
[MPI_TIMING] gen=121 total_max=9.436862s total_avg=9.436701s compute_max=5.565406s compute_avg=3.689199s comm_max=5.859643s comm_avg=5.745127s root_ops=0.596498s overhead_ratio=0.684
Running Generation 122...
*** Completed generation 122 after 1152.4359 seconds ***
- Best fitness in generation 122 is 7.9157376
-- Overall best fitness is found in generation 90 and is 7.9129233
[MPI_TIMING] gen=122 total_max=9.418056s total_avg=9.413466s compute_max=5.564762s compute_avg=3.689667s comm_max=5.832936s comm_avg=5.721442s root_ops=0.591685s overhead_ratio=0.682
Running Generation 123...
*** Completed generation 123 after 1161.8304 seconds ***
- Best fitness in generation 123 is 7.915792
-- Overall best fitness is found in generation 90 and is 7.9129233
[MPI_TIMING] gen=123 total_max=9.398154s total_avg=9.397807s compute_max=5.552867s compute_avg=3.689637s comm_max=5.818693s comm_avg=5.705799s root_ops=0.595278s overhead_ratio=0.682
Running Generation 124...
*** Completed generation 124 after 1171.2736 seconds ***
- Best fitness in generation 124 is 7.915792
-- Overall best fitness is found in generation 90 and is 7.9129233
[MPI_TIMING] gen=124 total_max=9.443016s total_avg=9.440253s compute_max=5.555058s compute_avg=3.689210s comm_max=5.864838s comm_avg=5.748683s root_ops=0.592472s overhead_ratio=0.684
Running Generation 125...
*** Completed generation 125 after 1180.7201 seconds ***
- Best fitness in generation 125 is 7.915792
-- Overall best fitness is found in generation 90 and is 7.9129233
[MPI_TIMING] gen=125 total_max=9.447091s total_avg=9.446925s compute_max=5.558776s compute_avg=3.689487s comm_max=5.865487s comm_avg=5.755076s root_ops=0.593133s overhead_ratio=0.684
Running Generation 126...
*** Completed generation 126 after 1190.1373 seconds ***
- Best fitness in generation 126 is 7.913452
-- Overall best fitness is found in generation 90 and is 7.9129233
[MPI_TIMING] gen=126 total_max=9.423468s total_avg=9.422997s compute_max=5.563203s compute_avg=3.689561s comm_max=5.843496s comm_avg=5.731049s root_ops=0.599308s overhead_ratio=0.684
Running Generation 127...
*** Completed generation 127 after 1199.5396 seconds ***
- Best fitness in generation 127 is 7.915792
-- Overall best fitness is found in generation 90 and is 7.9129233
[MPI_TIMING] gen=127 total_max=9.402165s total_avg=9.397810s compute_max=5.572232s compute_avg=3.698785s comm_max=5.815702s comm_avg=5.696656s root_ops=0.594811s overhead_ratio=0.682
Running Generation 128...
*** Completed generation 128 after 1208.9873 seconds ***
- Best fitness in generation 128 is 7.9142003
-- Overall best fitness is found in generation 90 and is 7.9129233
[MPI_TIMING] gen=128 total_max=9.447656s total_avg=9.444655s compute_max=5.573006s compute_avg=3.688321s comm_max=5.863722s comm_avg=5.753978s root_ops=0.591683s overhead_ratio=0.683
Running Generation 129...
*** Completed generation 129 after 1218.4375 seconds ***
- Best fitness in generation 129 is 7.9174724
-- Overall best fitness is found in generation 90 and is 7.9129233
[MPI_TIMING] gen=129 total_max=9.452661s total_avg=9.452407s compute_max=5.573002s compute_avg=3.689094s comm_max=5.877855s comm_avg=5.760947s root_ops=0.593972s overhead_ratio=0.685
Running Generation 130...
*** Completed generation 130 after 1227.8395 seconds ***
- Best fitness in generation 130 is 7.9174724
-- Overall best fitness is found in generation 90 and is 7.9129233
[MPI_TIMING] gen=130 total_max=9.401657s total_avg=9.400945s compute_max=5.561873s compute_avg=3.689169s comm_max=5.819586s comm_avg=5.709413s root_ops=0.593294s overhead_ratio=0.682
Running Generation 131...
*** Completed generation 131 after 1237.2686 seconds ***
- Best fitness in generation 131 is 7.9174724
-- Overall best fitness is found in generation 90 and is 7.9129233
[MPI_TIMING] gen=131 total_max=9.428960s total_avg=9.428250s compute_max=5.570641s compute_avg=3.688938s comm_max=5.849429s comm_avg=5.736951s root_ops=0.592643s overhead_ratio=0.683
Running Generation 132...
*** Completed generation 132 after 1246.7222 seconds ***
- Best fitness in generation 132 is 7.9201717
-- Overall best fitness is found in generation 90 and is 7.9129233
[MPI_TIMING] gen=132 total_max=9.455182s total_avg=9.454995s compute_max=5.567439s compute_avg=3.689075s comm_max=5.876757s comm_avg=5.763553s root_ops=0.594307s overhead_ratio=0.684
Running Generation 133...
*** Completed generation 133 after 1256.1626 seconds ***
- Best fitness in generation 133 is 7.9201717
-- Overall best fitness is found in generation 90 and is 7.9129233
[MPI_TIMING] gen=133 total_max=9.440350s total_avg=9.438436s compute_max=5.557961s compute_avg=3.688719s comm_max=5.859515s comm_avg=5.747357s root_ops=0.592374s overhead_ratio=0.683
Running Generation 134...
*** Completed generation 134 after 1265.5814 seconds ***
- Best fitness in generation 134 is 7.920535
-- Overall best fitness is found in generation 90 and is 7.9129233
[MPI_TIMING] gen=134 total_max=9.418771s total_avg=9.417530s compute_max=5.564401s compute_avg=3.688793s comm_max=5.838177s comm_avg=5.726382s root_ops=0.591138s overhead_ratio=0.683
Running Generation 135...
*** Completed generation 135 after 1274.9744 seconds ***
- Best fitness in generation 135 is 7.9166145
-- Overall best fitness is found in generation 90 and is 7.9129233
[MPI_TIMING] gen=135 total_max=9.398277s total_avg=9.397844s compute_max=5.569552s compute_avg=3.688381s comm_max=5.822727s comm_avg=5.707087s root_ops=0.596490s overhead_ratio=0.683
Running Generation 136...
*** Completed generation 136 after 1284.4033 seconds ***
- Best fitness in generation 136 is 7.9166145
-- Overall best fitness is found in generation 90 and is 7.9129233
[MPI_TIMING] gen=136 total_max=9.428845s total_avg=9.425727s compute_max=5.559764s compute_avg=3.689307s comm_max=5.845576s comm_avg=5.734056s root_ops=0.593240s overhead_ratio=0.683
Running Generation 137...
*** Completed generation 137 after 1293.8425 seconds ***
- Best fitness in generation 137 is 7.9166145
-- Overall best fitness is found in generation 90 and is 7.9129233
[MPI_TIMING] gen=137 total_max=9.439106s total_avg=9.438828s compute_max=5.555763s compute_avg=3.688539s comm_max=5.859574s comm_avg=5.747928s root_ops=0.593072s overhead_ratio=0.684
Running Generation 138...
*** Completed generation 138 after 1303.2423 seconds ***
- Best fitness in generation 138 is 7.9179153
-- Overall best fitness is found in generation 90 and is 7.9129233
[MPI_TIMING] gen=138 total_max=9.400444s total_avg=9.400304s compute_max=5.566976s compute_avg=3.689003s comm_max=5.827526s comm_avg=5.708936s root_ops=0.593737s overhead_ratio=0.683
Running Generation 139...
*** Completed generation 139 after 1312.6306 seconds ***
- Best fitness in generation 139 is 7.9164076
-- Overall best fitness is found in generation 90 and is 7.9129233
[MPI_TIMING] gen=139 total_max=9.393525s total_avg=9.393102s compute_max=5.564111s compute_avg=3.689066s comm_max=5.822276s comm_avg=5.701651s root_ops=0.598978s overhead_ratio=0.684
Running Generation 140...
*** Completed generation 140 after 1322.0386 seconds ***
- Best fitness in generation 140 is 7.9164076
-- Overall best fitness is found in generation 90 and is 7.9129233
[MPI_TIMING] gen=140 total_max=9.407762s total_avg=9.404516s compute_max=5.561683s compute_avg=3.688674s comm_max=5.832046s comm_avg=5.713469s root_ops=0.595618s overhead_ratio=0.683
Running Generation 141...
*** Completed generation 141 after 1331.4784 seconds ***
- Best fitness in generation 141 is 7.9141045
-- Overall best fitness is found in generation 90 and is 7.9129233
[MPI_TIMING] gen=141 total_max=9.439761s total_avg=9.438116s compute_max=5.569161s compute_avg=3.689091s comm_max=5.862839s comm_avg=5.746659s root_ops=0.593967s overhead_ratio=0.684
Running Generation 142...
*** Completed generation 142 after 1340.8556 seconds ***
- Best fitness in generation 142 is 7.9144225
-- Overall best fitness is found in generation 90 and is 7.9129233
[MPI_TIMING] gen=142 total_max=9.381200s total_avg=9.380841s compute_max=5.559010s compute_avg=3.689206s comm_max=5.804620s comm_avg=5.689253s root_ops=0.597951s overhead_ratio=0.682
Running Generation 143...
*** Completed generation 143 after 1350.2502 seconds ***
- Best fitness in generation 143 is 7.9144225
-- Overall best fitness is found in generation 90 and is 7.9129233
[MPI_TIMING] gen=143 total_max=9.394542s total_avg=9.391262s compute_max=5.566894s compute_avg=3.689308s comm_max=5.818727s comm_avg=5.699586s root_ops=0.594574s overhead_ratio=0.683
Running Generation 144...
*** Completed generation 144 after 1359.6472 seconds ***
- Best fitness in generation 144 is 7.9144225
-- Overall best fitness is found in generation 90 and is 7.9129233
[MPI_TIMING] gen=144 total_max=9.396933s total_avg=9.395136s compute_max=5.561944s compute_avg=3.689472s comm_max=5.819127s comm_avg=5.703302s root_ops=0.592759s overhead_ratio=0.682
Running Generation 145...
*** Completed generation 145 after 1369.0828 seconds ***
- Best fitness in generation 145 is 7.915557
-- Overall best fitness is found in generation 90 and is 7.9129233
[MPI_TIMING] gen=145 total_max=9.439638s total_avg=9.439279s compute_max=5.581293s compute_avg=3.689528s comm_max=5.869219s comm_avg=5.747374s root_ops=0.596909s overhead_ratio=0.685
Running Generation 146...
*** Completed generation 146 after 1378.4708 seconds ***
- Best fitness in generation 146 is 7.915557
-- Overall best fitness is found in generation 90 and is 7.9129233
[MPI_TIMING] gen=146 total_max=9.387981s total_avg=9.384922s compute_max=5.569727s compute_avg=3.689371s comm_max=5.809204s comm_avg=5.693186s root_ops=0.593753s overhead_ratio=0.682
Running Generation 147...
*** Completed generation 147 after 1387.8771 seconds ***
- Best fitness in generation 147 is 7.915557
-- Overall best fitness is found in generation 90 and is 7.9129233
[MPI_TIMING] gen=147 total_max=9.409554s total_avg=9.409233s compute_max=5.566453s compute_avg=3.689706s comm_max=5.839569s comm_avg=5.717150s root_ops=0.597078s overhead_ratio=0.684
Running Generation 148...
*** Completed generation 148 after 1397.327 seconds ***
- Best fitness in generation 148 is 7.9139895
-- Overall best fitness is found in generation 90 and is 7.9129233
[MPI_TIMING] gen=148 total_max=9.449843s total_avg=9.448022s compute_max=5.561761s compute_avg=3.689163s comm_max=5.874881s comm_avg=5.756487s root_ops=0.595235s overhead_ratio=0.685
Running Generation 149...
*** Completed generation 149 after 1406.7738 seconds ***
- Best fitness in generation 149 is 7.9139895
-- Overall best fitness is found in generation 90 and is 7.9129233
[MPI_TIMING] gen=149 total_max=9.454085s total_avg=9.453548s compute_max=5.571258s compute_avg=3.689081s comm_max=5.881063s comm_avg=5.762068s root_ops=0.602485s overhead_ratio=0.686
Running Generation 150...
*** Completed generation 150 after 1416.2103 seconds ***
- Best fitness in generation 150 is 7.9139895
-- Overall best fitness is found in generation 90 and is 7.9129233
[MPI_TIMING] gen=150 total_max=9.436429s total_avg=9.428423s compute_max=5.557333s compute_avg=3.690656s comm_max=5.860179s comm_avg=5.735400s root_ops=0.594182s overhead_ratio=0.684
Reached 150 generations, exiting...


- Overall best fitness is 7.9129233
- The best individual is:
                generation:	90
                index:		36228
                fitness:	7.9129233
                string:	0.00000;0.47166;0.00000;0.00000;0.43215;0.67507;0.75149

