Scale config: households=48 horizon=60 individuals=64000 max_generation=150 repetitions=8
Running distributed (MPI) GA exploration...
Running Generation 1...
*** Completed generation 1 after 9.245254 seconds ***
- Best fitness in generation 1 is 8.541632
-- Overall best fitness is found in generation 1 and is 8.541632
[MPI_TIMING] gen=1 total_max=9.393604s total_avg=9.357502s compute_max=5.618866s compute_avg=4.025406s comm_max=5.810315s comm_avg=5.329720s root_ops=0.147572s overhead_ratio=0.634
Running Generation 2...
*** Completed generation 2 after 16.917635 seconds ***
- Best fitness in generation 2 is 8.460157
-- Overall best fitness is found in generation 2 and is 8.460157
[MPI_TIMING] gen=2 total_max=7.672193s total_avg=7.671392s compute_max=4.870054s compute_avg=3.666998s comm_max=4.113447s comm_avg=4.002032s root_ops=0.146793s overhead_ratio=0.555
Running Generation 3...
*** Completed generation 3 after 24.625084 seconds ***
- Best fitness in generation 3 is 8.460157
-- Overall best fitness is found in generation 2 and is 8.460157
[MPI_TIMING] gen=3 total_max=7.707306s total_avg=7.705679s compute_max=3.659838s compute_avg=3.613887s comm_max=4.147130s comm_avg=4.089480s root_ops=0.144777s overhead_ratio=0.557
Running Generation 4...
*** Completed generation 4 after 32.357903 seconds ***
- Best fitness in generation 4 is 8.407826
-- Overall best fitness is found in generation 4 and is 8.407826
[MPI_TIMING] gen=4 total_max=7.734869s total_avg=7.734257s compute_max=3.656090s compute_avg=3.605846s comm_max=4.169620s comm_avg=4.126068s root_ops=0.146860s overhead_ratio=0.558
Running Generation 5...
*** Completed generation 5 after 40.086777 seconds ***
- Best fitness in generation 5 is 8.40228
-- Overall best fitness is found in generation 5 and is 8.40228
[MPI_TIMING] gen=5 total_max=7.729255s total_avg=7.619103s compute_max=3.663472s compute_avg=3.615036s comm_max=4.155284s comm_avg=4.001741s root_ops=0.145837s overhead_ratio=0.556
Running Generation 6...
*** Completed generation 6 after 47.839367 seconds ***
- Best fitness in generation 6 is 8.40228
-- Overall best fitness is found in generation 5 and is 8.40228
[MPI_TIMING] gen=6 total_max=7.894047s total_avg=7.856034s compute_max=3.662960s compute_avg=3.618804s comm_max=4.325867s comm_avg=4.234965s root_ops=0.142160s overhead_ratio=0.566
Running Generation 7...
*** Completed generation 7 after 55.57141 seconds ***
- Best fitness in generation 7 is 8.40228
-- Overall best fitness is found in generation 5 and is 8.40228
[MPI_TIMING] gen=7 total_max=7.736556s total_avg=7.735396s compute_max=3.664598s compute_avg=3.621276s comm_max=4.170855s comm_avg=4.111783s root_ops=0.146720s overhead_ratio=0.558
Running Generation 8...
*** Completed generation 8 after 63.318012 seconds ***
- Best fitness in generation 8 is 8.40228
-- Overall best fitness is found in generation 5 and is 8.40228
[MPI_TIMING] gen=8 total_max=7.746504s total_avg=7.742957s compute_max=3.667219s compute_avg=3.623995s comm_max=4.172023s comm_avg=4.116696s root_ops=0.142194s overhead_ratio=0.557
Running Generation 9...
*** Completed generation 9 after 71.059006 seconds ***
- Best fitness in generation 9 is 8.369625
-- Overall best fitness is found in generation 9 and is 8.369625
[MPI_TIMING] gen=9 total_max=7.744856s total_avg=7.743824s compute_max=3.671087s compute_avg=3.626248s comm_max=4.166508s comm_avg=4.115247s root_ops=0.146151s overhead_ratio=0.557
Running Generation 10...
*** Completed generation 10 after 78.795555 seconds ***
- Best fitness in generation 10 is 8.369625
-- Overall best fitness is found in generation 9 and is 8.369625
[MPI_TIMING] gen=10 total_max=7.736374s total_avg=7.732769s compute_max=3.670754s compute_avg=3.627432s comm_max=4.162630s comm_avg=4.103082s root_ops=0.141566s overhead_ratio=0.556
Running Generation 11...
*** Completed generation 11 after 86.54533 seconds ***
- Best fitness in generation 11 is 8.312349
-- Overall best fitness is found in generation 11 and is 8.312349
[MPI_TIMING] gen=11 total_max=7.754812s total_avg=7.753533s compute_max=3.670227s compute_avg=3.629547s comm_max=4.170353s comm_avg=4.121650s root_ops=0.146615s overhead_ratio=0.557
Running Generation 12...
*** Completed generation 12 after 94.28406 seconds ***
- Best fitness in generation 12 is 8.209077
-- Overall best fitness is found in generation 12 and is 8.209077
[MPI_TIMING] gen=12 total_max=7.738636s total_avg=7.734447s compute_max=3.672167s compute_avg=3.629790s comm_max=4.150426s comm_avg=4.102404s root_ops=0.141291s overhead_ratio=0.555
Running Generation 13...
*** Completed generation 13 after 102.05646 seconds ***
- Best fitness in generation 13 is 8.209077
-- Overall best fitness is found in generation 12 and is 8.209077
[MPI_TIMING] gen=13 total_max=7.772288s total_avg=7.772138s compute_max=3.671397s compute_avg=3.630381s comm_max=4.186711s comm_avg=4.139506s root_ops=0.141195s overhead_ratio=0.557
Running Generation 14...
*** Completed generation 14 after 109.8123 seconds ***
- Best fitness in generation 14 is 8.3146
-- Overall best fitness is found in generation 12 and is 8.209077
[MPI_TIMING] gen=14 total_max=7.755806s total_avg=7.755700s compute_max=3.676990s compute_avg=3.631381s comm_max=4.165268s comm_avg=4.122066s root_ops=0.141177s overhead_ratio=0.555
Running Generation 15...
*** Completed generation 15 after 117.581085 seconds ***
- Best fitness in generation 15 is 8.263121
-- Overall best fitness is found in generation 12 and is 8.209077
[MPI_TIMING] gen=15 total_max=7.774634s total_avg=7.773170s compute_max=3.673860s compute_avg=3.634302s comm_max=4.182642s comm_avg=4.136524s root_ops=0.147031s overhead_ratio=0.557
Running Generation 16...
*** Completed generation 16 after 125.34869 seconds ***
- Best fitness in generation 16 is 8.213769
-- Overall best fitness is found in generation 12 and is 8.209077
[MPI_TIMING] gen=16 total_max=7.767441s total_avg=7.763317s compute_max=3.675425s compute_avg=3.635363s comm_max=4.170751s comm_avg=4.125691s root_ops=0.141801s overhead_ratio=0.555
Running Generation 17...
*** Completed generation 17 after 133.12291 seconds ***
- Best fitness in generation 17 is 8.130988
-- Overall best fitness is found in generation 17 and is 8.130988
[MPI_TIMING] gen=17 total_max=7.774467s total_avg=7.774301s compute_max=3.681240s compute_avg=3.636727s comm_max=4.186800s comm_avg=4.135308s root_ops=0.142100s overhead_ratio=0.557
Running Generation 18...
*** Completed generation 18 after 140.90555 seconds ***
- Best fitness in generation 18 is 8.088776
-- Overall best fitness is found in generation 18 and is 8.088776
[MPI_TIMING] gen=18 total_max=7.782554s total_avg=7.782402s compute_max=3.682071s compute_avg=3.637409s comm_max=4.187044s comm_avg=4.142728s root_ops=0.142011s overhead_ratio=0.556
Running Generation 19...
*** Completed generation 19 after 148.69177 seconds ***
- Best fitness in generation 19 is 8.117378
-- Overall best fitness is found in generation 18 and is 8.088776
[MPI_TIMING] gen=19 total_max=7.786154s total_avg=7.785446s compute_max=3.678496s compute_avg=3.638659s comm_max=4.190914s comm_avg=4.144535s root_ops=0.141190s overhead_ratio=0.556
Running Generation 20...
*** Completed generation 20 after 156.48839 seconds ***
- Best fitness in generation 20 is 8.062013
-- Overall best fitness is found in generation 20 and is 8.062013
[MPI_TIMING] gen=20 total_max=7.802626s total_avg=7.801118s compute_max=3.680266s compute_avg=3.640145s comm_max=4.210297s comm_avg=4.158624s root_ops=0.147233s overhead_ratio=0.558
Running Generation 21...
*** Completed generation 21 after 164.29608 seconds ***
- Best fitness in generation 21 is 8.004677
-- Overall best fitness is found in generation 21 and is 8.004677
[MPI_TIMING] gen=21 total_max=7.807589s total_avg=7.803420s compute_max=3.680263s compute_avg=3.641206s comm_max=4.208404s comm_avg=4.159949s root_ops=0.141963s overhead_ratio=0.557
Running Generation 22...
*** Completed generation 22 after 172.1009 seconds ***
- Best fitness in generation 22 is 7.988544
-- Overall best fitness is found in generation 22 and is 7.988544
[MPI_TIMING] gen=22 total_max=7.804764s total_avg=7.803858s compute_max=3.754945s compute_avg=3.650442s comm_max=4.214008s comm_avg=4.151168s root_ops=0.140905s overhead_ratio=0.558
Running Generation 23...
*** Completed generation 23 after 179.90399 seconds ***
- Best fitness in generation 23 is 7.9925637
-- Overall best fitness is found in generation 22 and is 7.988544
[MPI_TIMING] gen=23 total_max=7.803598s total_avg=7.803370s compute_max=4.616754s compute_avg=3.663123s comm_max=4.209169s comm_avg=4.137990s root_ops=0.141514s overhead_ratio=0.558
Running Generation 24...
*** Completed generation 24 after 187.7199 seconds ***
- Best fitness in generation 24 is 7.9853954
-- Overall best fitness is found in generation 24 and is 7.9853954
[MPI_TIMING] gen=24 total_max=7.815858s total_avg=7.815420s compute_max=3.688883s compute_avg=3.648651s comm_max=4.211837s comm_avg=4.164519s root_ops=0.141032s overhead_ratio=0.557
Running Generation 25...
*** Completed generation 25 after 195.53723 seconds ***
- Best fitness in generation 25 is 7.9730697
-- Overall best fitness is found in generation 25 and is 7.9730697
[MPI_TIMING] gen=25 total_max=7.817731s total_avg=7.817529s compute_max=3.690004s compute_avg=3.652025s comm_max=4.209655s comm_avg=4.163246s root_ops=0.141508s overhead_ratio=0.557
Running Generation 26...
*** Completed generation 26 after 203.3624 seconds ***
- Best fitness in generation 26 is 7.9466324
-- Overall best fitness is found in generation 26 and is 7.9466324
[MPI_TIMING] gen=26 total_max=7.826037s total_avg=7.825739s compute_max=3.692420s compute_avg=3.653981s comm_max=4.221304s comm_avg=4.169484s root_ops=0.142417s overhead_ratio=0.558
Running Generation 27...
*** Completed generation 27 after 211.18272 seconds ***
- Best fitness in generation 27 is 7.945711
-- Overall best fitness is found in generation 27 and is 7.945711
[MPI_TIMING] gen=27 total_max=7.820197s total_avg=7.818680s compute_max=3.695589s compute_avg=3.654755s comm_max=4.214755s comm_avg=4.161682s root_ops=0.140586s overhead_ratio=0.557
Running Generation 28...
*** Completed generation 28 after 219.01826 seconds ***
- Best fitness in generation 28 is 7.941163
-- Overall best fitness is found in generation 28 and is 7.941163
[MPI_TIMING] gen=28 total_max=7.835481s total_avg=7.835234s compute_max=3.696428s compute_avg=3.655837s comm_max=4.235164s comm_avg=4.177157s root_ops=0.140350s overhead_ratio=0.558
Running Generation 29...
*** Completed generation 29 after 226.84512 seconds ***
- Best fitness in generation 29 is 7.937207
-- Overall best fitness is found in generation 29 and is 7.937207
[MPI_TIMING] gen=29 total_max=7.826773s total_avg=7.826286s compute_max=3.698234s compute_avg=3.656332s comm_max=4.216945s comm_avg=4.167724s root_ops=0.139796s overhead_ratio=0.557
Running Generation 30...
*** Completed generation 30 after 234.68153 seconds ***
- Best fitness in generation 30 is 7.931888
-- Overall best fitness is found in generation 30 and is 7.931888
[MPI_TIMING] gen=30 total_max=7.837316s total_avg=7.836996s compute_max=3.696210s compute_avg=3.654705s comm_max=4.228068s comm_avg=4.180045s root_ops=0.140799s overhead_ratio=0.557
Running Generation 31...
*** Completed generation 31 after 242.50587 seconds ***
- Best fitness in generation 31 is 7.9304576
-- Overall best fitness is found in generation 31 and is 7.9304576
[MPI_TIMING] gen=31 total_max=7.824266s total_avg=7.823502s compute_max=3.696368s compute_avg=3.655869s comm_max=4.217247s comm_avg=4.165401s root_ops=0.139913s overhead_ratio=0.557
Running Generation 32...
*** Completed generation 32 after 250.35417 seconds ***
- Best fitness in generation 32 is 7.9221554
-- Overall best fitness is found in generation 32 and is 7.9221554
[MPI_TIMING] gen=32 total_max=7.848259s total_avg=7.848175s compute_max=3.696443s compute_avg=3.656294s comm_max=4.236725s comm_avg=4.189648s root_ops=0.139949s overhead_ratio=0.558
Running Generation 33...
*** Completed generation 33 after 258.18283 seconds ***
- Best fitness in generation 33 is 7.9221554
-- Overall best fitness is found in generation 32 and is 7.9221554
[MPI_TIMING] gen=33 total_max=7.829371s total_avg=7.829087s compute_max=3.693845s compute_avg=3.655276s comm_max=4.220234s comm_avg=4.171566s root_ops=0.140661s overhead_ratio=0.557
Running Generation 34...
*** Completed generation 34 after 266.00833 seconds ***
- Best fitness in generation 34 is 7.923957
-- Overall best fitness is found in generation 32 and is 7.9221554
[MPI_TIMING] gen=34 total_max=7.825369s total_avg=7.825225s compute_max=3.696188s compute_avg=3.655468s comm_max=4.211499s comm_avg=4.167513s root_ops=0.140624s overhead_ratio=0.556
Running Generation 35...
*** Completed generation 35 after 273.8507 seconds ***
- Best fitness in generation 35 is 7.922065
-- Overall best fitness is found in generation 35 and is 7.922065
[MPI_TIMING] gen=35 total_max=7.842301s total_avg=7.841152s compute_max=3.696274s compute_avg=3.654820s comm_max=4.231594s comm_avg=4.184111s root_ops=0.139237s overhead_ratio=0.557
Running Generation 36...
*** Completed generation 36 after 281.69052 seconds ***
- Best fitness in generation 36 is 7.923957
-- Overall best fitness is found in generation 35 and is 7.922065
[MPI_TIMING] gen=36 total_max=7.841336s total_avg=7.840858s compute_max=3.695823s compute_avg=3.654753s comm_max=4.231969s comm_avg=4.183858s root_ops=0.140825s overhead_ratio=0.558
Running Generation 37...
*** Completed generation 37 after 289.52557 seconds ***
- Best fitness in generation 37 is 7.924799
-- Overall best fitness is found in generation 35 and is 7.922065
[MPI_TIMING] gen=37 total_max=7.834990s total_avg=7.833284s compute_max=3.697252s compute_avg=3.655204s comm_max=4.234214s comm_avg=4.175866s root_ops=0.138723s overhead_ratio=0.558
Running Generation 38...
*** Completed generation 38 after 297.3656 seconds ***
- Best fitness in generation 38 is 7.924799
-- Overall best fitness is found in generation 35 and is 7.922065
[MPI_TIMING] gen=38 total_max=7.840757s total_avg=7.840474s compute_max=3.695221s compute_avg=3.655252s comm_max=4.240357s comm_avg=4.182995s root_ops=0.139524s overhead_ratio=0.559
Running Generation 39...
*** Completed generation 39 after 305.20267 seconds ***
- Best fitness in generation 39 is 7.923149
-- Overall best fitness is found in generation 35 and is 7.922065
[MPI_TIMING] gen=39 total_max=7.837002s total_avg=7.836845s compute_max=3.693595s compute_avg=3.655758s comm_max=4.230764s comm_avg=4.178862s root_ops=0.139422s overhead_ratio=0.558
Running Generation 40...
*** Completed generation 40 after 313.04095 seconds ***
- Best fitness in generation 40 is 7.923149
-- Overall best fitness is found in generation 35 and is 7.922065
[MPI_TIMING] gen=40 total_max=7.838224s total_avg=7.838120s compute_max=3.697866s compute_avg=3.654941s comm_max=4.230159s comm_avg=4.180955s root_ops=0.139392s overhead_ratio=0.557
Running Generation 41...
*** Completed generation 41 after 320.87686 seconds ***
- Best fitness in generation 41 is 7.9228024
-- Overall best fitness is found in generation 35 and is 7.922065
[MPI_TIMING] gen=41 total_max=7.837189s total_avg=7.836759s compute_max=3.696933s compute_avg=3.654918s comm_max=4.234409s comm_avg=4.179594s root_ops=0.140705s overhead_ratio=0.558
Running Generation 42...
*** Completed generation 42 after 328.7134 seconds ***
- Best fitness in generation 42 is 7.9228
-- Overall best fitness is found in generation 35 and is 7.922065
[MPI_TIMING] gen=42 total_max=7.836446s total_avg=7.835921s compute_max=3.695637s compute_avg=3.655031s comm_max=4.229820s comm_avg=4.178650s root_ops=0.140224s overhead_ratio=0.558
Running Generation 43...
*** Completed generation 43 after 336.5161 seconds ***
- Best fitness in generation 43 is 7.9228
-- Overall best fitness is found in generation 35 and is 7.922065
[MPI_TIMING] gen=43 total_max=7.802642s total_avg=7.801496s compute_max=3.697849s compute_avg=3.655491s comm_max=4.193843s comm_avg=4.143789s root_ops=0.138839s overhead_ratio=0.555
Running Generation 44...
*** Completed generation 44 after 344.35663 seconds ***
- Best fitness in generation 44 is 7.9228
-- Overall best fitness is found in generation 35 and is 7.922065
[MPI_TIMING] gen=44 total_max=7.840422s total_avg=7.840289s compute_max=3.696512s compute_avg=3.653974s comm_max=4.240496s comm_avg=4.184100s root_ops=0.138754s overhead_ratio=0.559
Running Generation 45...
*** Completed generation 45 after 352.1553 seconds ***
- Best fitness in generation 45 is 7.9228
-- Overall best fitness is found in generation 35 and is 7.922065
[MPI_TIMING] gen=45 total_max=7.798602s total_avg=7.798255s compute_max=3.696660s compute_avg=3.653680s comm_max=4.195434s comm_avg=4.142366s root_ops=0.138401s overhead_ratio=0.556
Running Generation 46...
*** Completed generation 46 after 360.00616 seconds ***
- Best fitness in generation 46 is 7.9213443
-- Overall best fitness is found in generation 46 and is 7.9213443
[MPI_TIMING] gen=46 total_max=7.851815s total_avg=7.851502s compute_max=3.696117s compute_avg=3.653900s comm_max=4.246056s comm_avg=4.195377s root_ops=0.139455s overhead_ratio=0.559
Running Generation 47...
*** Completed generation 47 after 367.81802 seconds ***
- Best fitness in generation 47 is 7.9195313
-- Overall best fitness is found in generation 47 and is 7.9195313
[MPI_TIMING] gen=47 total_max=7.811794s total_avg=7.810878s compute_max=3.696992s compute_avg=3.653984s comm_max=4.203889s comm_avg=4.154687s root_ops=0.138340s overhead_ratio=0.556
Running Generation 48...
*** Completed generation 48 after 375.669 seconds ***
- Best fitness in generation 48 is 7.9195313
-- Overall best fitness is found in generation 47 and is 7.9195313
[MPI_TIMING] gen=48 total_max=7.852089s total_avg=7.851727s compute_max=3.697925s compute_avg=3.655564s comm_max=4.247965s comm_avg=4.193936s root_ops=0.139534s overhead_ratio=0.559
Running Generation 49...
*** Completed generation 49 after 383.47388 seconds ***
- Best fitness in generation 49 is 7.9195313
-- Overall best fitness is found in generation 47 and is 7.9195313
[MPI_TIMING] gen=49 total_max=7.805397s total_avg=7.805177s compute_max=3.696679s compute_avg=3.652778s comm_max=4.197840s comm_avg=4.150162s root_ops=0.140051s overhead_ratio=0.556
Running Generation 50...
*** Completed generation 50 after 391.32553 seconds ***
- Best fitness in generation 50 is 7.9221177
-- Overall best fitness is found in generation 47 and is 7.9195313
[MPI_TIMING] gen=50 total_max=7.851511s total_avg=7.851035s compute_max=3.696468s compute_avg=3.653913s comm_max=4.245520s comm_avg=4.194894s root_ops=0.139585s overhead_ratio=0.559
Running Generation 51...
*** Completed generation 51 after 399.1202 seconds ***
- Best fitness in generation 51 is 7.9221125
-- Overall best fitness is found in generation 47 and is 7.9195313
[MPI_TIMING] gen=51 total_max=7.794576s total_avg=7.794097s compute_max=3.699126s compute_avg=3.653202s comm_max=4.186823s comm_avg=4.138675s root_ops=0.139063s overhead_ratio=0.555
Running Generation 52...
*** Completed generation 52 after 406.97156 seconds ***
- Best fitness in generation 52 is 7.9221125
-- Overall best fitness is found in generation 47 and is 7.9195313
[MPI_TIMING] gen=52 total_max=7.852037s total_avg=7.851778s compute_max=3.697287s compute_avg=3.652876s comm_max=4.238950s comm_avg=4.196670s root_ops=0.139811s overhead_ratio=0.558
Running Generation 53...
*** Completed generation 53 after 414.78317 seconds ***
- Best fitness in generation 53 is 7.921043
-- Overall best fitness is found in generation 47 and is 7.9195313
[MPI_TIMING] gen=53 total_max=7.811538s total_avg=7.810492s compute_max=3.698334s compute_avg=3.654199s comm_max=4.206089s comm_avg=4.154081s root_ops=0.138567s overhead_ratio=0.556
Running Generation 54...
*** Completed generation 54 after 422.63364 seconds ***
- Best fitness in generation 54 is 7.9221125
-- Overall best fitness is found in generation 47 and is 7.9195313
[MPI_TIMING] gen=54 total_max=7.851868s total_avg=7.851432s compute_max=3.695660s compute_avg=3.654220s comm_max=4.243965s comm_avg=4.194977s root_ops=0.140045s overhead_ratio=0.558
Running Generation 55...
*** Completed generation 55 after 430.44528 seconds ***
- Best fitness in generation 55 is 7.9221125
-- Overall best fitness is found in generation 47 and is 7.9195313
[MPI_TIMING] gen=55 total_max=7.811554s total_avg=7.810550s compute_max=3.699398s compute_avg=3.652113s comm_max=4.208458s comm_avg=4.156221s root_ops=0.138842s overhead_ratio=0.557
Running Generation 56...
*** Completed generation 56 after 438.2902 seconds ***
- Best fitness in generation 56 is 7.921427
-- Overall best fitness is found in generation 47 and is 7.9195313
[MPI_TIMING] gen=56 total_max=7.846313s total_avg=7.845867s compute_max=3.696794s compute_avg=3.654413s comm_max=4.235618s comm_avg=4.189215s root_ops=0.140247s overhead_ratio=0.558
Running Generation 57...
*** Completed generation 57 after 446.09598 seconds ***
- Best fitness in generation 57 is 7.921785
-- Overall best fitness is found in generation 47 and is 7.9195313
[MPI_TIMING] gen=57 total_max=7.805685s total_avg=7.805447s compute_max=3.699498s compute_avg=3.654108s comm_max=4.196640s comm_avg=4.149102s root_ops=0.140101s overhead_ratio=0.556
Running Generation 58...
*** Completed generation 58 after 453.9503 seconds ***
- Best fitness in generation 58 is 7.921785
-- Overall best fitness is found in generation 47 and is 7.9195313
[MPI_TIMING] gen=58 total_max=7.854239s total_avg=7.853767s compute_max=3.696441s compute_avg=3.652744s comm_max=4.241219s comm_avg=4.198794s root_ops=0.139602s overhead_ratio=0.558
Running Generation 59...
*** Completed generation 59 after 461.76163 seconds ***
- Best fitness in generation 59 is 7.9172263
-- Overall best fitness is found in generation 59 and is 7.9172263
[MPI_TIMING] gen=59 total_max=7.811249s total_avg=7.810349s compute_max=3.696957s compute_avg=3.654346s comm_max=4.199917s comm_avg=4.153791s root_ops=0.138530s overhead_ratio=0.555
Running Generation 60...
*** Completed generation 60 after 469.6067 seconds ***
- Best fitness in generation 60 is 7.9203143
-- Overall best fitness is found in generation 59 and is 7.9172263
[MPI_TIMING] gen=60 total_max=7.846440s total_avg=7.846009s compute_max=3.697444s compute_avg=3.654168s comm_max=4.235272s comm_avg=4.189606s root_ops=0.139961s overhead_ratio=0.558
Running Generation 61...
*** Completed generation 61 after 477.4188 seconds ***
- Best fitness in generation 61 is 7.9203143
-- Overall best fitness is found in generation 59 and is 7.9172263
[MPI_TIMING] gen=61 total_max=7.812020s total_avg=7.810386s compute_max=3.697564s compute_avg=3.653725s comm_max=4.201873s comm_avg=4.154459s root_ops=0.137921s overhead_ratio=0.556
Running Generation 62...
*** Completed generation 62 after 485.26892 seconds ***
- Best fitness in generation 62 is 7.9203143
-- Overall best fitness is found in generation 59 and is 7.9172263
[MPI_TIMING] gen=62 total_max=7.851867s total_avg=7.851359s compute_max=3.698611s compute_avg=3.655407s comm_max=4.240604s comm_avg=4.193722s root_ops=0.139725s overhead_ratio=0.558
Running Generation 63...
*** Completed generation 63 after 493.0882 seconds ***
- Best fitness in generation 63 is 7.9203143
-- Overall best fitness is found in generation 59 and is 7.9172263
[MPI_TIMING] gen=63 total_max=7.819172s total_avg=7.818150s compute_max=3.698804s compute_avg=3.655970s comm_max=4.207085s comm_avg=4.159969s root_ops=0.138514s overhead_ratio=0.556
Running Generation 64...
*** Completed generation 64 after 500.9379 seconds ***
- Best fitness in generation 64 is 7.921191
-- Overall best fitness is found in generation 59 and is 7.9172263
[MPI_TIMING] gen=64 total_max=7.851615s total_avg=7.851079s compute_max=3.697041s compute_avg=3.655325s comm_max=4.243916s comm_avg=4.193511s root_ops=0.140425s overhead_ratio=0.558
Running Generation 65...
*** Completed generation 65 after 508.7619 seconds ***
- Best fitness in generation 65 is 7.921191
-- Overall best fitness is found in generation 59 and is 7.9172263
[MPI_TIMING] gen=65 total_max=7.823860s total_avg=7.821768s compute_max=3.696307s compute_avg=3.653802s comm_max=4.215912s comm_avg=4.165765s root_ops=0.137870s overhead_ratio=0.556
Running Generation 66...
*** Completed generation 66 after 516.6182 seconds ***
- Best fitness in generation 66 is 7.921191
-- Overall best fitness is found in generation 59 and is 7.9172263
[MPI_TIMING] gen=66 total_max=7.857699s total_avg=7.857270s compute_max=3.697729s compute_avg=3.654726s comm_max=4.251089s comm_avg=4.200320s root_ops=0.139330s overhead_ratio=0.559
Running Generation 67...
*** Completed generation 67 after 524.4438 seconds ***
- Best fitness in generation 67 is 7.9214826
-- Overall best fitness is found in generation 59 and is 7.9172263
[MPI_TIMING] gen=67 total_max=7.825535s total_avg=7.824956s compute_max=3.699284s compute_avg=3.653246s comm_max=4.220217s comm_avg=4.169495s root_ops=0.138709s overhead_ratio=0.557
Running Generation 68...
*** Completed generation 68 after 532.2982 seconds ***
- Best fitness in generation 68 is 7.9214826
-- Overall best fitness is found in generation 59 and is 7.9172263
[MPI_TIMING] gen=68 total_max=7.855570s total_avg=7.855187s compute_max=3.696241s compute_avg=3.652738s comm_max=4.248915s comm_avg=4.200215s root_ops=0.139977s overhead_ratio=0.559
Running Generation 69...
*** Completed generation 69 after 540.1234 seconds ***
- Best fitness in generation 69 is 7.9214826
-- Overall best fitness is found in generation 59 and is 7.9172263
[MPI_TIMING] gen=69 total_max=7.825148s total_avg=7.823968s compute_max=3.697219s compute_avg=3.651695s comm_max=4.221378s comm_avg=4.170061s root_ops=0.138580s overhead_ratio=0.557
Running Generation 70...
*** Completed generation 70 after 547.98486 seconds ***
- Best fitness in generation 70 is 7.915636
-- Overall best fitness is found in generation 70 and is 7.915636
[MPI_TIMING] gen=70 total_max=7.861900s total_avg=7.861694s compute_max=3.697634s compute_avg=3.653860s comm_max=4.259832s comm_avg=4.205614s root_ops=0.139060s overhead_ratio=0.560
Running Generation 71...
*** Completed generation 71 after 555.80963 seconds ***
- Best fitness in generation 71 is 7.917476
-- Overall best fitness is found in generation 70 and is 7.915636
[MPI_TIMING] gen=71 total_max=7.824870s total_avg=7.824711s compute_max=3.695956s compute_avg=3.653434s comm_max=4.222445s comm_avg=4.169055s root_ops=0.139253s overhead_ratio=0.557
Running Generation 72...
*** Completed generation 72 after 563.6732 seconds ***
- Best fitness in generation 72 is 7.917476
-- Overall best fitness is found in generation 70 and is 7.915636
[MPI_TIMING] gen=72 total_max=7.864636s total_avg=7.864294s compute_max=3.706064s compute_avg=3.654955s comm_max=4.263086s comm_avg=4.207098s root_ops=0.140332s overhead_ratio=0.560
Running Generation 73...
*** Completed generation 73 after 571.50793 seconds ***
- Best fitness in generation 73 is 7.917476
-- Overall best fitness is found in generation 70 and is 7.915636
[MPI_TIMING] gen=73 total_max=7.834609s total_avg=7.833442s compute_max=3.698186s compute_avg=3.654490s comm_max=4.228076s comm_avg=4.176734s root_ops=0.138990s overhead_ratio=0.557
Running Generation 74...
*** Completed generation 74 after 579.3717 seconds ***
- Best fitness in generation 74 is 7.917476
-- Overall best fitness is found in generation 70 and is 7.915636
[MPI_TIMING] gen=74 total_max=7.864458s total_avg=7.864186s compute_max=3.695790s compute_avg=3.654769s comm_max=4.261687s comm_avg=4.207186s root_ops=0.139756s overhead_ratio=0.560
Running Generation 75...
*** Completed generation 75 after 587.2018 seconds ***
- Best fitness in generation 75 is 7.917476
-- Overall best fitness is found in generation 70 and is 7.915636
[MPI_TIMING] gen=75 total_max=7.830018s total_avg=7.829186s compute_max=3.696965s compute_avg=3.653979s comm_max=4.227977s comm_avg=4.172991s root_ops=0.138792s overhead_ratio=0.558
Running Generation 76...
*** Completed generation 76 after 595.05774 seconds ***
- Best fitness in generation 76 is 7.9181266
-- Overall best fitness is found in generation 70 and is 7.915636
[MPI_TIMING] gen=76 total_max=7.855831s total_avg=7.855611s compute_max=3.696505s compute_avg=3.652506s comm_max=4.247101s comm_avg=4.200893s root_ops=0.138621s overhead_ratio=0.558
Running Generation 77...
*** Completed generation 77 after 602.9018 seconds ***
- Best fitness in generation 77 is 7.9181266
-- Overall best fitness is found in generation 70 and is 7.915636
[MPI_TIMING] gen=77 total_max=7.844254s total_avg=7.844078s compute_max=3.696230s compute_avg=3.655067s comm_max=4.235198s comm_avg=4.186795s root_ops=0.138882s overhead_ratio=0.558
Running Generation 78...
*** Completed generation 78 after 610.76624 seconds ***
- Best fitness in generation 78 is 7.9155264
-- Overall best fitness is found in generation 78 and is 7.9155264
[MPI_TIMING] gen=78 total_max=7.864947s total_avg=7.864729s compute_max=3.699429s compute_avg=3.654320s comm_max=4.254517s comm_avg=4.208184s root_ops=0.139415s overhead_ratio=0.559
Running Generation 79...
*** Completed generation 79 after 618.6028 seconds ***
- Best fitness in generation 79 is 7.9155264
-- Overall best fitness is found in generation 78 and is 7.9155264
[MPI_TIMING] gen=79 total_max=7.836449s total_avg=7.835823s compute_max=3.697769s compute_avg=3.655124s comm_max=4.226135s comm_avg=4.178485s root_ops=0.138712s overhead_ratio=0.557
Running Generation 80...
*** Completed generation 80 after 626.4688 seconds ***
- Best fitness in generation 80 is 7.9155264
-- Overall best fitness is found in generation 78 and is 7.9155264
[MPI_TIMING] gen=80 total_max=7.867121s total_avg=7.866743s compute_max=3.698698s compute_avg=3.654669s comm_max=4.264586s comm_avg=4.209842s root_ops=0.139869s overhead_ratio=0.560
Running Generation 81...
*** Completed generation 81 after 634.3068 seconds ***
- Best fitness in generation 81 is 7.9191394
-- Overall best fitness is found in generation 78 and is 7.9155264
[MPI_TIMING] gen=81 total_max=7.837907s total_avg=7.836353s compute_max=3.697377s compute_avg=3.654188s comm_max=4.231757s comm_avg=4.179962s root_ops=0.137981s overhead_ratio=0.558
Running Generation 82...
*** Completed generation 82 after 642.17236 seconds ***
- Best fitness in generation 82 is 7.9191394
-- Overall best fitness is found in generation 78 and is 7.9155264
[MPI_TIMING] gen=82 total_max=7.866354s total_avg=7.866057s compute_max=3.696302s compute_avg=3.653754s comm_max=4.265446s comm_avg=4.210088s root_ops=0.138848s overhead_ratio=0.560
Running Generation 83...
*** Completed generation 83 after 650.0144 seconds ***
- Best fitness in generation 83 is 7.9191394
-- Overall best fitness is found in generation 78 and is 7.9155264
[MPI_TIMING] gen=83 total_max=7.841976s total_avg=7.841869s compute_max=3.696990s compute_avg=3.653309s comm_max=4.239232s comm_avg=4.186344s root_ops=0.138852s overhead_ratio=0.558
Running Generation 84...
*** Completed generation 84 after 657.8749 seconds ***
- Best fitness in generation 84 is 7.9191394
-- Overall best fitness is found in generation 78 and is 7.9155264
[MPI_TIMING] gen=84 total_max=7.860720s total_avg=7.860551s compute_max=3.696934s compute_avg=3.653922s comm_max=4.265412s comm_avg=4.204409s root_ops=0.139135s overhead_ratio=0.560
Running Generation 85...
*** Completed generation 85 after 665.7161 seconds ***
- Best fitness in generation 85 is 7.9191394
-- Overall best fitness is found in generation 78 and is 7.9155264
[MPI_TIMING] gen=85 total_max=7.841141s total_avg=7.840533s compute_max=3.700344s compute_avg=3.653850s comm_max=4.238830s comm_avg=4.184474s root_ops=0.138461s overhead_ratio=0.558
Running Generation 86...
*** Completed generation 86 after 673.58374 seconds ***
- Best fitness in generation 86 is 7.9191394
-- Overall best fitness is found in generation 78 and is 7.9155264
[MPI_TIMING] gen=86 total_max=7.869202s total_avg=7.868708s compute_max=3.698236s compute_avg=3.655184s comm_max=4.269932s comm_avg=4.211288s root_ops=0.140138s overhead_ratio=0.560
Running Generation 87...
*** Completed generation 87 after 681.43427 seconds ***
- Best fitness in generation 87 is 7.9191394
-- Overall best fitness is found in generation 78 and is 7.9155264
[MPI_TIMING] gen=87 total_max=7.851002s total_avg=7.850781s compute_max=3.697915s compute_avg=3.653898s comm_max=4.249664s comm_avg=4.194640s root_ops=0.140602s overhead_ratio=0.559
Running Generation 88...
*** Completed generation 88 after 689.3059 seconds ***
- Best fitness in generation 88 is 7.9191394
-- Overall best fitness is found in generation 78 and is 7.9155264
[MPI_TIMING] gen=88 total_max=7.871505s total_avg=7.870329s compute_max=3.698460s compute_avg=3.655437s comm_max=4.267574s comm_avg=4.212668s root_ops=0.139234s overhead_ratio=0.560
Running Generation 89...
*** Completed generation 89 after 697.15466 seconds ***
- Best fitness in generation 89 is 7.9146886
-- Overall best fitness is found in generation 89 and is 7.9146886
[MPI_TIMING] gen=89 total_max=7.848672s total_avg=7.848381s compute_max=3.697216s compute_avg=3.653964s comm_max=4.248531s comm_avg=4.192199s root_ops=0.138984s overhead_ratio=0.559
Running Generation 90...
*** Completed generation 90 after 705.0149 seconds ***
- Best fitness in generation 90 is 7.9146886
-- Overall best fitness is found in generation 89 and is 7.9146886
[MPI_TIMING] gen=90 total_max=7.860705s total_avg=7.860482s compute_max=3.700906s compute_avg=3.654527s comm_max=4.259298s comm_avg=4.203729s root_ops=0.139518s overhead_ratio=0.560
Running Generation 91...
*** Completed generation 91 after 712.86633 seconds ***
- Best fitness in generation 91 is 7.9146886
-- Overall best fitness is found in generation 89 and is 7.9146886
[MPI_TIMING] gen=91 total_max=7.851415s total_avg=7.850787s compute_max=3.696948s compute_avg=3.653802s comm_max=4.249006s comm_avg=4.194769s root_ops=0.138831s overhead_ratio=0.559
Running Generation 92...
*** Completed generation 92 after 720.7349 seconds ***
- Best fitness in generation 92 is 7.9146886
-- Overall best fitness is found in generation 89 and is 7.9146886
[MPI_TIMING] gen=92 total_max=7.868493s total_avg=7.868168s compute_max=3.695508s compute_avg=3.655886s comm_max=4.266112s comm_avg=4.210071s root_ops=0.138531s overhead_ratio=0.560
Running Generation 93...
*** Completed generation 93 after 728.5654 seconds ***
- Best fitness in generation 93 is 7.9146886
-- Overall best fitness is found in generation 89 and is 7.9146886
[MPI_TIMING] gen=93 total_max=7.830496s total_avg=7.830366s compute_max=3.697857s compute_avg=3.654771s comm_max=4.227274s comm_avg=4.173382s root_ops=0.138637s overhead_ratio=0.558
Running Generation 94...
*** Completed generation 94 after 736.4271 seconds ***
- Best fitness in generation 94 is 7.9146886
-- Overall best fitness is found in generation 89 and is 7.9146886
[MPI_TIMING] gen=94 total_max=7.861867s total_avg=7.861709s compute_max=3.698386s compute_avg=3.653891s comm_max=4.258782s comm_avg=4.205603s root_ops=0.138833s overhead_ratio=0.559
Running Generation 95...
*** Completed generation 95 after 744.2748 seconds ***
- Best fitness in generation 95 is 7.9210134
-- Overall best fitness is found in generation 89 and is 7.9146886
[MPI_TIMING] gen=95 total_max=7.849022s total_avg=7.848582s compute_max=3.696433s compute_avg=3.653005s comm_max=4.251985s comm_avg=4.193338s root_ops=0.140224s overhead_ratio=0.560
Running Generation 96...
*** Completed generation 96 after 752.1404 seconds ***
- Best fitness in generation 96 is 7.9212174
-- Overall best fitness is found in generation 89 and is 7.9146886
[MPI_TIMING] gen=96 total_max=7.865473s total_avg=7.864071s compute_max=3.699501s compute_avg=3.653756s comm_max=4.262003s comm_avg=4.208103s root_ops=0.138590s overhead_ratio=0.559
Running Generation 97...
*** Completed generation 97 after 759.9837 seconds ***
- Best fitness in generation 97 is 7.9212174
-- Overall best fitness is found in generation 89 and is 7.9146886
[MPI_TIMING] gen=97 total_max=7.843256s total_avg=7.842919s compute_max=3.696625s compute_avg=3.653065s comm_max=4.242953s comm_avg=4.187648s root_ops=0.138266s overhead_ratio=0.559
Running Generation 98...
*** Completed generation 98 after 767.8432 seconds ***
- Best fitness in generation 98 is 7.9202313
-- Overall best fitness is found in generation 89 and is 7.9146886
[MPI_TIMING] gen=98 total_max=7.860325s total_avg=7.860031s compute_max=3.697035s compute_avg=3.653464s comm_max=4.266308s comm_avg=4.204347s root_ops=0.139128s overhead_ratio=0.560
Running Generation 99...
*** Completed generation 99 after 775.6875 seconds ***
- Best fitness in generation 99 is 7.9202313
-- Overall best fitness is found in generation 89 and is 7.9146886
[MPI_TIMING] gen=99 total_max=7.844191s total_avg=7.843637s compute_max=3.698924s compute_avg=3.652487s comm_max=4.243103s comm_avg=4.188940s root_ops=0.138518s overhead_ratio=0.559
Running Generation 100...
*** Completed generation 100 after 783.5542 seconds ***
- Best fitness in generation 100 is 7.91614
-- Overall best fitness is found in generation 89 and is 7.9146886
[MPI_TIMING] gen=100 total_max=7.866634s total_avg=7.866511s compute_max=3.697721s compute_avg=3.653264s comm_max=4.270680s comm_avg=4.211036s root_ops=0.138475s overhead_ratio=0.560
Running Generation 101...
*** Completed generation 101 after 791.4165 seconds ***
- Best fitness in generation 101 is 7.91614
-- Overall best fitness is found in generation 89 and is 7.9146886
[MPI_TIMING] gen=101 total_max=7.862731s total_avg=7.862497s compute_max=3.696395s compute_avg=3.652909s comm_max=4.263792s comm_avg=4.207370s root_ops=0.138986s overhead_ratio=0.560
Running Generation 102...
*** Completed generation 102 after 799.2866 seconds ***
- Best fitness in generation 102 is 7.91614
-- Overall best fitness is found in generation 89 and is 7.9146886
[MPI_TIMING] gen=102 total_max=7.870904s total_avg=7.870583s compute_max=3.697307s compute_avg=3.653516s comm_max=4.271591s comm_avg=4.214837s root_ops=0.139748s overhead_ratio=0.560
Running Generation 103...
*** Completed generation 103 after 807.1526 seconds ***
- Best fitness in generation 103 is 7.91614
-- Overall best fitness is found in generation 89 and is 7.9146886
[MPI_TIMING] gen=103 total_max=7.866155s total_avg=7.865979s compute_max=3.698130s compute_avg=3.652951s comm_max=4.270105s comm_avg=4.210793s root_ops=0.140062s overhead_ratio=0.561
Running Generation 104...
*** Completed generation 104 after 815.0214 seconds ***
- Best fitness in generation 104 is 7.91614
-- Overall best fitness is found in generation 89 and is 7.9146886
[MPI_TIMING] gen=104 total_max=7.868787s total_avg=7.867474s compute_max=3.697654s compute_avg=3.653564s comm_max=4.273262s comm_avg=4.211699s root_ops=0.138499s overhead_ratio=0.561
Running Generation 105...
*** Completed generation 105 after 822.8847 seconds ***
- Best fitness in generation 105 is 7.91614
-- Overall best fitness is found in generation 89 and is 7.9146886
[MPI_TIMING] gen=105 total_max=7.863177s total_avg=7.862540s compute_max=4.388097s compute_avg=3.666738s comm_max=4.259961s comm_avg=4.193603s root_ops=0.137777s overhead_ratio=0.559
Running Generation 106...
*** Completed generation 106 after 830.75244 seconds ***
- Best fitness in generation 106 is 7.91614
-- Overall best fitness is found in generation 89 and is 7.9146886
[MPI_TIMING] gen=106 total_max=7.869410s total_avg=7.868895s compute_max=3.696670s compute_avg=3.652725s comm_max=4.272926s comm_avg=4.213943s root_ops=0.139501s overhead_ratio=0.561
Running Generation 107...
*** Completed generation 107 after 838.60645 seconds ***
- Best fitness in generation 107 is 7.91614
-- Overall best fitness is found in generation 89 and is 7.9146886
[MPI_TIMING] gen=107 total_max=7.853907s total_avg=7.853233s compute_max=3.697296s compute_avg=3.651677s comm_max=4.256899s comm_avg=4.199343s root_ops=0.138730s overhead_ratio=0.560
Running Generation 108...
*** Completed generation 108 after 846.47064 seconds ***
- Best fitness in generation 108 is 7.91614
-- Overall best fitness is found in generation 89 and is 7.9146886
[MPI_TIMING] gen=108 total_max=7.864695s total_avg=7.864464s compute_max=3.696949s compute_avg=3.651839s comm_max=4.271162s comm_avg=4.210402s root_ops=0.139260s overhead_ratio=0.561
Running Generation 109...
*** Completed generation 109 after 854.3302 seconds ***
- Best fitness in generation 109 is 7.91614
-- Overall best fitness is found in generation 89 and is 7.9146886
[MPI_TIMING] gen=109 total_max=7.859473s total_avg=7.858500s compute_max=3.696142s compute_avg=3.653164s comm_max=4.255623s comm_avg=4.203130s root_ops=0.138135s overhead_ratio=0.559
Running Generation 110...
*** Completed generation 110 after 862.19727 seconds ***
- Best fitness in generation 110 is 7.9138823
-- Overall best fitness is found in generation 110 and is 7.9138823
[MPI_TIMING] gen=110 total_max=7.869302s total_avg=7.868666s compute_max=3.696701s compute_avg=3.651988s comm_max=4.261699s comm_avg=4.214437s root_ops=0.140419s overhead_ratio=0.559
Running Generation 111...
*** Completed generation 111 after 870.0588 seconds ***
- Best fitness in generation 111 is 7.9138823
-- Overall best fitness is found in generation 110 and is 7.9138823
[MPI_TIMING] gen=111 total_max=7.861405s total_avg=7.860197s compute_max=3.697589s compute_avg=3.652340s comm_max=4.254338s comm_avg=4.205636s root_ops=0.139055s overhead_ratio=0.559
Running Generation 112...
*** Completed generation 112 after 877.9279 seconds ***
- Best fitness in generation 112 is 7.9138823
-- Overall best fitness is found in generation 110 and is 7.9138823
[MPI_TIMING] gen=112 total_max=7.869090s total_avg=7.868926s compute_max=3.695895s compute_avg=3.652910s comm_max=4.268362s comm_avg=4.213799s root_ops=0.138952s overhead_ratio=0.560
Running Generation 113...
*** Completed generation 113 after 885.7753 seconds ***
- Best fitness in generation 113 is 7.9138823
-- Overall best fitness is found in generation 110 and is 7.9138823
[MPI_TIMING] gen=113 total_max=7.847309s total_avg=7.847077s compute_max=3.699104s compute_avg=3.653747s comm_max=4.234972s comm_avg=4.191116s root_ops=0.138779s overhead_ratio=0.557
Running Generation 114...
*** Completed generation 114 after 893.647 seconds ***
- Best fitness in generation 114 is 7.9138823
-- Overall best fitness is found in generation 110 and is 7.9138823
[MPI_TIMING] gen=114 total_max=7.873163s total_avg=7.872693s compute_max=3.697160s compute_avg=3.652416s comm_max=4.266147s comm_avg=4.218038s root_ops=0.140331s overhead_ratio=0.560
Running Generation 115...
*** Completed generation 115 after 901.50476 seconds ***
- Best fitness in generation 115 is 7.9153595
-- Overall best fitness is found in generation 110 and is 7.9138823
[MPI_TIMING] gen=115 total_max=7.857693s total_avg=7.856257s compute_max=3.694840s compute_avg=3.652891s comm_max=4.250872s comm_avg=4.201154s root_ops=0.138597s overhead_ratio=0.559
Running Generation 116...
*** Completed generation 116 after 909.3645 seconds ***
- Best fitness in generation 116 is 7.9153595
-- Overall best fitness is found in generation 110 and is 7.9138823
[MPI_TIMING] gen=116 total_max=7.860039s total_avg=7.859853s compute_max=3.694756s compute_avg=3.652514s comm_max=4.253407s comm_avg=4.205122s root_ops=0.138916s overhead_ratio=0.559
Running Generation 117...
*** Completed generation 117 after 917.2191 seconds ***
- Best fitness in generation 117 is 7.914194
-- Overall best fitness is found in generation 110 and is 7.9138823
[MPI_TIMING] gen=117 total_max=7.854768s total_avg=7.854599s compute_max=3.697331s compute_avg=3.652959s comm_max=4.248206s comm_avg=4.199420s root_ops=0.139137s overhead_ratio=0.559
Running Generation 118...
*** Completed generation 118 after 925.09247 seconds ***
- Best fitness in generation 118 is 7.914194
-- Overall best fitness is found in generation 110 and is 7.9138823
[MPI_TIMING] gen=118 total_max=7.874664s total_avg=7.874238s compute_max=3.697338s compute_avg=3.652903s comm_max=4.267553s comm_avg=4.219091s root_ops=0.140520s overhead_ratio=0.560
Running Generation 119...
*** Completed generation 119 after 932.94574 seconds ***
- Best fitness in generation 119 is 7.9153595
-- Overall best fitness is found in generation 110 and is 7.9138823
[MPI_TIMING] gen=119 total_max=7.853192s total_avg=7.851834s compute_max=3.696386s compute_avg=3.652224s comm_max=4.241379s comm_avg=4.197394s root_ops=0.138916s overhead_ratio=0.558
Running Generation 120...
*** Completed generation 120 after 940.8181 seconds ***
- Best fitness in generation 120 is 7.9153595
-- Overall best fitness is found in generation 110 and is 7.9138823
[MPI_TIMING] gen=120 total_max=7.872295s total_avg=7.872069s compute_max=3.695899s compute_avg=3.652286s comm_max=4.277837s comm_avg=4.217568s root_ops=0.138749s overhead_ratio=0.561
Running Generation 121...
*** Completed generation 121 after 948.6776 seconds ***
- Best fitness in generation 121 is 7.915323
-- Overall best fitness is found in generation 110 and is 7.9138823
[MPI_TIMING] gen=121 total_max=7.859572s total_avg=7.859427s compute_max=3.696837s compute_avg=3.652371s comm_max=4.263198s comm_avg=4.204840s root_ops=0.138877s overhead_ratio=0.560
Running Generation 122...
*** Completed generation 122 after 956.5495 seconds ***
- Best fitness in generation 122 is 7.915323
-- Overall best fitness is found in generation 110 and is 7.9138823
[MPI_TIMING] gen=122 total_max=7.872937s total_avg=7.872574s compute_max=3.698166s compute_avg=3.651498s comm_max=4.277425s comm_avg=4.218842s root_ops=0.139982s overhead_ratio=0.561
Running Generation 123...
*** Completed generation 123 after 964.4094 seconds ***
- Best fitness in generation 123 is 7.915323
-- Overall best fitness is found in generation 110 and is 7.9138823
[MPI_TIMING] gen=123 total_max=7.859840s total_avg=7.858774s compute_max=3.694453s compute_avg=3.650949s comm_max=4.256392s comm_avg=4.205611s root_ops=0.138690s overhead_ratio=0.559
Running Generation 124...
*** Completed generation 124 after 972.2675 seconds ***
- Best fitness in generation 124 is 7.915323
-- Overall best fitness is found in generation 110 and is 7.9138823
[MPI_TIMING] gen=124 total_max=7.859209s total_avg=7.858837s compute_max=3.700369s compute_avg=3.652065s comm_max=4.254271s comm_avg=4.204539s root_ops=0.139882s overhead_ratio=0.559
Running Generation 125...
*** Completed generation 125 after 980.12976 seconds ***
- Best fitness in generation 125 is 7.915323
-- Overall best fitness is found in generation 110 and is 7.9138823
[MPI_TIMING] gen=125 total_max=7.862129s total_avg=7.861383s compute_max=3.696991s compute_avg=3.651844s comm_max=4.256338s comm_avg=4.207321s root_ops=0.139029s overhead_ratio=0.559
Running Generation 126...
*** Completed generation 126 after 988.00024 seconds ***
- Best fitness in generation 126 is 7.920614
-- Overall best fitness is found in generation 110 and is 7.9138823
[MPI_TIMING] gen=126 total_max=7.872384s total_avg=7.871813s compute_max=3.695345s compute_avg=3.651755s comm_max=4.270887s comm_avg=4.217807s root_ops=0.140993s overhead_ratio=0.560
Running Generation 127...
*** Completed generation 127 after 995.8677 seconds ***
- Best fitness in generation 127 is 7.920614
-- Overall best fitness is found in generation 110 and is 7.9138823
[MPI_TIMING] gen=127 total_max=7.867355s total_avg=7.864834s compute_max=3.697354s compute_avg=3.651237s comm_max=4.264055s comm_avg=4.211397s root_ops=0.137843s overhead_ratio=0.560
Running Generation 128...
*** Completed generation 128 after 1003.7244 seconds ***
- Best fitness in generation 128 is 7.9209924
-- Overall best fitness is found in generation 110 and is 7.9138823
[MPI_TIMING] gen=128 total_max=7.858444s total_avg=7.857952s compute_max=3.695220s compute_avg=3.651125s comm_max=4.254977s comm_avg=4.204600s root_ops=0.139579s overhead_ratio=0.559
Running Generation 129...
*** Completed generation 129 after 1011.5813 seconds ***
- Best fitness in generation 129 is 7.9209924
-- Overall best fitness is found in generation 110 and is 7.9138823
[MPI_TIMING] gen=129 total_max=7.856759s total_avg=7.855736s compute_max=3.696495s compute_avg=3.652479s comm_max=4.251620s comm_avg=4.201049s root_ops=0.138372s overhead_ratio=0.559
Running Generation 130...
*** Completed generation 130 after 1019.4359 seconds ***
- Best fitness in generation 130 is 7.9212513
-- Overall best fitness is found in generation 110 and is 7.9138823
[MPI_TIMING] gen=130 total_max=7.855358s total_avg=7.855064s compute_max=3.699320s compute_avg=3.651430s comm_max=4.249349s comm_avg=4.201413s root_ops=0.139189s overhead_ratio=0.559
Running Generation 131...
*** Completed generation 131 after 1027.2943 seconds ***
- Best fitness in generation 131 is 7.918188
-- Overall best fitness is found in generation 110 and is 7.9138823
[MPI_TIMING] gen=131 total_max=7.858287s total_avg=7.857710s compute_max=3.696043s compute_avg=3.651620s comm_max=4.264040s comm_avg=4.203879s root_ops=0.138564s overhead_ratio=0.560
Running Generation 132...
*** Completed generation 132 after 1035.1523 seconds ***
- Best fitness in generation 132 is 7.920963
-- Overall best fitness is found in generation 110 and is 7.9138823
[MPI_TIMING] gen=132 total_max=7.858360s total_avg=7.858172s compute_max=3.694665s compute_avg=3.651522s comm_max=4.253333s comm_avg=4.204433s root_ops=0.138893s overhead_ratio=0.559
Running Generation 133...
*** Completed generation 133 after 1043.0118 seconds ***
- Best fitness in generation 133 is 7.9168224
-- Overall best fitness is found in generation 110 and is 7.9138823
[MPI_TIMING] gen=133 total_max=7.860496s total_avg=7.860119s compute_max=3.694729s compute_avg=3.651958s comm_max=4.259868s comm_avg=4.205926s root_ops=0.139946s overhead_ratio=0.560
Running Generation 134...
*** Completed generation 134 after 1050.8752 seconds ***
- Best fitness in generation 134 is 7.921197
-- Overall best fitness is found in generation 110 and is 7.9138823
[MPI_TIMING] gen=134 total_max=7.863435s total_avg=7.863276s compute_max=3.700486s compute_avg=3.652516s comm_max=4.255453s comm_avg=4.208523s root_ops=0.140062s overhead_ratio=0.559
Running Generation 135...
*** Completed generation 135 after 1058.7343 seconds ***
- Best fitness in generation 135 is 7.921197
-- Overall best fitness is found in generation 110 and is 7.9138823
[MPI_TIMING] gen=135 total_max=7.858950s total_avg=7.857263s compute_max=3.697755s compute_avg=3.651845s comm_max=4.251991s comm_avg=4.203216s root_ops=0.137982s overhead_ratio=0.559
Running Generation 136...
*** Completed generation 136 after 1066.5914 seconds ***
- Best fitness in generation 136 is 7.9151726
-- Overall best fitness is found in generation 110 and is 7.9138823
[MPI_TIMING] gen=136 total_max=7.858833s total_avg=7.858310s compute_max=3.696498s compute_avg=3.651798s comm_max=4.250788s comm_avg=4.204281s root_ops=0.139783s overhead_ratio=0.559
Running Generation 137...
*** Completed generation 137 after 1074.4495 seconds ***
- Best fitness in generation 137 is 7.921197
-- Overall best fitness is found in generation 110 and is 7.9138823
[MPI_TIMING] gen=137 total_max=7.857984s total_avg=7.856926s compute_max=3.694756s compute_avg=3.651893s comm_max=4.253536s comm_avg=4.202822s root_ops=0.138502s overhead_ratio=0.559
Running Generation 138...
*** Completed generation 138 after 1082.3112 seconds ***
- Best fitness in generation 138 is 7.921197
-- Overall best fitness is found in generation 110 and is 7.9138823
[MPI_TIMING] gen=138 total_max=7.862874s total_avg=7.862496s compute_max=3.697515s compute_avg=3.653311s comm_max=4.255136s comm_avg=4.206954s root_ops=0.139769s overhead_ratio=0.559
Running Generation 139...
*** Completed generation 139 after 1090.1836 seconds ***
- Best fitness in generation 139 is 7.921197
-- Overall best fitness is found in generation 110 and is 7.9138823
[MPI_TIMING] gen=139 total_max=7.872432s total_avg=7.871367s compute_max=3.694912s compute_avg=3.651696s comm_max=4.265911s comm_avg=4.217461s root_ops=0.138513s overhead_ratio=0.559
Running Generation 140...
*** Completed generation 140 after 1098.0485 seconds ***
- Best fitness in generation 140 is 7.921197
-- Overall best fitness is found in generation 110 and is 7.9138823
[MPI_TIMING] gen=140 total_max=7.866041s total_avg=7.865632s compute_max=3.695081s compute_avg=3.650836s comm_max=4.272857s comm_avg=4.212566s root_ops=0.139791s overhead_ratio=0.561
Running Generation 141...
*** Completed generation 141 after 1105.9193 seconds ***
- Best fitness in generation 141 is 7.921197
-- Overall best fitness is found in generation 110 and is 7.9138823
[MPI_TIMING] gen=141 total_max=7.872562s total_avg=7.872046s compute_max=3.695343s compute_avg=3.652091s comm_max=4.270763s comm_avg=4.217696s root_ops=0.141551s overhead_ratio=0.560
Running Generation 142...
*** Completed generation 142 after 1113.7877 seconds ***
- Best fitness in generation 142 is 7.9209914
-- Overall best fitness is found in generation 110 and is 7.9138823
[MPI_TIMING] gen=142 total_max=7.868252s total_avg=7.867010s compute_max=3.696552s compute_avg=3.651864s comm_max=4.260163s comm_avg=4.212910s root_ops=0.140108s overhead_ratio=0.559
Running Generation 143...
*** Completed generation 143 after 1121.6571 seconds ***
- Best fitness in generation 143 is 7.9209914
-- Overall best fitness is found in generation 110 and is 7.9138823
[MPI_TIMING] gen=143 total_max=7.869335s total_avg=7.868193s compute_max=3.695646s compute_avg=3.652200s comm_max=4.264397s comm_avg=4.213780s root_ops=0.138739s overhead_ratio=0.560
Running Generation 144...
*** Completed generation 144 after 1129.526 seconds ***
- Best fitness in generation 144 is 7.917773
-- Overall best fitness is found in generation 110 and is 7.9138823
[MPI_TIMING] gen=144 total_max=7.869962s total_avg=7.869606s compute_max=3.694909s compute_avg=3.651765s comm_max=4.262989s comm_avg=4.215609s root_ops=0.139875s overhead_ratio=0.559
Running Generation 145...
*** Completed generation 145 after 1137.4036 seconds ***
- Best fitness in generation 145 is 7.917773
-- Overall best fitness is found in generation 110 and is 7.9138823
[MPI_TIMING] gen=145 total_max=7.877493s total_avg=7.877122s compute_max=3.696574s compute_avg=3.650353s comm_max=4.274467s comm_avg=4.224544s root_ops=0.139502s overhead_ratio=0.560
Running Generation 146...
*** Completed generation 146 after 1145.2762 seconds ***
- Best fitness in generation 146 is 7.917773
-- Overall best fitness is found in generation 110 and is 7.9138823
[MPI_TIMING] gen=146 total_max=7.873066s total_avg=7.872838s compute_max=3.696929s compute_avg=3.651290s comm_max=4.272376s comm_avg=4.219314s root_ops=0.140002s overhead_ratio=0.560
Running Generation 147...
*** Completed generation 147 after 1153.1489 seconds ***
- Best fitness in generation 147 is 7.917773
-- Overall best fitness is found in generation 110 and is 7.9138823
[MPI_TIMING] gen=147 total_max=7.872571s total_avg=7.871757s compute_max=3.695596s compute_avg=3.651577s comm_max=4.267638s comm_avg=4.217960s root_ops=0.139063s overhead_ratio=0.560
Running Generation 148...
*** Completed generation 148 after 1161.0118 seconds ***
- Best fitness in generation 148 is 7.917773
-- Overall best fitness is found in generation 110 and is 7.9138823
[MPI_TIMING] gen=148 total_max=7.864012s total_avg=7.863635s compute_max=3.694458s compute_avg=3.651689s comm_max=4.260016s comm_avg=4.209708s root_ops=0.140231s overhead_ratio=0.560
Running Generation 149...
*** Completed generation 149 after 1168.8766 seconds ***
- Best fitness in generation 149 is 7.917773
-- Overall best fitness is found in generation 110 and is 7.9138823
[MPI_TIMING] gen=149 total_max=7.865396s total_avg=7.865129s compute_max=3.697137s compute_avg=3.653382s comm_max=4.258174s comm_avg=4.209499s root_ops=0.140810s overhead_ratio=0.559
Running Generation 150...
*** Completed generation 150 after 1176.7362 seconds ***
- Best fitness in generation 150 is 7.917773
-- Overall best fitness is found in generation 110 and is 7.9138823
[MPI_TIMING] gen=150 total_max=7.859465s total_avg=7.858648s compute_max=3.696840s compute_avg=3.651337s comm_max=4.258625s comm_avg=4.205079s root_ops=0.139885s overhead_ratio=0.560
Reached 150 generations, exiting...


- Overall best fitness is 7.9138823
- The best individual is:
                generation:	110
                index:		498
                fitness:	7.9138823
                string:	0.00000;0.48045;0.00000;0.00000;0.41036;0.67629;0.75779

