Scale config: households=48 horizon=60 individuals=2000 max_generation=150 repetitions=8
Running distributed (MPI) GA exploration...
Running Generation 1...
*** Completed generation 1 after 2.7787185 seconds ***
- Best fitness in generation 1 is 8.655482
-- Overall best fitness is found in generation 1 and is 8.655482
[MPI_TIMING] gen=1 total_max=2.782502s total_avg=2.779748s compute_max=2.774176s compute_avg=2.761510s comm_max=0.030437s comm_avg=0.016478s root_ops=0.006840s overhead_ratio=0.013
Running Generation 2...
*** Completed generation 2 after 5.560601 seconds ***
- Best fitness in generation 2 is 8.638414
-- Overall best fitness is found in generation 2 and is 8.638414
[MPI_TIMING] gen=2 total_max=2.781980s total_avg=2.781876s compute_max=2.774548s compute_avg=2.759093s comm_max=0.034874s comm_avg=0.020982s root_ops=0.007008s overhead_ratio=0.015
Running Generation 3...
*** Completed generation 3 after 8.334387 seconds ***
- Best fitness in generation 3 is 8.655482
-- Overall best fitness is found in generation 2 and is 8.638414
[MPI_TIMING] gen=3 total_max=2.773736s total_avg=2.773686s compute_max=2.765799s compute_avg=2.754642s comm_max=0.026711s comm_avg=0.017278s root_ops=0.006869s overhead_ratio=0.012
Running Generation 4...
*** Completed generation 4 after 11.104435 seconds ***
- Best fitness in generation 4 is 8.655482
-- Overall best fitness is found in generation 2 and is 8.638414
[MPI_TIMING] gen=4 total_max=2.769998s total_avg=2.769968s compute_max=2.762244s compute_avg=2.756018s comm_max=0.021073s comm_avg=0.012198s root_ops=0.006793s overhead_ratio=0.010
Running Generation 5...
*** Completed generation 5 after 13.889277 seconds ***
- Best fitness in generation 5 is 8.655482
-- Overall best fitness is found in generation 2 and is 8.638414
[MPI_TIMING] gen=5 total_max=2.785123s total_avg=2.785075s compute_max=2.777174s compute_avg=2.762972s comm_max=0.030525s comm_avg=0.020331s root_ops=0.006876s overhead_ratio=0.013
Running Generation 6...
*** Completed generation 6 after 16.664085 seconds ***
- Best fitness in generation 6 is 8.655482
-- Overall best fitness is found in generation 2 and is 8.638414
[MPI_TIMING] gen=6 total_max=2.774629s total_avg=2.774538s compute_max=2.766734s compute_avg=2.761219s comm_max=0.021645s comm_avg=0.011505s root_ops=0.007036s overhead_ratio=0.010
Running Generation 7...
*** Completed generation 7 after 19.458872 seconds ***
- Best fitness in generation 7 is 8.655482
-- Overall best fitness is found in generation 2 and is 8.638414
[MPI_TIMING] gen=7 total_max=2.794727s total_avg=2.794666s compute_max=2.786885s compute_avg=2.770822s comm_max=0.039647s comm_avg=0.022084s root_ops=0.006828s overhead_ratio=0.017
Running Generation 8...
*** Completed generation 8 after 22.242462 seconds ***
- Best fitness in generation 8 is 8.655482
-- Overall best fitness is found in generation 2 and is 8.638414
[MPI_TIMING] gen=8 total_max=2.783707s total_avg=2.783616s compute_max=2.776267s compute_avg=2.767685s comm_max=0.030198s comm_avg=0.014130s root_ops=0.006978s overhead_ratio=0.013
Running Generation 9...
*** Completed generation 9 after 25.030544 seconds ***
- Best fitness in generation 9 is 8.613438
-- Overall best fitness is found in generation 9 and is 8.613438
[MPI_TIMING] gen=9 total_max=2.787997s total_avg=2.787922s compute_max=2.780004s compute_avg=2.770711s comm_max=0.031876s comm_avg=0.015481s root_ops=0.006710s overhead_ratio=0.014
Running Generation 10...
*** Completed generation 10 after 27.822031 seconds ***
- Best fitness in generation 10 is 8.433355
-- Overall best fitness is found in generation 10 and is 8.433355
[MPI_TIMING] gen=10 total_max=2.791765s total_avg=2.791545s compute_max=2.784284s compute_avg=2.773204s comm_max=0.038074s comm_avg=0.016526s root_ops=0.007038s overhead_ratio=0.016
Running Generation 11...
*** Completed generation 11 after 30.624155 seconds ***
- Best fitness in generation 11 is 8.410477
-- Overall best fitness is found in generation 11 and is 8.410477
[MPI_TIMING] gen=11 total_max=2.802043s total_avg=2.801999s compute_max=2.794221s compute_avg=2.775582s comm_max=0.048207s comm_avg=0.024646s root_ops=0.006870s overhead_ratio=0.020
Running Generation 12...
*** Completed generation 12 after 33.420757 seconds ***
- Best fitness in generation 12 is 8.410477
-- Overall best fitness is found in generation 11 and is 8.410477
[MPI_TIMING] gen=12 total_max=2.796582s total_avg=2.796549s compute_max=2.788901s compute_avg=2.779611s comm_max=0.030661s comm_avg=0.015187s root_ops=0.006780s overhead_ratio=0.013
Running Generation 13...
*** Completed generation 13 after 36.2251 seconds ***
- Best fitness in generation 13 is 8.417608
-- Overall best fitness is found in generation 11 and is 8.410477
[MPI_TIMING] gen=13 total_max=2.804333s total_avg=2.804312s compute_max=2.797103s compute_avg=2.782327s comm_max=0.038187s comm_avg=0.020222s root_ops=0.006839s overhead_ratio=0.016
Running Generation 14...
*** Completed generation 14 after 39.028584 seconds ***
- Best fitness in generation 14 is 8.369904
-- Overall best fitness is found in generation 14 and is 8.369904
[MPI_TIMING] gen=14 total_max=2.803553s total_avg=2.803478s compute_max=2.796141s compute_avg=2.780740s comm_max=0.041837s comm_avg=0.020941s root_ops=0.006970s overhead_ratio=0.017
Running Generation 15...
*** Completed generation 15 after 41.827297 seconds ***
- Best fitness in generation 15 is 8.307788
-- Overall best fitness is found in generation 15 and is 8.307788
[MPI_TIMING] gen=15 total_max=2.798660s total_avg=2.798618s compute_max=2.790887s compute_avg=2.780174s comm_max=0.035949s comm_avg=0.016680s root_ops=0.006824s overhead_ratio=0.015
Running Generation 16...
*** Completed generation 16 after 44.632023 seconds ***
- Best fitness in generation 16 is 8.271538
-- Overall best fitness is found in generation 16 and is 8.271538
[MPI_TIMING] gen=16 total_max=2.804689s total_avg=2.804654s compute_max=2.797436s compute_avg=2.784639s comm_max=0.038802s comm_avg=0.018276s root_ops=0.006739s overhead_ratio=0.016
Running Generation 17...
*** Completed generation 17 after 47.43254 seconds ***
- Best fitness in generation 17 is 8.150647
-- Overall best fitness is found in generation 17 and is 8.150647
[MPI_TIMING] gen=17 total_max=2.800491s total_avg=2.800456s compute_max=2.792917s compute_avg=2.778715s comm_max=0.035942s comm_avg=0.020026s root_ops=0.006640s overhead_ratio=0.015
Running Generation 18...
*** Completed generation 18 after 50.225983 seconds ***
- Best fitness in generation 18 is 8.182363
-- Overall best fitness is found in generation 17 and is 8.150647
[MPI_TIMING] gen=18 total_max=2.793435s total_avg=2.792966s compute_max=2.786134s compute_avg=2.406378s comm_max=0.761837s comm_avg=0.385325s root_ops=0.004818s overhead_ratio=0.274
Running Generation 19...
*** Completed generation 19 after 53.020653 seconds ***
- Best fitness in generation 19 is 8.094205
-- Overall best fitness is found in generation 19 and is 8.094205
[MPI_TIMING] gen=19 total_max=2.794580s total_avg=2.794500s compute_max=2.789207s compute_avg=2.297812s comm_max=0.980941s comm_avg=0.495489s root_ops=0.004578s overhead_ratio=0.353
Running Generation 20...
*** Completed generation 20 after 55.376522 seconds ***
- Best fitness in generation 20 is 8.094205
-- Overall best fitness is found in generation 19 and is 8.094205
[MPI_TIMING] gen=20 total_max=2.355831s total_avg=2.355806s compute_max=2.350741s compute_avg=2.082291s comm_max=0.538584s comm_avg=0.272340s root_ops=0.004518s overhead_ratio=0.231
Running Generation 21...
*** Completed generation 21 after 57.215324 seconds ***
- Best fitness in generation 21 is 8.077955
-- Overall best fitness is found in generation 21 and is 8.077955
[MPI_TIMING] gen=21 total_max=1.838781s total_avg=1.838759s compute_max=1.833412s compute_avg=1.816873s comm_max=0.037663s comm_avg=0.020722s root_ops=0.004492s overhead_ratio=0.023
Running Generation 22...
*** Completed generation 22 after 59.05315 seconds ***
- Best fitness in generation 22 is 8.066273
-- Overall best fitness is found in generation 22 and is 8.066273
[MPI_TIMING] gen=22 total_max=1.837807s total_avg=1.837793s compute_max=1.832503s compute_avg=1.815635s comm_max=0.039377s comm_avg=0.020996s root_ops=0.004486s overhead_ratio=0.024
Running Generation 23...
*** Completed generation 23 after 60.892 seconds ***
- Best fitness in generation 23 is 7.9888096
-- Overall best fitness is found in generation 23 and is 7.9888096
[MPI_TIMING] gen=23 total_max=1.838827s total_avg=1.838821s compute_max=1.833521s compute_avg=1.817903s comm_max=0.033836s comm_avg=0.019757s root_ops=0.004500s overhead_ratio=0.021
Running Generation 24...
*** Completed generation 24 after 62.734707 seconds ***
- Best fitness in generation 24 is 7.9888096
-- Overall best fitness is found in generation 23 and is 7.9888096
[MPI_TIMING] gen=24 total_max=1.842681s total_avg=1.842669s compute_max=1.837396s compute_avg=1.819188s comm_max=0.036755s comm_avg=0.022322s root_ops=0.004491s overhead_ratio=0.022
Running Generation 25...
*** Completed generation 25 after 64.57679 seconds ***
- Best fitness in generation 25 is 7.9888096
-- Overall best fitness is found in generation 23 and is 7.9888096
[MPI_TIMING] gen=25 total_max=1.842109s total_avg=1.842082s compute_max=1.836783s compute_avg=1.820870s comm_max=0.038915s comm_avg=0.020036s root_ops=0.004549s overhead_ratio=0.024
Running Generation 26...
*** Completed generation 26 after 66.42135 seconds ***
- Best fitness in generation 26 is 7.9835815
-- Overall best fitness is found in generation 26 and is 7.9835815
[MPI_TIMING] gen=26 total_max=1.844545s total_avg=1.844536s compute_max=1.839105s compute_avg=1.821182s comm_max=0.041327s comm_avg=0.022171s root_ops=0.004585s overhead_ratio=0.025
Running Generation 27...
*** Completed generation 27 after 68.27061 seconds ***
- Best fitness in generation 27 is 7.9835815
-- Overall best fitness is found in generation 26 and is 7.9835815
[MPI_TIMING] gen=27 total_max=1.849583s total_avg=1.849313s compute_max=1.843650s compute_avg=1.822368s comm_max=0.043148s comm_avg=0.025668s root_ops=0.004941s overhead_ratio=0.026
Running Generation 28...
*** Completed generation 28 after 70.12536 seconds ***
- Best fitness in generation 28 is 7.9781084
-- Overall best fitness is found in generation 28 and is 7.9781084
[MPI_TIMING] gen=28 total_max=1.854716s total_avg=1.854591s compute_max=1.848354s compute_avg=1.826160s comm_max=0.045608s comm_avg=0.027254s root_ops=0.004556s overhead_ratio=0.027
Running Generation 29...
*** Completed generation 29 after 71.979485 seconds ***
- Best fitness in generation 29 is 7.972646
-- Overall best fitness is found in generation 29 and is 7.972646
[MPI_TIMING] gen=29 total_max=1.854109s total_avg=1.854097s compute_max=1.848233s compute_avg=1.826793s comm_max=0.048223s comm_avg=0.026128s root_ops=0.004560s overhead_ratio=0.028
Running Generation 30...
*** Completed generation 30 after 73.83448 seconds ***
- Best fitness in generation 30 is 7.972646
-- Overall best fitness is found in generation 29 and is 7.972646
[MPI_TIMING] gen=30 total_max=1.854978s total_avg=1.854964s compute_max=1.849095s compute_avg=1.825589s comm_max=0.048027s comm_avg=0.028202s root_ops=0.004546s overhead_ratio=0.028
Running Generation 31...
*** Completed generation 31 after 75.68879 seconds ***
- Best fitness in generation 31 is 7.972646
-- Overall best fitness is found in generation 29 and is 7.972646
[MPI_TIMING] gen=31 total_max=1.854288s total_avg=1.854280s compute_max=1.848430s compute_avg=1.825329s comm_max=0.043664s comm_avg=0.027774s root_ops=0.004559s overhead_ratio=0.026
Running Generation 32...
*** Completed generation 32 after 77.541855 seconds ***
- Best fitness in generation 32 is 7.9687595
-- Overall best fitness is found in generation 32 and is 7.9687595
[MPI_TIMING] gen=32 total_max=1.853042s total_avg=1.853037s compute_max=1.847178s compute_avg=1.824525s comm_max=0.046681s comm_avg=0.027330s root_ops=0.004580s overhead_ratio=0.028
Running Generation 33...
*** Completed generation 33 after 79.399536 seconds ***
- Best fitness in generation 33 is 7.9711556
-- Overall best fitness is found in generation 32 and is 7.9687595
[MPI_TIMING] gen=33 total_max=1.857671s total_avg=1.857656s compute_max=1.851715s compute_avg=1.826633s comm_max=0.046663s comm_avg=0.029845s root_ops=0.004555s overhead_ratio=0.028
Running Generation 34...
*** Completed generation 34 after 81.251755 seconds ***
- Best fitness in generation 34 is 7.9566617
-- Overall best fitness is found in generation 34 and is 7.9566617
[MPI_TIMING] gen=34 total_max=1.852204s total_avg=1.852184s compute_max=1.846316s compute_avg=1.826294s comm_max=0.039152s comm_avg=0.024719s root_ops=0.004522s overhead_ratio=0.024
Running Generation 35...
*** Completed generation 35 after 83.10627 seconds ***
- Best fitness in generation 35 is 7.961785
-- Overall best fitness is found in generation 34 and is 7.9566617
[MPI_TIMING] gen=35 total_max=1.854487s total_avg=1.854478s compute_max=1.848656s compute_avg=1.826661s comm_max=0.047045s comm_avg=0.026641s root_ops=0.004562s overhead_ratio=0.028
Running Generation 36...
*** Completed generation 36 after 84.95791 seconds ***
- Best fitness in generation 36 is 7.961785
-- Overall best fitness is found in generation 34 and is 7.9566617
[MPI_TIMING] gen=36 total_max=1.851946s total_avg=1.851706s compute_max=1.845468s compute_avg=1.824639s comm_max=0.045681s comm_avg=0.025803s root_ops=0.004902s overhead_ratio=0.027
Running Generation 37...
*** Completed generation 37 after 86.81512 seconds ***
- Best fitness in generation 37 is 7.961785
-- Overall best fitness is found in generation 34 and is 7.9566617
[MPI_TIMING] gen=37 total_max=1.857171s total_avg=1.857036s compute_max=1.850920s compute_avg=1.826749s comm_max=0.049642s comm_avg=0.029144s root_ops=0.004418s overhead_ratio=0.029
Running Generation 38...
*** Completed generation 38 after 88.67053 seconds ***
- Best fitness in generation 38 is 7.961785
-- Overall best fitness is found in generation 34 and is 7.9566617
[MPI_TIMING] gen=38 total_max=1.855543s total_avg=1.855431s compute_max=1.849597s compute_avg=1.826760s comm_max=0.042715s comm_avg=0.027487s root_ops=0.004589s overhead_ratio=0.025
Running Generation 39...
*** Completed generation 39 after 90.52416 seconds ***
- Best fitness in generation 39 is 7.961785
-- Overall best fitness is found in generation 34 and is 7.9566617
[MPI_TIMING] gen=39 total_max=1.853588s total_avg=1.853561s compute_max=1.847719s compute_avg=1.825796s comm_max=0.043363s comm_avg=0.026600s root_ops=0.004497s overhead_ratio=0.026
Running Generation 40...
*** Completed generation 40 after 92.37918 seconds ***
- Best fitness in generation 40 is 7.9529166
-- Overall best fitness is found in generation 40 and is 7.9529166
[MPI_TIMING] gen=40 total_max=1.855129s total_avg=1.855032s compute_max=1.849133s compute_avg=1.826241s comm_max=0.044159s comm_avg=0.027592s root_ops=0.004647s overhead_ratio=0.026
Running Generation 41...
*** Completed generation 41 after 94.23162 seconds ***
- Best fitness in generation 41 is 7.9529166
-- Overall best fitness is found in generation 40 and is 7.9529166
[MPI_TIMING] gen=41 total_max=1.852417s total_avg=1.852370s compute_max=1.846461s compute_avg=1.824539s comm_max=0.044937s comm_avg=0.026670s root_ops=0.004494s overhead_ratio=0.027
Running Generation 42...
*** Completed generation 42 after 96.08685 seconds ***
- Best fitness in generation 42 is 7.9529166
-- Overall best fitness is found in generation 40 and is 7.9529166
[MPI_TIMING] gen=42 total_max=1.855285s total_avg=1.855235s compute_max=1.849370s compute_avg=1.823754s comm_max=0.046963s comm_avg=0.030295s root_ops=0.004585s overhead_ratio=0.028
Running Generation 43...
*** Completed generation 43 after 97.94338 seconds ***
- Best fitness in generation 43 is 7.9529166
-- Overall best fitness is found in generation 40 and is 7.9529166
[MPI_TIMING] gen=43 total_max=1.856499s total_avg=1.856470s compute_max=1.850618s compute_avg=1.825813s comm_max=0.047356s comm_avg=0.029493s root_ops=0.004511s overhead_ratio=0.028
Running Generation 44...
*** Completed generation 44 after 99.79834 seconds ***
- Best fitness in generation 44 is 7.9547334
-- Overall best fitness is found in generation 40 and is 7.9529166
[MPI_TIMING] gen=44 total_max=1.854939s total_avg=1.854926s compute_max=1.849114s compute_avg=1.825056s comm_max=0.043148s comm_avg=0.028706s root_ops=0.004503s overhead_ratio=0.026
Running Generation 45...
*** Completed generation 45 after 101.65441 seconds ***
- Best fitness in generation 45 is 7.9547334
-- Overall best fitness is found in generation 40 and is 7.9529166
[MPI_TIMING] gen=45 total_max=1.856089s total_avg=1.856066s compute_max=1.850184s compute_avg=1.826233s comm_max=0.045193s comm_avg=0.028657s root_ops=0.004556s overhead_ratio=0.027
Running Generation 46...
*** Completed generation 46 after 103.5078 seconds ***
- Best fitness in generation 46 is 7.9524746
-- Overall best fitness is found in generation 46 and is 7.9524746
[MPI_TIMING] gen=46 total_max=1.853355s total_avg=1.853336s compute_max=1.847487s compute_avg=1.825807s comm_max=0.040078s comm_avg=0.026361s root_ops=0.004528s overhead_ratio=0.024
Running Generation 47...
*** Completed generation 47 after 105.362114 seconds ***
- Best fitness in generation 47 is 7.9523926
-- Overall best fitness is found in generation 47 and is 7.9523926
[MPI_TIMING] gen=47 total_max=1.854293s total_avg=1.854283s compute_max=1.848450s compute_avg=1.824576s comm_max=0.044680s comm_avg=0.028541s root_ops=0.004520s overhead_ratio=0.027
Running Generation 48...
*** Completed generation 48 after 107.21488 seconds ***
- Best fitness in generation 48 is 7.9523926
-- Overall best fitness is found in generation 47 and is 7.9523926
[MPI_TIMING] gen=48 total_max=1.852757s total_avg=1.852743s compute_max=1.846907s compute_avg=1.824539s comm_max=0.042683s comm_avg=0.027039s root_ops=0.004507s overhead_ratio=0.025
Running Generation 49...
*** Completed generation 49 after 109.06967 seconds ***
- Best fitness in generation 49 is 7.9523926
-- Overall best fitness is found in generation 47 and is 7.9523926
[MPI_TIMING] gen=49 total_max=1.854778s total_avg=1.854771s compute_max=1.848942s compute_avg=1.824881s comm_max=0.044376s comm_avg=0.028722s root_ops=0.004527s overhead_ratio=0.026
Running Generation 50...
*** Completed generation 50 after 110.92444 seconds ***
- Best fitness in generation 50 is 7.9523926
-- Overall best fitness is found in generation 47 and is 7.9523926
[MPI_TIMING] gen=50 total_max=1.854732s total_avg=1.854716s compute_max=1.848907s compute_avg=1.825837s comm_max=0.045361s comm_avg=0.027713s root_ops=0.004518s overhead_ratio=0.027
Running Generation 51...
*** Completed generation 51 after 112.778534 seconds ***
- Best fitness in generation 51 is 7.9523926
-- Overall best fitness is found in generation 47 and is 7.9523926
[MPI_TIMING] gen=51 total_max=1.854082s total_avg=1.854068s compute_max=1.848268s compute_avg=1.826116s comm_max=0.044576s comm_avg=0.026790s root_ops=0.004502s overhead_ratio=0.026
Running Generation 52...
*** Completed generation 52 after 114.63207 seconds ***
- Best fitness in generation 52 is 7.9523926
-- Overall best fitness is found in generation 47 and is 7.9523926
[MPI_TIMING] gen=52 total_max=1.853528s total_avg=1.853487s compute_max=1.847713s compute_avg=1.824956s comm_max=0.043466s comm_avg=0.027399s root_ops=0.004376s overhead_ratio=0.026
Running Generation 53...
*** Completed generation 53 after 116.489746 seconds ***
- Best fitness in generation 53 is 7.9523926
-- Overall best fitness is found in generation 47 and is 7.9523926
[MPI_TIMING] gen=53 total_max=1.857736s total_avg=1.857666s compute_max=1.851972s compute_avg=1.826069s comm_max=0.048612s comm_avg=0.030438s root_ops=0.004489s overhead_ratio=0.029
Running Generation 54...
*** Completed generation 54 after 118.34285 seconds ***
- Best fitness in generation 54 is 7.9523926
-- Overall best fitness is found in generation 47 and is 7.9523926
[MPI_TIMING] gen=54 total_max=1.853156s total_avg=1.853093s compute_max=1.847245s compute_avg=1.825974s comm_max=0.044485s comm_avg=0.025936s root_ops=0.004578s overhead_ratio=0.026
Running Generation 55...
*** Completed generation 55 after 120.1982 seconds ***
- Best fitness in generation 55 is 7.9510126
-- Overall best fitness is found in generation 55 and is 7.9510126
[MPI_TIMING] gen=55 total_max=1.855319s total_avg=1.855287s compute_max=1.849404s compute_avg=1.825592s comm_max=0.050522s comm_avg=0.028531s root_ops=0.004490s overhead_ratio=0.030
Running Generation 56...
*** Completed generation 56 after 122.0511 seconds ***
- Best fitness in generation 56 is 7.9498158
-- Overall best fitness is found in generation 56 and is 7.9498158
[MPI_TIMING] gen=56 total_max=1.852884s total_avg=1.852871s compute_max=1.847078s compute_avg=1.826900s comm_max=0.044289s comm_avg=0.024814s root_ops=0.004478s overhead_ratio=0.026
Running Generation 57...
*** Completed generation 57 after 123.90884 seconds ***
- Best fitness in generation 57 is 7.9498158
-- Overall best fitness is found in generation 56 and is 7.9498158
[MPI_TIMING] gen=57 total_max=1.857721s total_avg=1.857709s compute_max=1.852003s compute_avg=1.827303s comm_max=0.045339s comm_avg=0.029248s root_ops=0.004486s overhead_ratio=0.027
Running Generation 58...
*** Completed generation 58 after 125.76674 seconds ***
- Best fitness in generation 58 is 7.9510126
-- Overall best fitness is found in generation 56 and is 7.9498158
[MPI_TIMING] gen=58 total_max=1.857933s total_avg=1.857889s compute_max=1.852098s compute_avg=1.825947s comm_max=0.045661s comm_avg=0.030766s root_ops=0.004563s overhead_ratio=0.027
Running Generation 59...
*** Completed generation 59 after 127.62135 seconds ***
- Best fitness in generation 59 is 7.9510126
-- Overall best fitness is found in generation 56 and is 7.9498158
[MPI_TIMING] gen=59 total_max=1.854601s total_avg=1.854573s compute_max=1.848711s compute_avg=1.824479s comm_max=0.045629s comm_avg=0.028933s root_ops=0.004493s overhead_ratio=0.027
Running Generation 60...
*** Completed generation 60 after 129.47957 seconds ***
- Best fitness in generation 60 is 7.9510126
-- Overall best fitness is found in generation 56 and is 7.9498158
[MPI_TIMING] gen=60 total_max=1.858191s total_avg=1.858176s compute_max=1.852398s compute_avg=1.825915s comm_max=0.047321s comm_avg=0.031106s root_ops=0.004474s overhead_ratio=0.028
Running Generation 61...
*** Completed generation 61 after 131.3384 seconds ***
- Best fitness in generation 61 is 7.9510126
-- Overall best fitness is found in generation 56 and is 7.9498158
[MPI_TIMING] gen=61 total_max=1.858928s total_avg=1.858837s compute_max=1.852964s compute_avg=1.827286s comm_max=0.048703s comm_avg=0.030360s root_ops=0.004621s overhead_ratio=0.029
Running Generation 62...
*** Completed generation 62 after 133.19305 seconds ***
- Best fitness in generation 62 is 7.9498677
-- Overall best fitness is found in generation 56 and is 7.9498158
[MPI_TIMING] gen=62 total_max=1.854650s total_avg=1.854620s compute_max=1.848721s compute_avg=1.826412s comm_max=0.045522s comm_avg=0.027035s root_ops=0.004544s overhead_ratio=0.027
Running Generation 63...
*** Completed generation 63 after 135.05074 seconds ***
- Best fitness in generation 63 is 7.9498677
-- Overall best fitness is found in generation 56 and is 7.9498158
[MPI_TIMING] gen=63 total_max=1.857663s total_avg=1.857638s compute_max=1.851788s compute_avg=1.826291s comm_max=0.046635s comm_avg=0.030182s root_ops=0.004506s overhead_ratio=0.028
Running Generation 64...
*** Completed generation 64 after 136.90797 seconds ***
- Best fitness in generation 64 is 7.951515
-- Overall best fitness is found in generation 56 and is 7.9498158
[MPI_TIMING] gen=64 total_max=1.857210s total_avg=1.857191s compute_max=1.851427s compute_avg=1.825913s comm_max=0.050370s comm_avg=0.030125s root_ops=0.004470s overhead_ratio=0.030
Running Generation 65...
*** Completed generation 65 after 138.76495 seconds ***
- Best fitness in generation 65 is 7.9509277
-- Overall best fitness is found in generation 56 and is 7.9498158
[MPI_TIMING] gen=65 total_max=1.857016s total_avg=1.856982s compute_max=1.851166s compute_avg=1.827506s comm_max=0.047108s comm_avg=0.028304s root_ops=0.004540s overhead_ratio=0.028
Running Generation 66...
*** Completed generation 66 after 140.6189 seconds ***
- Best fitness in generation 66 is 7.9509277
-- Overall best fitness is found in generation 56 and is 7.9498158
[MPI_TIMING] gen=66 total_max=1.853916s total_avg=1.853897s compute_max=1.848078s compute_avg=1.825146s comm_max=0.044796s comm_avg=0.027585s root_ops=0.004513s overhead_ratio=0.027
Running Generation 67...
*** Completed generation 67 after 142.47443 seconds ***
- Best fitness in generation 67 is 7.9509277
-- Overall best fitness is found in generation 56 and is 7.9498158
[MPI_TIMING] gen=67 total_max=1.855547s total_avg=1.855515s compute_max=1.849708s compute_avg=1.825290s comm_max=0.049960s comm_avg=0.029045s root_ops=0.004581s overhead_ratio=0.029
Running Generation 68...
*** Completed generation 68 after 144.32918 seconds ***
- Best fitness in generation 68 is 7.9509277
-- Overall best fitness is found in generation 56 and is 7.9498158
[MPI_TIMING] gen=68 total_max=1.854738s total_avg=1.854732s compute_max=1.848864s compute_avg=1.825361s comm_max=0.046581s comm_avg=0.028184s root_ops=0.004597s overhead_ratio=0.028
Running Generation 69...
*** Completed generation 69 after 146.18204 seconds ***
- Best fitness in generation 69 is 7.9509277
-- Overall best fitness is found in generation 56 and is 7.9498158
[MPI_TIMING] gen=69 total_max=1.852829s total_avg=1.852793s compute_max=1.846939s compute_avg=1.826798s comm_max=0.041313s comm_avg=0.024832s root_ops=0.004507s overhead_ratio=0.025
Running Generation 70...
*** Completed generation 70 after 148.04062 seconds ***
- Best fitness in generation 70 is 7.9509277
-- Overall best fitness is found in generation 56 and is 7.9498158
[MPI_TIMING] gen=70 total_max=1.858574s total_avg=1.858571s compute_max=1.852660s compute_avg=1.827570s comm_max=0.046897s comm_avg=0.029829s root_ops=0.004539s overhead_ratio=0.028
Running Generation 71...
*** Completed generation 71 after 149.89627 seconds ***
- Best fitness in generation 71 is 7.9509277
-- Overall best fitness is found in generation 56 and is 7.9498158
[MPI_TIMING] gen=71 total_max=1.855639s total_avg=1.855606s compute_max=1.849806s compute_avg=1.826671s comm_max=0.044746s comm_avg=0.027785s root_ops=0.004456s overhead_ratio=0.027
Running Generation 72...
*** Completed generation 72 after 151.74902 seconds ***
- Best fitness in generation 72 is 7.951783
-- Overall best fitness is found in generation 56 and is 7.9498158
[MPI_TIMING] gen=72 total_max=1.852739s total_avg=1.852725s compute_max=1.846978s compute_avg=1.827017s comm_max=0.038661s comm_avg=0.024548s root_ops=0.004489s overhead_ratio=0.023
Running Generation 73...
*** Completed generation 73 after 153.6064 seconds ***
- Best fitness in generation 73 is 7.951783
-- Overall best fitness is found in generation 56 and is 7.9498158
[MPI_TIMING] gen=73 total_max=1.857330s total_avg=1.857327s compute_max=1.851576s compute_avg=1.826890s comm_max=0.046640s comm_avg=0.029277s root_ops=0.004493s overhead_ratio=0.028
Running Generation 74...
*** Completed generation 74 after 155.46149 seconds ***
- Best fitness in generation 74 is 7.9514556
-- Overall best fitness is found in generation 56 and is 7.9498158
[MPI_TIMING] gen=74 total_max=1.855080s total_avg=1.855062s compute_max=1.849272s compute_avg=1.825368s comm_max=0.045494s comm_avg=0.028541s root_ops=0.004457s overhead_ratio=0.027
Running Generation 75...
*** Completed generation 75 after 157.31456 seconds ***
- Best fitness in generation 75 is 7.951783
-- Overall best fitness is found in generation 56 and is 7.9498158
[MPI_TIMING] gen=75 total_max=1.853058s total_avg=1.853050s compute_max=1.847305s compute_avg=1.824387s comm_max=0.041256s comm_avg=0.027504s root_ops=0.004492s overhead_ratio=0.025
Running Generation 76...
*** Completed generation 76 after 159.16779 seconds ***
- Best fitness in generation 76 is 7.9511976
-- Overall best fitness is found in generation 56 and is 7.9498158
[MPI_TIMING] gen=76 total_max=1.853196s total_avg=1.853185s compute_max=1.847434s compute_avg=1.824486s comm_max=0.040744s comm_avg=0.027543s root_ops=0.004482s overhead_ratio=0.024
Running Generation 77...
*** Completed generation 77 after 161.02258 seconds ***
- Best fitness in generation 77 is 7.9511976
-- Overall best fitness is found in generation 56 and is 7.9498158
[MPI_TIMING] gen=77 total_max=1.854809s total_avg=1.854792s compute_max=1.848989s compute_avg=1.825444s comm_max=0.043271s comm_avg=0.028178s root_ops=0.004531s overhead_ratio=0.026
Running Generation 78...
*** Completed generation 78 after 162.87181 seconds ***
- Best fitness in generation 78 is 7.9511976
-- Overall best fitness is found in generation 56 and is 7.9498158
[MPI_TIMING] gen=78 total_max=1.849207s total_avg=1.849190s compute_max=1.843382s compute_avg=1.823866s comm_max=0.039855s comm_avg=0.024162s root_ops=0.004501s overhead_ratio=0.024
Running Generation 79...
*** Completed generation 79 after 164.72408 seconds ***
- Best fitness in generation 79 is 7.949735
-- Overall best fitness is found in generation 79 and is 7.949735
[MPI_TIMING] gen=79 total_max=1.852237s total_avg=1.852228s compute_max=1.846410s compute_avg=1.824162s comm_max=0.043895s comm_avg=0.026906s root_ops=0.004499s overhead_ratio=0.026
Running Generation 80...
*** Completed generation 80 after 166.57451 seconds ***
- Best fitness in generation 80 is 7.949735
-- Overall best fitness is found in generation 79 and is 7.949735
[MPI_TIMING] gen=80 total_max=1.850441s total_avg=1.850430s compute_max=1.844620s compute_avg=1.822656s comm_max=0.044826s comm_avg=0.026603s root_ops=0.004537s overhead_ratio=0.027
Running Generation 81...
*** Completed generation 81 after 168.42818 seconds ***
- Best fitness in generation 81 is 7.949705
-- Overall best fitness is found in generation 81 and is 7.949705
[MPI_TIMING] gen=81 total_max=1.853667s total_avg=1.853655s compute_max=1.847754s compute_avg=1.825509s comm_max=0.044596s comm_avg=0.026965s root_ops=0.004579s overhead_ratio=0.027
Running Generation 82...
*** Completed generation 82 after 170.27925 seconds ***
- Best fitness in generation 82 is 7.949705
-- Overall best fitness is found in generation 81 and is 7.949705
[MPI_TIMING] gen=82 total_max=1.851047s total_avg=1.851013s compute_max=1.845181s compute_avg=1.824187s comm_max=0.043247s comm_avg=0.025667s root_ops=0.004490s overhead_ratio=0.026
Running Generation 83...
*** Completed generation 83 after 172.134 seconds ***
- Best fitness in generation 83 is 7.9484773
-- Overall best fitness is found in generation 83 and is 7.9484773
[MPI_TIMING] gen=83 total_max=1.854738s total_avg=1.854722s compute_max=1.848922s compute_avg=1.824633s comm_max=0.045670s comm_avg=0.028936s root_ops=0.004463s overhead_ratio=0.027
Running Generation 84...
*** Completed generation 84 after 173.98471 seconds ***
- Best fitness in generation 84 is 7.9484773
-- Overall best fitness is found in generation 83 and is 7.9484773
[MPI_TIMING] gen=84 total_max=1.850685s total_avg=1.850674s compute_max=1.844904s compute_avg=1.827539s comm_max=0.043147s comm_avg=0.021985s root_ops=0.004453s overhead_ratio=0.026
Running Generation 85...
*** Completed generation 85 after 175.83746 seconds ***
- Best fitness in generation 85 is 7.9484773
-- Overall best fitness is found in generation 83 and is 7.9484773
[MPI_TIMING] gen=85 total_max=1.852800s total_avg=1.852749s compute_max=1.846984s compute_avg=1.830906s comm_max=0.043839s comm_avg=0.020672s root_ops=0.004545s overhead_ratio=0.026
Running Generation 86...
*** Completed generation 86 after 177.68846 seconds ***
- Best fitness in generation 86 is 7.9484773
-- Overall best fitness is found in generation 83 and is 7.9484773
[MPI_TIMING] gen=86 total_max=1.850995s total_avg=1.850979s compute_max=1.845135s compute_avg=1.825461s comm_max=0.040059s comm_avg=0.024334s root_ops=0.004592s overhead_ratio=0.024
Running Generation 87...
*** Completed generation 87 after 179.5413 seconds ***
- Best fitness in generation 87 is 7.9484773
-- Overall best fitness is found in generation 83 and is 7.9484773
[MPI_TIMING] gen=87 total_max=1.852819s total_avg=1.852785s compute_max=1.846911s compute_avg=1.823567s comm_max=0.047452s comm_avg=0.028060s root_ops=0.004488s overhead_ratio=0.028
Running Generation 88...
*** Completed generation 88 after 181.39046 seconds ***
- Best fitness in generation 88 is 7.9460564
-- Overall best fitness is found in generation 88 and is 7.9460564
[MPI_TIMING] gen=88 total_max=1.849210s total_avg=1.849164s compute_max=1.843347s compute_avg=1.824536s comm_max=0.035115s comm_avg=0.023447s root_ops=0.004571s overhead_ratio=0.021
Running Generation 89...
*** Completed generation 89 after 183.24388 seconds ***
- Best fitness in generation 89 is 7.950385
-- Overall best fitness is found in generation 88 and is 7.9460564
[MPI_TIMING] gen=89 total_max=1.853388s total_avg=1.853352s compute_max=1.847527s compute_avg=1.827130s comm_max=0.041854s comm_avg=0.025071s root_ops=0.004464s overhead_ratio=0.025
Running Generation 90...
*** Completed generation 90 after 185.09283 seconds ***
- Best fitness in generation 90 is 7.9465036
-- Overall best fitness is found in generation 88 and is 7.9460564
[MPI_TIMING] gen=90 total_max=1.848946s total_avg=1.848939s compute_max=1.843163s compute_avg=1.824518s comm_max=0.042525s comm_avg=0.023260s root_ops=0.004498s overhead_ratio=0.025
Running Generation 91...
*** Completed generation 91 after 186.94246 seconds ***
- Best fitness in generation 91 is 7.9465036
-- Overall best fitness is found in generation 88 and is 7.9460564
[MPI_TIMING] gen=91 total_max=1.849606s total_avg=1.849602s compute_max=1.843813s compute_avg=1.824414s comm_max=0.041018s comm_avg=0.024022s root_ops=0.004520s overhead_ratio=0.025
Running Generation 92...
*** Completed generation 92 after 188.7923 seconds ***
- Best fitness in generation 92 is 7.9465036
-- Overall best fitness is found in generation 88 and is 7.9460564
[MPI_TIMING] gen=92 total_max=1.849829s total_avg=1.849814s compute_max=1.843997s compute_avg=1.823328s comm_max=0.039992s comm_avg=0.025323s root_ops=0.004503s overhead_ratio=0.024
Running Generation 93...
*** Completed generation 93 after 190.64388 seconds ***
- Best fitness in generation 93 is 7.9465036
-- Overall best fitness is found in generation 88 and is 7.9460564
[MPI_TIMING] gen=93 total_max=1.851544s total_avg=1.851526s compute_max=1.845757s compute_avg=1.823806s comm_max=0.042408s comm_avg=0.026568s root_ops=0.004466s overhead_ratio=0.025
Running Generation 94...
*** Completed generation 94 after 192.49266 seconds ***
- Best fitness in generation 94 is 7.9465036
-- Overall best fitness is found in generation 88 and is 7.9460564
[MPI_TIMING] gen=94 total_max=1.848822s total_avg=1.848786s compute_max=1.842995s compute_avg=1.824263s comm_max=0.038756s comm_avg=0.023353s root_ops=0.004536s overhead_ratio=0.023
Running Generation 95...
*** Completed generation 95 after 194.34158 seconds ***
- Best fitness in generation 95 is 7.9465036
-- Overall best fitness is found in generation 88 and is 7.9460564
[MPI_TIMING] gen=95 total_max=1.848896s total_avg=1.848872s compute_max=1.843047s compute_avg=1.825542s comm_max=0.037909s comm_avg=0.022175s root_ops=0.004471s overhead_ratio=0.023
Running Generation 96...
*** Completed generation 96 after 196.18877 seconds ***
- Best fitness in generation 96 is 7.9476585
-- Overall best fitness is found in generation 88 and is 7.9460564
[MPI_TIMING] gen=96 total_max=1.847303s total_avg=1.847198s compute_max=1.841349s compute_avg=1.824893s comm_max=0.038011s comm_avg=0.021109s root_ops=0.004637s overhead_ratio=0.023
Running Generation 97...
*** Completed generation 97 after 198.0386 seconds ***
- Best fitness in generation 97 is 7.947131
-- Overall best fitness is found in generation 88 and is 7.9460564
[MPI_TIMING] gen=97 total_max=1.849820s total_avg=1.849770s compute_max=1.843833s compute_avg=1.824420s comm_max=0.039198s comm_avg=0.024190s root_ops=0.004487s overhead_ratio=0.024
Running Generation 98...
*** Completed generation 98 after 199.88518 seconds ***
- Best fitness in generation 98 is 7.947131
-- Overall best fitness is found in generation 88 and is 7.9460564
[MPI_TIMING] gen=98 total_max=1.846580s total_avg=1.846529s compute_max=1.840782s compute_avg=1.823605s comm_max=0.036176s comm_avg=0.021747s root_ops=0.004548s overhead_ratio=0.022
Running Generation 99...
*** Completed generation 99 after 201.73593 seconds ***
- Best fitness in generation 99 is 7.9471703
-- Overall best fitness is found in generation 88 and is 7.9460564
[MPI_TIMING] gen=99 total_max=1.850741s total_avg=1.850723s compute_max=1.844883s compute_avg=1.824407s comm_max=0.039467s comm_avg=0.025151s root_ops=0.004512s overhead_ratio=0.024
Running Generation 100...
*** Completed generation 100 after 203.583 seconds ***
- Best fitness in generation 100 is 7.9471703
-- Overall best fitness is found in generation 88 and is 7.9460564
[MPI_TIMING] gen=100 total_max=1.847049s total_avg=1.847037s compute_max=1.841262s compute_avg=1.822781s comm_max=0.036568s comm_avg=0.023094s root_ops=0.004500s overhead_ratio=0.022
Running Generation 101...
*** Completed generation 101 after 205.43468 seconds ***
- Best fitness in generation 101 is 7.9471703
-- Overall best fitness is found in generation 88 and is 7.9460564
[MPI_TIMING] gen=101 total_max=1.851672s total_avg=1.851646s compute_max=1.845856s compute_avg=1.820976s comm_max=0.043069s comm_avg=0.029525s root_ops=0.004433s overhead_ratio=0.026
Running Generation 102...
*** Completed generation 102 after 207.28102 seconds ***
- Best fitness in generation 102 is 7.9471703
-- Overall best fitness is found in generation 88 and is 7.9460564
[MPI_TIMING] gen=102 total_max=1.846366s total_avg=1.846331s compute_max=1.840580s compute_avg=1.820209s comm_max=0.036810s comm_avg=0.024961s root_ops=0.004503s overhead_ratio=0.022
Running Generation 103...
*** Completed generation 103 after 209.13026 seconds ***
- Best fitness in generation 103 is 7.9471703
-- Overall best fitness is found in generation 88 and is 7.9460564
[MPI_TIMING] gen=103 total_max=1.849227s total_avg=1.849217s compute_max=1.843437s compute_avg=1.821308s comm_max=0.040916s comm_avg=0.026746s root_ops=0.004504s overhead_ratio=0.025
Running Generation 104...
*** Completed generation 104 after 210.97842 seconds ***
- Best fitness in generation 104 is 7.9467163
-- Overall best fitness is found in generation 88 and is 7.9460564
[MPI_TIMING] gen=104 total_max=1.848149s total_avg=1.848137s compute_max=1.842317s compute_avg=1.824238s comm_max=0.036434s comm_avg=0.022727s root_ops=0.004545s overhead_ratio=0.022
Running Generation 105...
*** Completed generation 105 after 212.8264 seconds ***
- Best fitness in generation 105 is 7.9467163
-- Overall best fitness is found in generation 88 and is 7.9460564
[MPI_TIMING] gen=105 total_max=1.847956s total_avg=1.847926s compute_max=1.842109s compute_avg=1.825279s comm_max=0.041310s comm_avg=0.021497s root_ops=0.004457s overhead_ratio=0.025
Running Generation 106...
*** Completed generation 106 after 214.67442 seconds ***
- Best fitness in generation 106 is 7.9467163
-- Overall best fitness is found in generation 88 and is 7.9460564
[MPI_TIMING] gen=106 total_max=1.848006s total_avg=1.847981s compute_max=1.842236s compute_avg=1.822521s comm_max=0.039363s comm_avg=0.024325s root_ops=0.004394s overhead_ratio=0.024
Running Generation 107...
*** Completed generation 107 after 216.51929 seconds ***
- Best fitness in generation 107 is 7.9471703
-- Overall best fitness is found in generation 88 and is 7.9460564
[MPI_TIMING] gen=107 total_max=1.844898s total_avg=1.844854s compute_max=1.839162s compute_avg=1.822015s comm_max=0.034771s comm_avg=0.021683s root_ops=0.004481s overhead_ratio=0.021
Running Generation 108...
*** Completed generation 108 after 218.36804 seconds ***
- Best fitness in generation 108 is 7.9471703
-- Overall best fitness is found in generation 88 and is 7.9460564
[MPI_TIMING] gen=108 total_max=1.848741s total_avg=1.848715s compute_max=1.842960s compute_avg=1.822716s comm_max=0.040444s comm_avg=0.024859s root_ops=0.004410s overhead_ratio=0.024
Running Generation 109...
*** Completed generation 109 after 220.21425 seconds ***
- Best fitness in generation 109 is 7.9471703
-- Overall best fitness is found in generation 88 and is 7.9460564
[MPI_TIMING] gen=109 total_max=1.846179s total_avg=1.846176s compute_max=1.840465s compute_avg=1.822258s comm_max=0.038032s comm_avg=0.022774s root_ops=0.004431s overhead_ratio=0.023
Running Generation 110...
*** Completed generation 110 after 222.06158 seconds ***
- Best fitness in generation 110 is 7.9472213
-- Overall best fitness is found in generation 88 and is 7.9460564
[MPI_TIMING] gen=110 total_max=1.847329s total_avg=1.847321s compute_max=1.841567s compute_avg=1.822235s comm_max=0.039113s comm_avg=0.023933s root_ops=0.004466s overhead_ratio=0.024
Running Generation 111...
*** Completed generation 111 after 223.90915 seconds ***
- Best fitness in generation 111 is 7.9472213
-- Overall best fitness is found in generation 88 and is 7.9460564
[MPI_TIMING] gen=111 total_max=1.847571s total_avg=1.847555s compute_max=1.841799s compute_avg=1.822382s comm_max=0.037960s comm_avg=0.024008s root_ops=0.004515s overhead_ratio=0.023
Running Generation 112...
*** Completed generation 112 after 225.75496 seconds ***
- Best fitness in generation 112 is 7.941716
-- Overall best fitness is found in generation 112 and is 7.941716
[MPI_TIMING] gen=112 total_max=1.845782s total_avg=1.845771s compute_max=1.839971s compute_avg=1.821008s comm_max=0.037372s comm_avg=0.023600s root_ops=0.004510s overhead_ratio=0.023
Running Generation 113...
*** Completed generation 113 after 227.60237 seconds ***
- Best fitness in generation 113 is 7.941716
-- Overall best fitness is found in generation 112 and is 7.941716
[MPI_TIMING] gen=113 total_max=1.847407s total_avg=1.847385s compute_max=1.841577s compute_avg=1.821345s comm_max=0.042112s comm_avg=0.024890s root_ops=0.004462s overhead_ratio=0.025
Running Generation 114...
*** Completed generation 114 after 229.44907 seconds ***
- Best fitness in generation 114 is 7.941716
-- Overall best fitness is found in generation 112 and is 7.941716
[MPI_TIMING] gen=114 total_max=1.846674s total_avg=1.846665s compute_max=1.840916s compute_avg=1.819677s comm_max=0.043029s comm_avg=0.025828s root_ops=0.004492s overhead_ratio=0.026
Running Generation 115...
*** Completed generation 115 after 231.29552 seconds ***
- Best fitness in generation 115 is 7.941716
-- Overall best fitness is found in generation 112 and is 7.941716
[MPI_TIMING] gen=115 total_max=1.846429s total_avg=1.846415s compute_max=1.840638s compute_avg=1.821567s comm_max=0.040830s comm_avg=0.023694s root_ops=0.004475s overhead_ratio=0.025
Running Generation 116...
*** Completed generation 116 after 233.14137 seconds ***
- Best fitness in generation 116 is 7.941716
-- Overall best fitness is found in generation 112 and is 7.941716
[MPI_TIMING] gen=116 total_max=1.845979s total_avg=1.845875s compute_max=1.840009s compute_avg=1.819315s comm_max=0.039456s comm_avg=0.025364s root_ops=0.004640s overhead_ratio=0.024
Running Generation 117...
*** Completed generation 117 after 234.98952 seconds ***
- Best fitness in generation 117 is 7.947222
-- Overall best fitness is found in generation 112 and is 7.941716
[MPI_TIMING] gen=117 total_max=1.848121s total_avg=1.848086s compute_max=1.842152s compute_avg=1.821574s comm_max=0.042535s comm_avg=0.025339s root_ops=0.004541s overhead_ratio=0.025
Running Generation 118...
*** Completed generation 118 after 236.83571 seconds ***
- Best fitness in generation 118 is 7.947222
-- Overall best fitness is found in generation 112 and is 7.941716
[MPI_TIMING] gen=118 total_max=1.846177s total_avg=1.846158s compute_max=1.840340s compute_avg=1.822700s comm_max=0.040396s comm_avg=0.022296s root_ops=0.004501s overhead_ratio=0.024
Running Generation 119...
*** Completed generation 119 after 238.68268 seconds ***
- Best fitness in generation 119 is 7.9475794
-- Overall best fitness is found in generation 112 and is 7.941716
[MPI_TIMING] gen=119 total_max=1.846947s total_avg=1.846917s compute_max=1.841130s compute_avg=1.821139s comm_max=0.042958s comm_avg=0.024637s root_ops=0.004421s overhead_ratio=0.026
Running Generation 120...
*** Completed generation 120 after 240.53079 seconds ***
- Best fitness in generation 120 is 7.9475794
-- Overall best fitness is found in generation 112 and is 7.941716
[MPI_TIMING] gen=120 total_max=1.848114s total_avg=1.848099s compute_max=1.842358s compute_avg=1.821216s comm_max=0.043320s comm_avg=0.025728s root_ops=0.004463s overhead_ratio=0.026
Running Generation 121...
*** Completed generation 121 after 242.37633 seconds ***
- Best fitness in generation 121 is 7.9475794
-- Overall best fitness is found in generation 112 and is 7.941716
[MPI_TIMING] gen=121 total_max=1.845541s total_avg=1.845529s compute_max=1.839767s compute_avg=1.821821s comm_max=0.042513s comm_avg=0.022543s root_ops=0.004506s overhead_ratio=0.025
Running Generation 122...
*** Completed generation 122 after 244.22244 seconds ***
- Best fitness in generation 122 is 7.9390345
-- Overall best fitness is found in generation 122 and is 7.9390345
[MPI_TIMING] gen=122 total_max=1.846096s total_avg=1.846078s compute_max=1.840295s compute_avg=1.821446s comm_max=0.040055s comm_avg=0.023478s root_ops=0.004471s overhead_ratio=0.024
Running Generation 123...
*** Completed generation 123 after 246.06747 seconds ***
- Best fitness in generation 123 is 7.9390345
-- Overall best fitness is found in generation 122 and is 7.9390345
[MPI_TIMING] gen=123 total_max=1.845005s total_avg=1.845003s compute_max=1.839226s compute_avg=1.820527s comm_max=0.038128s comm_avg=0.023316s root_ops=0.004500s overhead_ratio=0.023
Running Generation 124...
*** Completed generation 124 after 247.91214 seconds ***
- Best fitness in generation 124 is 7.9390345
-- Overall best fitness is found in generation 122 and is 7.9390345
[MPI_TIMING] gen=124 total_max=1.844660s total_avg=1.844650s compute_max=1.838850s compute_avg=1.821568s comm_max=0.036396s comm_avg=0.021910s root_ops=0.004539s overhead_ratio=0.022
Running Generation 125...
*** Completed generation 125 after 249.75941 seconds ***
- Best fitness in generation 125 is 7.9464912
-- Overall best fitness is found in generation 122 and is 7.9390345
[MPI_TIMING] gen=125 total_max=1.847247s total_avg=1.847220s compute_max=1.841431s compute_avg=1.822517s comm_max=0.039753s comm_avg=0.023552s root_ops=0.004464s overhead_ratio=0.024
Running Generation 126...
*** Completed generation 126 after 251.60356 seconds ***
- Best fitness in generation 126 is 7.9464912
-- Overall best fitness is found in generation 122 and is 7.9390345
[MPI_TIMING] gen=126 total_max=1.844147s total_avg=1.844130s compute_max=1.838366s compute_avg=1.821469s comm_max=0.034938s comm_avg=0.021495s root_ops=0.004511s overhead_ratio=0.021
Running Generation 127...
*** Completed generation 127 after 253.44534 seconds ***
- Best fitness in generation 127 is 7.94537
-- Overall best fitness is found in generation 122 and is 7.9390345
[MPI_TIMING] gen=127 total_max=1.841769s total_avg=1.841748s compute_max=1.835959s compute_avg=1.821493s comm_max=0.034729s comm_avg=0.019102s root_ops=0.004467s overhead_ratio=0.021
Running Generation 128...
*** Completed generation 128 after 255.29108 seconds ***
- Best fitness in generation 128 is 7.94537
-- Overall best fitness is found in generation 122 and is 7.9390345
[MPI_TIMING] gen=128 total_max=1.845717s total_avg=1.845710s compute_max=1.839940s compute_avg=1.822389s comm_max=0.038238s comm_avg=0.022166s root_ops=0.004476s overhead_ratio=0.023
Running Generation 129...
*** Completed generation 129 after 257.13666 seconds ***
- Best fitness in generation 129 is 7.9407253
-- Overall best fitness is found in generation 122 and is 7.9390345
[MPI_TIMING] gen=129 total_max=1.845612s total_avg=1.845584s compute_max=1.839766s compute_avg=1.823185s comm_max=0.039810s comm_avg=0.021227s root_ops=0.004539s overhead_ratio=0.024
Running Generation 130...
*** Completed generation 130 after 258.9842 seconds ***
- Best fitness in generation 130 is 7.927204
-- Overall best fitness is found in generation 130 and is 7.927204
[MPI_TIMING] gen=130 total_max=1.847491s total_avg=1.847468s compute_max=1.841661s compute_avg=1.824680s comm_max=0.038406s comm_avg=0.021631s root_ops=0.004484s overhead_ratio=0.023
Running Generation 131...
*** Completed generation 131 after 260.82996 seconds ***
- Best fitness in generation 131 is 7.92683
-- Overall best fitness is found in generation 131 and is 7.92683
[MPI_TIMING] gen=131 total_max=1.845796s total_avg=1.845740s compute_max=1.839967s compute_avg=1.821253s comm_max=0.040036s comm_avg=0.023309s root_ops=0.004561s overhead_ratio=0.024
Running Generation 132...
*** Completed generation 132 after 262.6771 seconds ***
- Best fitness in generation 132 is 7.92683
-- Overall best fitness is found in generation 131 and is 7.92683
[MPI_TIMING] gen=132 total_max=1.847121s total_avg=1.847100s compute_max=1.841266s compute_avg=1.820190s comm_max=0.041208s comm_avg=0.025745s root_ops=0.004519s overhead_ratio=0.025
Running Generation 133...
*** Completed generation 133 after 264.5238 seconds ***
- Best fitness in generation 133 is 7.9305396
-- Overall best fitness is found in generation 131 and is 7.92683
[MPI_TIMING] gen=133 total_max=1.846689s total_avg=1.846681s compute_max=1.840873s compute_avg=1.819917s comm_max=0.040611s comm_avg=0.025595s root_ops=0.004530s overhead_ratio=0.024
Running Generation 134...
*** Completed generation 134 after 266.3711 seconds ***
- Best fitness in generation 134 is 7.92975
-- Overall best fitness is found in generation 131 and is 7.92683
[MPI_TIMING] gen=134 total_max=1.847280s total_avg=1.847248s compute_max=1.841421s compute_avg=1.821149s comm_max=0.039899s comm_avg=0.024952s root_ops=0.004443s overhead_ratio=0.024
Running Generation 135...
*** Completed generation 135 after 268.21695 seconds ***
- Best fitness in generation 135 is 7.92975
-- Overall best fitness is found in generation 131 and is 7.92683
[MPI_TIMING] gen=135 total_max=1.845883s total_avg=1.845864s compute_max=1.840089s compute_avg=1.820490s comm_max=0.042191s comm_avg=0.024212s root_ops=0.004493s overhead_ratio=0.025
Running Generation 136...
*** Completed generation 136 after 270.0647 seconds ***
- Best fitness in generation 136 is 7.92975
-- Overall best fitness is found in generation 131 and is 7.92683
[MPI_TIMING] gen=136 total_max=1.847700s total_avg=1.847687s compute_max=1.841913s compute_avg=1.821458s comm_max=0.042369s comm_avg=0.025074s root_ops=0.004478s overhead_ratio=0.025
Running Generation 137...
*** Completed generation 137 after 271.912 seconds ***
- Best fitness in generation 137 is 7.92975
-- Overall best fitness is found in generation 131 and is 7.92683
[MPI_TIMING] gen=137 total_max=1.847284s total_avg=1.847276s compute_max=1.841499s compute_avg=1.819525s comm_max=0.044177s comm_avg=0.026593s root_ops=0.004486s overhead_ratio=0.026
Running Generation 138...
*** Completed generation 138 after 273.76013 seconds ***
- Best fitness in generation 138 is 7.92975
-- Overall best fitness is found in generation 131 and is 7.92683
[MPI_TIMING] gen=138 total_max=1.848141s total_avg=1.848119s compute_max=1.842342s compute_avg=1.819691s comm_max=0.043115s comm_avg=0.027282s root_ops=0.004431s overhead_ratio=0.026
Running Generation 139...
*** Completed generation 139 after 275.6075 seconds ***
- Best fitness in generation 139 is 7.92975
-- Overall best fitness is found in generation 131 and is 7.92683
[MPI_TIMING] gen=139 total_max=1.847334s total_avg=1.847332s compute_max=1.841609s compute_avg=1.821391s comm_max=0.040688s comm_avg=0.024791s root_ops=0.004455s overhead_ratio=0.024
Running Generation 140...
*** Completed generation 140 after 277.4539 seconds ***
- Best fitness in generation 140 is 7.92975
-- Overall best fitness is found in generation 131 and is 7.92683
[MPI_TIMING] gen=140 total_max=1.846372s total_avg=1.846359s compute_max=1.840612s compute_avg=1.820591s comm_max=0.040400s comm_avg=0.024624s root_ops=0.004433s overhead_ratio=0.024
Running Generation 141...
*** Completed generation 141 after 279.30237 seconds ***
- Best fitness in generation 141 is 7.92975
-- Overall best fitness is found in generation 131 and is 7.92683
[MPI_TIMING] gen=141 total_max=1.848513s total_avg=1.848478s compute_max=1.842654s compute_avg=1.820580s comm_max=0.046938s comm_avg=0.026735s root_ops=0.004505s overhead_ratio=0.028
Running Generation 142...
*** Completed generation 142 after 281.14963 seconds ***
- Best fitness in generation 142 is 7.94207
-- Overall best fitness is found in generation 131 and is 7.92683
[MPI_TIMING] gen=142 total_max=1.847228s total_avg=1.847216s compute_max=1.841412s compute_avg=1.820096s comm_max=0.044199s comm_avg=0.025955s root_ops=0.004498s overhead_ratio=0.026
Running Generation 143...
*** Completed generation 143 after 282.99564 seconds ***
- Best fitness in generation 143 is 7.94207
-- Overall best fitness is found in generation 131 and is 7.92683
[MPI_TIMING] gen=143 total_max=1.845999s total_avg=1.845988s compute_max=1.840213s compute_avg=1.820312s comm_max=0.040835s comm_avg=0.024516s root_ops=0.004494s overhead_ratio=0.025
Running Generation 144...
*** Completed generation 144 after 284.84222 seconds ***
- Best fitness in generation 144 is 7.9380565
-- Overall best fitness is found in generation 131 and is 7.92683
[MPI_TIMING] gen=144 total_max=1.846578s total_avg=1.846562s compute_max=1.840804s compute_avg=1.819940s comm_max=0.042594s comm_avg=0.025467s root_ops=0.004467s overhead_ratio=0.025
Running Generation 145...
*** Completed generation 145 after 286.6897 seconds ***
- Best fitness in generation 145 is 7.94345
-- Overall best fitness is found in generation 131 and is 7.92683
[MPI_TIMING] gen=145 total_max=1.847442s total_avg=1.847430s compute_max=1.841654s compute_avg=1.821238s comm_max=0.043904s comm_avg=0.025042s root_ops=0.004459s overhead_ratio=0.026
Running Generation 146...
*** Completed generation 146 after 288.5359 seconds ***
- Best fitness in generation 146 is 7.94345
-- Overall best fitness is found in generation 131 and is 7.92683
[MPI_TIMING] gen=146 total_max=1.846163s total_avg=1.846155s compute_max=1.840405s compute_avg=1.819949s comm_max=0.042358s comm_avg=0.025054s root_ops=0.004463s overhead_ratio=0.025
Running Generation 147...
*** Completed generation 147 after 290.38254 seconds ***
- Best fitness in generation 147 is 7.9449005
-- Overall best fitness is found in generation 131 and is 7.92683
[MPI_TIMING] gen=147 total_max=1.846637s total_avg=1.846630s compute_max=1.840881s compute_avg=1.820284s comm_max=0.040814s comm_avg=0.025192s root_ops=0.004473s overhead_ratio=0.025
Running Generation 148...
*** Completed generation 148 after 292.22964 seconds ***
- Best fitness in generation 148 is 7.9429464
-- Overall best fitness is found in generation 131 and is 7.92683
[MPI_TIMING] gen=148 total_max=1.847092s total_avg=1.847088s compute_max=1.841311s compute_avg=1.821415s comm_max=0.040865s comm_avg=0.024513s root_ops=0.004492s overhead_ratio=0.025
Running Generation 149...
*** Completed generation 149 after 294.07367 seconds ***
- Best fitness in generation 149 is 7.9429464
-- Overall best fitness is found in generation 131 and is 7.92683
[MPI_TIMING] gen=149 total_max=1.844036s total_avg=1.844024s compute_max=1.838192s compute_avg=1.820840s comm_max=0.038526s comm_avg=0.022015s root_ops=0.004534s overhead_ratio=0.023
Running Generation 150...
*** Completed generation 150 after 295.92075 seconds ***
- Best fitness in generation 150 is 7.9313483
-- Overall best fitness is found in generation 131 and is 7.92683
[MPI_TIMING] gen=150 total_max=1.847061s total_avg=1.847029s compute_max=1.841226s compute_avg=1.822357s comm_max=0.041885s comm_avg=0.023523s root_ops=0.004448s overhead_ratio=0.025
Reached 150 generations, exiting...


- Overall best fitness is 7.92683
- The best individual is:
                generation:	131
                index:		0
                fitness:	7.92683
                string:	0.00000;0.20176;0.00000;0.00000;0.21041;0.48457;0.72362

