Scale config: households=48 horizon=60 individuals=2000 max_generation=150 repetitions=8
Running distributed (MPI) GA exploration...
Running Generation 1...
*** Completed generation 1 after 4.3262644 seconds ***
- Best fitness in generation 1 is 9.009884
-- Overall best fitness is found in generation 1 and is 9.009884
[MPI_TIMING] gen=1 total_max=4.327646s total_avg=4.326987s compute_max=4.320986s compute_avg=4.320055s comm_max=0.007101s comm_avg=0.004427s root_ops=0.004775s overhead_ratio=0.003
Running Generation 2...
*** Completed generation 2 after 7.9194355 seconds ***
- Best fitness in generation 2 is 8.985882
-- Overall best fitness is found in generation 2 and is 8.985882
[MPI_TIMING] gen=2 total_max=3.593089s total_avg=3.592943s compute_max=3.587486s compute_avg=3.582531s comm_max=0.015458s comm_avg=0.008046s root_ops=0.004568s overhead_ratio=0.006
Running Generation 3...
*** Completed generation 3 after 11.5164 seconds ***
- Best fitness in generation 3 is 8.985882
-- Overall best fitness is found in generation 2 and is 8.985882
[MPI_TIMING] gen=3 total_max=3.596873s total_avg=3.596854s compute_max=3.591617s compute_avg=3.583776s comm_max=0.020883s comm_avg=0.010760s root_ops=0.004512s overhead_ratio=0.007
Running Generation 4...
*** Completed generation 4 after 15.11858 seconds ***
- Best fitness in generation 4 is 8.985882
-- Overall best fitness is found in generation 2 and is 8.985882
[MPI_TIMING] gen=4 total_max=3.602100s total_avg=3.602039s compute_max=3.596956s compute_avg=3.589865s comm_max=0.019269s comm_avg=0.009928s root_ops=0.004357s overhead_ratio=0.007
Running Generation 5...
*** Completed generation 5 after 18.731264 seconds ***
- Best fitness in generation 5 is 8.705373
-- Overall best fitness is found in generation 5 and is 8.705373
[MPI_TIMING] gen=5 total_max=3.612992s total_avg=3.612902s compute_max=3.607573s compute_avg=3.597951s comm_max=0.024443s comm_avg=0.012663s root_ops=0.004461s overhead_ratio=0.008
Running Generation 6...
*** Completed generation 6 after 22.332584 seconds ***
- Best fitness in generation 6 is 8.705373
-- Overall best fitness is found in generation 5 and is 8.705373
[MPI_TIMING] gen=6 total_max=3.601008s total_avg=3.600971s compute_max=3.595893s compute_avg=3.595493s comm_max=0.005874s comm_avg=0.003229s root_ops=0.004385s overhead_ratio=0.003
Running Generation 7...
*** Completed generation 7 after 25.945374 seconds ***
- Best fitness in generation 7 is 8.6488905
-- Overall best fitness is found in generation 7 and is 8.6488905
[MPI_TIMING] gen=7 total_max=3.612750s total_avg=3.612734s compute_max=3.607706s compute_avg=3.598695s comm_max=0.022994s comm_avg=0.011788s root_ops=0.004387s overhead_ratio=0.008
Running Generation 8...
*** Completed generation 8 after 29.54715 seconds ***
- Best fitness in generation 8 is 8.671579
-- Overall best fitness is found in generation 7 and is 8.6488905
[MPI_TIMING] gen=8 total_max=3.601783s total_avg=3.601740s compute_max=3.596643s compute_avg=3.596255s comm_max=0.005787s comm_avg=0.003205s root_ops=0.004452s overhead_ratio=0.003
Running Generation 9...
*** Completed generation 9 after 33.16712 seconds ***
- Best fitness in generation 9 is 8.678372
-- Overall best fitness is found in generation 7 and is 8.6488905
[MPI_TIMING] gen=9 total_max=3.619873s total_avg=3.619865s compute_max=3.614641s compute_avg=3.610413s comm_max=0.013646s comm_avg=0.007195s root_ops=0.004387s overhead_ratio=0.005
Running Generation 10...
*** Completed generation 10 after 36.780556 seconds ***
- Best fitness in generation 10 is 8.678372
-- Overall best fitness is found in generation 7 and is 8.6488905
[MPI_TIMING] gen=10 total_max=3.613386s total_avg=3.613377s compute_max=3.608351s compute_avg=3.606947s comm_max=0.007784s comm_avg=0.004176s root_ops=0.004391s overhead_ratio=0.003
Running Generation 11...
*** Completed generation 11 after 40.40584 seconds ***
- Best fitness in generation 11 is 8.638325
-- Overall best fitness is found in generation 11 and is 8.638325
[MPI_TIMING] gen=11 total_max=3.625354s total_avg=3.625291s compute_max=3.620200s compute_avg=3.613197s comm_max=0.018993s comm_avg=0.009781s root_ops=0.004512s overhead_ratio=0.006
Running Generation 12...
*** Completed generation 12 after 44.02836 seconds ***
- Best fitness in generation 12 is 8.517752
-- Overall best fitness is found in generation 12 and is 8.517752
[MPI_TIMING] gen=12 total_max=3.622405s total_avg=3.622367s compute_max=3.617328s compute_avg=3.616684s comm_max=0.006322s comm_avg=0.003438s root_ops=0.004380s overhead_ratio=0.003
Running Generation 13...
*** Completed generation 13 after 47.661568 seconds ***
- Best fitness in generation 13 is 8.43572
-- Overall best fitness is found in generation 13 and is 8.43572
[MPI_TIMING] gen=13 total_max=3.633349s total_avg=3.633257s compute_max=3.628141s compute_avg=3.623898s comm_max=0.013470s comm_avg=0.007021s root_ops=0.004559s overhead_ratio=0.005
Running Generation 14...
*** Completed generation 14 after 51.292988 seconds ***
- Best fitness in generation 14 is 8.267986
-- Overall best fitness is found in generation 14 and is 8.267986
[MPI_TIMING] gen=14 total_max=3.631362s total_avg=3.631331s compute_max=3.626185s compute_avg=3.620989s comm_max=0.015527s comm_avg=0.008041s root_ops=0.004485s overhead_ratio=0.006
Running Generation 15...
*** Completed generation 15 after 54.927216 seconds ***
- Best fitness in generation 15 is 8.267986
-- Overall best fitness is found in generation 14 and is 8.267986
[MPI_TIMING] gen=15 total_max=3.634223s total_avg=3.634169s compute_max=3.629063s compute_avg=3.627423s comm_max=0.005009s comm_avg=0.004421s root_ops=0.004538s overhead_ratio=0.003
Running Generation 16...
*** Completed generation 16 after 58.564213 seconds ***
- Best fitness in generation 16 is 8.267986
-- Overall best fitness is found in generation 14 and is 8.267986
[MPI_TIMING] gen=16 total_max=3.637004s total_avg=3.636976s compute_max=3.631785s compute_avg=3.623925s comm_max=0.020840s comm_avg=0.010700s root_ops=0.004583s overhead_ratio=0.007
Running Generation 17...
*** Completed generation 17 after 62.205475 seconds ***
- Best fitness in generation 17 is 8.267986
-- Overall best fitness is found in generation 14 and is 8.267986
[MPI_TIMING] gen=17 total_max=3.641206s total_avg=3.641166s compute_max=3.635947s compute_avg=3.629173s comm_max=0.018765s comm_avg=0.009687s root_ops=0.004493s overhead_ratio=0.006
Running Generation 18...
*** Completed generation 18 after 65.84938 seconds ***
- Best fitness in generation 18 is 8.229418
-- Overall best fitness is found in generation 18 and is 8.229418
[MPI_TIMING] gen=18 total_max=3.643838s total_avg=3.643801s compute_max=3.638727s compute_avg=3.629421s comm_max=0.023682s comm_avg=0.012121s root_ops=0.004408s overhead_ratio=0.008
Running Generation 19...
*** Completed generation 19 after 69.503174 seconds ***
- Best fitness in generation 19 is 8.195645
-- Overall best fitness is found in generation 19 and is 8.195645
[MPI_TIMING] gen=19 total_max=3.653863s total_avg=3.653807s compute_max=3.648632s compute_avg=3.637472s comm_max=0.027398s comm_avg=0.014020s root_ops=0.004509s overhead_ratio=0.009
Running Generation 20...
*** Completed generation 20 after 73.15744 seconds ***
- Best fitness in generation 20 is 8.11239
-- Overall best fitness is found in generation 20 and is 8.11239
[MPI_TIMING] gen=20 total_max=3.654183s total_avg=3.654171s compute_max=3.649035s compute_avg=3.637200s comm_max=0.028750s comm_avg=0.014666s root_ops=0.004494s overhead_ratio=0.009
Running Generation 21...
*** Completed generation 21 after 76.81723 seconds ***
- Best fitness in generation 21 is 8.11239
-- Overall best fitness is found in generation 20 and is 8.11239
[MPI_TIMING] gen=21 total_max=3.659873s total_avg=3.659804s compute_max=3.654591s compute_avg=3.645088s comm_max=0.024109s comm_avg=0.012346s root_ops=0.004622s overhead_ratio=0.008
Running Generation 22...
*** Completed generation 22 after 80.47641 seconds ***
- Best fitness in generation 22 is 8.076225
-- Overall best fitness is found in generation 22 and is 8.076225
[MPI_TIMING] gen=22 total_max=3.659114s total_avg=3.659086s compute_max=3.653874s compute_avg=3.642965s comm_max=0.027016s comm_avg=0.013789s root_ops=0.004552s overhead_ratio=0.009
Running Generation 23...
*** Completed generation 23 after 84.14732 seconds ***
- Best fitness in generation 23 is 8.076225
-- Overall best fitness is found in generation 22 and is 8.076225
[MPI_TIMING] gen=23 total_max=3.670859s total_avg=3.670852s compute_max=3.665669s compute_avg=3.655445s comm_max=0.025597s comm_avg=0.013086s root_ops=0.004526s overhead_ratio=0.008
Running Generation 24...
*** Completed generation 24 after 87.81715 seconds ***
- Best fitness in generation 24 is 8.0440855
-- Overall best fitness is found in generation 24 and is 8.0440855
[MPI_TIMING] gen=24 total_max=3.669779s total_avg=3.669770s compute_max=3.664604s compute_avg=3.648054s comm_max=0.038216s comm_avg=0.019395s root_ops=0.004530s overhead_ratio=0.012
Running Generation 25...
*** Completed generation 25 after 91.49777 seconds ***
- Best fitness in generation 25 is 8.019693
-- Overall best fitness is found in generation 25 and is 8.019693
[MPI_TIMING] gen=25 total_max=3.680627s total_avg=3.680572s compute_max=3.675385s compute_avg=3.659227s comm_max=0.037407s comm_avg=0.018995s root_ops=0.004585s overhead_ratio=0.011
Running Generation 26...
*** Completed generation 26 after 95.16547 seconds ***
- Best fitness in generation 26 is 7.989794
-- Overall best fitness is found in generation 26 and is 7.989794
[MPI_TIMING] gen=26 total_max=3.667641s total_avg=3.667629s compute_max=3.662417s compute_avg=3.644710s comm_max=0.040596s comm_avg=0.020585s root_ops=0.004544s overhead_ratio=0.012
Running Generation 27...
*** Completed generation 27 after 98.8474 seconds ***
- Best fitness in generation 27 is 7.9727893
-- Overall best fitness is found in generation 27 and is 7.9727893
[MPI_TIMING] gen=27 total_max=3.681856s total_avg=3.681813s compute_max=3.676698s compute_avg=3.653277s comm_max=0.051960s comm_avg=0.026258s root_ops=0.004449s overhead_ratio=0.015
Running Generation 28...
*** Completed generation 28 after 102.521706 seconds ***
- Best fitness in generation 28 is 7.979476
-- Overall best fitness is found in generation 27 and is 7.9727893
[MPI_TIMING] gen=28 total_max=3.674268s total_avg=3.674267s compute_max=3.669175s compute_avg=3.651303s comm_max=0.040792s comm_avg=0.020681s root_ops=0.004437s overhead_ratio=0.012
Running Generation 29...
*** Completed generation 29 after 106.200775 seconds ***
- Best fitness in generation 29 is 7.979476
-- Overall best fitness is found in generation 27 and is 7.9727893
[MPI_TIMING] gen=29 total_max=3.679009s total_avg=3.679007s compute_max=3.673925s compute_avg=3.659622s comm_max=0.033644s comm_avg=0.017111s root_ops=0.004429s overhead_ratio=0.010
Running Generation 30...
*** Completed generation 30 after 109.87479 seconds ***
- Best fitness in generation 30 is 7.9714336
-- Overall best fitness is found in generation 30 and is 7.9714336
[MPI_TIMING] gen=30 total_max=3.674131s total_avg=3.674036s compute_max=3.668853s compute_avg=3.656253s comm_max=0.030247s comm_avg=0.015426s root_ops=0.004603s overhead_ratio=0.009
Running Generation 31...
*** Completed generation 31 after 113.557495 seconds ***
- Best fitness in generation 31 is 7.949309
-- Overall best fitness is found in generation 31 and is 7.949309
[MPI_TIMING] gen=31 total_max=3.682657s total_avg=3.682585s compute_max=3.677413s compute_avg=3.661180s comm_max=0.037670s comm_avg=0.019116s root_ops=0.004460s overhead_ratio=0.011
Running Generation 32...
*** Completed generation 32 after 117.211136 seconds ***
- Best fitness in generation 32 is 7.954191
-- Overall best fitness is found in generation 31 and is 7.949309
[MPI_TIMING] gen=32 total_max=3.653629s total_avg=3.653608s compute_max=3.648435s compute_avg=3.647047s comm_max=0.005108s comm_avg=0.004250s root_ops=0.004512s overhead_ratio=0.003
Running Generation 33...
*** Completed generation 33 after 120.89786 seconds ***
- Best fitness in generation 33 is 7.954191
-- Overall best fitness is found in generation 31 and is 7.949309
[MPI_TIMING] gen=33 total_max=3.686676s total_avg=3.686649s compute_max=3.681475s compute_avg=3.661920s comm_max=0.044212s comm_avg=0.022409s root_ops=0.004517s overhead_ratio=0.013
Running Generation 34...
*** Completed generation 34 after 124.55617 seconds ***
- Best fitness in generation 34 is 7.941186
-- Overall best fitness is found in generation 34 and is 7.941186
[MPI_TIMING] gen=34 total_max=3.658243s total_avg=3.658201s compute_max=3.653092s compute_avg=3.645067s comm_max=0.021160s comm_avg=0.010869s root_ops=0.004436s overhead_ratio=0.007
Running Generation 35...
*** Completed generation 35 after 128.24524 seconds ***
- Best fitness in generation 35 is 7.9334164
-- Overall best fitness is found in generation 35 and is 7.9334164
[MPI_TIMING] gen=35 total_max=3.689193s total_avg=3.689107s compute_max=3.683937s compute_avg=3.679133s comm_max=0.014650s comm_avg=0.007615s root_ops=0.004600s overhead_ratio=0.005
Running Generation 36...
*** Completed generation 36 after 131.9078 seconds ***
- Best fitness in generation 36 is 7.927139
-- Overall best fitness is found in generation 36 and is 7.927139
[MPI_TIMING] gen=36 total_max=3.662508s total_avg=3.662489s compute_max=3.657281s compute_avg=3.649419s comm_max=0.020909s comm_avg=0.010740s root_ops=0.004546s overhead_ratio=0.007
Running Generation 37...
*** Completed generation 37 after 135.5941 seconds ***
- Best fitness in generation 37 is 7.927139
-- Overall best fitness is found in generation 36 and is 7.927139
[MPI_TIMING] gen=37 total_max=3.686227s total_avg=3.686152s compute_max=3.681050s compute_avg=3.664881s comm_max=0.037474s comm_avg=0.019024s root_ops=0.004383s overhead_ratio=0.011
Running Generation 38...
*** Completed generation 38 after 139.25201 seconds ***
- Best fitness in generation 38 is 7.927139
-- Overall best fitness is found in generation 36 and is 7.927139
[MPI_TIMING] gen=38 total_max=3.657946s total_avg=3.657902s compute_max=3.652867s compute_avg=3.647587s comm_max=0.015509s comm_avg=0.008031s root_ops=0.004449s overhead_ratio=0.005
Running Generation 39...
*** Completed generation 39 after 142.93564 seconds ***
- Best fitness in generation 39 is 7.929625
-- Overall best fitness is found in generation 36 and is 7.927139
[MPI_TIMING] gen=39 total_max=3.683564s total_avg=3.683561s compute_max=3.678463s compute_avg=3.660549s comm_max=0.040887s comm_avg=0.020735s root_ops=0.004436s overhead_ratio=0.012
Running Generation 40...
*** Completed generation 40 after 146.60028 seconds ***
- Best fitness in generation 40 is 7.9231524
-- Overall best fitness is found in generation 40 and is 7.9231524
[MPI_TIMING] gen=40 total_max=3.664578s total_avg=3.664566s compute_max=3.659519s compute_avg=3.649211s comm_max=0.025633s comm_avg=0.013098s root_ops=0.004406s overhead_ratio=0.008
Running Generation 41...
*** Completed generation 41 after 150.28915 seconds ***
- Best fitness in generation 41 is 7.9231524
-- Overall best fitness is found in generation 40 and is 7.9231524
[MPI_TIMING] gen=41 total_max=3.688888s total_avg=3.688856s compute_max=3.683782s compute_avg=3.670802s comm_max=0.030960s comm_avg=0.015766s root_ops=0.004452s overhead_ratio=0.010
Running Generation 42...
*** Completed generation 42 after 153.95433 seconds ***
- Best fitness in generation 42 is 7.9263678
-- Overall best fitness is found in generation 40 and is 7.9231524
[MPI_TIMING] gen=42 total_max=3.665107s total_avg=3.665065s compute_max=3.660013s compute_avg=3.645330s comm_max=0.034417s comm_avg=0.017497s root_ops=0.004359s overhead_ratio=0.011
Running Generation 43...
*** Completed generation 43 after 157.64679 seconds ***
- Best fitness in generation 43 is 7.9263678
-- Overall best fitness is found in generation 40 and is 7.9231524
[MPI_TIMING] gen=43 total_max=3.692490s total_avg=3.692425s compute_max=3.687406s compute_avg=3.664865s comm_max=0.049991s comm_avg=0.025279s root_ops=0.004449s overhead_ratio=0.015
Running Generation 44...
*** Completed generation 44 after 161.3206 seconds ***
- Best fitness in generation 44 is 7.9263678
-- Overall best fitness is found in generation 40 and is 7.9231524
[MPI_TIMING] gen=44 total_max=3.673804s total_avg=3.673788s compute_max=3.668660s compute_avg=3.658094s comm_max=0.026200s comm_avg=0.013398s root_ops=0.004471s overhead_ratio=0.008
Running Generation 45...
*** Completed generation 45 after 165.01155 seconds ***
- Best fitness in generation 45 is 7.9263678
-- Overall best fitness is found in generation 40 and is 7.9231524
[MPI_TIMING] gen=45 total_max=3.690902s total_avg=3.690894s compute_max=3.685764s compute_avg=3.664532s comm_max=0.047544s comm_avg=0.024063s root_ops=0.004481s overhead_ratio=0.014
Running Generation 46...
*** Completed generation 46 after 168.68285 seconds ***
- Best fitness in generation 46 is 7.9232416
-- Overall best fitness is found in generation 40 and is 7.9231524
[MPI_TIMING] gen=46 total_max=3.671240s total_avg=3.671238s compute_max=3.666118s compute_avg=3.650008s comm_max=0.037300s comm_avg=0.018939s root_ops=0.004466s overhead_ratio=0.011
Running Generation 47...
*** Completed generation 47 after 172.37773 seconds ***
- Best fitness in generation 47 is 7.9263325
-- Overall best fitness is found in generation 40 and is 7.9231524
[MPI_TIMING] gen=47 total_max=3.694837s total_avg=3.694833s compute_max=3.689691s compute_avg=3.661472s comm_max=0.061535s comm_avg=0.031074s root_ops=0.004463s overhead_ratio=0.018
Running Generation 48...
*** Completed generation 48 after 176.04927 seconds ***
- Best fitness in generation 48 is 7.9230947
-- Overall best fitness is found in generation 48 and is 7.9230947
[MPI_TIMING] gen=48 total_max=3.671606s total_avg=3.671544s compute_max=3.666378s compute_avg=3.654179s comm_max=0.029461s comm_avg=0.015018s root_ops=0.004577s overhead_ratio=0.009
Running Generation 49...
*** Completed generation 49 after 179.74287 seconds ***
- Best fitness in generation 49 is 7.9230947
-- Overall best fitness is found in generation 48 and is 7.9230947
[MPI_TIMING] gen=49 total_max=3.693537s total_avg=3.693521s compute_max=3.688338s compute_avg=3.665985s comm_max=0.049862s comm_avg=0.025210s root_ops=0.004533s overhead_ratio=0.015
Running Generation 50...
*** Completed generation 50 after 183.4119 seconds ***
- Best fitness in generation 50 is 7.9230947
-- Overall best fitness is found in generation 48 and is 7.9230947
[MPI_TIMING] gen=50 total_max=3.668959s total_avg=3.668897s compute_max=3.663789s compute_avg=3.649651s comm_max=0.033405s comm_avg=0.016990s root_ops=0.004398s overhead_ratio=0.010
Running Generation 51...
*** Completed generation 51 after 187.1034 seconds ***
- Best fitness in generation 51 is 7.9230947
-- Overall best fitness is found in generation 48 and is 7.9230947
[MPI_TIMING] gen=51 total_max=3.691442s total_avg=3.691441s compute_max=3.686401s compute_avg=3.660034s comm_max=0.057734s comm_avg=0.029158s root_ops=0.004388s overhead_ratio=0.017
Running Generation 52...
*** Completed generation 52 after 190.7769 seconds ***
- Best fitness in generation 52 is 7.9240675
-- Overall best fitness is found in generation 48 and is 7.9230947
[MPI_TIMING] gen=52 total_max=3.673538s total_avg=3.673495s compute_max=3.668442s compute_avg=3.648821s comm_max=0.044210s comm_avg=0.022385s root_ops=0.004460s overhead_ratio=0.013
Running Generation 53...
*** Completed generation 53 after 194.4717 seconds ***
- Best fitness in generation 53 is 7.9263678
-- Overall best fitness is found in generation 48 and is 7.9230947
[MPI_TIMING] gen=53 total_max=3.694737s total_avg=3.694728s compute_max=3.689622s compute_avg=3.661282s comm_max=0.061753s comm_avg=0.031170s root_ops=0.004434s overhead_ratio=0.018
Running Generation 54...
*** Completed generation 54 after 198.15305 seconds ***
- Best fitness in generation 54 is 7.9259048
-- Overall best fitness is found in generation 48 and is 7.9230947
[MPI_TIMING] gen=54 total_max=3.681290s total_avg=3.681261s compute_max=3.676247s compute_avg=3.653280s comm_max=0.050934s comm_avg=0.025744s root_ops=0.004369s overhead_ratio=0.015
Running Generation 55...
*** Completed generation 55 after 201.85034 seconds ***
- Best fitness in generation 55 is 7.9231405
-- Overall best fitness is found in generation 48 and is 7.9230947
[MPI_TIMING] gen=55 total_max=3.697396s total_avg=3.697314s compute_max=3.691990s compute_avg=3.658364s comm_max=0.072444s comm_avg=0.036627s root_ops=0.004515s overhead_ratio=0.021
Running Generation 56...
*** Completed generation 56 after 205.52388 seconds ***
- Best fitness in generation 56 is 7.9257336
-- Overall best fitness is found in generation 48 and is 7.9230947
[MPI_TIMING] gen=56 total_max=3.673471s total_avg=3.673410s compute_max=3.668322s compute_avg=3.648167s comm_max=0.045416s comm_avg=0.022996s root_ops=0.004379s overhead_ratio=0.014
Running Generation 57...
*** Completed generation 57 after 209.21173 seconds ***
- Best fitness in generation 57 is 7.9258184
-- Overall best fitness is found in generation 48 and is 7.9230947
[MPI_TIMING] gen=57 total_max=3.687894s total_avg=3.687847s compute_max=3.682792s compute_avg=3.661282s comm_max=0.047986s comm_avg=0.024276s root_ops=0.004461s overhead_ratio=0.014
Running Generation 58...
*** Completed generation 58 after 212.89136 seconds ***
- Best fitness in generation 58 is 7.926632
-- Overall best fitness is found in generation 48 and is 7.9230947
[MPI_TIMING] gen=58 total_max=3.679600s total_avg=3.679572s compute_max=3.674461s compute_avg=3.656965s comm_max=0.040033s comm_avg=0.020300s root_ops=0.004505s overhead_ratio=0.012
Running Generation 59...
*** Completed generation 59 after 216.5766 seconds ***
- Best fitness in generation 59 is 7.926632
-- Overall best fitness is found in generation 48 and is 7.9230947
[MPI_TIMING] gen=59 total_max=3.685203s total_avg=3.685156s compute_max=3.680056s compute_avg=3.659465s comm_max=0.046286s comm_avg=0.023431s root_ops=0.004398s overhead_ratio=0.014
Running Generation 60...
*** Completed generation 60 after 220.25673 seconds ***
- Best fitness in generation 60 is 7.926632
-- Overall best fitness is found in generation 48 and is 7.9230947
[MPI_TIMING] gen=60 total_max=3.680151s total_avg=3.680110s compute_max=3.675043s compute_avg=3.659672s comm_max=0.035727s comm_avg=0.018145s root_ops=0.004468s overhead_ratio=0.011
Running Generation 61...
*** Completed generation 61 after 223.94199 seconds ***
- Best fitness in generation 61 is 7.9256916
-- Overall best fitness is found in generation 48 and is 7.9230947
[MPI_TIMING] gen=61 total_max=3.685190s total_avg=3.685184s compute_max=3.680102s compute_avg=3.659428s comm_max=0.046383s comm_avg=0.023470s root_ops=0.004465s overhead_ratio=0.014
Running Generation 62...
*** Completed generation 62 after 227.6172 seconds ***
- Best fitness in generation 62 is 7.924686
-- Overall best fitness is found in generation 48 and is 7.9230947
[MPI_TIMING] gen=62 total_max=3.675171s total_avg=3.675157s compute_max=3.670084s compute_avg=3.656291s comm_max=0.032632s comm_avg=0.016598s root_ops=0.004418s overhead_ratio=0.010
Running Generation 63...
*** Completed generation 63 after 231.30855 seconds ***
- Best fitness in generation 63 is 7.92446
-- Overall best fitness is found in generation 48 and is 7.9230947
[MPI_TIMING] gen=63 total_max=3.691406s total_avg=3.691345s compute_max=3.686182s compute_avg=3.662020s comm_max=0.053384s comm_avg=0.027004s root_ops=0.004523s overhead_ratio=0.016
Running Generation 64...
*** Completed generation 64 after 234.99657 seconds ***
- Best fitness in generation 64 is 7.9237404
-- Overall best fitness is found in generation 48 and is 7.9230947
[MPI_TIMING] gen=64 total_max=3.687938s total_avg=3.687888s compute_max=3.682789s compute_avg=3.658970s comm_max=0.052744s comm_avg=0.026653s root_ops=0.004419s overhead_ratio=0.015
Running Generation 65...
*** Completed generation 65 after 238.68309 seconds ***
- Best fitness in generation 65 is 7.9237404
-- Overall best fitness is found in generation 48 and is 7.9230947
[MPI_TIMING] gen=65 total_max=3.686553s total_avg=3.686513s compute_max=3.681360s compute_avg=3.658721s comm_max=0.050350s comm_avg=0.025488s root_ops=0.004492s overhead_ratio=0.015
Running Generation 66...
*** Completed generation 66 after 242.36533 seconds ***
- Best fitness in generation 66 is 7.9223924
-- Overall best fitness is found in generation 66 and is 7.9223924
[MPI_TIMING] gen=66 total_max=3.682164s total_avg=3.682162s compute_max=3.677059s compute_avg=3.658404s comm_max=0.042367s comm_avg=0.021463s root_ops=0.004464s overhead_ratio=0.013
Running Generation 67...
*** Completed generation 67 after 246.06223 seconds ***
- Best fitness in generation 67 is 7.9223924
-- Overall best fitness is found in generation 66 and is 7.9223924
[MPI_TIMING] gen=67 total_max=3.696830s total_avg=3.696811s compute_max=3.691739s compute_avg=3.658874s comm_max=0.070780s comm_avg=0.035674s root_ops=0.004413s overhead_ratio=0.020
Running Generation 68...
*** Completed generation 68 after 249.74483 seconds ***
- Best fitness in generation 68 is 7.923272
-- Overall best fitness is found in generation 66 and is 7.9223924
[MPI_TIMING] gen=68 total_max=3.682559s total_avg=3.682547s compute_max=3.677492s compute_avg=3.660403s comm_max=0.039181s comm_avg=0.019879s root_ops=0.004420s overhead_ratio=0.012
Running Generation 69...
*** Completed generation 69 after 253.43925 seconds ***
- Best fitness in generation 69 is 7.9209614
-- Overall best fitness is found in generation 69 and is 7.9209614
[MPI_TIMING] gen=69 total_max=3.694404s total_avg=3.694394s compute_max=3.689333s compute_avg=3.662287s comm_max=0.059099s comm_avg=0.029829s root_ops=0.004435s overhead_ratio=0.017
Running Generation 70...
*** Completed generation 70 after 257.12097 seconds ***
- Best fitness in generation 70 is 7.9209614
-- Overall best fitness is found in generation 69 and is 7.9209614
[MPI_TIMING] gen=70 total_max=3.681691s total_avg=3.681670s compute_max=3.676610s compute_avg=3.659858s comm_max=0.038500s comm_avg=0.019529s root_ops=0.004456s overhead_ratio=0.012
Running Generation 71...
*** Completed generation 71 after 260.81738 seconds ***
- Best fitness in generation 71 is 7.9209614
-- Overall best fitness is found in generation 69 and is 7.9209614
[MPI_TIMING] gen=71 total_max=3.696348s total_avg=3.696341s compute_max=3.691234s compute_avg=3.676397s comm_max=0.034735s comm_avg=0.017657s root_ops=0.004460s overhead_ratio=0.011
Running Generation 72...
*** Completed generation 72 after 264.49692 seconds ***
- Best fitness in generation 72 is 7.918887
-- Overall best fitness is found in generation 72 and is 7.918887
[MPI_TIMING] gen=72 total_max=3.679453s total_avg=3.679449s compute_max=3.674394s compute_avg=3.660488s comm_max=0.032826s comm_avg=0.016700s root_ops=0.004401s overhead_ratio=0.010
Running Generation 73...
*** Completed generation 73 after 268.19 seconds ***
- Best fitness in generation 73 is 7.9209614
-- Overall best fitness is found in generation 72 and is 7.918887
[MPI_TIMING] gen=73 total_max=3.693045s total_avg=3.693027s compute_max=3.687975s compute_avg=3.665024s comm_max=0.050894s comm_avg=0.025736s root_ops=0.004424s overhead_ratio=0.015
Running Generation 74...
*** Completed generation 74 after 271.8744 seconds ***
- Best fitness in generation 74 is 7.921432
-- Overall best fitness is found in generation 72 and is 7.918887
[MPI_TIMING] gen=74 total_max=3.684344s total_avg=3.684324s compute_max=3.679284s compute_avg=3.660303s comm_max=0.042978s comm_avg=0.021776s root_ops=0.004374s overhead_ratio=0.013
Running Generation 75...
*** Completed generation 75 after 275.57593 seconds ***
- Best fitness in generation 75 is 7.921432
-- Overall best fitness is found in generation 72 and is 7.918887
[MPI_TIMING] gen=75 total_max=3.701675s total_avg=3.701573s compute_max=3.696446s compute_avg=3.668367s comm_max=0.061140s comm_avg=0.030864s root_ops=0.004564s overhead_ratio=0.018
Running Generation 76...
*** Completed generation 76 after 279.25528 seconds ***
- Best fitness in generation 76 is 7.921432
-- Overall best fitness is found in generation 72 and is 7.918887
[MPI_TIMING] gen=76 total_max=3.679286s total_avg=3.679213s compute_max=3.674089s compute_avg=3.662528s comm_max=0.028278s comm_avg=0.014431s root_ops=0.004400s overhead_ratio=0.009
Running Generation 77...
*** Completed generation 77 after 282.95172 seconds ***
- Best fitness in generation 77 is 7.921432
-- Overall best fitness is found in generation 72 and is 7.918887
[MPI_TIMING] gen=77 total_max=3.696416s total_avg=3.696408s compute_max=3.691367s compute_avg=3.669434s comm_max=0.048857s comm_avg=0.024709s root_ops=0.004411s overhead_ratio=0.014
Running Generation 78...
*** Completed generation 78 after 286.63196 seconds ***
- Best fitness in generation 78 is 7.923928
-- Overall best fitness is found in generation 72 and is 7.918887
[MPI_TIMING] gen=78 total_max=3.680208s total_avg=3.680188s compute_max=3.675113s compute_avg=3.652466s comm_max=0.050306s comm_avg=0.025443s root_ops=0.004442s overhead_ratio=0.015
Running Generation 79...
*** Completed generation 79 after 290.3223 seconds ***
- Best fitness in generation 79 is 7.9248266
-- Overall best fitness is found in generation 72 and is 7.918887
[MPI_TIMING] gen=79 total_max=3.690324s total_avg=3.690309s compute_max=3.685179s compute_avg=3.663710s comm_max=0.048011s comm_avg=0.024309s root_ops=0.004460s overhead_ratio=0.014
Running Generation 80...
*** Completed generation 80 after 294.00342 seconds ***
- Best fitness in generation 80 is 7.9248266
-- Overall best fitness is found in generation 72 and is 7.918887
[MPI_TIMING] gen=80 total_max=3.681143s total_avg=3.681089s compute_max=3.675939s compute_avg=3.657896s comm_max=0.041138s comm_avg=0.020857s root_ops=0.004562s overhead_ratio=0.012
Running Generation 81...
*** Completed generation 81 after 297.6968 seconds ***
- Best fitness in generation 81 is 7.9248266
-- Overall best fitness is found in generation 72 and is 7.918887
[MPI_TIMING] gen=81 total_max=3.693328s total_avg=3.693314s compute_max=3.688118s compute_avg=3.657070s comm_max=0.067265s comm_avg=0.033922s root_ops=0.004525s overhead_ratio=0.019
Running Generation 82...
*** Completed generation 82 after 301.38046 seconds ***
- Best fitness in generation 82 is 7.9245553
-- Overall best fitness is found in generation 72 and is 7.918887
[MPI_TIMING] gen=82 total_max=3.683613s total_avg=3.683605s compute_max=3.678461s compute_avg=3.655510s comm_max=0.051011s comm_avg=0.025786s root_ops=0.004500s overhead_ratio=0.015
Running Generation 83...
*** Completed generation 83 after 305.0742 seconds ***
- Best fitness in generation 83 is 7.9245553
-- Overall best fitness is found in generation 72 and is 7.918887
[MPI_TIMING] gen=83 total_max=3.693653s total_avg=3.693638s compute_max=3.688527s compute_avg=3.664051s comm_max=0.054036s comm_avg=0.027303s root_ops=0.004459s overhead_ratio=0.016
Running Generation 84...
*** Completed generation 84 after 308.75537 seconds ***
- Best fitness in generation 84 is 7.9247904
-- Overall best fitness is found in generation 72 and is 7.918887
[MPI_TIMING] gen=84 total_max=3.681203s total_avg=3.681165s compute_max=3.676046s compute_avg=3.659294s comm_max=0.038543s comm_avg=0.019555s root_ops=0.004522s overhead_ratio=0.012
Running Generation 85...
*** Completed generation 85 after 312.44855 seconds ***
- Best fitness in generation 85 is 7.9247904
-- Overall best fitness is found in generation 72 and is 7.918887
[MPI_TIMING] gen=85 total_max=3.693122s total_avg=3.693114s compute_max=3.687966s compute_avg=3.659310s comm_max=0.062426s comm_avg=0.031499s root_ops=0.004492s overhead_ratio=0.018
Running Generation 86...
*** Completed generation 86 after 316.13397 seconds ***
- Best fitness in generation 86 is 7.924396
-- Overall best fitness is found in generation 72 and is 7.918887
[MPI_TIMING] gen=86 total_max=3.685371s total_avg=3.685355s compute_max=3.680224s compute_avg=3.654282s comm_max=0.056957s comm_avg=0.028761s root_ops=0.004514s overhead_ratio=0.017
Running Generation 87...
*** Completed generation 87 after 319.82404 seconds ***
- Best fitness in generation 87 is 7.9231997
-- Overall best fitness is found in generation 72 and is 7.918887
[MPI_TIMING] gen=87 total_max=3.690061s total_avg=3.690042s compute_max=3.684885s compute_avg=3.657110s comm_max=0.060645s comm_avg=0.030602s root_ops=0.004542s overhead_ratio=0.018
Running Generation 88...
*** Completed generation 88 after 323.51242 seconds ***
- Best fitness in generation 88 is 7.923031
-- Overall best fitness is found in generation 72 and is 7.918887
[MPI_TIMING] gen=88 total_max=3.688364s total_avg=3.688327s compute_max=3.683155s compute_avg=3.658305s comm_max=0.054784s comm_avg=0.027680s root_ops=0.004553s overhead_ratio=0.016
Running Generation 89...
*** Completed generation 89 after 327.19876 seconds ***
- Best fitness in generation 89 is 7.922466
-- Overall best fitness is found in generation 72 and is 7.918887
[MPI_TIMING] gen=89 total_max=3.686273s total_avg=3.686258s compute_max=3.681091s compute_avg=3.656160s comm_max=0.055003s comm_avg=0.027787s root_ops=0.004511s overhead_ratio=0.016
Running Generation 90...
*** Completed generation 90 after 330.87833 seconds ***
- Best fitness in generation 90 is 7.922466
-- Overall best fitness is found in generation 72 and is 7.918887
[MPI_TIMING] gen=90 total_max=3.679495s total_avg=3.679465s compute_max=3.674355s compute_avg=3.653347s comm_max=0.047113s comm_avg=0.023842s root_ops=0.004434s overhead_ratio=0.014
Running Generation 91...
*** Completed generation 91 after 334.56332 seconds ***
- Best fitness in generation 91 is 7.923031
-- Overall best fitness is found in generation 72 and is 7.918887
[MPI_TIMING] gen=91 total_max=3.685048s total_avg=3.685002s compute_max=3.679873s compute_avg=3.657135s comm_max=0.050518s comm_avg=0.025550s root_ops=0.004514s overhead_ratio=0.015
Running Generation 92...
*** Completed generation 92 after 338.24612 seconds ***
- Best fitness in generation 92 is 7.9225287
-- Overall best fitness is found in generation 72 and is 7.918887
[MPI_TIMING] gen=92 total_max=3.682732s total_avg=3.682731s compute_max=3.677581s compute_avg=3.657446s comm_max=0.045377s comm_avg=0.022976s root_ops=0.004498s overhead_ratio=0.014
Running Generation 93...
*** Completed generation 93 after 341.9413 seconds ***
- Best fitness in generation 93 is 7.9225287
-- Overall best fitness is found in generation 72 and is 7.918887
[MPI_TIMING] gen=93 total_max=3.695125s total_avg=3.695108s compute_max=3.689982s compute_avg=3.668699s comm_max=0.047667s comm_avg=0.024125s root_ops=0.004450s overhead_ratio=0.014
Running Generation 94...
*** Completed generation 94 after 345.62527 seconds ***
- Best fitness in generation 94 is 7.9225287
-- Overall best fitness is found in generation 72 and is 7.918887
[MPI_TIMING] gen=94 total_max=3.683896s total_avg=3.683876s compute_max=3.678812s compute_avg=3.662756s comm_max=0.037155s comm_avg=0.018861s root_ops=0.004399s overhead_ratio=0.011
Running Generation 95...
*** Completed generation 95 after 349.31793 seconds ***
- Best fitness in generation 95 is 7.923443
-- Overall best fitness is found in generation 72 and is 7.918887
[MPI_TIMING] gen=95 total_max=3.692653s total_avg=3.692629s compute_max=3.687566s compute_avg=3.664043s comm_max=0.052043s comm_avg=0.026307s root_ops=0.004438s overhead_ratio=0.015
Running Generation 96...
*** Completed generation 96 after 352.996 seconds ***
- Best fitness in generation 96 is 7.922871
-- Overall best fitness is found in generation 72 and is 7.918887
[MPI_TIMING] gen=96 total_max=3.678093s total_avg=3.678054s compute_max=3.672884s compute_avg=3.660104s comm_max=0.030650s comm_avg=0.015642s root_ops=0.004505s overhead_ratio=0.010
Running Generation 97...
*** Completed generation 97 after 356.69547 seconds ***
- Best fitness in generation 97 is 7.922871
-- Overall best fitness is found in generation 72 and is 7.918887
[MPI_TIMING] gen=97 total_max=3.699391s total_avg=3.699342s compute_max=3.694228s compute_avg=3.667645s comm_max=0.058288s comm_avg=0.029433s root_ops=0.004400s overhead_ratio=0.017
Running Generation 98...
*** Completed generation 98 after 360.37823 seconds ***
- Best fitness in generation 98 is 7.922871
-- Overall best fitness is found in generation 72 and is 7.918887
[MPI_TIMING] gen=98 total_max=3.682761s total_avg=3.682736s compute_max=3.677660s compute_avg=3.659608s comm_max=0.041113s comm_avg=0.020851s root_ops=0.004436s overhead_ratio=0.012
Running Generation 99...
*** Completed generation 99 after 364.06833 seconds ***
- Best fitness in generation 99 is 7.922871
-- Overall best fitness is found in generation 72 and is 7.918887
[MPI_TIMING] gen=99 total_max=3.690068s total_avg=3.690050s compute_max=3.684987s compute_avg=3.661827s comm_max=0.051324s comm_avg=0.025937s root_ops=0.004462s overhead_ratio=0.015
Running Generation 100...
*** Completed generation 100 after 367.7485 seconds ***
- Best fitness in generation 100 is 7.923097
-- Overall best fitness is found in generation 72 and is 7.918887
[MPI_TIMING] gen=100 total_max=3.680115s total_avg=3.680105s compute_max=3.675018s compute_avg=3.655702s comm_max=0.043685s comm_avg=0.022127s root_ops=0.004429s overhead_ratio=0.013
Running Generation 101...
*** Completed generation 101 after 371.44034 seconds ***
- Best fitness in generation 101 is 7.923097
-- Overall best fitness is found in generation 72 and is 7.918887
[MPI_TIMING] gen=101 total_max=3.691771s total_avg=3.691770s compute_max=3.686723s compute_avg=3.663287s comm_max=0.051877s comm_avg=0.026219s root_ops=0.004418s overhead_ratio=0.015
Running Generation 102...
*** Completed generation 102 after 375.12738 seconds ***
- Best fitness in generation 102 is 7.923097
-- Overall best fitness is found in generation 72 and is 7.918887
[MPI_TIMING] gen=102 total_max=3.687029s total_avg=3.687013s compute_max=3.681928s compute_avg=3.661815s comm_max=0.045252s comm_avg=0.022918s root_ops=0.004443s overhead_ratio=0.013
Running Generation 103...
*** Completed generation 103 after 378.80066 seconds ***
- Best fitness in generation 103 is 7.923097
-- Overall best fitness is found in generation 72 and is 7.918887
[MPI_TIMING] gen=103 total_max=3.673207s total_avg=3.673159s compute_max=3.668099s compute_avg=3.653718s comm_max=0.033828s comm_avg=0.017211s root_ops=0.004362s overhead_ratio=0.010
Running Generation 104...
*** Completed generation 104 after 382.48694 seconds ***
- Best fitness in generation 104 is 7.923097
-- Overall best fitness is found in generation 72 and is 7.918887
[MPI_TIMING] gen=104 total_max=3.686338s total_avg=3.686295s compute_max=3.681251s compute_avg=3.660417s comm_max=0.046628s comm_avg=0.023599s root_ops=0.004441s overhead_ratio=0.014
Running Generation 105...
*** Completed generation 105 after 386.1723 seconds ***
- Best fitness in generation 105 is 7.923506
-- Overall best fitness is found in generation 72 and is 7.918887
[MPI_TIMING] gen=105 total_max=3.685333s total_avg=3.685303s compute_max=3.680191s compute_avg=3.658185s comm_max=0.049049s comm_avg=0.024827s root_ops=0.004473s overhead_ratio=0.015
Running Generation 106...
*** Completed generation 106 after 389.8555 seconds ***
- Best fitness in generation 106 is 7.9248385
-- Overall best fitness is found in generation 72 and is 7.918887
[MPI_TIMING] gen=106 total_max=3.683129s total_avg=3.683074s compute_max=3.678017s compute_avg=3.665466s comm_max=0.030173s comm_avg=0.015374s root_ops=0.004352s overhead_ratio=0.009
Running Generation 107...
*** Completed generation 107 after 393.53714 seconds ***
- Best fitness in generation 107 is 7.9248567
-- Overall best fitness is found in generation 72 and is 7.918887
[MPI_TIMING] gen=107 total_max=3.681667s total_avg=3.681635s compute_max=3.676607s compute_avg=3.658698s comm_max=0.040770s comm_avg=0.020676s root_ops=0.004404s overhead_ratio=0.012
Running Generation 108...
*** Completed generation 108 after 397.22366 seconds ***
- Best fitness in generation 108 is 7.9248567
-- Overall best fitness is found in generation 72 and is 7.918887
[MPI_TIMING] gen=108 total_max=3.686426s total_avg=3.686424s compute_max=3.681390s compute_avg=3.658619s comm_max=0.050529s comm_avg=0.025553s root_ops=0.004387s overhead_ratio=0.015
Running Generation 109...
*** Completed generation 109 after 400.90335 seconds ***
- Best fitness in generation 109 is 7.9219923
-- Overall best fitness is found in generation 72 and is 7.918887
[MPI_TIMING] gen=109 total_max=3.679748s total_avg=3.679700s compute_max=3.674623s compute_avg=3.662905s comm_max=0.028423s comm_avg=0.014500s root_ops=0.004473s overhead_ratio=0.009
Running Generation 110...
*** Completed generation 110 after 404.5931 seconds ***
- Best fitness in generation 110 is 7.9219923
-- Overall best fitness is found in generation 72 and is 7.918887
[MPI_TIMING] gen=110 total_max=3.689694s total_avg=3.689672s compute_max=3.684556s compute_avg=3.665587s comm_max=0.043035s comm_avg=0.021818s root_ops=0.004419s overhead_ratio=0.013
Running Generation 111...
*** Completed generation 111 after 408.2759 seconds ***
- Best fitness in generation 111 is 7.9219923
-- Overall best fitness is found in generation 72 and is 7.918887
[MPI_TIMING] gen=111 total_max=3.682773s total_avg=3.682757s compute_max=3.677705s compute_avg=3.658349s comm_max=0.043708s comm_avg=0.022141s root_ops=0.004427s overhead_ratio=0.013
Running Generation 112...
*** Completed generation 112 after 411.96652 seconds ***
- Best fitness in generation 112 is 7.921701
-- Overall best fitness is found in generation 72 and is 7.918887
[MPI_TIMING] gen=112 total_max=3.690737s total_avg=3.690647s compute_max=3.685436s compute_avg=3.664939s comm_max=0.046073s comm_avg=0.023354s root_ops=0.004590s overhead_ratio=0.014
Running Generation 113...
*** Completed generation 113 after 415.65027 seconds ***
- Best fitness in generation 113 is 7.921701
-- Overall best fitness is found in generation 72 and is 7.918887
[MPI_TIMING] gen=113 total_max=3.683678s total_avg=3.683618s compute_max=3.678453s compute_avg=3.662134s comm_max=0.037822s comm_avg=0.019195s root_ops=0.004459s overhead_ratio=0.011
Running Generation 114...
*** Completed generation 114 after 419.3372 seconds ***
- Best fitness in generation 114 is 7.921701
-- Overall best fitness is found in generation 72 and is 7.918887
[MPI_TIMING] gen=114 total_max=3.686845s total_avg=3.686828s compute_max=3.681756s compute_avg=3.656233s comm_max=0.056093s comm_avg=0.028330s root_ops=0.004413s overhead_ratio=0.016
Running Generation 115...
*** Completed generation 115 after 423.02118 seconds ***
- Best fitness in generation 115 is 7.921701
-- Overall best fitness is found in generation 72 and is 7.918887
[MPI_TIMING] gen=115 total_max=3.683954s total_avg=3.683942s compute_max=3.678874s compute_avg=3.658106s comm_max=0.046550s comm_avg=0.023571s root_ops=0.004420s overhead_ratio=0.014
Running Generation 116...
*** Completed generation 116 after 426.7122 seconds ***
- Best fitness in generation 116 is 7.921701
-- Overall best fitness is found in generation 72 and is 7.918887
[MPI_TIMING] gen=116 total_max=3.690981s total_avg=3.690959s compute_max=3.685855s compute_avg=3.669821s comm_max=0.037106s comm_avg=0.018857s root_ops=0.004449s overhead_ratio=0.011
Running Generation 117...
*** Completed generation 117 after 430.39444 seconds ***
- Best fitness in generation 117 is 7.921701
-- Overall best fitness is found in generation 72 and is 7.918887
[MPI_TIMING] gen=117 total_max=3.682220s total_avg=3.682213s compute_max=3.677146s compute_avg=3.673821s comm_max=0.011683s comm_avg=0.006120s root_ops=0.004428s overhead_ratio=0.004
Running Generation 118...
*** Completed generation 118 after 434.08426 seconds ***
- Best fitness in generation 118 is 7.921701
-- Overall best fitness is found in generation 72 and is 7.918887
[MPI_TIMING] gen=118 total_max=3.689757s total_avg=3.689742s compute_max=3.684670s compute_avg=3.660085s comm_max=0.054215s comm_avg=0.027412s root_ops=0.004381s overhead_ratio=0.016
Running Generation 119...
*** Completed generation 119 after 437.77286 seconds ***
- Best fitness in generation 119 is 7.921701
-- Overall best fitness is found in generation 72 and is 7.918887
[MPI_TIMING] gen=119 total_max=3.688693s total_avg=3.688616s compute_max=3.683535s compute_avg=3.662779s comm_max=0.046475s comm_avg=0.023520s root_ops=0.004521s overhead_ratio=0.014
Running Generation 120...
*** Completed generation 120 after 441.45978 seconds ***
- Best fitness in generation 120 is 7.921701
-- Overall best fitness is found in generation 72 and is 7.918887
[MPI_TIMING] gen=120 total_max=3.686865s total_avg=3.686832s compute_max=3.681695s compute_avg=3.659343s comm_max=0.049833s comm_avg=0.025208s root_ops=0.004450s overhead_ratio=0.015
Running Generation 121...
*** Completed generation 121 after 445.1474 seconds ***
- Best fitness in generation 121 is 7.921701
-- Overall best fitness is found in generation 72 and is 7.918887
[MPI_TIMING] gen=121 total_max=3.687551s total_avg=3.687530s compute_max=3.682477s compute_avg=3.660256s comm_max=0.049429s comm_avg=0.024994s root_ops=0.004451s overhead_ratio=0.015
Running Generation 122...
*** Completed generation 122 after 448.83475 seconds ***
- Best fitness in generation 122 is 7.921701
-- Overall best fitness is found in generation 72 and is 7.918887
[MPI_TIMING] gen=122 total_max=3.687401s total_avg=3.687350s compute_max=3.682178s compute_avg=3.659946s comm_max=0.049542s comm_avg=0.025073s root_ops=0.004542s overhead_ratio=0.015
Running Generation 123...
*** Completed generation 123 after 452.51987 seconds ***
- Best fitness in generation 123 is 7.921701
-- Overall best fitness is found in generation 72 and is 7.918887
[MPI_TIMING] gen=123 total_max=3.685060s total_avg=3.685014s compute_max=3.679858s compute_avg=3.658766s comm_max=0.047344s comm_avg=0.023965s root_ops=0.004461s overhead_ratio=0.014
Running Generation 124...
*** Completed generation 124 after 456.20816 seconds ***
- Best fitness in generation 124 is 7.921701
-- Overall best fitness is found in generation 72 and is 7.918887
[MPI_TIMING] gen=124 total_max=3.688298s total_avg=3.688258s compute_max=3.683133s compute_avg=3.660626s comm_max=0.050057s comm_avg=0.025315s root_ops=0.004524s overhead_ratio=0.015
Running Generation 125...
*** Completed generation 125 after 459.89484 seconds ***
- Best fitness in generation 125 is 7.921701
-- Overall best fitness is found in generation 72 and is 7.918887
[MPI_TIMING] gen=125 total_max=3.686616s total_avg=3.686594s compute_max=3.681442s compute_avg=3.664688s comm_max=0.038639s comm_avg=0.019611s root_ops=0.004483s overhead_ratio=0.012
Running Generation 126...
*** Completed generation 126 after 463.57806 seconds ***
- Best fitness in generation 126 is 7.921701
-- Overall best fitness is found in generation 72 and is 7.918887
[MPI_TIMING] gen=126 total_max=3.683161s total_avg=3.683139s compute_max=3.678030s compute_avg=3.662536s comm_max=0.036077s comm_avg=0.018332s root_ops=0.004426s overhead_ratio=0.011
Running Generation 127...
*** Completed generation 127 after 467.26526 seconds ***
- Best fitness in generation 127 is 7.921701
-- Overall best fitness is found in generation 72 and is 7.918887
[MPI_TIMING] gen=127 total_max=3.687179s total_avg=3.687154s compute_max=3.682053s compute_avg=3.660097s comm_max=0.048945s comm_avg=0.024767s root_ops=0.004475s overhead_ratio=0.014
Running Generation 128...
*** Completed generation 128 after 470.95776 seconds ***
- Best fitness in generation 128 is 7.921701
-- Overall best fitness is found in generation 72 and is 7.918887
[MPI_TIMING] gen=128 total_max=3.692577s total_avg=3.692511s compute_max=3.687295s compute_avg=3.664601s comm_max=0.050497s comm_avg=0.025560s root_ops=0.004593s overhead_ratio=0.015
Running Generation 129...
*** Completed generation 129 after 474.64056 seconds ***
- Best fitness in generation 129 is 7.921701
-- Overall best fitness is found in generation 72 and is 7.918887
[MPI_TIMING] gen=129 total_max=3.682735s total_avg=3.682713s compute_max=3.677408s compute_avg=3.658093s comm_max=0.043916s comm_avg=0.022286s root_ops=0.004558s overhead_ratio=0.013
Running Generation 130...
*** Completed generation 130 after 478.32687 seconds ***
- Best fitness in generation 130 is 7.921701
-- Overall best fitness is found in generation 72 and is 7.918887
[MPI_TIMING] gen=130 total_max=3.686256s total_avg=3.686247s compute_max=3.681056s compute_avg=3.664744s comm_max=0.037781s comm_avg=0.019183s root_ops=0.004525s overhead_ratio=0.011
Running Generation 131...
*** Completed generation 131 after 482.01358 seconds ***
- Best fitness in generation 131 is 7.921701
-- Overall best fitness is found in generation 72 and is 7.918887
[MPI_TIMING] gen=131 total_max=3.686629s total_avg=3.686589s compute_max=3.681439s compute_avg=3.660980s comm_max=0.046067s comm_avg=0.023332s root_ops=0.004455s overhead_ratio=0.014
Running Generation 132...
*** Completed generation 132 after 485.70096 seconds ***
- Best fitness in generation 132 is 7.921701
-- Overall best fitness is found in generation 72 and is 7.918887
[MPI_TIMING] gen=132 total_max=3.687379s total_avg=3.687352s compute_max=3.682233s compute_avg=3.664147s comm_max=0.041221s comm_avg=0.020898s root_ops=0.004497s overhead_ratio=0.012
Running Generation 133...
*** Completed generation 133 after 489.39154 seconds ***
- Best fitness in generation 133 is 7.9226465
-- Overall best fitness is found in generation 72 and is 7.918887
[MPI_TIMING] gen=133 total_max=3.690533s total_avg=3.690529s compute_max=3.685350s compute_avg=3.667019s comm_max=0.041805s comm_avg=0.021211s root_ops=0.004492s overhead_ratio=0.013
Running Generation 134...
*** Completed generation 134 after 493.07562 seconds ***
- Best fitness in generation 134 is 7.9226465
-- Overall best fitness is found in generation 72 and is 7.918887
[MPI_TIMING] gen=134 total_max=3.684046s total_avg=3.684030s compute_max=3.678899s compute_avg=3.659972s comm_max=0.042926s comm_avg=0.021747s root_ops=0.004512s overhead_ratio=0.013
Running Generation 135...
*** Completed generation 135 after 496.75394 seconds ***
- Best fitness in generation 135 is 7.9226465
-- Overall best fitness is found in generation 72 and is 7.918887
[MPI_TIMING] gen=135 total_max=3.678248s total_avg=3.678247s compute_max=3.673084s compute_avg=3.657037s comm_max=0.037215s comm_avg=0.018898s root_ops=0.004519s overhead_ratio=0.011
Running Generation 136...
*** Completed generation 136 after 500.442 seconds ***
- Best fitness in generation 136 is 7.924907
-- Overall best fitness is found in generation 72 and is 7.918887
[MPI_TIMING] gen=136 total_max=3.688017s total_avg=3.688001s compute_max=3.682826s compute_avg=3.662036s comm_max=0.046697s comm_avg=0.023643s root_ops=0.004533s overhead_ratio=0.014
Running Generation 137...
*** Completed generation 137 after 504.12793 seconds ***
- Best fitness in generation 137 is 7.921476
-- Overall best fitness is found in generation 72 and is 7.918887
[MPI_TIMING] gen=137 total_max=3.685857s total_avg=3.685855s compute_max=3.680697s compute_avg=3.660755s comm_max=0.044995s comm_avg=0.022797s root_ops=0.004490s overhead_ratio=0.013
Running Generation 138...
*** Completed generation 138 after 507.81235 seconds ***
- Best fitness in generation 138 is 7.921476
-- Overall best fitness is found in generation 72 and is 7.918887
[MPI_TIMING] gen=138 total_max=3.684352s total_avg=3.684343s compute_max=3.679219s compute_avg=3.660611s comm_max=0.042288s comm_avg=0.021428s root_ops=0.004495s overhead_ratio=0.013
Running Generation 139...
*** Completed generation 139 after 511.49786 seconds ***
- Best fitness in generation 139 is 7.921476
-- Overall best fitness is found in generation 72 and is 7.918887
[MPI_TIMING] gen=139 total_max=3.685474s total_avg=3.685466s compute_max=3.680314s compute_avg=3.658884s comm_max=0.047979s comm_avg=0.024282s root_ops=0.004495s overhead_ratio=0.014
Running Generation 140...
*** Completed generation 140 after 515.19086 seconds ***
- Best fitness in generation 140 is 7.9247413
-- Overall best fitness is found in generation 72 and is 7.918887
[MPI_TIMING] gen=140 total_max=3.692942s total_avg=3.692938s compute_max=3.687819s compute_avg=3.668102s comm_max=0.044514s comm_avg=0.022546s root_ops=0.004468s overhead_ratio=0.013
Running Generation 141...
*** Completed generation 141 after 518.8744 seconds ***
- Best fitness in generation 141 is 7.92425
-- Overall best fitness is found in generation 72 and is 7.918887
[MPI_TIMING] gen=141 total_max=3.683456s total_avg=3.683430s compute_max=3.678320s compute_avg=3.662203s comm_max=0.037331s comm_avg=0.018967s root_ops=0.004420s overhead_ratio=0.011
Running Generation 142...
*** Completed generation 142 after 522.5629 seconds ***
- Best fitness in generation 142 is 7.92425
-- Overall best fitness is found in generation 72 and is 7.918887
[MPI_TIMING] gen=142 total_max=3.688627s total_avg=3.688555s compute_max=3.683415s compute_avg=3.664103s comm_max=0.043649s comm_avg=0.022119s root_ops=0.004546s overhead_ratio=0.013
Running Generation 143...
*** Completed generation 143 after 526.24854 seconds ***
- Best fitness in generation 143 is 7.9236465
-- Overall best fitness is found in generation 72 and is 7.918887
[MPI_TIMING] gen=143 total_max=3.685539s total_avg=3.685506s compute_max=3.680365s compute_avg=3.659014s comm_max=0.047834s comm_avg=0.024203s root_ops=0.004483s overhead_ratio=0.014
Running Generation 144...
*** Completed generation 144 after 529.9232 seconds ***
- Best fitness in generation 144 is 7.9236465
-- Overall best fitness is found in generation 72 and is 7.918887
[MPI_TIMING] gen=144 total_max=3.674645s total_avg=3.674623s compute_max=3.669239s compute_avg=3.659860s comm_max=0.024078s comm_avg=0.012436s root_ops=0.004549s overhead_ratio=0.008
Running Generation 145...
*** Completed generation 145 after 533.604 seconds ***
- Best fitness in generation 145 is 7.9236465
-- Overall best fitness is found in generation 72 and is 7.918887
[MPI_TIMING] gen=145 total_max=3.680739s total_avg=3.680725s compute_max=3.675523s compute_avg=3.655930s comm_max=0.044361s comm_avg=0.022488s root_ops=0.004505s overhead_ratio=0.013
Running Generation 146...
*** Completed generation 146 after 537.278 seconds ***
- Best fitness in generation 146 is 7.92328
-- Overall best fitness is found in generation 72 and is 7.918887
[MPI_TIMING] gen=146 total_max=3.673983s total_avg=3.673950s compute_max=3.668864s compute_avg=3.656901s comm_max=0.029001s comm_avg=0.014774s root_ops=0.004428s overhead_ratio=0.009
Running Generation 147...
*** Completed generation 147 after 540.9551 seconds ***
- Best fitness in generation 147 is 7.92328
-- Overall best fitness is found in generation 72 and is 7.918887
[MPI_TIMING] gen=147 total_max=3.677042s total_avg=3.677010s compute_max=3.671929s compute_avg=3.654901s comm_max=0.039063s comm_avg=0.019813s root_ops=0.004480s overhead_ratio=0.012
Running Generation 148...
*** Completed generation 148 after 544.6321 seconds ***
- Best fitness in generation 148 is 7.92328
-- Overall best fitness is found in generation 72 and is 7.918887
[MPI_TIMING] gen=148 total_max=3.676984s total_avg=3.676962s compute_max=3.671857s compute_avg=3.655935s comm_max=0.036877s comm_avg=0.018708s root_ops=0.004508s overhead_ratio=0.011
Running Generation 149...
*** Completed generation 149 after 548.3141 seconds ***
- Best fitness in generation 149 is 7.9238915
-- Overall best fitness is found in generation 72 and is 7.918887
[MPI_TIMING] gen=149 total_max=3.681994s total_avg=3.681961s compute_max=3.676824s compute_avg=3.653094s comm_max=0.052524s comm_avg=0.026537s root_ops=0.004549s overhead_ratio=0.016
Running Generation 150...
*** Completed generation 150 after 551.98175 seconds ***
- Best fitness in generation 150 is 7.9244814
-- Overall best fitness is found in generation 72 and is 7.918887
[MPI_TIMING] gen=150 total_max=3.667619s total_avg=3.667604s compute_max=3.662444s compute_avg=3.649846s comm_max=0.030329s comm_avg=0.015443s root_ops=0.004523s overhead_ratio=0.010
Reached 150 generations, exiting...


- Overall best fitness is 7.918887
- The best individual is:
                generation:	72
                index:		12
                fitness:	7.918887
                string:	0.00000;0.44105;0.00000;0.00000;0.55028;0.68520;0.74781

