Scale config: households=48 horizon=60 individuals=2000 max_generation=150 repetitions=8
Running distributed (MPI) GA exploration...
Running Generation 1...
*** Completed generation 1 after 0.22077197 seconds ***
- Best fitness in generation 1 is 8.874133
-- Overall best fitness is found in generation 1 and is 8.874133
[MPI_TIMING] gen=1 total_max=0.228366s total_avg=0.227177s compute_max=0.089075s compute_avg=0.076135s comm_max=0.174147s comm_avg=0.150988s root_ops=0.006498s overhead_ratio=0.791
Running Generation 2...
*** Completed generation 2 after 0.41689444 seconds ***
- Best fitness in generation 2 is 8.874133
-- Overall best fitness is found in generation 1 and is 8.874133
[MPI_TIMING] gen=2 total_max=0.196056s total_avg=0.195971s compute_max=0.089130s compute_avg=0.076045s comm_max=0.142653s comm_avg=0.119873s root_ops=0.006464s overhead_ratio=0.761
Running Generation 3...
*** Completed generation 3 after 0.6128866 seconds ***
- Best fitness in generation 3 is 8.874133
-- Overall best fitness is found in generation 1 and is 8.874133
[MPI_TIMING] gen=3 total_max=0.195983s total_avg=0.195849s compute_max=0.089203s compute_avg=0.075916s comm_max=0.142559s comm_avg=0.119881s root_ops=0.006357s overhead_ratio=0.760
Running Generation 4...
*** Completed generation 4 after 0.8093238 seconds ***
- Best fitness in generation 4 is 8.874133
-- Overall best fitness is found in generation 1 and is 8.874133
[MPI_TIMING] gen=4 total_max=0.197065s total_avg=0.196837s compute_max=0.089423s compute_avg=0.075185s comm_max=0.143310s comm_avg=0.121594s root_ops=0.006621s overhead_ratio=0.761
Running Generation 5...
*** Completed generation 5 after 1.0062867 seconds ***
- Best fitness in generation 5 is 8.874133
-- Overall best fitness is found in generation 1 and is 8.874133
[MPI_TIMING] gen=5 total_max=0.197288s total_avg=0.191534s compute_max=0.089554s compute_avg=0.073863s comm_max=0.139571s comm_avg=0.117608s root_ops=0.006485s overhead_ratio=0.740
Running Generation 6...
*** Completed generation 6 after 1.1966838 seconds ***
- Best fitness in generation 6 is 8.767838
-- Overall best fitness is found in generation 6 and is 8.767838
[MPI_TIMING] gen=6 total_max=0.194643s total_avg=0.193754s compute_max=0.089618s compute_avg=0.073037s comm_max=0.140669s comm_avg=0.120676s root_ops=0.004852s overhead_ratio=0.748
Running Generation 7...
*** Completed generation 7 after 1.3577081 seconds ***
- Best fitness in generation 7 is 8.694073
-- Overall best fitness is found in generation 7 and is 8.694073
[MPI_TIMING] gen=7 total_max=0.161029s total_avg=0.160782s compute_max=0.089834s compute_avg=0.071506s comm_max=0.107067s comm_avg=0.089237s root_ops=0.004638s overhead_ratio=0.694
Running Generation 8...
*** Completed generation 8 after 1.5181582 seconds ***
- Best fitness in generation 8 is 8.742922
-- Overall best fitness is found in generation 7 and is 8.694073
[MPI_TIMING] gen=8 total_max=0.160450s total_avg=0.160354s compute_max=0.090025s compute_avg=0.071406s comm_max=0.106525s comm_avg=0.088910s root_ops=0.004567s overhead_ratio=0.692
Running Generation 9...
*** Completed generation 9 after 1.6790326 seconds ***
- Best fitness in generation 9 is 8.647242
-- Overall best fitness is found in generation 9 and is 8.647242
[MPI_TIMING] gen=9 total_max=0.160867s total_avg=0.160813s compute_max=0.090067s compute_avg=0.069509s comm_max=0.107057s comm_avg=0.091267s root_ops=0.004578s overhead_ratio=0.694
Running Generation 10...
*** Completed generation 10 after 1.8398241 seconds ***
- Best fitness in generation 10 is 8.648861
-- Overall best fitness is found in generation 9 and is 8.647242
[MPI_TIMING] gen=10 total_max=0.160906s total_avg=0.160714s compute_max=0.090265s compute_avg=0.068852s comm_max=0.106887s comm_avg=0.091825s root_ops=0.004527s overhead_ratio=0.692
Running Generation 11...
*** Completed generation 11 after 2.0021272 seconds ***
- Best fitness in generation 11 is 8.563528
-- Overall best fitness is found in generation 11 and is 8.563528
[MPI_TIMING] gen=11 total_max=0.162327s total_avg=0.162272s compute_max=0.090336s compute_avg=0.068776s comm_max=0.108299s comm_avg=0.093459s root_ops=0.004478s overhead_ratio=0.695
Running Generation 12...
*** Completed generation 12 after 2.1631684 seconds ***
- Best fitness in generation 12 is 8.527017
-- Overall best fitness is found in generation 12 and is 8.527017
[MPI_TIMING] gen=12 total_max=0.161028s total_avg=0.160847s compute_max=0.090283s compute_avg=0.068197s comm_max=0.106823s comm_avg=0.092614s root_ops=0.004318s overhead_ratio=0.690
Running Generation 13...
*** Completed generation 13 after 2.323845 seconds ***
- Best fitness in generation 13 is 8.4305315
-- Overall best fitness is found in generation 13 and is 8.4305315
[MPI_TIMING] gen=13 total_max=0.160781s total_avg=0.160742s compute_max=0.090357s compute_avg=0.066607s comm_max=0.106604s comm_avg=0.094099s root_ops=0.004414s overhead_ratio=0.690
Running Generation 14...
*** Completed generation 14 after 2.4847326 seconds ***
- Best fitness in generation 14 is 8.380142
-- Overall best fitness is found in generation 14 and is 8.380142
[MPI_TIMING] gen=14 total_max=0.160929s total_avg=0.160900s compute_max=0.090458s compute_avg=0.066452s comm_max=0.106811s comm_avg=0.094411s root_ops=0.004469s overhead_ratio=0.691
Running Generation 15...
*** Completed generation 15 after 2.6448426 seconds ***
- Best fitness in generation 15 is 8.36845
-- Overall best fitness is found in generation 15 and is 8.36845
[MPI_TIMING] gen=15 total_max=0.160116s total_avg=0.160023s compute_max=0.090567s compute_avg=0.066101s comm_max=0.105858s comm_avg=0.093886s root_ops=0.004389s overhead_ratio=0.689
Running Generation 16...
*** Completed generation 16 after 2.8045316 seconds ***
- Best fitness in generation 16 is 8.257655
-- Overall best fitness is found in generation 16 and is 8.257655
[MPI_TIMING] gen=16 total_max=0.159865s total_avg=0.159827s compute_max=0.090541s compute_avg=0.063964s comm_max=0.105734s comm_avg=0.095824s root_ops=0.004517s overhead_ratio=0.690
Running Generation 17...
*** Completed generation 17 after 2.965115 seconds ***
- Best fitness in generation 17 is 8.257655
-- Overall best fitness is found in generation 16 and is 8.257655
[MPI_TIMING] gen=17 total_max=0.160639s total_avg=0.160598s compute_max=0.090751s compute_avg=0.063643s comm_max=0.106577s comm_avg=0.096914s root_ops=0.004565s overhead_ratio=0.692
Running Generation 18...
*** Completed generation 18 after 3.125391 seconds ***
- Best fitness in generation 18 is 8.161901
-- Overall best fitness is found in generation 18 and is 8.161901
[MPI_TIMING] gen=18 total_max=0.160253s total_avg=0.160185s compute_max=0.090609s compute_avg=0.063614s comm_max=0.106013s comm_avg=0.096534s root_ops=0.004512s overhead_ratio=0.690
Running Generation 19...
*** Completed generation 19 after 3.2852516 seconds ***
- Best fitness in generation 19 is 8.161406
-- Overall best fitness is found in generation 19 and is 8.161406
[MPI_TIMING] gen=19 total_max=0.159843s total_avg=0.159760s compute_max=0.090420s compute_avg=0.063651s comm_max=0.105686s comm_avg=0.096072s root_ops=0.004441s overhead_ratio=0.689
Running Generation 20...
*** Completed generation 20 after 3.4455435 seconds ***
- Best fitness in generation 20 is 8.113024
-- Overall best fitness is found in generation 20 and is 8.113024
[MPI_TIMING] gen=20 total_max=0.160359s total_avg=0.160322s compute_max=0.090462s compute_avg=0.063649s comm_max=0.106187s comm_avg=0.096636s root_ops=0.004498s overhead_ratio=0.690
Running Generation 21...
*** Completed generation 21 after 3.6057005 seconds ***
- Best fitness in generation 21 is 8.088613
-- Overall best fitness is found in generation 21 and is 8.088613
[MPI_TIMING] gen=21 total_max=0.160170s total_avg=0.160145s compute_max=0.090747s compute_avg=0.063684s comm_max=0.105922s comm_avg=0.096424s root_ops=0.004499s overhead_ratio=0.689
Running Generation 22...
*** Completed generation 22 after 3.7661357 seconds ***
- Best fitness in generation 22 is 8.084607
-- Overall best fitness is found in generation 22 and is 8.084607
[MPI_TIMING] gen=22 total_max=0.160436s total_avg=0.160406s compute_max=0.090617s compute_avg=0.063493s comm_max=0.106148s comm_avg=0.096876s root_ops=0.004510s overhead_ratio=0.690
Running Generation 23...
*** Completed generation 23 after 3.9263804 seconds ***
- Best fitness in generation 23 is 8.050159
-- Overall best fitness is found in generation 23 and is 8.050159
[MPI_TIMING] gen=23 total_max=0.160280s total_avg=0.160241s compute_max=0.090756s compute_avg=0.063273s comm_max=0.105942s comm_avg=0.096931s root_ops=0.004486s overhead_ratio=0.689
Running Generation 24...
*** Completed generation 24 after 4.08699 seconds ***
- Best fitness in generation 24 is 8.011415
-- Overall best fitness is found in generation 24 and is 8.011415
[MPI_TIMING] gen=24 total_max=0.160610s total_avg=0.160587s compute_max=0.090619s compute_avg=0.063301s comm_max=0.106333s comm_avg=0.097249s root_ops=0.004482s overhead_ratio=0.690
Running Generation 25...
*** Completed generation 25 after 4.247319 seconds ***
- Best fitness in generation 25 is 8.007585
-- Overall best fitness is found in generation 25 and is 8.007585
[MPI_TIMING] gen=25 total_max=0.160317s total_avg=0.160293s compute_max=0.090725s compute_avg=0.063350s comm_max=0.105942s comm_avg=0.096906s root_ops=0.004494s overhead_ratio=0.689
Running Generation 26...
*** Completed generation 26 after 4.4080505 seconds ***
- Best fitness in generation 26 is 8.006346
-- Overall best fitness is found in generation 26 and is 8.006346
[MPI_TIMING] gen=26 total_max=0.160734s total_avg=0.160689s compute_max=0.090733s compute_avg=0.063855s comm_max=0.106294s comm_avg=0.096797s root_ops=0.004470s overhead_ratio=0.689
Running Generation 27...
*** Completed generation 27 after 4.568786 seconds ***
- Best fitness in generation 27 is 8.003652
-- Overall best fitness is found in generation 27 and is 8.003652
[MPI_TIMING] gen=27 total_max=0.160715s total_avg=0.160630s compute_max=0.090847s compute_avg=0.063897s comm_max=0.106216s comm_avg=0.096697s root_ops=0.004397s overhead_ratio=0.688
Running Generation 28...
*** Completed generation 28 after 4.7295856 seconds ***
- Best fitness in generation 28 is 7.995197
-- Overall best fitness is found in generation 28 and is 7.995197
[MPI_TIMING] gen=28 total_max=0.160940s total_avg=0.160904s compute_max=0.091428s compute_avg=0.063914s comm_max=0.106421s comm_avg=0.096953s root_ops=0.004500s overhead_ratio=0.689
Running Generation 29...
*** Completed generation 29 after 4.8900867 seconds ***
- Best fitness in generation 29 is 7.982158
-- Overall best fitness is found in generation 29 and is 7.982158
[MPI_TIMING] gen=29 total_max=0.160484s total_avg=0.160405s compute_max=0.090719s compute_avg=0.063924s comm_max=0.105860s comm_avg=0.096444s root_ops=0.004433s overhead_ratio=0.687
Running Generation 30...
*** Completed generation 30 after 5.05077 seconds ***
- Best fitness in generation 30 is 7.9713564
-- Overall best fitness is found in generation 30 and is 7.9713564
[MPI_TIMING] gen=30 total_max=0.160726s total_avg=0.160697s compute_max=0.091089s compute_avg=0.062975s comm_max=0.106149s comm_avg=0.097685s root_ops=0.004492s overhead_ratio=0.688
Running Generation 31...
*** Completed generation 31 after 5.2114835 seconds ***
- Best fitness in generation 31 is 7.9713564
-- Overall best fitness is found in generation 30 and is 7.9713564
[MPI_TIMING] gen=31 total_max=0.160705s total_avg=0.160635s compute_max=0.090790s compute_avg=0.062962s comm_max=0.106120s comm_avg=0.097637s root_ops=0.004432s overhead_ratio=0.688
Running Generation 32...
*** Completed generation 32 after 5.3722744 seconds ***
- Best fitness in generation 32 is 7.9436755
-- Overall best fitness is found in generation 32 and is 7.9436755
[MPI_TIMING] gen=32 total_max=0.160797s total_avg=0.160770s compute_max=0.090749s compute_avg=0.063468s comm_max=0.106189s comm_avg=0.097265s root_ops=0.004424s overhead_ratio=0.688
Running Generation 33...
*** Completed generation 33 after 5.5333576 seconds ***
- Best fitness in generation 33 is 7.9436755
-- Overall best fitness is found in generation 32 and is 7.9436755
[MPI_TIMING] gen=33 total_max=0.161152s total_avg=0.161123s compute_max=0.090882s compute_avg=0.063512s comm_max=0.106553s comm_avg=0.097573s root_ops=0.004481s overhead_ratio=0.689
Running Generation 34...
*** Completed generation 34 after 5.6943865 seconds ***
- Best fitness in generation 34 is 7.9436755
-- Overall best fitness is found in generation 32 and is 7.9436755
[MPI_TIMING] gen=34 total_max=0.161009s total_avg=0.160930s compute_max=0.090727s compute_avg=0.063450s comm_max=0.106499s comm_avg=0.097444s root_ops=0.004412s overhead_ratio=0.689
Running Generation 35...
*** Completed generation 35 after 5.855058 seconds ***
- Best fitness in generation 35 is 7.9436755
-- Overall best fitness is found in generation 32 and is 7.9436755
[MPI_TIMING] gen=35 total_max=0.160710s total_avg=0.160684s compute_max=0.090755s compute_avg=0.063465s comm_max=0.106188s comm_avg=0.097183s root_ops=0.004445s overhead_ratio=0.688
Running Generation 36...
*** Completed generation 36 after 6.0160666 seconds ***
- Best fitness in generation 36 is 7.9436755
-- Overall best fitness is found in generation 32 and is 7.9436755
[MPI_TIMING] gen=36 total_max=0.161001s total_avg=0.160978s compute_max=0.090859s compute_avg=0.063460s comm_max=0.106551s comm_avg=0.097481s root_ops=0.004446s overhead_ratio=0.689
Running Generation 37...
*** Completed generation 37 after 6.1766863 seconds ***
- Best fitness in generation 37 is 7.9436755
-- Overall best fitness is found in generation 32 and is 7.9436755
[MPI_TIMING] gen=37 total_max=0.160606s total_avg=0.160560s compute_max=0.090654s compute_avg=0.063445s comm_max=0.106025s comm_avg=0.097079s root_ops=0.004419s overhead_ratio=0.688
Running Generation 38...
*** Completed generation 38 after 6.337349 seconds ***
- Best fitness in generation 38 is 7.9590726
-- Overall best fitness is found in generation 32 and is 7.9436755
[MPI_TIMING] gen=38 total_max=0.160694s total_avg=0.160618s compute_max=0.090755s compute_avg=0.063448s comm_max=0.106175s comm_avg=0.097134s root_ops=0.004367s overhead_ratio=0.688
Running Generation 39...
*** Completed generation 39 after 6.4979587 seconds ***
- Best fitness in generation 39 is 7.9537807
-- Overall best fitness is found in generation 32 and is 7.9436755
[MPI_TIMING] gen=39 total_max=0.160625s total_avg=0.160598s compute_max=0.090681s compute_avg=0.063458s comm_max=0.106094s comm_avg=0.097104s root_ops=0.004374s overhead_ratio=0.688
Running Generation 40...
*** Completed generation 40 after 6.65867 seconds ***
- Best fitness in generation 40 is 7.9537807
-- Overall best fitness is found in generation 32 and is 7.9436755
[MPI_TIMING] gen=40 total_max=0.160844s total_avg=0.160808s compute_max=0.090792s compute_avg=0.063462s comm_max=0.106218s comm_avg=0.097309s root_ops=0.004487s overhead_ratio=0.688
Running Generation 41...
*** Completed generation 41 after 6.819445 seconds ***
- Best fitness in generation 41 is 7.9537807
-- Overall best fitness is found in generation 32 and is 7.9436755
[MPI_TIMING] gen=41 total_max=0.160755s total_avg=0.160666s compute_max=0.090690s compute_avg=0.063443s comm_max=0.106103s comm_avg=0.097187s root_ops=0.004406s overhead_ratio=0.687
Running Generation 42...
*** Completed generation 42 after 6.980307 seconds ***
- Best fitness in generation 42 is 7.9522314
-- Overall best fitness is found in generation 32 and is 7.9436755
[MPI_TIMING] gen=42 total_max=0.160959s total_avg=0.160928s compute_max=0.090715s compute_avg=0.063458s comm_max=0.106345s comm_avg=0.097432s root_ops=0.004481s overhead_ratio=0.689
Running Generation 43...
*** Completed generation 43 after 7.140917 seconds ***
- Best fitness in generation 43 is 7.954067
-- Overall best fitness is found in generation 32 and is 7.9436755
[MPI_TIMING] gen=43 total_max=0.160589s total_avg=0.160535s compute_max=0.090558s compute_avg=0.063438s comm_max=0.106096s comm_avg=0.097060s root_ops=0.004445s overhead_ratio=0.688
Running Generation 44...
*** Completed generation 44 after 7.301855 seconds ***
- Best fitness in generation 44 is 7.953971
-- Overall best fitness is found in generation 32 and is 7.9436755
[MPI_TIMING] gen=44 total_max=0.160932s total_avg=0.160911s compute_max=0.090524s compute_avg=0.063441s comm_max=0.106362s comm_avg=0.097433s root_ops=0.004450s overhead_ratio=0.689
Running Generation 45...
*** Completed generation 45 after 7.462367 seconds ***
- Best fitness in generation 45 is 7.953971
-- Overall best fitness is found in generation 32 and is 7.9436755
[MPI_TIMING] gen=45 total_max=0.160515s total_avg=0.160449s compute_max=0.090601s compute_avg=0.063420s comm_max=0.106049s comm_avg=0.096993s root_ops=0.004398s overhead_ratio=0.688
Running Generation 46...
*** Completed generation 46 after 7.62307 seconds ***
- Best fitness in generation 46 is 7.954067
-- Overall best fitness is found in generation 32 and is 7.9436755
[MPI_TIMING] gen=46 total_max=0.160769s total_avg=0.160742s compute_max=0.090491s compute_avg=0.063444s comm_max=0.106236s comm_avg=0.097261s root_ops=0.004440s overhead_ratio=0.688
Running Generation 47...
*** Completed generation 47 after 7.7836185 seconds ***
- Best fitness in generation 47 is 7.954067
-- Overall best fitness is found in generation 32 and is 7.9436755
[MPI_TIMING] gen=47 total_max=0.160516s total_avg=0.160434s compute_max=0.090534s compute_avg=0.063437s comm_max=0.105994s comm_avg=0.096960s root_ops=0.004364s overhead_ratio=0.688
Running Generation 48...
*** Completed generation 48 after 7.94437 seconds ***
- Best fitness in generation 48 is 7.954067
-- Overall best fitness is found in generation 32 and is 7.9436755
[MPI_TIMING] gen=48 total_max=0.160838s total_avg=0.160802s compute_max=0.090599s compute_avg=0.062947s comm_max=0.106362s comm_avg=0.097818s root_ops=0.004442s overhead_ratio=0.689
Running Generation 49...
*** Completed generation 49 after 8.105205 seconds ***
- Best fitness in generation 49 is 7.947664
-- Overall best fitness is found in generation 32 and is 7.9436755
[MPI_TIMING] gen=49 total_max=0.160858s total_avg=0.160823s compute_max=0.090633s compute_avg=0.062563s comm_max=0.106308s comm_avg=0.098223s root_ops=0.004468s overhead_ratio=0.689
Running Generation 50...
*** Completed generation 50 after 8.265999 seconds ***
- Best fitness in generation 50 is 7.947664
-- Overall best fitness is found in generation 32 and is 7.9436755
[MPI_TIMING] gen=50 total_max=0.160805s total_avg=0.160689s compute_max=0.090735s compute_avg=0.062454s comm_max=0.106144s comm_avg=0.098199s root_ops=0.004358s overhead_ratio=0.687
Running Generation 51...
*** Completed generation 51 after 8.426224 seconds ***
- Best fitness in generation 51 is 7.9454074
-- Overall best fitness is found in generation 32 and is 7.9436755
[MPI_TIMING] gen=51 total_max=0.160268s total_avg=0.160237s compute_max=0.090783s compute_avg=0.062455s comm_max=0.105860s comm_avg=0.097746s root_ops=0.004408s overhead_ratio=0.688
Running Generation 52...
*** Completed generation 52 after 8.587027 seconds ***
- Best fitness in generation 52 is 7.9454074
-- Overall best fitness is found in generation 32 and is 7.9436755
[MPI_TIMING] gen=52 total_max=0.160812s total_avg=0.160742s compute_max=0.090634s compute_avg=0.062441s comm_max=0.106304s comm_avg=0.098265s root_ops=0.004350s overhead_ratio=0.688
Running Generation 53...
*** Completed generation 53 after 8.747718 seconds ***
- Best fitness in generation 53 is 7.9454074
-- Overall best fitness is found in generation 32 and is 7.9436755
[MPI_TIMING] gen=53 total_max=0.160745s total_avg=0.160702s compute_max=0.090793s compute_avg=0.062479s comm_max=0.106284s comm_avg=0.098187s root_ops=0.004387s overhead_ratio=0.688
Running Generation 54...
*** Completed generation 54 after 8.908783 seconds ***
- Best fitness in generation 54 is 7.938387
-- Overall best fitness is found in generation 54 and is 7.938387
[MPI_TIMING] gen=54 total_max=0.161210s total_avg=0.161161s compute_max=0.090889s compute_avg=0.062496s comm_max=0.106679s comm_avg=0.098627s root_ops=0.004505s overhead_ratio=0.690
Running Generation 55...
*** Completed generation 55 after 9.069515 seconds ***
- Best fitness in generation 55 is 7.938387
-- Overall best fitness is found in generation 54 and is 7.938387
[MPI_TIMING] gen=55 total_max=0.160707s total_avg=0.160577s compute_max=0.090833s compute_avg=0.062453s comm_max=0.106195s comm_avg=0.098087s root_ops=0.004377s overhead_ratio=0.688
Running Generation 56...
*** Completed generation 56 after 9.229877 seconds ***
- Best fitness in generation 56 is 7.938387
-- Overall best fitness is found in generation 54 and is 7.938387
[MPI_TIMING] gen=56 total_max=0.160411s total_avg=0.160384s compute_max=0.090633s compute_avg=0.062454s comm_max=0.105903s comm_avg=0.097894s root_ops=0.004422s overhead_ratio=0.688
Running Generation 57...
*** Completed generation 57 after 9.390292 seconds ***
- Best fitness in generation 57 is 7.938387
-- Overall best fitness is found in generation 54 and is 7.938387
[MPI_TIMING] gen=57 total_max=0.160573s total_avg=0.160528s compute_max=0.090651s compute_avg=0.062465s comm_max=0.106092s comm_avg=0.098025s root_ops=0.004572s overhead_ratio=0.689
Running Generation 58...
*** Completed generation 58 after 9.55087 seconds ***
- Best fitness in generation 58 is 7.943873
-- Overall best fitness is found in generation 54 and is 7.938387
[MPI_TIMING] gen=58 total_max=0.160560s total_avg=0.160454s compute_max=0.090682s compute_avg=0.062453s comm_max=0.106157s comm_avg=0.097963s root_ops=0.004477s overhead_ratio=0.689
Running Generation 59...
*** Completed generation 59 after 9.711397 seconds ***
- Best fitness in generation 59 is 7.943053
-- Overall best fitness is found in generation 54 and is 7.938387
[MPI_TIMING] gen=59 total_max=0.160559s total_avg=0.160525s compute_max=0.090777s compute_avg=0.062450s comm_max=0.106087s comm_avg=0.098038s root_ops=0.004458s overhead_ratio=0.689
Running Generation 60...
*** Completed generation 60 after 9.871971 seconds ***
- Best fitness in generation 60 is 7.943906
-- Overall best fitness is found in generation 54 and is 7.938387
[MPI_TIMING] gen=60 total_max=0.160573s total_avg=0.160548s compute_max=0.090734s compute_avg=0.062457s comm_max=0.106129s comm_avg=0.098054s root_ops=0.004470s overhead_ratio=0.689
Running Generation 61...
*** Completed generation 61 after 10.032927 seconds ***
- Best fitness in generation 61 is 7.943906
-- Overall best fitness is found in generation 54 and is 7.938387
[MPI_TIMING] gen=61 total_max=0.160980s total_avg=0.160955s compute_max=0.090718s compute_avg=0.062461s comm_max=0.106452s comm_avg=0.098457s root_ops=0.004488s overhead_ratio=0.689
Running Generation 62...
*** Completed generation 62 after 10.193532 seconds ***
- Best fitness in generation 62 is 7.943906
-- Overall best fitness is found in generation 54 and is 7.938387
[MPI_TIMING] gen=62 total_max=0.160595s total_avg=0.160566s compute_max=0.090927s compute_avg=0.062463s comm_max=0.106062s comm_avg=0.098067s root_ops=0.004475s overhead_ratio=0.688
Running Generation 63...
*** Completed generation 63 after 10.354117 seconds ***
- Best fitness in generation 63 is 7.945153
-- Overall best fitness is found in generation 54 and is 7.938387
[MPI_TIMING] gen=63 total_max=0.160590s total_avg=0.160567s compute_max=0.090747s compute_avg=0.062447s comm_max=0.106131s comm_avg=0.098083s root_ops=0.004470s overhead_ratio=0.689
Running Generation 64...
*** Completed generation 64 after 10.514892 seconds ***
- Best fitness in generation 64 is 7.945153
-- Overall best fitness is found in generation 54 and is 7.938387
[MPI_TIMING] gen=64 total_max=0.160755s total_avg=0.160674s compute_max=0.090627s compute_avg=0.062471s comm_max=0.106204s comm_avg=0.098167s root_ops=0.004398s overhead_ratio=0.688
Running Generation 65...
*** Completed generation 65 after 10.675315 seconds ***
- Best fitness in generation 65 is 7.945153
-- Overall best fitness is found in generation 54 and is 7.938387
[MPI_TIMING] gen=65 total_max=0.160495s total_avg=0.160470s compute_max=0.090758s compute_avg=0.062442s comm_max=0.105976s comm_avg=0.097991s root_ops=0.004453s overhead_ratio=0.688
Running Generation 66...
*** Completed generation 66 after 10.836109 seconds ***
- Best fitness in generation 66 is 7.945153
-- Overall best fitness is found in generation 54 and is 7.938387
[MPI_TIMING] gen=66 total_max=0.160790s total_avg=0.160747s compute_max=0.090733s compute_avg=0.062452s comm_max=0.106292s comm_avg=0.098259s root_ops=0.004425s overhead_ratio=0.689
Running Generation 67...
*** Completed generation 67 after 10.996733 seconds ***
- Best fitness in generation 67 is 7.9511094
-- Overall best fitness is found in generation 54 and is 7.938387
[MPI_TIMING] gen=67 total_max=0.160674s total_avg=0.160643s compute_max=0.090717s compute_avg=0.062456s comm_max=0.106240s comm_avg=0.098150s root_ops=0.004496s overhead_ratio=0.689
Running Generation 68...
*** Completed generation 68 after 11.157082 seconds ***
- Best fitness in generation 68 is 7.9511094
-- Overall best fitness is found in generation 54 and is 7.938387
[MPI_TIMING] gen=68 total_max=0.160363s total_avg=0.160289s compute_max=0.090768s compute_avg=0.062443s comm_max=0.105817s comm_avg=0.097809s root_ops=0.004429s overhead_ratio=0.687
Running Generation 69...
*** Completed generation 69 after 11.317611 seconds ***
- Best fitness in generation 69 is 7.9479527
-- Overall best fitness is found in generation 54 and is 7.938387
[MPI_TIMING] gen=69 total_max=0.160540s total_avg=0.160513s compute_max=0.090661s compute_avg=0.062441s comm_max=0.106019s comm_avg=0.098035s root_ops=0.004465s overhead_ratio=0.688
Running Generation 70...
*** Completed generation 70 after 11.478218 seconds ***
- Best fitness in generation 70 is 7.9479527
-- Overall best fitness is found in generation 54 and is 7.938387
[MPI_TIMING] gen=70 total_max=0.160651s total_avg=0.160630s compute_max=0.090806s compute_avg=0.062429s comm_max=0.106120s comm_avg=0.098164s root_ops=0.004479s overhead_ratio=0.688
Running Generation 71...
*** Completed generation 71 after 11.638888 seconds ***
- Best fitness in generation 71 is 7.9479527
-- Overall best fitness is found in generation 54 and is 7.938387
[MPI_TIMING] gen=71 total_max=0.160650s total_avg=0.160597s compute_max=0.090633s compute_avg=0.062472s comm_max=0.106169s comm_avg=0.098088s root_ops=0.004435s overhead_ratio=0.688
Running Generation 72...
*** Completed generation 72 after 11.799734 seconds ***
- Best fitness in generation 72 is 7.9479527
-- Overall best fitness is found in generation 54 and is 7.938387
[MPI_TIMING] gen=72 total_max=0.160851s total_avg=0.160798s compute_max=0.090728s compute_avg=0.062434s comm_max=0.106399s comm_avg=0.098328s root_ops=0.004397s overhead_ratio=0.689
Running Generation 73...
*** Completed generation 73 after 11.960233 seconds ***
- Best fitness in generation 73 is 7.9512734
-- Overall best fitness is found in generation 54 and is 7.938387
[MPI_TIMING] gen=73 total_max=0.160570s total_avg=0.160539s compute_max=0.090738s compute_avg=0.062468s comm_max=0.106074s comm_avg=0.098034s root_ops=0.004473s overhead_ratio=0.688
Running Generation 74...
*** Completed generation 74 after 12.120967 seconds ***
- Best fitness in generation 74 is 7.947913
-- Overall best fitness is found in generation 54 and is 7.938387
[MPI_TIMING] gen=74 total_max=0.160749s total_avg=0.160710s compute_max=0.090704s compute_avg=0.062433s comm_max=0.106369s comm_avg=0.098240s root_ops=0.004446s overhead_ratio=0.689
Running Generation 75...
*** Completed generation 75 after 12.2814665 seconds ***
- Best fitness in generation 75 is 7.947913
-- Overall best fitness is found in generation 54 and is 7.938387
[MPI_TIMING] gen=75 total_max=0.160499s total_avg=0.160463s compute_max=0.090725s compute_avg=0.062443s comm_max=0.105957s comm_avg=0.097983s root_ops=0.004427s overhead_ratio=0.688
Running Generation 76...
*** Completed generation 76 after 12.442125 seconds ***
- Best fitness in generation 76 is 7.948593
-- Overall best fitness is found in generation 54 and is 7.938387
[MPI_TIMING] gen=76 total_max=0.160640s total_avg=0.160533s compute_max=0.090798s compute_avg=0.062425s comm_max=0.105981s comm_avg=0.098073s root_ops=0.004324s overhead_ratio=0.687
Running Generation 77...
*** Completed generation 77 after 12.60228 seconds ***
- Best fitness in generation 77 is 7.9478254
-- Overall best fitness is found in generation 54 and is 7.938387
[MPI_TIMING] gen=77 total_max=0.160241s total_avg=0.160213s compute_max=0.090655s compute_avg=0.062465s comm_max=0.105746s comm_avg=0.097712s root_ops=0.004412s overhead_ratio=0.687
Running Generation 78...
*** Completed generation 78 after 12.762735 seconds ***
- Best fitness in generation 78 is 7.9478254
-- Overall best fitness is found in generation 54 and is 7.938387
[MPI_TIMING] gen=78 total_max=0.160453s total_avg=0.160398s compute_max=0.090802s compute_avg=0.062424s comm_max=0.105979s comm_avg=0.097938s root_ops=0.004371s overhead_ratio=0.688
Running Generation 79...
*** Completed generation 79 after 12.923259 seconds ***
- Best fitness in generation 79 is 7.9478254
-- Overall best fitness is found in generation 54 and is 7.938387
[MPI_TIMING] gen=79 total_max=0.160537s total_avg=0.160515s compute_max=0.090639s compute_avg=0.062438s comm_max=0.106149s comm_avg=0.098041s root_ops=0.004382s overhead_ratio=0.689
Running Generation 80...
*** Completed generation 80 after 13.083794 seconds ***
- Best fitness in generation 80 is 7.9478254
-- Overall best fitness is found in generation 54 and is 7.938387
[MPI_TIMING] gen=80 total_max=0.160604s total_avg=0.160575s compute_max=0.090613s compute_avg=0.062421s comm_max=0.106128s comm_avg=0.098117s root_ops=0.004458s overhead_ratio=0.689
Running Generation 81...
*** Completed generation 81 after 13.244409 seconds ***
- Best fitness in generation 81 is 7.9478254
-- Overall best fitness is found in generation 54 and is 7.938387
[MPI_TIMING] gen=81 total_max=0.160733s total_avg=0.160695s compute_max=0.090567s compute_avg=0.062470s comm_max=0.106283s comm_avg=0.098186s root_ops=0.004535s overhead_ratio=0.689
Running Generation 82...
*** Completed generation 82 after 13.405554 seconds ***
- Best fitness in generation 82 is 7.9411364
-- Overall best fitness is found in generation 54 and is 7.938387
[MPI_TIMING] gen=82 total_max=0.161120s total_avg=0.161003s compute_max=0.090812s compute_avg=0.062460s comm_max=0.106528s comm_avg=0.098505s root_ops=0.004427s overhead_ratio=0.689
Running Generation 83...
*** Completed generation 83 after 13.566115 seconds ***
- Best fitness in generation 83 is 7.9411364
-- Overall best fitness is found in generation 54 and is 7.938387
[MPI_TIMING] gen=83 total_max=0.160565s total_avg=0.160510s compute_max=0.090684s compute_avg=0.062438s comm_max=0.106047s comm_avg=0.098036s root_ops=0.004384s overhead_ratio=0.688
Running Generation 84...
*** Completed generation 84 after 13.726344 seconds ***
- Best fitness in generation 84 is 7.9411364
-- Overall best fitness is found in generation 54 and is 7.938387
[MPI_TIMING] gen=84 total_max=0.160241s total_avg=0.160221s compute_max=0.090709s compute_avg=0.061923s comm_max=0.105693s comm_avg=0.098262s root_ops=0.004381s overhead_ratio=0.687
Running Generation 85...
*** Completed generation 85 after 13.886829 seconds ***
- Best fitness in generation 85 is 7.9411364
-- Overall best fitness is found in generation 54 and is 7.938387
[MPI_TIMING] gen=85 total_max=0.160575s total_avg=0.160543s compute_max=0.090756s compute_avg=0.061925s comm_max=0.106141s comm_avg=0.098581s root_ops=0.004480s overhead_ratio=0.689
Running Generation 86...
*** Completed generation 86 after 14.047223 seconds ***
- Best fitness in generation 86 is 7.940079
-- Overall best fitness is found in generation 54 and is 7.938387
[MPI_TIMING] gen=86 total_max=0.160431s total_avg=0.160404s compute_max=0.090766s compute_avg=0.061938s comm_max=0.106015s comm_avg=0.098429s root_ops=0.004523s overhead_ratio=0.689
Running Generation 87...
*** Completed generation 87 after 14.207522 seconds ***
- Best fitness in generation 87 is 7.939577
-- Overall best fitness is found in generation 54 and is 7.938387
[MPI_TIMING] gen=87 total_max=0.160301s total_avg=0.160190s compute_max=0.090809s compute_avg=0.061097s comm_max=0.105684s comm_avg=0.099057s root_ops=0.004417s overhead_ratio=0.687
Running Generation 88...
*** Completed generation 88 after 14.368092 seconds ***
- Best fitness in generation 88 is 7.939577
-- Overall best fitness is found in generation 54 and is 7.938387
[MPI_TIMING] gen=88 total_max=0.160637s total_avg=0.160611s compute_max=0.090698s compute_avg=0.060944s comm_max=0.106223s comm_avg=0.099630s root_ops=0.004476s overhead_ratio=0.689
Running Generation 89...
*** Completed generation 89 after 14.5286 seconds ***
- Best fitness in generation 89 is 7.939577
-- Overall best fitness is found in generation 54 and is 7.938387
[MPI_TIMING] gen=89 total_max=0.160497s total_avg=0.160479s compute_max=0.090735s compute_avg=0.060861s comm_max=0.106052s comm_avg=0.099581s root_ops=0.004480s overhead_ratio=0.689
Running Generation 90...
*** Completed generation 90 after 14.689284 seconds ***
- Best fitness in generation 90 is 7.939577
-- Overall best fitness is found in generation 54 and is 7.938387
[MPI_TIMING] gen=90 total_max=0.160736s total_avg=0.160711s compute_max=0.090792s compute_avg=0.060977s comm_max=0.106176s comm_avg=0.099696s root_ops=0.004508s overhead_ratio=0.689
Running Generation 91...
*** Completed generation 91 after 14.849905 seconds ***
- Best fitness in generation 91 is 7.924218
-- Overall best fitness is found in generation 91 and is 7.924218
[MPI_TIMING] gen=91 total_max=0.160610s total_avg=0.160549s compute_max=0.090686s compute_avg=0.060959s comm_max=0.106099s comm_avg=0.099553s root_ops=0.004463s overhead_ratio=0.688
Running Generation 92...
*** Completed generation 92 after 15.010365 seconds ***
- Best fitness in generation 92 is 7.925687
-- Overall best fitness is found in generation 91 and is 7.924218
[MPI_TIMING] gen=92 total_max=0.160502s total_avg=0.160476s compute_max=0.090680s compute_avg=0.060958s comm_max=0.105987s comm_avg=0.099481s root_ops=0.004488s overhead_ratio=0.688
Running Generation 93...
*** Completed generation 93 after 15.170559 seconds ***
- Best fitness in generation 93 is 7.9020824
-- Overall best fitness is found in generation 93 and is 7.9020824
[MPI_TIMING] gen=93 total_max=0.160158s total_avg=0.160081s compute_max=0.090779s compute_avg=0.060943s comm_max=0.105607s comm_avg=0.099102s root_ops=0.004418s overhead_ratio=0.687
Running Generation 94...
*** Completed generation 94 after 15.331176 seconds ***
- Best fitness in generation 94 is 7.9020824
-- Overall best fitness is found in generation 93 and is 7.9020824
[MPI_TIMING] gen=94 total_max=0.160695s total_avg=0.160669s compute_max=0.090735s compute_avg=0.060942s comm_max=0.106290s comm_avg=0.099691s root_ops=0.004467s overhead_ratio=0.689
Running Generation 95...
*** Completed generation 95 after 15.491738 seconds ***
- Best fitness in generation 95 is 7.9020824
-- Overall best fitness is found in generation 93 and is 7.9020824
[MPI_TIMING] gen=95 total_max=0.160537s total_avg=0.160465s compute_max=0.090723s compute_avg=0.060937s comm_max=0.106079s comm_avg=0.099492s root_ops=0.004402s overhead_ratio=0.688
Running Generation 96...
*** Completed generation 96 after 15.65196 seconds ***
- Best fitness in generation 96 is 7.9020824
-- Overall best fitness is found in generation 93 and is 7.9020824
[MPI_TIMING] gen=96 total_max=0.160224s total_avg=0.160176s compute_max=0.090557s compute_avg=0.060928s comm_max=0.105601s comm_avg=0.099212s root_ops=0.004368s overhead_ratio=0.686
Running Generation 97...
*** Completed generation 97 after 15.812192 seconds ***
- Best fitness in generation 97 is 7.9020824
-- Overall best fitness is found in generation 93 and is 7.9020824
[MPI_TIMING] gen=97 total_max=0.160308s total_avg=0.160280s compute_max=0.090651s compute_avg=0.060917s comm_max=0.105853s comm_avg=0.099327s root_ops=0.004440s overhead_ratio=0.688
Running Generation 98...
*** Completed generation 98 after 15.972585 seconds ***
- Best fitness in generation 98 is 7.9020824
-- Overall best fitness is found in generation 93 and is 7.9020824
[MPI_TIMING] gen=98 total_max=0.160375s total_avg=0.160278s compute_max=0.090648s compute_avg=0.060439s comm_max=0.105810s comm_avg=0.099804s root_ops=0.004349s overhead_ratio=0.687
Running Generation 99...
*** Completed generation 99 after 16.13291 seconds ***
- Best fitness in generation 99 is 7.9020824
-- Overall best fitness is found in generation 93 and is 7.9020824
[MPI_TIMING] gen=99 total_max=0.160444s total_avg=0.160411s compute_max=0.090699s compute_avg=0.060462s comm_max=0.105947s comm_avg=0.099912s root_ops=0.004456s overhead_ratio=0.688
Running Generation 100...
*** Completed generation 100 after 16.29306 seconds ***
- Best fitness in generation 100 is 7.9020824
-- Overall best fitness is found in generation 93 and is 7.9020824
[MPI_TIMING] gen=100 total_max=0.160179s total_avg=0.160157s compute_max=0.090570s compute_avg=0.060444s comm_max=0.105695s comm_avg=0.099676s root_ops=0.004479s overhead_ratio=0.688
Running Generation 101...
*** Completed generation 101 after 16.45322 seconds ***
- Best fitness in generation 101 is 7.9020824
-- Overall best fitness is found in generation 93 and is 7.9020824
[MPI_TIMING] gen=101 total_max=0.160157s total_avg=0.160097s compute_max=0.090554s compute_avg=0.060434s comm_max=0.105852s comm_avg=0.099627s root_ops=0.004433s overhead_ratio=0.689
Running Generation 102...
*** Completed generation 102 after 16.613466 seconds ***
- Best fitness in generation 102 is 7.9020824
-- Overall best fitness is found in generation 93 and is 7.9020824
[MPI_TIMING] gen=102 total_max=0.160247s total_avg=0.160227s compute_max=0.090687s compute_avg=0.060448s comm_max=0.105741s comm_avg=0.099742s root_ops=0.004447s overhead_ratio=0.688
Running Generation 103...
*** Completed generation 103 after 16.773623 seconds ***
- Best fitness in generation 103 is 7.919221
-- Overall best fitness is found in generation 93 and is 7.9020824
[MPI_TIMING] gen=103 total_max=0.160195s total_avg=0.160169s compute_max=0.090718s compute_avg=0.060442s comm_max=0.105625s comm_avg=0.099689s root_ops=0.004491s overhead_ratio=0.687
Running Generation 104...
*** Completed generation 104 after 16.933893 seconds ***
- Best fitness in generation 104 is 7.919221
-- Overall best fitness is found in generation 93 and is 7.9020824
[MPI_TIMING] gen=104 total_max=0.160269s total_avg=0.160170s compute_max=0.090669s compute_avg=0.060433s comm_max=0.105677s comm_avg=0.099701s root_ops=0.004396s overhead_ratio=0.687
Running Generation 105...
*** Completed generation 105 after 17.094107 seconds ***
- Best fitness in generation 105 is 7.9156327
-- Overall best fitness is found in generation 93 and is 7.9020824
[MPI_TIMING] gen=105 total_max=0.160342s total_avg=0.160308s compute_max=0.090096s compute_avg=0.060161s comm_max=0.106007s comm_avg=0.100110s root_ops=0.004521s overhead_ratio=0.689
Running Generation 106...
*** Completed generation 106 after 17.254444 seconds ***
- Best fitness in generation 106 is 7.9156327
-- Overall best fitness is found in generation 93 and is 7.9020824
[MPI_TIMING] gen=106 total_max=0.160378s total_avg=0.160354s compute_max=0.090034s compute_avg=0.059929s comm_max=0.105805s comm_avg=0.100387s root_ops=0.004554s overhead_ratio=0.688
Running Generation 107...
*** Completed generation 107 after 17.414997 seconds ***
- Best fitness in generation 107 is 7.9156327
-- Overall best fitness is found in generation 93 and is 7.9020824
[MPI_TIMING] gen=107 total_max=0.160549s total_avg=0.160356s compute_max=0.090146s compute_avg=0.059935s comm_max=0.106016s comm_avg=0.100385s root_ops=0.004350s overhead_ratio=0.687
Running Generation 108...
*** Completed generation 108 after 17.57506 seconds ***
- Best fitness in generation 108 is 7.919221
-- Overall best fitness is found in generation 93 and is 7.9020824
[MPI_TIMING] gen=108 total_max=0.160124s total_avg=0.160097s compute_max=0.089901s compute_avg=0.059925s comm_max=0.105643s comm_avg=0.100136s root_ops=0.004396s overhead_ratio=0.687
Running Generation 109...
*** Completed generation 109 after 17.735226 seconds ***
- Best fitness in generation 109 is 7.911753
-- Overall best fitness is found in generation 93 and is 7.9020824
[MPI_TIMING] gen=109 total_max=0.160173s total_avg=0.160149s compute_max=0.090085s compute_avg=0.059919s comm_max=0.105760s comm_avg=0.100193s root_ops=0.004437s overhead_ratio=0.688
Running Generation 110...
*** Completed generation 110 after 17.895468 seconds ***
- Best fitness in generation 110 is 7.9054275
-- Overall best fitness is found in generation 93 and is 7.9020824
[MPI_TIMING] gen=110 total_max=0.160289s total_avg=0.160264s compute_max=0.089951s compute_avg=0.059907s comm_max=0.105750s comm_avg=0.100320s root_ops=0.004466s overhead_ratio=0.688
Running Generation 111...
*** Completed generation 111 after 18.05542 seconds ***
- Best fitness in generation 111 is 7.9054275
-- Overall best fitness is found in generation 93 and is 7.9020824
[MPI_TIMING] gen=111 total_max=0.159965s total_avg=0.159895s compute_max=0.089951s compute_avg=0.059907s comm_max=0.105484s comm_avg=0.099952s root_ops=0.004397s overhead_ratio=0.687
Running Generation 112...
*** Completed generation 112 after 18.215708 seconds ***
- Best fitness in generation 112 is 7.9054275
-- Overall best fitness is found in generation 93 and is 7.9020824
[MPI_TIMING] gen=112 total_max=0.160342s total_avg=0.160316s compute_max=0.090167s compute_avg=0.059913s comm_max=0.105869s comm_avg=0.100367s root_ops=0.004465s overhead_ratio=0.688
Running Generation 113...
*** Completed generation 113 after 18.376036 seconds ***
- Best fitness in generation 113 is 7.899415
-- Overall best fitness is found in generation 113 and is 7.899415
[MPI_TIMING] gen=113 total_max=0.160371s total_avg=0.160342s compute_max=0.090102s compute_avg=0.059910s comm_max=0.105951s comm_avg=0.100395s root_ops=0.004505s overhead_ratio=0.689
Running Generation 114...
*** Completed generation 114 after 18.536446 seconds ***
- Best fitness in generation 114 is 7.899415
-- Overall best fitness is found in generation 113 and is 7.899415
[MPI_TIMING] gen=114 total_max=0.160421s total_avg=0.160362s compute_max=0.090082s compute_avg=0.059892s comm_max=0.105922s comm_avg=0.100433s root_ops=0.004456s overhead_ratio=0.688
Running Generation 115...
*** Completed generation 115 after 18.69649 seconds ***
- Best fitness in generation 115 is 7.899415
-- Overall best fitness is found in generation 113 and is 7.899415
[MPI_TIMING] gen=115 total_max=0.160031s total_avg=0.160011s compute_max=0.089969s compute_avg=0.059892s comm_max=0.105531s comm_avg=0.100082s root_ops=0.004460s overhead_ratio=0.687
Running Generation 116...
*** Completed generation 116 after 18.85677 seconds ***
- Best fitness in generation 116 is 7.899415
-- Overall best fitness is found in generation 113 and is 7.899415
[MPI_TIMING] gen=116 total_max=0.160280s total_avg=0.160224s compute_max=0.089968s compute_avg=0.059915s comm_max=0.105763s comm_avg=0.100273s root_ops=0.004410s overhead_ratio=0.687
Running Generation 117...
*** Completed generation 117 after 19.017155 seconds ***
- Best fitness in generation 117 is 7.899415
-- Overall best fitness is found in generation 113 and is 7.899415
[MPI_TIMING] gen=117 total_max=0.160479s total_avg=0.160446s compute_max=0.089955s compute_avg=0.059916s comm_max=0.106035s comm_avg=0.100492s root_ops=0.004514s overhead_ratio=0.689
Running Generation 118...
*** Completed generation 118 after 19.177662 seconds ***
- Best fitness in generation 118 is 7.899415
-- Overall best fitness is found in generation 113 and is 7.899415
[MPI_TIMING] gen=118 total_max=0.160497s total_avg=0.160333s compute_max=0.090116s compute_avg=0.059913s comm_max=0.105920s comm_avg=0.100383s root_ops=0.004353s overhead_ratio=0.687
Running Generation 119...
*** Completed generation 119 after 19.3377 seconds ***
- Best fitness in generation 119 is 7.899415
-- Overall best fitness is found in generation 113 and is 7.899415
[MPI_TIMING] gen=119 total_max=0.160062s total_avg=0.160041s compute_max=0.090052s compute_avg=0.059889s comm_max=0.105655s comm_avg=0.100116s root_ops=0.004364s overhead_ratio=0.687
Running Generation 120...
*** Completed generation 120 after 19.498098 seconds ***
- Best fitness in generation 120 is 7.898381
-- Overall best fitness is found in generation 120 and is 7.898381
[MPI_TIMING] gen=120 total_max=0.160432s total_avg=0.160410s compute_max=0.090096s compute_avg=0.059886s comm_max=0.106025s comm_avg=0.100488s root_ops=0.004401s overhead_ratio=0.688
Running Generation 121...
*** Completed generation 121 after 19.6582 seconds ***
- Best fitness in generation 121 is 7.899415
-- Overall best fitness is found in generation 120 and is 7.898381
[MPI_TIMING] gen=121 total_max=0.160089s total_avg=0.160070s compute_max=0.090126s compute_avg=0.059878s comm_max=0.105564s comm_avg=0.100156s root_ops=0.004398s overhead_ratio=0.687
Running Generation 122...
*** Completed generation 122 after 19.8184 seconds ***
- Best fitness in generation 122 is 7.899415
-- Overall best fitness is found in generation 120 and is 7.898381
[MPI_TIMING] gen=122 total_max=0.160202s total_avg=0.160159s compute_max=0.090053s compute_avg=0.059868s comm_max=0.105758s comm_avg=0.100255s root_ops=0.004367s overhead_ratio=0.687
Running Generation 123...
*** Completed generation 123 after 19.978577 seconds ***
- Best fitness in generation 123 is 7.8969736
-- Overall best fitness is found in generation 123 and is 7.8969736
[MPI_TIMING] gen=123 total_max=0.160271s total_avg=0.160239s compute_max=0.089947s compute_avg=0.059863s comm_max=0.105790s comm_avg=0.100339s root_ops=0.004461s overhead_ratio=0.688
Running Generation 124...
*** Completed generation 124 after 20.139101 seconds ***
- Best fitness in generation 124 is 7.8944225
-- Overall best fitness is found in generation 124 and is 7.8944225
[MPI_TIMING] gen=124 total_max=0.160592s total_avg=0.160563s compute_max=0.090132s compute_avg=0.059871s comm_max=0.106128s comm_avg=0.100655s root_ops=0.004515s overhead_ratio=0.689
Running Generation 125...
*** Completed generation 125 after 20.299332 seconds ***
- Best fitness in generation 125 is 7.8944225
-- Overall best fitness is found in generation 124 and is 7.8944225
[MPI_TIMING] gen=125 total_max=0.160205s total_avg=0.160059s compute_max=0.090001s compute_avg=0.059869s comm_max=0.105657s comm_avg=0.100154s root_ops=0.004367s overhead_ratio=0.687
Running Generation 126...
*** Completed generation 126 after 20.459328 seconds ***
- Best fitness in generation 126 is 7.896684
-- Overall best fitness is found in generation 124 and is 7.8944225
[MPI_TIMING] gen=126 total_max=0.160101s total_avg=0.160072s compute_max=0.090049s compute_avg=0.059882s comm_max=0.105684s comm_avg=0.100154s root_ops=0.004447s overhead_ratio=0.688
Running Generation 127...
*** Completed generation 127 after 20.618834 seconds ***
- Best fitness in generation 127 is 7.896684
-- Overall best fitness is found in generation 124 and is 7.8944225
[MPI_TIMING] gen=127 total_max=0.159522s total_avg=0.159499s compute_max=0.089939s compute_avg=0.059851s comm_max=0.105085s comm_avg=0.099611s root_ops=0.004480s overhead_ratio=0.687
Running Generation 128...
*** Completed generation 128 after 20.779156 seconds ***
- Best fitness in generation 128 is 7.8925347
-- Overall best fitness is found in generation 128 and is 7.8925347
[MPI_TIMING] gen=128 total_max=0.160344s total_avg=0.160315s compute_max=0.090162s compute_avg=0.059850s comm_max=0.106016s comm_avg=0.100428s root_ops=0.004468s overhead_ratio=0.689
Running Generation 129...
*** Completed generation 129 after 20.93909 seconds ***
- Best fitness in generation 129 is 7.8925347
-- Overall best fitness is found in generation 128 and is 7.8925347
[MPI_TIMING] gen=129 total_max=0.159920s total_avg=0.159885s compute_max=0.090057s compute_avg=0.059843s comm_max=0.105516s comm_avg=0.100005s root_ops=0.004444s overhead_ratio=0.688
Running Generation 130...
*** Completed generation 130 after 21.09913 seconds ***
- Best fitness in generation 130 is 7.8925347
-- Overall best fitness is found in generation 128 and is 7.8925347
[MPI_TIMING] gen=130 total_max=0.160035s total_avg=0.159998s compute_max=0.089887s compute_avg=0.059832s comm_max=0.105606s comm_avg=0.100129s root_ops=0.004419s overhead_ratio=0.688
Running Generation 131...
*** Completed generation 131 after 21.258974 seconds ***
- Best fitness in generation 131 is 7.8925347
-- Overall best fitness is found in generation 128 and is 7.8925347
[MPI_TIMING] gen=131 total_max=0.159870s total_avg=0.159796s compute_max=0.090072s compute_avg=0.059845s comm_max=0.105335s comm_avg=0.099915s root_ops=0.004350s overhead_ratio=0.686
Running Generation 132...
*** Completed generation 132 after 21.419157 seconds ***
- Best fitness in generation 132 is 7.8925347
-- Overall best fitness is found in generation 128 and is 7.8925347
[MPI_TIMING] gen=132 total_max=0.160281s total_avg=0.160247s compute_max=0.090017s compute_avg=0.059837s comm_max=0.105795s comm_avg=0.100373s root_ops=0.004477s overhead_ratio=0.688
Running Generation 133...
*** Completed generation 133 after 21.578865 seconds ***
- Best fitness in generation 133 is 7.8925347
-- Overall best fitness is found in generation 128 and is 7.8925347
[MPI_TIMING] gen=133 total_max=0.159750s total_avg=0.159724s compute_max=0.089918s compute_avg=0.059844s comm_max=0.105285s comm_avg=0.099843s root_ops=0.004530s overhead_ratio=0.687
Running Generation 134...
*** Completed generation 134 after 21.739101 seconds ***
- Best fitness in generation 134 is 7.8925347
-- Overall best fitness is found in generation 128 and is 7.8925347
[MPI_TIMING] gen=134 total_max=0.160238s total_avg=0.160192s compute_max=0.089824s compute_avg=0.059843s comm_max=0.105741s comm_avg=0.100312s root_ops=0.004492s overhead_ratio=0.688
Running Generation 135...
*** Completed generation 135 after 21.899025 seconds ***
- Best fitness in generation 135 is 7.8925347
-- Overall best fitness is found in generation 128 and is 7.8925347
[MPI_TIMING] gen=135 total_max=0.159956s total_avg=0.159935s compute_max=0.090073s compute_avg=0.059845s comm_max=0.105522s comm_avg=0.100053s root_ops=0.004513s overhead_ratio=0.688
Running Generation 136...
*** Completed generation 136 after 22.059322 seconds ***
- Best fitness in generation 136 is 7.888571
-- Overall best fitness is found in generation 136 and is 7.888571
[MPI_TIMING] gen=136 total_max=0.160278s total_avg=0.160242s compute_max=0.089899s compute_avg=0.059840s comm_max=0.105872s comm_avg=0.100365s root_ops=0.004491s overhead_ratio=0.689
Running Generation 137...
*** Completed generation 137 after 22.21907 seconds ***
- Best fitness in generation 137 is 7.888571
-- Overall best fitness is found in generation 136 and is 7.888571
[MPI_TIMING] gen=137 total_max=0.159741s total_avg=0.159696s compute_max=0.090099s compute_avg=0.059824s comm_max=0.105243s comm_avg=0.099835s root_ops=0.004458s overhead_ratio=0.687
Running Generation 138...
*** Completed generation 138 after 22.37915 seconds ***
- Best fitness in generation 138 is 7.888571
-- Overall best fitness is found in generation 136 and is 7.888571
[MPI_TIMING] gen=138 total_max=0.160092s total_avg=0.160015s compute_max=0.090010s compute_avg=0.059827s comm_max=0.105593s comm_avg=0.100152s root_ops=0.004391s overhead_ratio=0.687
Running Generation 139...
*** Completed generation 139 after 22.538963 seconds ***
- Best fitness in generation 139 is 7.8925347
-- Overall best fitness is found in generation 136 and is 7.888571
[MPI_TIMING] gen=139 total_max=0.159896s total_avg=0.159868s compute_max=0.089984s compute_avg=0.059830s comm_max=0.105467s comm_avg=0.100001s root_ops=0.004456s overhead_ratio=0.687
Running Generation 140...
*** Completed generation 140 after 22.699265 seconds ***
- Best fitness in generation 140 is 7.8925347
-- Overall best fitness is found in generation 136 and is 7.888571
[MPI_TIMING] gen=140 total_max=0.160350s total_avg=0.160326s compute_max=0.090038s compute_avg=0.059838s comm_max=0.105944s comm_avg=0.100451s root_ops=0.004511s overhead_ratio=0.689
Running Generation 141...
*** Completed generation 141 after 22.85923 seconds ***
- Best fitness in generation 141 is 7.8944893
-- Overall best fitness is found in generation 136 and is 7.888571
[MPI_TIMING] gen=141 total_max=0.159953s total_avg=0.159922s compute_max=0.089972s compute_avg=0.059818s comm_max=0.105567s comm_avg=0.100067s root_ops=0.004496s overhead_ratio=0.688
Running Generation 142...
*** Completed generation 142 after 23.019554 seconds ***
- Best fitness in generation 142 is 7.8933086
-- Overall best fitness is found in generation 136 and is 7.888571
[MPI_TIMING] gen=142 total_max=0.160319s total_avg=0.160293s compute_max=0.090124s compute_avg=0.059831s comm_max=0.105883s comm_avg=0.100425s root_ops=0.004483s overhead_ratio=0.688
Running Generation 143...
*** Completed generation 143 after 23.179605 seconds ***
- Best fitness in generation 143 is 7.8872504
-- Overall best fitness is found in generation 143 and is 7.8872504
[MPI_TIMING] gen=143 total_max=0.160076s total_avg=0.160053s compute_max=0.090039s compute_avg=0.059824s comm_max=0.105698s comm_avg=0.100192s root_ops=0.004507s overhead_ratio=0.688
Running Generation 144...
*** Completed generation 144 after 23.340178 seconds ***
- Best fitness in generation 144 is 7.8872504
-- Overall best fitness is found in generation 143 and is 7.8872504
[MPI_TIMING] gen=144 total_max=0.160560s total_avg=0.160512s compute_max=0.090109s compute_avg=0.059827s comm_max=0.106172s comm_avg=0.100648s root_ops=0.004474s overhead_ratio=0.689
Running Generation 145...
*** Completed generation 145 after 23.500029 seconds ***
- Best fitness in generation 145 is 7.8872504
-- Overall best fitness is found in generation 143 and is 7.8872504
[MPI_TIMING] gen=145 total_max=0.159874s total_avg=0.159855s compute_max=0.089835s compute_avg=0.059833s comm_max=0.105571s comm_avg=0.099986s root_ops=0.004474s overhead_ratio=0.688
Running Generation 146...
*** Completed generation 146 after 23.660362 seconds ***
- Best fitness in generation 146 is 7.8872504
-- Overall best fitness is found in generation 143 and is 7.8872504
[MPI_TIMING] gen=146 total_max=0.160337s total_avg=0.160303s compute_max=0.090146s compute_avg=0.059848s comm_max=0.105942s comm_avg=0.100418s root_ops=0.004447s overhead_ratio=0.688
Running Generation 147...
*** Completed generation 147 after 23.820324 seconds ***
- Best fitness in generation 147 is 7.8872504
-- Overall best fitness is found in generation 143 and is 7.8872504
[MPI_TIMING] gen=147 total_max=0.159954s total_avg=0.159935s compute_max=0.090089s compute_avg=0.059843s comm_max=0.105551s comm_avg=0.100055s root_ops=0.004450s overhead_ratio=0.688
Running Generation 148...
*** Completed generation 148 after 23.980501 seconds ***
- Best fitness in generation 148 is 7.8935404
-- Overall best fitness is found in generation 143 and is 7.8872504
[MPI_TIMING] gen=148 total_max=0.160243s total_avg=0.160219s compute_max=0.090038s compute_avg=0.059816s comm_max=0.105829s comm_avg=0.100366s root_ops=0.004490s overhead_ratio=0.688
Running Generation 149...
*** Completed generation 149 after 24.140364 seconds ***
- Best fitness in generation 149 is 7.8911176
-- Overall best fitness is found in generation 143 and is 7.8872504
[MPI_TIMING] gen=149 total_max=0.159840s total_avg=0.159814s compute_max=0.089917s compute_avg=0.059832s comm_max=0.105425s comm_avg=0.099945s root_ops=0.004481s overhead_ratio=0.688
Running Generation 150...
*** Completed generation 150 after 24.300745 seconds ***
- Best fitness in generation 150 is 7.8911176
-- Overall best fitness is found in generation 143 and is 7.8872504
[MPI_TIMING] gen=150 total_max=0.160357s total_avg=0.160335s compute_max=0.090266s compute_avg=0.059826s comm_max=0.106137s comm_avg=0.100473s root_ops=0.004477s overhead_ratio=0.690
Reached 150 generations, exiting...


- Overall best fitness is 7.8872504
- The best individual is:
                generation:	143
                index:		1
                fitness:	7.8872504
                string:	0.00000;0.04473;0.00000;0.00000;0.26801;0.46947;0.68916

