Scale config: households=48 horizon=60 individuals=2000 max_generation=150 repetitions=8
Running distributed (MPI) GA exploration...
Running Generation 1...
*** Completed generation 1 after 0.69840324 seconds ***
- Best fitness in generation 1 is 9.13493
-- Overall best fitness is found in generation 1 and is 9.13493
[MPI_TIMING] gen=1 total_max=0.700621s total_avg=0.698599s compute_max=0.692723s compute_avg=0.541148s comm_max=0.250546s comm_avg=0.157151s root_ops=0.004568s overhead_ratio=0.364
Running Generation 2...
*** Completed generation 2 after 1.1931405 seconds ***
- Best fitness in generation 2 is 9.13493
-- Overall best fitness is found in generation 1 and is 9.13493
[MPI_TIMING] gen=2 total_max=0.494726s total_avg=0.494686s compute_max=0.489105s compute_avg=0.458046s comm_max=0.049415s comm_avg=0.036344s root_ops=0.004491s overhead_ratio=0.109
Running Generation 3...
*** Completed generation 3 after 1.6517475 seconds ***
- Best fitness in generation 3 is 9.13493
-- Overall best fitness is found in generation 1 and is 9.13493
[MPI_TIMING] gen=3 total_max=0.458598s total_avg=0.458569s compute_max=0.452602s compute_avg=0.449581s comm_max=0.012989s comm_avg=0.008688s root_ops=0.004500s overhead_ratio=0.038
Running Generation 4...
*** Completed generation 4 after 2.111718 seconds ***
- Best fitness in generation 4 is 9.13493
-- Overall best fitness is found in generation 1 and is 9.13493
[MPI_TIMING] gen=4 total_max=0.459965s total_avg=0.459939s compute_max=0.454150s compute_avg=0.450679s comm_max=0.012727s comm_avg=0.008969s root_ops=0.004428s overhead_ratio=0.037
Running Generation 5...
*** Completed generation 5 after 2.571585 seconds ***
- Best fitness in generation 5 is 9.019191
-- Overall best fitness is found in generation 5 and is 9.019191
[MPI_TIMING] gen=5 total_max=0.460316s total_avg=0.460267s compute_max=0.454027s compute_avg=0.451804s comm_max=0.011083s comm_avg=0.008165s root_ops=0.004554s overhead_ratio=0.034
Running Generation 6...
*** Completed generation 6 after 3.0322797 seconds ***
- Best fitness in generation 6 is 9.020867
-- Overall best fitness is found in generation 5 and is 9.019191
[MPI_TIMING] gen=6 total_max=0.460311s total_avg=0.460270s compute_max=0.454431s compute_avg=0.452557s comm_max=0.010958s comm_avg=0.007422s root_ops=0.004458s overhead_ratio=0.033
Running Generation 7...
*** Completed generation 7 after 3.493705 seconds ***
- Best fitness in generation 7 is 9.020867
-- Overall best fitness is found in generation 5 and is 9.019191
[MPI_TIMING] gen=7 total_max=0.461425s total_avg=0.461387s compute_max=0.455555s compute_avg=0.453249s comm_max=0.011206s comm_avg=0.007852s root_ops=0.004399s overhead_ratio=0.034
Running Generation 8...
*** Completed generation 8 after 3.9562564 seconds ***
- Best fitness in generation 8 is 8.771605
-- Overall best fitness is found in generation 8 and is 8.771605
[MPI_TIMING] gen=8 total_max=0.462682s total_avg=0.462537s compute_max=0.456699s compute_avg=0.453825s comm_max=0.011896s comm_avg=0.008417s root_ops=0.004571s overhead_ratio=0.036
Running Generation 9...
*** Completed generation 9 after 4.4188104 seconds ***
- Best fitness in generation 9 is 8.7397175
-- Overall best fitness is found in generation 9 and is 8.7397175
[MPI_TIMING] gen=9 total_max=0.462518s total_avg=0.462497s compute_max=0.456400s compute_avg=0.454017s comm_max=0.011374s comm_avg=0.008191s root_ops=0.004492s overhead_ratio=0.034
Running Generation 10...
*** Completed generation 10 after 4.8815126 seconds ***
- Best fitness in generation 10 is 8.765632
-- Overall best fitness is found in generation 9 and is 8.7397175
[MPI_TIMING] gen=10 total_max=0.462692s total_avg=0.462672s compute_max=0.456759s compute_avg=0.454077s comm_max=0.011887s comm_avg=0.008313s root_ops=0.004367s overhead_ratio=0.035
Running Generation 11...
*** Completed generation 11 after 5.3448024 seconds ***
- Best fitness in generation 11 is 8.731763
-- Overall best fitness is found in generation 11 and is 8.731763
[MPI_TIMING] gen=11 total_max=0.463279s total_avg=0.463266s compute_max=0.457466s compute_avg=0.454255s comm_max=0.012077s comm_avg=0.008731s root_ops=0.004335s overhead_ratio=0.035
Running Generation 12...
*** Completed generation 12 after 5.807439 seconds ***
- Best fitness in generation 12 is 8.531826
-- Overall best fitness is found in generation 12 and is 8.531826
[MPI_TIMING] gen=12 total_max=0.462732s total_avg=0.462627s compute_max=0.457375s compute_avg=0.454425s comm_max=0.010576s comm_avg=0.007912s root_ops=0.004478s overhead_ratio=0.033
Running Generation 13...
*** Completed generation 13 after 6.270705 seconds ***
- Best fitness in generation 13 is 8.531826
-- Overall best fitness is found in generation 12 and is 8.531826
[MPI_TIMING] gen=13 total_max=0.463255s total_avg=0.463237s compute_max=0.457954s compute_avg=0.454770s comm_max=0.011641s comm_avg=0.008182s root_ops=0.004420s overhead_ratio=0.035
Running Generation 14...
*** Completed generation 14 after 6.734096 seconds ***
- Best fitness in generation 14 is 8.413415
-- Overall best fitness is found in generation 14 and is 8.413415
[MPI_TIMING] gen=14 total_max=0.463376s total_avg=0.463369s compute_max=0.458101s compute_avg=0.454834s comm_max=0.011636s comm_avg=0.008249s root_ops=0.004434s overhead_ratio=0.035
Running Generation 15...
*** Completed generation 15 after 7.1971335 seconds ***
- Best fitness in generation 15 is 8.405798
-- Overall best fitness is found in generation 15 and is 8.405798
[MPI_TIMING] gen=15 total_max=0.463028s total_avg=0.463015s compute_max=0.457297s compute_avg=0.454793s comm_max=0.010928s comm_avg=0.007939s root_ops=0.004383s overhead_ratio=0.033
Running Generation 16...
*** Completed generation 16 after 7.660764 seconds ***
- Best fitness in generation 16 is 8.405798
-- Overall best fitness is found in generation 15 and is 8.405798
[MPI_TIMING] gen=16 total_max=0.463616s total_avg=0.463608s compute_max=0.457786s compute_avg=0.455207s comm_max=0.010817s comm_avg=0.008116s root_ops=0.004413s overhead_ratio=0.033
Running Generation 17...
*** Completed generation 17 after 8.124947 seconds ***
- Best fitness in generation 17 is 8.376984
-- Overall best fitness is found in generation 17 and is 8.376984
[MPI_TIMING] gen=17 total_max=0.464197s total_avg=0.464168s compute_max=0.458289s compute_avg=0.455037s comm_max=0.011619s comm_avg=0.008842s root_ops=0.004470s overhead_ratio=0.035
Running Generation 18...
*** Completed generation 18 after 8.58916 seconds ***
- Best fitness in generation 18 is 8.259375
-- Overall best fitness is found in generation 18 and is 8.259375
[MPI_TIMING] gen=18 total_max=0.464295s total_avg=0.464200s compute_max=0.458279s compute_avg=0.455296s comm_max=0.011493s comm_avg=0.008608s root_ops=0.004598s overhead_ratio=0.035
Running Generation 19...
*** Completed generation 19 after 9.05345 seconds ***
- Best fitness in generation 19 is 8.1638775
-- Overall best fitness is found in generation 19 and is 8.1638775
[MPI_TIMING] gen=19 total_max=0.464280s total_avg=0.464264s compute_max=0.458180s compute_avg=0.455376s comm_max=0.012295s comm_avg=0.008599s root_ops=0.004472s overhead_ratio=0.036
Running Generation 20...
*** Completed generation 20 after 9.517451 seconds ***
- Best fitness in generation 20 is 8.136848
-- Overall best fitness is found in generation 20 and is 8.136848
[MPI_TIMING] gen=20 total_max=0.463986s total_avg=0.463964s compute_max=0.458124s compute_avg=0.455522s comm_max=0.011688s comm_avg=0.008158s root_ops=0.004379s overhead_ratio=0.035
Running Generation 21...
*** Completed generation 21 after 9.981765 seconds ***
- Best fitness in generation 21 is 8.125973
-- Overall best fitness is found in generation 21 and is 8.125973
[MPI_TIMING] gen=21 total_max=0.464303s total_avg=0.464294s compute_max=0.458464s compute_avg=0.455902s comm_max=0.011084s comm_avg=0.008108s root_ops=0.004394s overhead_ratio=0.033
Running Generation 22...
*** Completed generation 22 after 10.447007 seconds ***
- Best fitness in generation 22 is 8.088343
-- Overall best fitness is found in generation 22 and is 8.088343
[MPI_TIMING] gen=22 total_max=0.465236s total_avg=0.465225s compute_max=0.459391s compute_avg=0.456061s comm_max=0.011563s comm_avg=0.008879s root_ops=0.004430s overhead_ratio=0.034
Running Generation 23...
*** Completed generation 23 after 10.911567 seconds ***
- Best fitness in generation 23 is 8.03041
-- Overall best fitness is found in generation 23 and is 8.03041
[MPI_TIMING] gen=23 total_max=0.464555s total_avg=0.464542s compute_max=0.458655s compute_avg=0.456156s comm_max=0.012057s comm_avg=0.008104s root_ops=0.004372s overhead_ratio=0.035
Running Generation 24...
*** Completed generation 24 after 11.377289 seconds ***
- Best fitness in generation 24 is 8.03041
-- Overall best fitness is found in generation 23 and is 8.03041
[MPI_TIMING] gen=24 total_max=0.465825s total_avg=0.465704s compute_max=0.459914s compute_avg=0.456441s comm_max=0.012320s comm_avg=0.008972s root_ops=0.004527s overhead_ratio=0.036
Running Generation 25...
*** Completed generation 25 after 11.843107 seconds ***
- Best fitness in generation 25 is 8.028652
-- Overall best fitness is found in generation 25 and is 8.028652
[MPI_TIMING] gen=25 total_max=0.465807s total_avg=0.465799s compute_max=0.459840s compute_avg=0.456762s comm_max=0.012860s comm_avg=0.008744s root_ops=0.004553s overhead_ratio=0.037
Running Generation 26...
*** Completed generation 26 after 12.309197 seconds ***
- Best fitness in generation 26 is 7.9836698
-- Overall best fitness is found in generation 26 and is 7.9836698
[MPI_TIMING] gen=26 total_max=0.466079s total_avg=0.466072s compute_max=0.460056s compute_avg=0.457091s comm_max=0.012515s comm_avg=0.008687s root_ops=0.004562s overhead_ratio=0.037
Running Generation 27...
*** Completed generation 27 after 12.775234 seconds ***
- Best fitness in generation 27 is 7.9836698
-- Overall best fitness is found in generation 26 and is 7.9836698
[MPI_TIMING] gen=27 total_max=0.466022s total_avg=0.466012s compute_max=0.460007s compute_avg=0.457074s comm_max=0.011486s comm_avg=0.008647s root_ops=0.004510s overhead_ratio=0.034
Running Generation 28...
*** Completed generation 28 after 13.241721 seconds ***
- Best fitness in generation 28 is 7.974524
-- Overall best fitness is found in generation 28 and is 7.974524
[MPI_TIMING] gen=28 total_max=0.466609s total_avg=0.466477s compute_max=0.460514s compute_avg=0.457561s comm_max=0.012014s comm_avg=0.008615s root_ops=0.004676s overhead_ratio=0.036
Running Generation 29...
*** Completed generation 29 after 13.708296 seconds ***
- Best fitness in generation 29 is 7.974524
-- Overall best fitness is found in generation 28 and is 7.974524
[MPI_TIMING] gen=29 total_max=0.466565s total_avg=0.466542s compute_max=0.460287s compute_avg=0.457725s comm_max=0.011666s comm_avg=0.008523s root_ops=0.004547s overhead_ratio=0.035
Running Generation 30...
*** Completed generation 30 after 14.173916 seconds ***
- Best fitness in generation 30 is 7.974512
-- Overall best fitness is found in generation 30 and is 7.974512
[MPI_TIMING] gen=30 total_max=0.465603s total_avg=0.465593s compute_max=0.459859s compute_avg=0.457866s comm_max=0.010589s comm_avg=0.007434s root_ops=0.004545s overhead_ratio=0.033
Running Generation 31...
*** Completed generation 31 after 14.64051 seconds ***
- Best fitness in generation 31 is 7.9546456
-- Overall best fitness is found in generation 31 and is 7.9546456
[MPI_TIMING] gen=31 total_max=0.466585s total_avg=0.466573s compute_max=0.460584s compute_avg=0.458042s comm_max=0.011801s comm_avg=0.008241s root_ops=0.004495s overhead_ratio=0.035
Running Generation 32...
*** Completed generation 32 after 15.107186 seconds ***
- Best fitness in generation 32 is 7.9546456
-- Overall best fitness is found in generation 31 and is 7.9546456
[MPI_TIMING] gen=32 total_max=0.466661s total_avg=0.466652s compute_max=0.460701s compute_avg=0.458057s comm_max=0.011681s comm_avg=0.008305s root_ops=0.004497s overhead_ratio=0.035
Running Generation 33...
*** Completed generation 33 after 15.572848 seconds ***
- Best fitness in generation 33 is 7.9546456
-- Overall best fitness is found in generation 31 and is 7.9546456
[MPI_TIMING] gen=33 total_max=0.465652s total_avg=0.465640s compute_max=0.459696s compute_avg=0.457879s comm_max=0.010614s comm_avg=0.007476s root_ops=0.004430s overhead_ratio=0.032
Running Generation 34...
*** Completed generation 34 after 16.03923 seconds ***
- Best fitness in generation 34 is 7.953858
-- Overall best fitness is found in generation 34 and is 7.953858
[MPI_TIMING] gen=34 total_max=0.466369s total_avg=0.466360s compute_max=0.460496s compute_avg=0.457699s comm_max=0.011630s comm_avg=0.008375s root_ops=0.004426s overhead_ratio=0.034
Running Generation 35...
*** Completed generation 35 after 16.50494 seconds ***
- Best fitness in generation 35 is 7.953858
-- Overall best fitness is found in generation 34 and is 7.953858
[MPI_TIMING] gen=35 total_max=0.465696s total_avg=0.465685s compute_max=0.459829s compute_avg=0.457720s comm_max=0.011348s comm_avg=0.007682s root_ops=0.004385s overhead_ratio=0.034
Running Generation 36...
*** Completed generation 36 after 16.971601 seconds ***
- Best fitness in generation 36 is 7.95326
-- Overall best fitness is found in generation 36 and is 7.95326
[MPI_TIMING] gen=36 total_max=0.466653s total_avg=0.466642s compute_max=0.460812s compute_avg=0.457732s comm_max=0.011140s comm_avg=0.008628s root_ops=0.004382s overhead_ratio=0.033
Running Generation 37...
*** Completed generation 37 after 17.437086 seconds ***
- Best fitness in generation 37 is 7.953205
-- Overall best fitness is found in generation 37 and is 7.953205
[MPI_TIMING] gen=37 total_max=0.465502s total_avg=0.465471s compute_max=0.459865s compute_avg=0.457594s comm_max=0.010391s comm_avg=0.007590s root_ops=0.004443s overhead_ratio=0.032
Running Generation 38...
*** Completed generation 38 after 17.903667 seconds ***
- Best fitness in generation 38 is 7.953205
-- Overall best fitness is found in generation 37 and is 7.953205
[MPI_TIMING] gen=38 total_max=0.466595s total_avg=0.466564s compute_max=0.460683s compute_avg=0.457802s comm_max=0.012424s comm_avg=0.008471s root_ops=0.004505s overhead_ratio=0.036
Running Generation 39...
*** Completed generation 39 after 18.36916 seconds ***
- Best fitness in generation 39 is 7.9382253
-- Overall best fitness is found in generation 39 and is 7.9382253
[MPI_TIMING] gen=39 total_max=0.465478s total_avg=0.465466s compute_max=0.459680s compute_avg=0.457651s comm_max=0.010591s comm_avg=0.007527s root_ops=0.004468s overhead_ratio=0.032
Running Generation 40...
*** Completed generation 40 after 18.835411 seconds ***
- Best fitness in generation 40 is 7.9382253
-- Overall best fitness is found in generation 39 and is 7.9382253
[MPI_TIMING] gen=40 total_max=0.466240s total_avg=0.466233s compute_max=0.460313s compute_avg=0.457829s comm_max=0.011144s comm_avg=0.008116s root_ops=0.004480s overhead_ratio=0.034
Running Generation 41...
*** Completed generation 41 after 19.301632 seconds ***
- Best fitness in generation 41 is 7.946466
-- Overall best fitness is found in generation 39 and is 7.9382253
[MPI_TIMING] gen=41 total_max=0.466280s total_avg=0.466210s compute_max=0.460225s compute_avg=0.457881s comm_max=0.011811s comm_avg=0.008034s root_ops=0.004584s overhead_ratio=0.035
Running Generation 42...
*** Completed generation 42 after 19.767641 seconds ***
- Best fitness in generation 42 is 7.946466
-- Overall best fitness is found in generation 39 and is 7.9382253
[MPI_TIMING] gen=42 total_max=0.465990s total_avg=0.465971s compute_max=0.460003s compute_avg=0.457687s comm_max=0.011235s comm_avg=0.007997s root_ops=0.004441s overhead_ratio=0.034
Running Generation 43...
*** Completed generation 43 after 20.234573 seconds ***
- Best fitness in generation 43 is 7.946466
-- Overall best fitness is found in generation 39 and is 7.9382253
[MPI_TIMING] gen=43 total_max=0.466924s total_avg=0.466917s compute_max=0.461025s compute_avg=0.457916s comm_max=0.012032s comm_avg=0.008713s root_ops=0.004465s overhead_ratio=0.035
Running Generation 44...
*** Completed generation 44 after 20.700909 seconds ***
- Best fitness in generation 44 is 7.940189
-- Overall best fitness is found in generation 39 and is 7.9382253
[MPI_TIMING] gen=44 total_max=0.466318s total_avg=0.466309s compute_max=0.460391s compute_avg=0.457700s comm_max=0.011307s comm_avg=0.008322s root_ops=0.004465s overhead_ratio=0.034
Running Generation 45...
*** Completed generation 45 after 21.167412 seconds ***
- Best fitness in generation 45 is 7.946466
-- Overall best fitness is found in generation 39 and is 7.9382253
[MPI_TIMING] gen=45 total_max=0.466495s total_avg=0.466481s compute_max=0.460698s compute_avg=0.457723s comm_max=0.011739s comm_avg=0.008473s root_ops=0.004430s overhead_ratio=0.035
Running Generation 46...
*** Completed generation 46 after 21.633446 seconds ***
- Best fitness in generation 46 is 7.944807
-- Overall best fitness is found in generation 39 and is 7.9382253
[MPI_TIMING] gen=46 total_max=0.466030s total_avg=0.466015s compute_max=0.460151s compute_avg=0.457562s comm_max=0.012015s comm_avg=0.008165s root_ops=0.004474s overhead_ratio=0.035
Running Generation 47...
*** Completed generation 47 after 22.09882 seconds ***
- Best fitness in generation 47 is 7.9385023
-- Overall best fitness is found in generation 39 and is 7.9382253
[MPI_TIMING] gen=47 total_max=0.465363s total_avg=0.465350s compute_max=0.459439s compute_avg=0.457358s comm_max=0.011371s comm_avg=0.007708s root_ops=0.004421s overhead_ratio=0.034
Running Generation 48...
*** Completed generation 48 after 22.564436 seconds ***
- Best fitness in generation 48 is 7.927226
-- Overall best fitness is found in generation 48 and is 7.927226
[MPI_TIMING] gen=48 total_max=0.465603s total_avg=0.465595s compute_max=0.459738s compute_avg=0.457738s comm_max=0.011235s comm_avg=0.007571s root_ops=0.004430s overhead_ratio=0.034
Running Generation 49...
*** Completed generation 49 after 23.030909 seconds ***
- Best fitness in generation 49 is 7.9292545
-- Overall best fitness is found in generation 48 and is 7.927226
[MPI_TIMING] gen=49 total_max=0.466484s total_avg=0.466458s compute_max=0.460589s compute_avg=0.457624s comm_max=0.012004s comm_avg=0.008544s root_ops=0.004485s overhead_ratio=0.035
Running Generation 50...
*** Completed generation 50 after 23.497309 seconds ***
- Best fitness in generation 50 is 7.9292545
-- Overall best fitness is found in generation 48 and is 7.927226
[MPI_TIMING] gen=50 total_max=0.466388s total_avg=0.466378s compute_max=0.460450s compute_avg=0.457628s comm_max=0.012229s comm_avg=0.008463s root_ops=0.004458s overhead_ratio=0.036
Running Generation 51...
*** Completed generation 51 after 23.96368 seconds ***
- Best fitness in generation 51 is 7.9281855
-- Overall best fitness is found in generation 48 and is 7.927226
[MPI_TIMING] gen=51 total_max=0.466362s total_avg=0.466348s compute_max=0.460445s compute_avg=0.457720s comm_max=0.012452s comm_avg=0.008344s root_ops=0.004407s overhead_ratio=0.036
Running Generation 52...
*** Completed generation 52 after 24.429588 seconds ***
- Best fitness in generation 52 is 7.9281855
-- Overall best fitness is found in generation 48 and is 7.927226
[MPI_TIMING] gen=52 total_max=0.465898s total_avg=0.465888s compute_max=0.460024s compute_avg=0.457384s comm_max=0.011955s comm_avg=0.008221s root_ops=0.004397s overhead_ratio=0.035
Running Generation 53...
*** Completed generation 53 after 24.895174 seconds ***
- Best fitness in generation 53 is 7.9281855
-- Overall best fitness is found in generation 48 and is 7.927226
[MPI_TIMING] gen=53 total_max=0.465568s total_avg=0.465559s compute_max=0.459758s compute_avg=0.457295s comm_max=0.011717s comm_avg=0.007981s root_ops=0.004384s overhead_ratio=0.035
Running Generation 54...
*** Completed generation 54 after 25.361053 seconds ***
- Best fitness in generation 54 is 7.9307346
-- Overall best fitness is found in generation 48 and is 7.927226
[MPI_TIMING] gen=54 total_max=0.465870s total_avg=0.465863s compute_max=0.460016s compute_avg=0.457436s comm_max=0.011728s comm_avg=0.008142s root_ops=0.004414s overhead_ratio=0.035
Running Generation 55...
*** Completed generation 55 after 25.826736 seconds ***
- Best fitness in generation 55 is 7.9307346
-- Overall best fitness is found in generation 48 and is 7.927226
[MPI_TIMING] gen=55 total_max=0.465718s total_avg=0.465668s compute_max=0.459799s compute_avg=0.457248s comm_max=0.012000s comm_avg=0.008131s root_ops=0.004492s overhead_ratio=0.035
Running Generation 56...
*** Completed generation 56 after 26.292103 seconds ***
- Best fitness in generation 56 is 7.9385023
-- Overall best fitness is found in generation 48 and is 7.927226
[MPI_TIMING] gen=56 total_max=0.465353s total_avg=0.465341s compute_max=0.459401s compute_avg=0.457505s comm_max=0.011067s comm_avg=0.007551s root_ops=0.004438s overhead_ratio=0.033
Running Generation 57...
*** Completed generation 57 after 26.758162 seconds ***
- Best fitness in generation 57 is 7.9385023
-- Overall best fitness is found in generation 48 and is 7.927226
[MPI_TIMING] gen=57 total_max=0.466182s total_avg=0.466052s compute_max=0.460117s compute_avg=0.457854s comm_max=0.010948s comm_avg=0.007901s root_ops=0.004608s overhead_ratio=0.033
Running Generation 58...
*** Completed generation 58 after 27.224033 seconds ***
- Best fitness in generation 58 is 7.9385023
-- Overall best fitness is found in generation 48 and is 7.927226
[MPI_TIMING] gen=58 total_max=0.465858s total_avg=0.465835s compute_max=0.459847s compute_avg=0.457492s comm_max=0.011640s comm_avg=0.008053s root_ops=0.004489s overhead_ratio=0.035
Running Generation 59...
*** Completed generation 59 after 27.689215 seconds ***
- Best fitness in generation 59 is 7.9377155
-- Overall best fitness is found in generation 48 and is 7.927226
[MPI_TIMING] gen=59 total_max=0.465169s total_avg=0.465154s compute_max=0.459820s compute_avg=0.457547s comm_max=0.010046s comm_avg=0.007325s root_ops=0.004382s overhead_ratio=0.031
Running Generation 60...
*** Completed generation 60 after 28.155067 seconds ***
- Best fitness in generation 60 is 7.931137
-- Overall best fitness is found in generation 48 and is 7.927226
[MPI_TIMING] gen=60 total_max=0.465841s total_avg=0.465831s compute_max=0.460003s compute_avg=0.457651s comm_max=0.010929s comm_avg=0.007898s root_ops=0.004383s overhead_ratio=0.033
Running Generation 61...
*** Completed generation 61 after 28.620785 seconds ***
- Best fitness in generation 61 is 7.931137
-- Overall best fitness is found in generation 48 and is 7.927226
[MPI_TIMING] gen=61 total_max=0.465707s total_avg=0.465698s compute_max=0.459874s compute_avg=0.457363s comm_max=0.010825s comm_avg=0.008051s root_ops=0.004421s overhead_ratio=0.033
Running Generation 62...
*** Completed generation 62 after 29.086346 seconds ***
- Best fitness in generation 62 is 7.9320946
-- Overall best fitness is found in generation 48 and is 7.927226
[MPI_TIMING] gen=62 total_max=0.465554s total_avg=0.465540s compute_max=0.459664s compute_avg=0.457415s comm_max=0.011268s comm_avg=0.007846s root_ops=0.004327s overhead_ratio=0.033
Running Generation 63...
*** Completed generation 63 after 29.55156 seconds ***
- Best fitness in generation 63 is 7.931942
-- Overall best fitness is found in generation 48 and is 7.927226
[MPI_TIMING] gen=63 total_max=0.465354s total_avg=0.465200s compute_max=0.459403s compute_avg=0.457554s comm_max=0.010699s comm_avg=0.007356s root_ops=0.004518s overhead_ratio=0.033
Running Generation 64...
*** Completed generation 64 after 30.01747 seconds ***
- Best fitness in generation 64 is 7.9316907
-- Overall best fitness is found in generation 48 and is 7.927226
[MPI_TIMING] gen=64 total_max=0.465896s total_avg=0.465881s compute_max=0.460357s compute_avg=0.457359s comm_max=0.012068s comm_avg=0.008237s root_ops=0.004406s overhead_ratio=0.035
Running Generation 65...
*** Completed generation 65 after 30.482986 seconds ***
- Best fitness in generation 65 is 7.9316907
-- Overall best fitness is found in generation 48 and is 7.927226
[MPI_TIMING] gen=65 total_max=0.465508s total_avg=0.465499s compute_max=0.459433s compute_avg=0.457309s comm_max=0.011176s comm_avg=0.007906s root_ops=0.004407s overhead_ratio=0.033
Running Generation 66...
*** Completed generation 66 after 30.948292 seconds ***
- Best fitness in generation 66 is 7.928841
-- Overall best fitness is found in generation 48 and is 7.927226
[MPI_TIMING] gen=66 total_max=0.465298s total_avg=0.465285s compute_max=0.459531s compute_avg=0.457594s comm_max=0.010514s comm_avg=0.007404s root_ops=0.004452s overhead_ratio=0.032
Running Generation 67...
*** Completed generation 67 after 31.413994 seconds ***
- Best fitness in generation 67 is 7.928841
-- Overall best fitness is found in generation 48 and is 7.927226
[MPI_TIMING] gen=67 total_max=0.465688s total_avg=0.465679s compute_max=0.459832s compute_avg=0.457377s comm_max=0.011298s comm_avg=0.008016s root_ops=0.004443s overhead_ratio=0.034
Running Generation 68...
*** Completed generation 68 after 31.879433 seconds ***
- Best fitness in generation 68 is 7.9241242
-- Overall best fitness is found in generation 68 and is 7.9241242
[MPI_TIMING] gen=68 total_max=0.465428s total_avg=0.465421s compute_max=0.459517s compute_avg=0.457424s comm_max=0.011746s comm_avg=0.007710s root_ops=0.004454s overhead_ratio=0.035
Running Generation 69...
*** Completed generation 69 after 32.345097 seconds ***
- Best fitness in generation 69 is 7.9272447
-- Overall best fitness is found in generation 68 and is 7.9241242
[MPI_TIMING] gen=69 total_max=0.465653s total_avg=0.465644s compute_max=0.460332s compute_avg=0.457497s comm_max=0.011841s comm_avg=0.007864s root_ops=0.004401s overhead_ratio=0.035
Running Generation 70...
*** Completed generation 70 after 32.81146 seconds ***
- Best fitness in generation 70 is 7.925142
-- Overall best fitness is found in generation 68 and is 7.9241242
[MPI_TIMING] gen=70 total_max=0.466471s total_avg=0.466352s compute_max=0.460488s compute_avg=0.457404s comm_max=0.011876s comm_avg=0.008654s root_ops=0.004555s overhead_ratio=0.035
Running Generation 71...
*** Completed generation 71 after 33.276836 seconds ***
- Best fitness in generation 71 is 7.923006
-- Overall best fitness is found in generation 71 and is 7.923006
[MPI_TIMING] gen=71 total_max=0.465365s total_avg=0.465351s compute_max=0.459365s compute_avg=0.457306s comm_max=0.011221s comm_avg=0.007758s root_ops=0.004447s overhead_ratio=0.034
Running Generation 72...
*** Completed generation 72 after 33.741863 seconds ***
- Best fitness in generation 72 is 7.923006
-- Overall best fitness is found in generation 71 and is 7.923006
[MPI_TIMING] gen=72 total_max=0.465015s total_avg=0.465004s compute_max=0.459231s compute_avg=0.457347s comm_max=0.010622s comm_avg=0.007373s root_ops=0.004401s overhead_ratio=0.032
Running Generation 73...
*** Completed generation 73 after 34.2073 seconds ***
- Best fitness in generation 73 is 7.923991
-- Overall best fitness is found in generation 71 and is 7.923006
[MPI_TIMING] gen=73 total_max=0.465421s total_avg=0.465413s compute_max=0.459541s compute_avg=0.457092s comm_max=0.011947s comm_avg=0.008038s root_ops=0.004400s overhead_ratio=0.035
Running Generation 74...
*** Completed generation 74 after 34.672894 seconds ***
- Best fitness in generation 74 is 7.923991
-- Overall best fitness is found in generation 71 and is 7.923006
[MPI_TIMING] gen=74 total_max=0.465588s total_avg=0.465577s compute_max=0.459715s compute_avg=0.457332s comm_max=0.011915s comm_avg=0.007964s root_ops=0.004355s overhead_ratio=0.035
Running Generation 75...
*** Completed generation 75 after 35.13848 seconds ***
- Best fitness in generation 75 is 7.923991
-- Overall best fitness is found in generation 71 and is 7.923006
[MPI_TIMING] gen=75 total_max=0.465591s total_avg=0.465569s compute_max=0.459738s compute_avg=0.457298s comm_max=0.011997s comm_avg=0.007987s root_ops=0.004407s overhead_ratio=0.035
Running Generation 76...
*** Completed generation 76 after 35.60377 seconds ***
- Best fitness in generation 76 is 7.9241962
-- Overall best fitness is found in generation 71 and is 7.923006
[MPI_TIMING] gen=76 total_max=0.465282s total_avg=0.465274s compute_max=0.459395s compute_avg=0.457360s comm_max=0.011552s comm_avg=0.007631s root_ops=0.004398s overhead_ratio=0.034
Running Generation 77...
*** Completed generation 77 after 36.069305 seconds ***
- Best fitness in generation 77 is 7.928689
-- Overall best fitness is found in generation 71 and is 7.923006
[MPI_TIMING] gen=77 total_max=0.465520s total_avg=0.465515s compute_max=0.459660s compute_avg=0.457462s comm_max=0.011409s comm_avg=0.007769s root_ops=0.004417s overhead_ratio=0.034
Running Generation 78...
*** Completed generation 78 after 36.535423 seconds ***
- Best fitness in generation 78 is 7.928689
-- Overall best fitness is found in generation 71 and is 7.923006
[MPI_TIMING] gen=78 total_max=0.466148s total_avg=0.466104s compute_max=0.460179s compute_avg=0.457667s comm_max=0.011994s comm_avg=0.008149s root_ops=0.004492s overhead_ratio=0.035
Running Generation 79...
*** Completed generation 79 after 37.000748 seconds ***
- Best fitness in generation 79 is 7.926404
-- Overall best fitness is found in generation 71 and is 7.923006
[MPI_TIMING] gen=79 total_max=0.465312s total_avg=0.465295s compute_max=0.459421s compute_avg=0.457328s comm_max=0.011218s comm_avg=0.007683s root_ops=0.004396s overhead_ratio=0.034
Running Generation 80...
*** Completed generation 80 after 37.467083 seconds ***
- Best fitness in generation 80 is 7.9225817
-- Overall best fitness is found in generation 80 and is 7.9225817
[MPI_TIMING] gen=80 total_max=0.466326s total_avg=0.466317s compute_max=0.460431s compute_avg=0.457657s comm_max=0.012391s comm_avg=0.008377s root_ops=0.004386s overhead_ratio=0.036
Running Generation 81...
*** Completed generation 81 after 37.932304 seconds ***
- Best fitness in generation 81 is 7.9225817
-- Overall best fitness is found in generation 80 and is 7.9225817
[MPI_TIMING] gen=81 total_max=0.465209s total_avg=0.465204s compute_max=0.459381s compute_avg=0.457505s comm_max=0.011693s comm_avg=0.007414s root_ops=0.004419s overhead_ratio=0.035
Running Generation 82...
*** Completed generation 82 after 38.398083 seconds ***
- Best fitness in generation 82 is 7.9225817
-- Overall best fitness is found in generation 80 and is 7.9225817
[MPI_TIMING] gen=82 total_max=0.465762s total_avg=0.465754s compute_max=0.460374s compute_avg=0.457706s comm_max=0.012156s comm_avg=0.007764s root_ops=0.004397s overhead_ratio=0.036
Running Generation 83...
*** Completed generation 83 after 38.864487 seconds ***
- Best fitness in generation 83 is 7.9225817
-- Overall best fitness is found in generation 80 and is 7.9225817
[MPI_TIMING] gen=83 total_max=0.466395s total_avg=0.466385s compute_max=0.461397s compute_avg=0.458005s comm_max=0.011525s comm_avg=0.008098s root_ops=0.004368s overhead_ratio=0.034
Running Generation 84...
*** Completed generation 84 after 39.33015 seconds ***
- Best fitness in generation 84 is 7.9225817
-- Overall best fitness is found in generation 80 and is 7.9225817
[MPI_TIMING] gen=84 total_max=0.465649s total_avg=0.465641s compute_max=0.459815s compute_avg=0.457642s comm_max=0.010761s comm_avg=0.007719s root_ops=0.004353s overhead_ratio=0.032
Running Generation 85...
*** Completed generation 85 after 39.79552 seconds ***
- Best fitness in generation 85 is 7.9258313
-- Overall best fitness is found in generation 80 and is 7.9225817
[MPI_TIMING] gen=85 total_max=0.465359s total_avg=0.465354s compute_max=0.459539s compute_avg=0.457604s comm_max=0.010551s comm_avg=0.007467s root_ops=0.004383s overhead_ratio=0.032
Running Generation 86...
*** Completed generation 86 after 40.26195 seconds ***
- Best fitness in generation 86 is 7.927025
-- Overall best fitness is found in generation 80 and is 7.9225817
[MPI_TIMING] gen=86 total_max=0.466423s total_avg=0.466414s compute_max=0.460565s compute_avg=0.457684s comm_max=0.012365s comm_avg=0.008446s root_ops=0.004421s overhead_ratio=0.036
Running Generation 87...
*** Completed generation 87 after 40.72812 seconds ***
- Best fitness in generation 87 is 7.927025
-- Overall best fitness is found in generation 80 and is 7.9225817
[MPI_TIMING] gen=87 total_max=0.466155s total_avg=0.466145s compute_max=0.460257s compute_avg=0.457492s comm_max=0.011219s comm_avg=0.008370s root_ops=0.004387s overhead_ratio=0.033
Running Generation 88...
*** Completed generation 88 after 41.19435 seconds ***
- Best fitness in generation 88 is 7.924831
-- Overall best fitness is found in generation 80 and is 7.9225817
[MPI_TIMING] gen=88 total_max=0.466221s total_avg=0.466212s compute_max=0.460377s compute_avg=0.457546s comm_max=0.012314s comm_avg=0.008385s root_ops=0.004357s overhead_ratio=0.036
Running Generation 89...
*** Completed generation 89 after 41.65992 seconds ***
- Best fitness in generation 89 is 7.925224
-- Overall best fitness is found in generation 80 and is 7.9225817
[MPI_TIMING] gen=89 total_max=0.465556s total_avg=0.465550s compute_max=0.459735s compute_avg=0.457439s comm_max=0.010894s comm_avg=0.007829s root_ops=0.004369s overhead_ratio=0.033
Running Generation 90...
*** Completed generation 90 after 42.124718 seconds ***
- Best fitness in generation 90 is 7.925224
-- Overall best fitness is found in generation 80 and is 7.9225817
[MPI_TIMING] gen=90 total_max=0.464785s total_avg=0.464778s compute_max=0.458962s compute_avg=0.457422s comm_max=0.009949s comm_avg=0.007074s root_ops=0.004384s overhead_ratio=0.031
Running Generation 91...
*** Completed generation 91 after 42.59039 seconds ***
- Best fitness in generation 91 is 7.9272423
-- Overall best fitness is found in generation 80 and is 7.9225817
[MPI_TIMING] gen=91 total_max=0.465660s total_avg=0.465654s compute_max=0.459957s compute_avg=0.457439s comm_max=0.011475s comm_avg=0.007932s root_ops=0.004388s overhead_ratio=0.034
Running Generation 92...
*** Completed generation 92 after 43.056828 seconds ***
- Best fitness in generation 92 is 7.926592
-- Overall best fitness is found in generation 80 and is 7.9225817
[MPI_TIMING] gen=92 total_max=0.466426s total_avg=0.466419s compute_max=0.460563s compute_avg=0.457466s comm_max=0.012318s comm_avg=0.008671s root_ops=0.004378s overhead_ratio=0.036
Running Generation 93...
*** Completed generation 93 after 43.52231 seconds ***
- Best fitness in generation 93 is 7.926592
-- Overall best fitness is found in generation 80 and is 7.9225817
[MPI_TIMING] gen=93 total_max=0.465470s total_avg=0.465464s compute_max=0.459620s compute_avg=0.457373s comm_max=0.011246s comm_avg=0.007808s root_ops=0.004387s overhead_ratio=0.034
Running Generation 94...
*** Completed generation 94 after 43.988594 seconds ***
- Best fitness in generation 94 is 7.9272933
-- Overall best fitness is found in generation 80 and is 7.9225817
[MPI_TIMING] gen=94 total_max=0.466289s total_avg=0.466272s compute_max=0.460426s compute_avg=0.457643s comm_max=0.011411s comm_avg=0.008343s root_ops=0.004434s overhead_ratio=0.034
Running Generation 95...
*** Completed generation 95 after 44.454918 seconds ***
- Best fitness in generation 95 is 7.924534
-- Overall best fitness is found in generation 80 and is 7.9225817
[MPI_TIMING] gen=95 total_max=0.466310s total_avg=0.466303s compute_max=0.460397s compute_avg=0.457600s comm_max=0.011855s comm_avg=0.008418s root_ops=0.004427s overhead_ratio=0.035
Running Generation 96...
*** Completed generation 96 after 44.9201 seconds ***
- Best fitness in generation 96 is 7.9272933
-- Overall best fitness is found in generation 80 and is 7.9225817
[MPI_TIMING] gen=96 total_max=0.465172s total_avg=0.465164s compute_max=0.459315s compute_avg=0.457623s comm_max=0.010487s comm_avg=0.007256s root_ops=0.004423s overhead_ratio=0.032
Running Generation 97...
*** Completed generation 97 after 45.386696 seconds ***
- Best fitness in generation 97 is 7.923109
-- Overall best fitness is found in generation 80 and is 7.9225817
[MPI_TIMING] gen=97 total_max=0.466578s total_avg=0.466574s compute_max=0.460825s compute_avg=0.457847s comm_max=0.011647s comm_avg=0.008440s root_ops=0.004451s overhead_ratio=0.035
Running Generation 98...
*** Completed generation 98 after 45.851856 seconds ***
- Best fitness in generation 98 is 7.9272933
-- Overall best fitness is found in generation 80 and is 7.9225817
[MPI_TIMING] gen=98 total_max=0.465153s total_avg=0.465140s compute_max=0.459197s compute_avg=0.457425s comm_max=0.011126s comm_avg=0.007434s root_ops=0.004372s overhead_ratio=0.033
Running Generation 99...
*** Completed generation 99 after 46.317425 seconds ***
- Best fitness in generation 99 is 7.926204
-- Overall best fitness is found in generation 80 and is 7.9225817
[MPI_TIMING] gen=99 total_max=0.465564s total_avg=0.465549s compute_max=0.459706s compute_avg=0.457515s comm_max=0.010766s comm_avg=0.007750s root_ops=0.004417s overhead_ratio=0.033
Running Generation 100...
*** Completed generation 100 after 46.783722 seconds ***
- Best fitness in generation 100 is 7.926204
-- Overall best fitness is found in generation 80 and is 7.9225817
[MPI_TIMING] gen=100 total_max=0.466283s total_avg=0.466273s compute_max=0.460387s compute_avg=0.457706s comm_max=0.011415s comm_avg=0.008285s root_ops=0.004361s overhead_ratio=0.034
Running Generation 101...
*** Completed generation 101 after 47.24968 seconds ***
- Best fitness in generation 101 is 7.925463
-- Overall best fitness is found in generation 80 and is 7.9225817
[MPI_TIMING] gen=101 total_max=0.465949s total_avg=0.465943s compute_max=0.460134s compute_avg=0.457631s comm_max=0.011068s comm_avg=0.008030s root_ops=0.004372s overhead_ratio=0.033
Running Generation 102...
*** Completed generation 102 after 47.71596 seconds ***
- Best fitness in generation 102 is 7.922884
-- Overall best fitness is found in generation 80 and is 7.9225817
[MPI_TIMING] gen=102 total_max=0.466270s total_avg=0.466263s compute_max=0.460419s compute_avg=0.457838s comm_max=0.011091s comm_avg=0.008143s root_ops=0.004374s overhead_ratio=0.033
Running Generation 103...
*** Completed generation 103 after 48.18124 seconds ***
- Best fitness in generation 103 is 7.9245
-- Overall best fitness is found in generation 80 and is 7.9225817
[MPI_TIMING] gen=103 total_max=0.465265s total_avg=0.465259s compute_max=0.459656s compute_avg=0.457499s comm_max=0.010492s comm_avg=0.007479s root_ops=0.004375s overhead_ratio=0.032
Running Generation 104...
*** Completed generation 104 after 48.64726 seconds ***
- Best fitness in generation 104 is 7.921945
-- Overall best fitness is found in generation 104 and is 7.921945
[MPI_TIMING] gen=104 total_max=0.466006s total_avg=0.465999s compute_max=0.460160s compute_avg=0.457586s comm_max=0.011566s comm_avg=0.008133s root_ops=0.004363s overhead_ratio=0.034
Running Generation 105...
*** Completed generation 105 after 49.1127 seconds ***
- Best fitness in generation 105 is 7.921945
-- Overall best fitness is found in generation 104 and is 7.921945
[MPI_TIMING] gen=105 total_max=0.465542s total_avg=0.465434s compute_max=0.459655s compute_avg=0.457798s comm_max=0.011056s comm_avg=0.007345s root_ops=0.004509s overhead_ratio=0.033
Running Generation 106...
*** Completed generation 106 after 49.57847 seconds ***
- Best fitness in generation 106 is 7.924037
-- Overall best fitness is found in generation 104 and is 7.921945
[MPI_TIMING] gen=106 total_max=0.465753s total_avg=0.465733s compute_max=0.459858s compute_avg=0.457647s comm_max=0.011310s comm_avg=0.007802s root_ops=0.004373s overhead_ratio=0.034
Running Generation 107...
*** Completed generation 107 after 50.044437 seconds ***
- Best fitness in generation 107 is 7.9243174
-- Overall best fitness is found in generation 104 and is 7.921945
[MPI_TIMING] gen=107 total_max=0.465959s total_avg=0.465952s compute_max=0.460118s compute_avg=0.457674s comm_max=0.011129s comm_avg=0.007997s root_ops=0.004355s overhead_ratio=0.033
Running Generation 108...
*** Completed generation 108 after 50.51043 seconds ***
- Best fitness in generation 108 is 7.9243174
-- Overall best fitness is found in generation 104 and is 7.921945
[MPI_TIMING] gen=108 total_max=0.466051s total_avg=0.465979s compute_max=0.460152s compute_avg=0.457612s comm_max=0.011846s comm_avg=0.008079s root_ops=0.004463s overhead_ratio=0.035
Running Generation 109...
*** Completed generation 109 after 50.97684 seconds ***
- Best fitness in generation 109 is 7.9257665
-- Overall best fitness is found in generation 104 and is 7.921945
[MPI_TIMING] gen=109 total_max=0.466439s total_avg=0.466400s compute_max=0.460458s compute_avg=0.457568s comm_max=0.011456s comm_avg=0.008540s root_ops=0.004533s overhead_ratio=0.034
Running Generation 110...
*** Completed generation 110 after 51.44293 seconds ***
- Best fitness in generation 110 is 7.9223495
-- Overall best fitness is found in generation 104 and is 7.921945
[MPI_TIMING] gen=110 total_max=0.466071s total_avg=0.466053s compute_max=0.460081s compute_avg=0.457552s comm_max=0.011663s comm_avg=0.008220s root_ops=0.004361s overhead_ratio=0.034
Running Generation 111...
*** Completed generation 111 after 51.90922 seconds ***
- Best fitness in generation 111 is 7.9223495
-- Overall best fitness is found in generation 104 and is 7.921945
[MPI_TIMING] gen=111 total_max=0.466347s total_avg=0.466278s compute_max=0.460460s compute_avg=0.457438s comm_max=0.011879s comm_avg=0.008552s root_ops=0.004464s overhead_ratio=0.035
Running Generation 112...
*** Completed generation 112 after 52.3758 seconds ***
- Best fitness in generation 112 is 7.9223495
-- Overall best fitness is found in generation 104 and is 7.921945
[MPI_TIMING] gen=112 total_max=0.466570s total_avg=0.466560s compute_max=0.460633s compute_avg=0.457704s comm_max=0.012071s comm_avg=0.008572s root_ops=0.004412s overhead_ratio=0.035
Running Generation 113...
*** Completed generation 113 after 52.841408 seconds ***
- Best fitness in generation 113 is 7.925968
-- Overall best fitness is found in generation 104 and is 7.921945
[MPI_TIMING] gen=113 total_max=0.465593s total_avg=0.465586s compute_max=0.459721s compute_avg=0.457542s comm_max=0.011475s comm_avg=0.007759s root_ops=0.004419s overhead_ratio=0.034
Running Generation 114...
*** Completed generation 114 after 53.307728 seconds ***
- Best fitness in generation 114 is 7.925817
-- Overall best fitness is found in generation 104 and is 7.921945
[MPI_TIMING] gen=114 total_max=0.466311s total_avg=0.466298s compute_max=0.460417s compute_avg=0.457469s comm_max=0.012067s comm_avg=0.008551s root_ops=0.004318s overhead_ratio=0.035
Running Generation 115...
*** Completed generation 115 after 53.774044 seconds ***
- Best fitness in generation 115 is 7.925968
-- Overall best fitness is found in generation 104 and is 7.921945
[MPI_TIMING] gen=115 total_max=0.466442s total_avg=0.466308s compute_max=0.460523s compute_avg=0.457741s comm_max=0.011409s comm_avg=0.008278s root_ops=0.004489s overhead_ratio=0.034
Running Generation 116...
*** Completed generation 116 after 54.240635 seconds ***
- Best fitness in generation 116 is 7.925968
-- Overall best fitness is found in generation 104 and is 7.921945
[MPI_TIMING] gen=116 total_max=0.466598s total_avg=0.466573s compute_max=0.460610s compute_avg=0.457715s comm_max=0.011503s comm_avg=0.008565s root_ops=0.004552s overhead_ratio=0.034
Running Generation 117...
*** Completed generation 117 after 54.706814 seconds ***
- Best fitness in generation 117 is 7.925968
-- Overall best fitness is found in generation 104 and is 7.921945
[MPI_TIMING] gen=117 total_max=0.466168s total_avg=0.466157s compute_max=0.460154s compute_avg=0.457619s comm_max=0.011091s comm_avg=0.008249s root_ops=0.004494s overhead_ratio=0.033
Running Generation 118...
*** Completed generation 118 after 55.172985 seconds ***
- Best fitness in generation 118 is 7.9259195
-- Overall best fitness is found in generation 104 and is 7.921945
[MPI_TIMING] gen=118 total_max=0.466162s total_avg=0.466154s compute_max=0.460191s compute_avg=0.457575s comm_max=0.011614s comm_avg=0.008290s root_ops=0.004484s overhead_ratio=0.035
Running Generation 119...
*** Completed generation 119 after 55.639225 seconds ***
- Best fitness in generation 119 is 7.925635
-- Overall best fitness is found in generation 104 and is 7.921945
[MPI_TIMING] gen=119 total_max=0.466248s total_avg=0.466227s compute_max=0.460282s compute_avg=0.457387s comm_max=0.011533s comm_avg=0.008548s root_ops=0.004536s overhead_ratio=0.034
Running Generation 120...
*** Completed generation 120 after 56.10532 seconds ***
- Best fitness in generation 120 is 7.924026
-- Overall best fitness is found in generation 104 and is 7.921945
[MPI_TIMING] gen=120 total_max=0.466082s total_avg=0.466066s compute_max=0.460092s compute_avg=0.457690s comm_max=0.011738s comm_avg=0.008093s root_ops=0.004402s overhead_ratio=0.035
Running Generation 121...
*** Completed generation 121 after 56.570892 seconds ***
- Best fitness in generation 121 is 7.924026
-- Overall best fitness is found in generation 104 and is 7.921945
[MPI_TIMING] gen=121 total_max=0.465587s total_avg=0.465555s compute_max=0.459690s compute_avg=0.457478s comm_max=0.011390s comm_avg=0.007789s root_ops=0.004466s overhead_ratio=0.034
Running Generation 122...
*** Completed generation 122 after 57.037655 seconds ***
- Best fitness in generation 122 is 7.924026
-- Overall best fitness is found in generation 104 and is 7.921945
[MPI_TIMING] gen=122 total_max=0.466751s total_avg=0.466736s compute_max=0.460834s compute_avg=0.457603s comm_max=0.012536s comm_avg=0.008853s root_ops=0.004353s overhead_ratio=0.036
Running Generation 123...
*** Completed generation 123 after 57.503384 seconds ***
- Best fitness in generation 123 is 7.9256783
-- Overall best fitness is found in generation 104 and is 7.921945
[MPI_TIMING] gen=123 total_max=0.465810s total_avg=0.465722s compute_max=0.459880s compute_avg=0.457451s comm_max=0.012097s comm_avg=0.007984s root_ops=0.004476s overhead_ratio=0.036
Running Generation 124...
*** Completed generation 124 after 57.969196 seconds ***
- Best fitness in generation 124 is 7.9257813
-- Overall best fitness is found in generation 104 and is 7.921945
[MPI_TIMING] gen=124 total_max=0.465798s total_avg=0.465785s compute_max=0.459908s compute_avg=0.457642s comm_max=0.011720s comm_avg=0.007860s root_ops=0.004391s overhead_ratio=0.035
Running Generation 125...
*** Completed generation 125 after 58.434715 seconds ***
- Best fitness in generation 125 is 7.9239135
-- Overall best fitness is found in generation 104 and is 7.921945
[MPI_TIMING] gen=125 total_max=0.465522s total_avg=0.465505s compute_max=0.459650s compute_avg=0.457478s comm_max=0.011977s comm_avg=0.007742s root_ops=0.004438s overhead_ratio=0.035
Running Generation 126...
*** Completed generation 126 after 58.900734 seconds ***
- Best fitness in generation 126 is 7.9239135
-- Overall best fitness is found in generation 104 and is 7.921945
[MPI_TIMING] gen=126 total_max=0.466023s total_avg=0.466000s compute_max=0.460072s compute_avg=0.457690s comm_max=0.011213s comm_avg=0.008020s root_ops=0.004495s overhead_ratio=0.034
Running Generation 127...
*** Completed generation 127 after 59.36664 seconds ***
- Best fitness in generation 127 is 7.9239135
-- Overall best fitness is found in generation 104 and is 7.921945
[MPI_TIMING] gen=127 total_max=0.465894s total_avg=0.465885s compute_max=0.459916s compute_avg=0.457419s comm_max=0.011637s comm_avg=0.008177s root_ops=0.004480s overhead_ratio=0.035
Running Generation 128...
*** Completed generation 128 after 59.832943 seconds ***
- Best fitness in generation 128 is 7.9239135
-- Overall best fitness is found in generation 104 and is 7.921945
[MPI_TIMING] gen=128 total_max=0.466296s total_avg=0.466288s compute_max=0.460346s compute_avg=0.457783s comm_max=0.011436s comm_avg=0.008217s root_ops=0.004477s overhead_ratio=0.034
Running Generation 129...
*** Completed generation 129 after 60.2986 seconds ***
- Best fitness in generation 129 is 7.9228578
-- Overall best fitness is found in generation 104 and is 7.921945
[MPI_TIMING] gen=129 total_max=0.465642s total_avg=0.465635s compute_max=0.459675s compute_avg=0.457393s comm_max=0.011320s comm_avg=0.007954s root_ops=0.004468s overhead_ratio=0.034
Running Generation 130...
*** Completed generation 130 after 60.76419 seconds ***
- Best fitness in generation 130 is 7.9228578
-- Overall best fitness is found in generation 104 and is 7.921945
[MPI_TIMING] gen=130 total_max=0.465583s total_avg=0.465572s compute_max=0.459649s compute_avg=0.457563s comm_max=0.011764s comm_avg=0.007724s root_ops=0.004423s overhead_ratio=0.035
Running Generation 131...
*** Completed generation 131 after 61.230167 seconds ***
- Best fitness in generation 131 is 7.922806
-- Overall best fitness is found in generation 104 and is 7.921945
[MPI_TIMING] gen=131 total_max=0.465963s total_avg=0.465951s compute_max=0.460091s compute_avg=0.457453s comm_max=0.011572s comm_avg=0.008217s root_ops=0.004356s overhead_ratio=0.034
Running Generation 132...
*** Completed generation 132 after 61.695766 seconds ***
- Best fitness in generation 132 is 7.9228578
-- Overall best fitness is found in generation 104 and is 7.921945
[MPI_TIMING] gen=132 total_max=0.465612s total_avg=0.465586s compute_max=0.459759s compute_avg=0.457653s comm_max=0.011216s comm_avg=0.007648s root_ops=0.004418s overhead_ratio=0.034
Running Generation 133...
*** Completed generation 133 after 62.161915 seconds ***
- Best fitness in generation 133 is 7.923056
-- Overall best fitness is found in generation 104 and is 7.921945
[MPI_TIMING] gen=133 total_max=0.466134s total_avg=0.466123s compute_max=0.460239s compute_avg=0.457751s comm_max=0.011961s comm_avg=0.008091s root_ops=0.004359s overhead_ratio=0.035
Running Generation 134...
*** Completed generation 134 after 62.627666 seconds ***
- Best fitness in generation 134 is 7.9247785
-- Overall best fitness is found in generation 104 and is 7.921945
[MPI_TIMING] gen=134 total_max=0.465855s total_avg=0.465744s compute_max=0.459901s compute_avg=0.457836s comm_max=0.011206s comm_avg=0.007618s root_ops=0.004508s overhead_ratio=0.034
Running Generation 135...
*** Completed generation 135 after 63.09384 seconds ***
- Best fitness in generation 135 is 7.9236536
-- Overall best fitness is found in generation 104 and is 7.921945
[MPI_TIMING] gen=135 total_max=0.466163s total_avg=0.466155s compute_max=0.460187s compute_avg=0.457739s comm_max=0.011521s comm_avg=0.008127s root_ops=0.004486s overhead_ratio=0.034
Running Generation 136...
*** Completed generation 136 after 63.559868 seconds ***
- Best fitness in generation 136 is 7.9236536
-- Overall best fitness is found in generation 104 and is 7.921945
[MPI_TIMING] gen=136 total_max=0.466015s total_avg=0.466000s compute_max=0.460075s compute_avg=0.457672s comm_max=0.011391s comm_avg=0.008047s root_ops=0.004347s overhead_ratio=0.034
Running Generation 137...
*** Completed generation 137 after 64.026146 seconds ***
- Best fitness in generation 137 is 7.923126
-- Overall best fitness is found in generation 104 and is 7.921945
[MPI_TIMING] gen=137 total_max=0.466293s total_avg=0.466269s compute_max=0.460447s compute_avg=0.457526s comm_max=0.011487s comm_avg=0.008460s root_ops=0.004400s overhead_ratio=0.034
Running Generation 138...
*** Completed generation 138 after 64.49269 seconds ***
- Best fitness in generation 138 is 7.924147
-- Overall best fitness is found in generation 104 and is 7.921945
[MPI_TIMING] gen=138 total_max=0.466527s total_avg=0.466521s compute_max=0.460676s compute_avg=0.457514s comm_max=0.011953s comm_avg=0.008722s root_ops=0.004432s overhead_ratio=0.035
Running Generation 139...
*** Completed generation 139 after 64.95881 seconds ***
- Best fitness in generation 139 is 7.9240584
-- Overall best fitness is found in generation 104 and is 7.921945
[MPI_TIMING] gen=139 total_max=0.466106s total_avg=0.466095s compute_max=0.460212s compute_avg=0.457446s comm_max=0.011713s comm_avg=0.008367s root_ops=0.004375s overhead_ratio=0.035
Running Generation 140...
*** Completed generation 140 after 65.42534 seconds ***
- Best fitness in generation 140 is 7.9240584
-- Overall best fitness is found in generation 104 and is 7.921945
[MPI_TIMING] gen=140 total_max=0.466616s total_avg=0.466518s compute_max=0.460635s compute_avg=0.457510s comm_max=0.012305s comm_avg=0.008718s root_ops=0.004507s overhead_ratio=0.036
Running Generation 141...
*** Completed generation 141 after 65.89107 seconds ***
- Best fitness in generation 141 is 7.9228935
-- Overall best fitness is found in generation 104 and is 7.921945
[MPI_TIMING] gen=141 total_max=0.465716s total_avg=0.465700s compute_max=0.459803s compute_avg=0.457498s comm_max=0.010991s comm_avg=0.007914s root_ops=0.004459s overhead_ratio=0.033
Running Generation 142...
*** Completed generation 142 after 66.357 seconds ***
- Best fitness in generation 142 is 7.9231305
-- Overall best fitness is found in generation 104 and is 7.921945
[MPI_TIMING] gen=142 total_max=0.465926s total_avg=0.465917s compute_max=0.459989s compute_avg=0.457702s comm_max=0.011107s comm_avg=0.007930s root_ops=0.004432s overhead_ratio=0.033
Running Generation 143...
*** Completed generation 143 after 66.82273 seconds ***
- Best fitness in generation 143 is 7.9245872
-- Overall best fitness is found in generation 104 and is 7.921945
[MPI_TIMING] gen=143 total_max=0.465720s total_avg=0.465712s compute_max=0.459799s compute_avg=0.457555s comm_max=0.011349s comm_avg=0.007871s root_ops=0.004437s overhead_ratio=0.034
Running Generation 144...
*** Completed generation 144 after 67.289085 seconds ***
- Best fitness in generation 144 is 7.923601
-- Overall best fitness is found in generation 104 and is 7.921945
[MPI_TIMING] gen=144 total_max=0.466339s total_avg=0.466327s compute_max=0.460436s compute_avg=0.457545s comm_max=0.011704s comm_avg=0.008500s root_ops=0.004367s overhead_ratio=0.034
Running Generation 145...
*** Completed generation 145 after 67.755875 seconds ***
- Best fitness in generation 145 is 7.923601
-- Overall best fitness is found in generation 104 and is 7.921945
[MPI_TIMING] gen=145 total_max=0.466834s total_avg=0.466780s compute_max=0.460951s compute_avg=0.457761s comm_max=0.011981s comm_avg=0.008732s root_ops=0.004456s overhead_ratio=0.035
Running Generation 146...
*** Completed generation 146 after 68.22259 seconds ***
- Best fitness in generation 146 is 7.923601
-- Overall best fitness is found in generation 104 and is 7.921945
[MPI_TIMING] gen=146 total_max=0.466697s total_avg=0.466686s compute_max=0.460780s compute_avg=0.457869s comm_max=0.011998s comm_avg=0.008532s root_ops=0.004413s overhead_ratio=0.035
Running Generation 147...
*** Completed generation 147 after 68.68864 seconds ***
- Best fitness in generation 147 is 7.923601
-- Overall best fitness is found in generation 104 and is 7.921945
[MPI_TIMING] gen=147 total_max=0.466040s total_avg=0.466031s compute_max=0.460157s compute_avg=0.457680s comm_max=0.011541s comm_avg=0.008070s root_ops=0.004377s overhead_ratio=0.034
Running Generation 148...
*** Completed generation 148 after 69.15411 seconds ***
- Best fitness in generation 148 is 7.923601
-- Overall best fitness is found in generation 104 and is 7.921945
[MPI_TIMING] gen=148 total_max=0.465491s total_avg=0.465461s compute_max=0.459661s compute_avg=0.457607s comm_max=0.011152s comm_avg=0.007569s root_ops=0.004439s overhead_ratio=0.033
Running Generation 149...
*** Completed generation 149 after 69.62039 seconds ***
- Best fitness in generation 149 is 7.922167
-- Overall best fitness is found in generation 104 and is 7.921945
[MPI_TIMING] gen=149 total_max=0.466261s total_avg=0.466248s compute_max=0.460333s compute_avg=0.457693s comm_max=0.011917s comm_avg=0.008274s root_ops=0.004366s overhead_ratio=0.035
Running Generation 150...
*** Completed generation 150 after 70.08569 seconds ***
- Best fitness in generation 150 is 7.923601
-- Overall best fitness is found in generation 104 and is 7.921945
[MPI_TIMING] gen=150 total_max=0.465341s total_avg=0.465290s compute_max=0.459445s compute_avg=0.457601s comm_max=0.010720s comm_avg=0.007403s root_ops=0.004451s overhead_ratio=0.033
Reached 150 generations, exiting...


- Overall best fitness is 7.921945
- The best individual is:
                generation:	104
                index:		601
                fitness:	7.921945
                string:	0.00000;0.44025;0.00000;0.00000;0.41969;0.67365;0.57840

