Scale config: households=48 horizon=60 individuals=256 max_generation=150 repetitions=8 seed=1234
Running distributed (MPI) GA exploration...
Running Generation 1...
*** Completed generation 1 after 0.27997643 seconds ***
- Best fitness in generation 1 is 8.980616
-- Overall best fitness is found in generation 1 and is 8.980616
Running Generation 2...
*** Completed generation 2 after 0.55175793 seconds ***
- Best fitness in generation 2 is 8.980616
-- Overall best fitness is found in generation 1 and is 8.980616
Running Generation 3...
*** Completed generation 3 after 0.8208433 seconds ***
- Best fitness in generation 3 is 8.981855
-- Overall best fitness is found in generation 1 and is 8.980616
Running Generation 4...
*** Completed generation 4 after 1.0902143 seconds ***
- Best fitness in generation 4 is 8.947906
-- Overall best fitness is found in generation 4 and is 8.947906
Running Generation 5...
*** Completed generation 5 after 1.361726 seconds ***
- Best fitness in generation 5 is 8.947906
-- Overall best fitness is found in generation 4 and is 8.947906
Running Generation 6...
*** Completed generation 6 after 1.6316032 seconds ***
- Best fitness in generation 6 is 8.947906
-- Overall best fitness is found in generation 4 and is 8.947906
Running Generation 7...
*** Completed generation 7 after 1.9016271 seconds ***
- Best fitness in generation 7 is 8.947906
-- Overall best fitness is found in generation 4 and is 8.947906
Running Generation 8...
*** Completed generation 8 after 2.1723022 seconds ***
- Best fitness in generation 8 is 8.947906
-- Overall best fitness is found in generation 4 and is 8.947906
Running Generation 9...
*** Completed generation 9 after 2.4444308 seconds ***
- Best fitness in generation 9 is 8.930718
-- Overall best fitness is found in generation 9 and is 8.930718
Running Generation 10...
*** Completed generation 10 after 2.7165663 seconds ***
- Best fitness in generation 10 is 8.707746
-- Overall best fitness is found in generation 10 and is 8.707746
Running Generation 11...
*** Completed generation 11 after 2.9870386 seconds ***
- Best fitness in generation 11 is 8.707746
-- Overall best fitness is found in generation 10 and is 8.707746
Running Generation 12...
*** Completed generation 12 after 3.257525 seconds ***
- Best fitness in generation 12 is 8.549025
-- Overall best fitness is found in generation 12 and is 8.549025
Running Generation 13...
*** Completed generation 13 after 3.5280614 seconds ***
- Best fitness in generation 13 is 8.561682
-- Overall best fitness is found in generation 12 and is 8.549025
Running Generation 14...
*** Completed generation 14 after 3.798327 seconds ***
- Best fitness in generation 14 is 8.516227
-- Overall best fitness is found in generation 14 and is 8.516227
Running Generation 15...
*** Completed generation 15 after 4.0689063 seconds ***
- Best fitness in generation 15 is 8.331524
-- Overall best fitness is found in generation 15 and is 8.331524
Running Generation 16...
*** Completed generation 16 after 4.3396325 seconds ***
- Best fitness in generation 16 is 8.331524
-- Overall best fitness is found in generation 15 and is 8.331524
Running Generation 17...
*** Completed generation 17 after 4.6114206 seconds ***
- Best fitness in generation 17 is 8.252046
-- Overall best fitness is found in generation 17 and is 8.252046
Running Generation 18...
*** Completed generation 18 after 4.8829575 seconds ***
- Best fitness in generation 18 is 8.181884
-- Overall best fitness is found in generation 18 and is 8.181884
Running Generation 19...
*** Completed generation 19 after 5.1541014 seconds ***
- Best fitness in generation 19 is 8.181884
-- Overall best fitness is found in generation 18 and is 8.181884
Running Generation 20...
*** Completed generation 20 after 5.4313993 seconds ***
- Best fitness in generation 20 is 7.934738
-- Overall best fitness is found in generation 20 and is 7.934738
Running Generation 21...
*** Completed generation 21 after 5.7043433 seconds ***
- Best fitness in generation 21 is 7.934738
-- Overall best fitness is found in generation 20 and is 7.934738
Running Generation 22...
*** Completed generation 22 after 5.973534 seconds ***
- Best fitness in generation 22 is 7.934738
-- Overall best fitness is found in generation 20 and is 7.934738
Running Generation 23...
*** Completed generation 23 after 6.2424035 seconds ***
- Best fitness in generation 23 is 7.934738
-- Overall best fitness is found in generation 20 and is 7.934738
Running Generation 24...
*** Completed generation 24 after 6.5108304 seconds ***
- Best fitness in generation 24 is 7.9089475
-- Overall best fitness is found in generation 24 and is 7.9089475
Running Generation 25...
*** Completed generation 25 after 6.7799883 seconds ***
- Best fitness in generation 25 is 7.871686
-- Overall best fitness is found in generation 25 and is 7.871686
Running Generation 26...
*** Completed generation 26 after 7.04969 seconds ***
- Best fitness in generation 26 is 7.8059807
-- Overall best fitness is found in generation 26 and is 7.8059807
Running Generation 27...
*** Completed generation 27 after 7.3193913 seconds ***
- Best fitness in generation 27 is 7.730531
-- Overall best fitness is found in generation 27 and is 7.730531
Running Generation 28...
*** Completed generation 28 after 7.588737 seconds ***
- Best fitness in generation 28 is 7.7130795
-- Overall best fitness is found in generation 28 and is 7.7130795
Running Generation 29...
*** Completed generation 29 after 7.858178 seconds ***
- Best fitness in generation 29 is 7.7130795
-- Overall best fitness is found in generation 28 and is 7.7130795
Running Generation 30...
*** Completed generation 30 after 8.130592 seconds ***
- Best fitness in generation 30 is 7.727271
-- Overall best fitness is found in generation 28 and is 7.7130795
Running Generation 31...
*** Completed generation 31 after 8.400057 seconds ***
- Best fitness in generation 31 is 7.7263026
-- Overall best fitness is found in generation 28 and is 7.7130795
Running Generation 32...
*** Completed generation 32 after 8.669839 seconds ***
- Best fitness in generation 32 is 7.677871
-- Overall best fitness is found in generation 32 and is 7.677871
Running Generation 33...
*** Completed generation 33 after 8.93933 seconds ***
- Best fitness in generation 33 is 7.677871
-- Overall best fitness is found in generation 32 and is 7.677871
Running Generation 34...
*** Completed generation 34 after 9.209786 seconds ***
- Best fitness in generation 34 is 7.6768503
-- Overall best fitness is found in generation 34 and is 7.6768503
Running Generation 35...
*** Completed generation 35 after 9.479587 seconds ***
- Best fitness in generation 35 is 7.6768503
-- Overall best fitness is found in generation 34 and is 7.6768503
Running Generation 36...
*** Completed generation 36 after 9.750507 seconds ***
- Best fitness in generation 36 is 7.6768503
-- Overall best fitness is found in generation 34 and is 7.6768503
Running Generation 37...
*** Completed generation 37 after 10.021364 seconds ***
- Best fitness in generation 37 is 7.6754084
-- Overall best fitness is found in generation 37 and is 7.6754084
Running Generation 38...
*** Completed generation 38 after 10.292675 seconds ***
- Best fitness in generation 38 is 7.664878
-- Overall best fitness is found in generation 38 and is 7.664878
Running Generation 39...
*** Completed generation 39 after 10.576042 seconds ***
- Best fitness in generation 39 is 7.664878
-- Overall best fitness is found in generation 38 and is 7.664878
Running Generation 40...
*** Completed generation 40 after 10.848801 seconds ***
- Best fitness in generation 40 is 7.6621957
-- Overall best fitness is found in generation 40 and is 7.6621957
Running Generation 41...
*** Completed generation 41 after 11.119428 seconds ***
- Best fitness in generation 41 is 7.6621957
-- Overall best fitness is found in generation 40 and is 7.6621957
Running Generation 42...
*** Completed generation 42 after 11.39225 seconds ***
- Best fitness in generation 42 is 7.6556463
-- Overall best fitness is found in generation 42 and is 7.6556463
Running Generation 43...
*** Completed generation 43 after 11.666432 seconds ***
- Best fitness in generation 43 is 7.6606503
-- Overall best fitness is found in generation 42 and is 7.6556463
Running Generation 44...
*** Completed generation 44 after 11.938295 seconds ***
- Best fitness in generation 44 is 7.6654925
-- Overall best fitness is found in generation 42 and is 7.6556463
Running Generation 45...
*** Completed generation 45 after 12.213465 seconds ***
- Best fitness in generation 45 is 7.6654925
-- Overall best fitness is found in generation 42 and is 7.6556463
Running Generation 46...
*** Completed generation 46 after 12.487007 seconds ***
- Best fitness in generation 46 is 7.659023
-- Overall best fitness is found in generation 42 and is 7.6556463
Running Generation 47...
*** Completed generation 47 after 12.760727 seconds ***
- Best fitness in generation 47 is 7.659023
-- Overall best fitness is found in generation 42 and is 7.6556463
Running Generation 48...
*** Completed generation 48 after 13.034983 seconds ***
- Best fitness in generation 48 is 7.659023
-- Overall best fitness is found in generation 42 and is 7.6556463
Running Generation 49...
*** Completed generation 49 after 13.309038 seconds ***
- Best fitness in generation 49 is 7.659023
-- Overall best fitness is found in generation 42 and is 7.6556463
Running Generation 50...
*** Completed generation 50 after 13.580651 seconds ***
- Best fitness in generation 50 is 7.659023
-- Overall best fitness is found in generation 42 and is 7.6556463
Running Generation 51...
*** Completed generation 51 after 13.852696 seconds ***
- Best fitness in generation 51 is 7.659023
-- Overall best fitness is found in generation 42 and is 7.6556463
Running Generation 52...
*** Completed generation 52 after 14.125379 seconds ***
- Best fitness in generation 52 is 7.651476
-- Overall best fitness is found in generation 52 and is 7.651476
Running Generation 53...
*** Completed generation 53 after 14.395536 seconds ***
- Best fitness in generation 53 is 7.647884
-- Overall best fitness is found in generation 53 and is 7.647884
Running Generation 54...
*** Completed generation 54 after 14.668038 seconds ***
- Best fitness in generation 54 is 7.647884
-- Overall best fitness is found in generation 53 and is 7.647884
Running Generation 55...
*** Completed generation 55 after 14.939747 seconds ***
- Best fitness in generation 55 is 7.651476
-- Overall best fitness is found in generation 53 and is 7.647884
Running Generation 56...
*** Completed generation 56 after 15.213317 seconds ***
- Best fitness in generation 56 is 7.645379
-- Overall best fitness is found in generation 56 and is 7.645379
Running Generation 57...
*** Completed generation 57 after 15.487005 seconds ***
- Best fitness in generation 57 is 7.645379
-- Overall best fitness is found in generation 56 and is 7.645379
Running Generation 58...
*** Completed generation 58 after 15.760192 seconds ***
- Best fitness in generation 58 is 7.645379
-- Overall best fitness is found in generation 56 and is 7.645379
Running Generation 59...
*** Completed generation 59 after 16.030882 seconds ***
- Best fitness in generation 59 is 7.6478953
-- Overall best fitness is found in generation 56 and is 7.645379
Running Generation 60...
*** Completed generation 60 after 16.300465 seconds ***
- Best fitness in generation 60 is 7.6478953
-- Overall best fitness is found in generation 56 and is 7.645379
Running Generation 61...
*** Completed generation 61 after 16.570728 seconds ***
- Best fitness in generation 61 is 7.6478953
-- Overall best fitness is found in generation 56 and is 7.645379
Running Generation 62...
*** Completed generation 62 after 16.84012 seconds ***
- Best fitness in generation 62 is 7.646833
-- Overall best fitness is found in generation 56 and is 7.645379
Running Generation 63...
*** Completed generation 63 after 17.111198 seconds ***
- Best fitness in generation 63 is 7.646833
-- Overall best fitness is found in generation 56 and is 7.645379
Running Generation 64...
*** Completed generation 64 after 17.383709 seconds ***
- Best fitness in generation 64 is 7.646833
-- Overall best fitness is found in generation 56 and is 7.645379
Running Generation 65...
*** Completed generation 65 after 17.65559 seconds ***
- Best fitness in generation 65 is 7.6477137
-- Overall best fitness is found in generation 56 and is 7.645379
Running Generation 66...
*** Completed generation 66 after 17.92486 seconds ***
- Best fitness in generation 66 is 7.6467533
-- Overall best fitness is found in generation 56 and is 7.645379
Running Generation 67...
*** Completed generation 67 after 18.194283 seconds ***
- Best fitness in generation 67 is 7.645829
-- Overall best fitness is found in generation 56 and is 7.645379
Running Generation 68...
*** Completed generation 68 after 18.46387 seconds ***
- Best fitness in generation 68 is 7.6373725
-- Overall best fitness is found in generation 68 and is 7.6373725
Running Generation 69...
*** Completed generation 69 after 18.732632 seconds ***
- Best fitness in generation 69 is 7.6366982
-- Overall best fitness is found in generation 69 and is 7.6366982
Running Generation 70...
*** Completed generation 70 after 19.001537 seconds ***
- Best fitness in generation 70 is 7.6366982
-- Overall best fitness is found in generation 69 and is 7.6366982
Running Generation 71...
*** Completed generation 71 after 19.270498 seconds ***
- Best fitness in generation 71 is 7.6424327
-- Overall best fitness is found in generation 69 and is 7.6366982
Running Generation 72...
*** Completed generation 72 after 19.540108 seconds ***
- Best fitness in generation 72 is 7.6424327
-- Overall best fitness is found in generation 69 and is 7.6366982
Running Generation 73...
*** Completed generation 73 after 19.809803 seconds ***
- Best fitness in generation 73 is 7.642644
-- Overall best fitness is found in generation 69 and is 7.6366982
Running Generation 74...
*** Completed generation 74 after 20.079853 seconds ***
- Best fitness in generation 74 is 7.642134
-- Overall best fitness is found in generation 69 and is 7.6366982
Running Generation 75...
*** Completed generation 75 after 20.350643 seconds ***
- Best fitness in generation 75 is 7.642134
-- Overall best fitness is found in generation 69 and is 7.6366982
Running Generation 76...
*** Completed generation 76 after 20.622746 seconds ***
- Best fitness in generation 76 is 7.642134
-- Overall best fitness is found in generation 69 and is 7.6366982
Running Generation 77...
*** Completed generation 77 after 20.8933 seconds ***
- Best fitness in generation 77 is 7.642134
-- Overall best fitness is found in generation 69 and is 7.6366982
Running Generation 78...
*** Completed generation 78 after 21.162775 seconds ***
- Best fitness in generation 78 is 7.642134
-- Overall best fitness is found in generation 69 and is 7.6366982
Running Generation 79...
*** Completed generation 79 after 21.432041 seconds ***
- Best fitness in generation 79 is 7.6416163
-- Overall best fitness is found in generation 69 and is 7.6366982
Running Generation 80...
*** Completed generation 80 after 21.701694 seconds ***
- Best fitness in generation 80 is 7.6416163
-- Overall best fitness is found in generation 69 and is 7.6366982
Running Generation 81...
*** Completed generation 81 after 21.971077 seconds ***
- Best fitness in generation 81 is 7.63466
-- Overall best fitness is found in generation 81 and is 7.63466
Running Generation 82...
*** Completed generation 82 after 22.241413 seconds ***
- Best fitness in generation 82 is 7.6292615
-- Overall best fitness is found in generation 82 and is 7.6292615
Running Generation 83...
*** Completed generation 83 after 22.512396 seconds ***
- Best fitness in generation 83 is 7.626377
-- Overall best fitness is found in generation 83 and is 7.626377
Running Generation 84...
*** Completed generation 84 after 22.783016 seconds ***
- Best fitness in generation 84 is 7.63466
-- Overall best fitness is found in generation 83 and is 7.626377
Running Generation 85...
*** Completed generation 85 after 23.054218 seconds ***
- Best fitness in generation 85 is 7.63466
-- Overall best fitness is found in generation 83 and is 7.626377
Running Generation 86...
*** Completed generation 86 after 23.326427 seconds ***
- Best fitness in generation 86 is 7.63466
-- Overall best fitness is found in generation 83 and is 7.626377
Running Generation 87...
*** Completed generation 87 after 23.596262 seconds ***
- Best fitness in generation 87 is 7.63466
-- Overall best fitness is found in generation 83 and is 7.626377
Running Generation 88...
*** Completed generation 88 after 23.866053 seconds ***
- Best fitness in generation 88 is 7.63466
-- Overall best fitness is found in generation 83 and is 7.626377
Running Generation 89...
*** Completed generation 89 after 24.135141 seconds ***
- Best fitness in generation 89 is 7.63466
-- Overall best fitness is found in generation 83 and is 7.626377
Running Generation 90...
*** Completed generation 90 after 24.40465 seconds ***
- Best fitness in generation 90 is 7.63466
-- Overall best fitness is found in generation 83 and is 7.626377
Running Generation 91...
*** Completed generation 91 after 24.67491 seconds ***
- Best fitness in generation 91 is 7.63466
-- Overall best fitness is found in generation 83 and is 7.626377
Running Generation 92...
*** Completed generation 92 after 24.945269 seconds ***
- Best fitness in generation 92 is 7.63466
-- Overall best fitness is found in generation 83 and is 7.626377
Running Generation 93...
*** Completed generation 93 after 25.21528 seconds ***
- Best fitness in generation 93 is 7.63466
-- Overall best fitness is found in generation 83 and is 7.626377
Running Generation 94...
*** Completed generation 94 after 25.48711 seconds ***
- Best fitness in generation 94 is 7.6371818
-- Overall best fitness is found in generation 83 and is 7.626377
Running Generation 95...
*** Completed generation 95 after 25.761076 seconds ***
- Best fitness in generation 95 is 7.6385555
-- Overall best fitness is found in generation 83 and is 7.626377
Running Generation 96...
*** Completed generation 96 after 26.031961 seconds ***
- Best fitness in generation 96 is 7.6385555
-- Overall best fitness is found in generation 83 and is 7.626377
Running Generation 97...
*** Completed generation 97 after 26.302023 seconds ***
- Best fitness in generation 97 is 7.637376
-- Overall best fitness is found in generation 83 and is 7.626377
Running Generation 98...
*** Completed generation 98 after 26.571203 seconds ***
- Best fitness in generation 98 is 7.6377563
-- Overall best fitness is found in generation 83 and is 7.626377
Running Generation 99...
*** Completed generation 99 after 26.840578 seconds ***
- Best fitness in generation 99 is 7.6377563
-- Overall best fitness is found in generation 83 and is 7.626377
Running Generation 100...
*** Completed generation 100 after 27.110395 seconds ***
- Best fitness in generation 100 is 7.630123
-- Overall best fitness is found in generation 83 and is 7.626377
Running Generation 101...
*** Completed generation 101 after 27.380337 seconds ***
- Best fitness in generation 101 is 7.630123
-- Overall best fitness is found in generation 83 and is 7.626377
Running Generation 102...
*** Completed generation 102 after 27.65076 seconds ***
- Best fitness in generation 102 is 7.630123
-- Overall best fitness is found in generation 83 and is 7.626377
Running Generation 103...
*** Completed generation 103 after 27.92076 seconds ***
- Best fitness in generation 103 is 7.630123
-- Overall best fitness is found in generation 83 and is 7.626377
Running Generation 104...
*** Completed generation 104 after 28.191965 seconds ***
- Best fitness in generation 104 is 7.630123
-- Overall best fitness is found in generation 83 and is 7.626377
Running Generation 105...
*** Completed generation 105 after 28.461208 seconds ***
- Best fitness in generation 105 is 7.629891
-- Overall best fitness is found in generation 83 and is 7.626377
Running Generation 106...
*** Completed generation 106 after 28.730576 seconds ***
- Best fitness in generation 106 is 7.629891
-- Overall best fitness is found in generation 83 and is 7.626377
Running Generation 107...
*** Completed generation 107 after 29.000317 seconds ***
- Best fitness in generation 107 is 7.629891
-- Overall best fitness is found in generation 83 and is 7.626377
Running Generation 108...
*** Completed generation 108 after 29.269772 seconds ***
- Best fitness in generation 108 is 7.629891
-- Overall best fitness is found in generation 83 and is 7.626377
Running Generation 109...
*** Completed generation 109 after 29.539417 seconds ***
- Best fitness in generation 109 is 7.6360326
-- Overall best fitness is found in generation 83 and is 7.626377
Running Generation 110...
*** Completed generation 110 after 29.81115 seconds ***
- Best fitness in generation 110 is 7.6360326
-- Overall best fitness is found in generation 83 and is 7.626377
Running Generation 111...
*** Completed generation 111 after 30.08205 seconds ***
- Best fitness in generation 111 is 7.6339593
-- Overall best fitness is found in generation 83 and is 7.626377
Running Generation 112...
*** Completed generation 112 after 30.352327 seconds ***
- Best fitness in generation 112 is 7.6339593
-- Overall best fitness is found in generation 83 and is 7.626377
Running Generation 113...
*** Completed generation 113 after 30.622135 seconds ***
- Best fitness in generation 113 is 7.626946
-- Overall best fitness is found in generation 83 and is 7.626377
Running Generation 114...
*** Completed generation 114 after 30.892681 seconds ***
- Best fitness in generation 114 is 7.626946
-- Overall best fitness is found in generation 83 and is 7.626377
Running Generation 115...
*** Completed generation 115 after 31.163673 seconds ***
- Best fitness in generation 115 is 7.626946
-- Overall best fitness is found in generation 83 and is 7.626377
Running Generation 116...
*** Completed generation 116 after 31.433376 seconds ***
- Best fitness in generation 116 is 7.633992
-- Overall best fitness is found in generation 83 and is 7.626377
Running Generation 117...
*** Completed generation 117 after 31.703089 seconds ***
- Best fitness in generation 117 is 7.633992
-- Overall best fitness is found in generation 83 and is 7.626377
Running Generation 118...
*** Completed generation 118 after 31.972952 seconds ***
- Best fitness in generation 118 is 7.6353245
-- Overall best fitness is found in generation 83 and is 7.626377
Running Generation 119...
*** Completed generation 119 after 32.2441 seconds ***
- Best fitness in generation 119 is 7.6353245
-- Overall best fitness is found in generation 83 and is 7.626377
Running Generation 120...
*** Completed generation 120 after 32.514366 seconds ***
- Best fitness in generation 120 is 7.6353245
-- Overall best fitness is found in generation 83 and is 7.626377
Running Generation 121...
*** Completed generation 121 after 32.784817 seconds ***
- Best fitness in generation 121 is 7.6337023
-- Overall best fitness is found in generation 83 and is 7.626377
Running Generation 122...
*** Completed generation 122 after 33.054604 seconds ***
- Best fitness in generation 122 is 7.6360784
-- Overall best fitness is found in generation 83 and is 7.626377
Running Generation 123...
*** Completed generation 123 after 33.324993 seconds ***
- Best fitness in generation 123 is 7.6360784
-- Overall best fitness is found in generation 83 and is 7.626377
Running Generation 124...
*** Completed generation 124 after 33.594315 seconds ***
- Best fitness in generation 124 is 7.6360784
-- Overall best fitness is found in generation 83 and is 7.626377
Running Generation 125...
*** Completed generation 125 after 33.864418 seconds ***
- Best fitness in generation 125 is 7.6363845
-- Overall best fitness is found in generation 83 and is 7.626377
Running Generation 126...
*** Completed generation 126 after 34.13427 seconds ***
- Best fitness in generation 126 is 7.635144
-- Overall best fitness is found in generation 83 and is 7.626377
Running Generation 127...
*** Completed generation 127 after 34.40388 seconds ***
- Best fitness in generation 127 is 7.635144
-- Overall best fitness is found in generation 83 and is 7.626377
Running Generation 128...
*** Completed generation 128 after 34.6756 seconds ***
- Best fitness in generation 128 is 7.635144
-- Overall best fitness is found in generation 83 and is 7.626377
Running Generation 129...
*** Completed generation 129 after 34.945564 seconds ***
- Best fitness in generation 129 is 7.634396
-- Overall best fitness is found in generation 83 and is 7.626377
Running Generation 130...
*** Completed generation 130 after 35.216324 seconds ***
- Best fitness in generation 130 is 7.634396
-- Overall best fitness is found in generation 83 and is 7.626377
Running Generation 131...
*** Completed generation 131 after 35.486874 seconds ***
- Best fitness in generation 131 is 7.6351085
-- Overall best fitness is found in generation 83 and is 7.626377
Running Generation 132...
*** Completed generation 132 after 35.75767 seconds ***
- Best fitness in generation 132 is 7.6330247
-- Overall best fitness is found in generation 83 and is 7.626377
Running Generation 133...
*** Completed generation 133 after 36.028305 seconds ***
- Best fitness in generation 133 is 7.6320133
-- Overall best fitness is found in generation 83 and is 7.626377
Running Generation 134...
*** Completed generation 134 after 36.29776 seconds ***
- Best fitness in generation 134 is 7.6320133
-- Overall best fitness is found in generation 83 and is 7.626377
Running Generation 135...
*** Completed generation 135 after 36.56732 seconds ***
- Best fitness in generation 135 is 7.6320133
-- Overall best fitness is found in generation 83 and is 7.626377
Running Generation 136...
*** Completed generation 136 after 36.837837 seconds ***
- Best fitness in generation 136 is 7.6320133
-- Overall best fitness is found in generation 83 and is 7.626377
Running Generation 137...
*** Completed generation 137 after 37.10743 seconds ***
- Best fitness in generation 137 is 7.63117
-- Overall best fitness is found in generation 83 and is 7.626377
Running Generation 138...
*** Completed generation 138 after 37.378345 seconds ***
- Best fitness in generation 138 is 7.625713
-- Overall best fitness is found in generation 138 and is 7.625713
Running Generation 139...
*** Completed generation 139 after 37.651726 seconds ***
- Best fitness in generation 139 is 7.625713
-- Overall best fitness is found in generation 138 and is 7.625713
Running Generation 140...
*** Completed generation 140 after 37.92647 seconds ***
- Best fitness in generation 140 is 7.6298957
-- Overall best fitness is found in generation 138 and is 7.625713
Running Generation 141...
*** Completed generation 141 after 38.198433 seconds ***
- Best fitness in generation 141 is 7.6298957
-- Overall best fitness is found in generation 138 and is 7.625713
Running Generation 142...
*** Completed generation 142 after 38.475224 seconds ***
- Best fitness in generation 142 is 7.6298957
-- Overall best fitness is found in generation 138 and is 7.625713
Running Generation 143...
*** Completed generation 143 after 38.74786 seconds ***
- Best fitness in generation 143 is 7.6298957
-- Overall best fitness is found in generation 138 and is 7.625713
Running Generation 144...
*** Completed generation 144 after 39.020275 seconds ***
- Best fitness in generation 144 is 7.632263
-- Overall best fitness is found in generation 138 and is 7.625713
Running Generation 145...
*** Completed generation 145 after 39.29144 seconds ***
- Best fitness in generation 145 is 7.6314774
-- Overall best fitness is found in generation 138 and is 7.625713
Running Generation 146...
*** Completed generation 146 after 39.564842 seconds ***
- Best fitness in generation 146 is 7.628974
-- Overall best fitness is found in generation 138 and is 7.625713
Running Generation 147...
*** Completed generation 147 after 39.839745 seconds ***
- Best fitness in generation 147 is 7.6314774
-- Overall best fitness is found in generation 138 and is 7.625713
Running Generation 148...
*** Completed generation 148 after 40.113037 seconds ***
- Best fitness in generation 148 is 7.6314774
-- Overall best fitness is found in generation 138 and is 7.625713
Running Generation 149...
*** Completed generation 149 after 40.383327 seconds ***
- Best fitness in generation 149 is 7.628375
-- Overall best fitness is found in generation 138 and is 7.625713
Running Generation 150...
*** Completed generation 150 after 40.656044 seconds ***
- Best fitness in generation 150 is 7.628375
-- Overall best fitness is found in generation 138 and is 7.625713
Reached 150 generations, exiting...


- Overall best fitness is 7.625713
- The best individual is:
                generation:	138
                index:		199
                fitness:	7.625713
                string:	0.00000;0.70182;0.00113;0.00000;0.25848;0.43122;0.38034

