Scale config: households=48 horizon=60 individuals=2000 max_generation=150 repetitions=8
Running distributed (MPI) GA exploration...
Running Generation 1...
*** Completed generation 1 after 0.36411488 seconds ***
- Best fitness in generation 1 is 8.831082
-- Overall best fitness is found in generation 1 and is 8.831082
[MPI_TIMING] gen=1 total_max=0.369215s total_avg=0.364682s compute_max=0.177480s compute_avg=0.151286s comm_max=0.258834s comm_avg=0.213319s root_ops=0.004534s overhead_ratio=0.713
Running Generation 2...
*** Completed generation 2 after 0.66548544 seconds ***
- Best fitness in generation 2 is 8.831082
-- Overall best fitness is found in generation 1 and is 8.831082
[MPI_TIMING] gen=2 total_max=0.301335s total_avg=0.301239s compute_max=0.178121s compute_avg=0.143404s comm_max=0.190916s comm_avg=0.157762s root_ops=0.004465s overhead_ratio=0.648
Running Generation 3...
*** Completed generation 3 after 0.9689502 seconds ***
- Best fitness in generation 3 is 8.831082
-- Overall best fitness is found in generation 1 and is 8.831082
[MPI_TIMING] gen=3 total_max=0.303771s total_avg=0.303653s compute_max=0.178002s compute_avg=0.137190s comm_max=0.192932s comm_avg=0.166382s root_ops=0.004728s overhead_ratio=0.651
Running Generation 4...
*** Completed generation 4 after 1.2702568 seconds ***
- Best fitness in generation 4 is 8.831082
-- Overall best fitness is found in generation 1 and is 8.831082
[MPI_TIMING] gen=4 total_max=0.301254s total_avg=0.301060s compute_max=0.173507s compute_avg=0.135168s comm_max=0.190259s comm_avg=0.165806s root_ops=0.004535s overhead_ratio=0.647
Running Generation 5...
*** Completed generation 5 after 1.5721039 seconds ***
- Best fitness in generation 5 is 8.475987
-- Overall best fitness is found in generation 5 and is 8.475987
[MPI_TIMING] gen=5 total_max=0.302238s total_avg=0.298962s compute_max=0.173782s compute_avg=0.129881s comm_max=0.187442s comm_avg=0.169006s root_ops=0.004597s overhead_ratio=0.635
Running Generation 6...
*** Completed generation 6 after 1.8736079 seconds ***
- Best fitness in generation 6 is 8.475987
-- Overall best fitness is found in generation 5 and is 8.475987
[MPI_TIMING] gen=6 total_max=0.305486s total_avg=0.304239s compute_max=0.173976s compute_avg=0.125906s comm_max=0.194339s comm_avg=0.178258s root_ops=0.004529s overhead_ratio=0.651
Running Generation 7...
*** Completed generation 7 after 2.1747072 seconds ***
- Best fitness in generation 7 is 8.475987
-- Overall best fitness is found in generation 5 and is 8.475987
[MPI_TIMING] gen=7 total_max=0.301181s total_avg=0.301115s compute_max=0.172876s compute_avg=0.122822s comm_max=0.190034s comm_avg=0.178217s root_ops=0.004592s overhead_ratio=0.646
Running Generation 8...
*** Completed generation 8 after 2.4738214 seconds ***
- Best fitness in generation 8 is 8.475987
-- Overall best fitness is found in generation 5 and is 8.475987
[MPI_TIMING] gen=8 total_max=0.299187s total_avg=0.299127s compute_max=0.173190s compute_avg=0.119429s comm_max=0.187760s comm_avg=0.179622s root_ops=0.004638s overhead_ratio=0.643
Running Generation 9...
*** Completed generation 9 after 2.7738557 seconds ***
- Best fitness in generation 9 is 8.315825
-- Overall best fitness is found in generation 9 and is 8.315825
[MPI_TIMING] gen=9 total_max=0.300028s total_avg=0.299919s compute_max=0.173258s compute_avg=0.119207s comm_max=0.188540s comm_avg=0.180637s root_ops=0.004569s overhead_ratio=0.644
Running Generation 10...
*** Completed generation 10 after 3.0739913 seconds ***
- Best fitness in generation 10 is 8.315825
-- Overall best fitness is found in generation 9 and is 8.315825
[MPI_TIMING] gen=10 total_max=0.300218s total_avg=0.300176s compute_max=0.173660s compute_avg=0.118930s comm_max=0.188356s comm_avg=0.181169s root_ops=0.004648s overhead_ratio=0.643
Running Generation 11...
*** Completed generation 11 after 3.3731325 seconds ***
- Best fitness in generation 11 is 8.315825
-- Overall best fitness is found in generation 9 and is 8.315825
[MPI_TIMING] gen=11 total_max=0.299131s total_avg=0.299040s compute_max=0.173531s compute_avg=0.116827s comm_max=0.187329s comm_avg=0.182138s root_ops=0.004549s overhead_ratio=0.641
Running Generation 12...
*** Completed generation 12 after 3.6719773 seconds ***
- Best fitness in generation 12 is 8.315825
-- Overall best fitness is found in generation 9 and is 8.315825
[MPI_TIMING] gen=12 total_max=0.298836s total_avg=0.298769s compute_max=0.173387s compute_avg=0.115577s comm_max=0.187161s comm_avg=0.183119s root_ops=0.004503s overhead_ratio=0.641
Running Generation 13...
*** Completed generation 13 after 3.9723804 seconds ***
- Best fitness in generation 13 is 8.315825
-- Overall best fitness is found in generation 9 and is 8.315825
[MPI_TIMING] gen=13 total_max=0.300388s total_avg=0.300366s compute_max=0.174078s compute_avg=0.116857s comm_max=0.188413s comm_avg=0.183436s root_ops=0.004505s overhead_ratio=0.642
Running Generation 14...
*** Completed generation 14 after 4.2187395 seconds ***
- Best fitness in generation 14 is 8.373445
-- Overall best fitness is found in generation 9 and is 8.315825
[MPI_TIMING] gen=14 total_max=0.246393s total_avg=0.246362s compute_max=0.119878s compute_avg=0.114081s comm_max=0.134331s comm_avg=0.132207s root_ops=0.004538s overhead_ratio=0.564
Running Generation 15...
*** Completed generation 15 after 4.462453 seconds ***
- Best fitness in generation 15 is 8.36851
-- Overall best fitness is found in generation 9 and is 8.315825
[MPI_TIMING] gen=15 total_max=0.243753s total_avg=0.243722s compute_max=0.117419s compute_avg=0.113864s comm_max=0.131839s comm_avg=0.129783s root_ops=0.004575s overhead_ratio=0.560
Running Generation 16...
*** Completed generation 16 after 4.7060285 seconds ***
- Best fitness in generation 16 is 8.170447
-- Overall best fitness is found in generation 16 and is 8.170447
[MPI_TIMING] gen=16 total_max=0.243607s total_avg=0.243584s compute_max=0.117340s compute_avg=0.113866s comm_max=0.131466s comm_avg=0.129644s root_ops=0.004583s overhead_ratio=0.558
Running Generation 17...
*** Completed generation 17 after 4.9504356 seconds ***
- Best fitness in generation 17 is 8.170447
-- Overall best fitness is found in generation 16 and is 8.170447
[MPI_TIMING] gen=17 total_max=0.244384s total_avg=0.244361s compute_max=0.117981s compute_avg=0.113905s comm_max=0.132311s comm_avg=0.130381s root_ops=0.004578s overhead_ratio=0.560
Running Generation 18...
*** Completed generation 18 after 5.1946464 seconds ***
- Best fitness in generation 18 is 8.220652
-- Overall best fitness is found in generation 16 and is 8.170447
[MPI_TIMING] gen=18 total_max=0.244205s total_avg=0.244183s compute_max=0.117750s compute_avg=0.113984s comm_max=0.131969s comm_avg=0.130125s root_ops=0.004579s overhead_ratio=0.559
Running Generation 19...
*** Completed generation 19 after 5.4387965 seconds ***
- Best fitness in generation 19 is 8.153193
-- Overall best fitness is found in generation 19 and is 8.153193
[MPI_TIMING] gen=19 total_max=0.244154s total_avg=0.244084s compute_max=0.117748s compute_avg=0.114069s comm_max=0.131919s comm_avg=0.129942s root_ops=0.004517s overhead_ratio=0.559
Running Generation 20...
*** Completed generation 20 after 5.6831155 seconds ***
- Best fitness in generation 20 is 8.104356
-- Overall best fitness is found in generation 20 and is 8.104356
[MPI_TIMING] gen=20 total_max=0.244475s total_avg=0.244410s compute_max=0.118268s compute_avg=0.114087s comm_max=0.132277s comm_avg=0.130246s root_ops=0.004686s overhead_ratio=0.560
Running Generation 21...
*** Completed generation 21 after 5.9273686 seconds ***
- Best fitness in generation 21 is 8.104356
-- Overall best fitness is found in generation 20 and is 8.104356
[MPI_TIMING] gen=21 total_max=0.244252s total_avg=0.244111s compute_max=0.117832s compute_avg=0.114138s comm_max=0.131891s comm_avg=0.129899s root_ops=0.004532s overhead_ratio=0.559
Running Generation 22...
*** Completed generation 22 after 6.171935 seconds ***
- Best fitness in generation 22 is 8.093586
-- Overall best fitness is found in generation 22 and is 8.093586
[MPI_TIMING] gen=22 total_max=0.244600s total_avg=0.244571s compute_max=0.118019s compute_avg=0.114226s comm_max=0.132410s comm_avg=0.130271s root_ops=0.004563s overhead_ratio=0.560
Running Generation 23...
*** Completed generation 23 after 6.416511 seconds ***
- Best fitness in generation 23 is 8.026143
-- Overall best fitness is found in generation 23 and is 8.026143
[MPI_TIMING] gen=23 total_max=0.244570s total_avg=0.244527s compute_max=0.118236s compute_avg=0.114333s comm_max=0.132086s comm_avg=0.130120s root_ops=0.004530s overhead_ratio=0.559
Running Generation 24...
*** Completed generation 24 after 6.661169 seconds ***
- Best fitness in generation 24 is 8.026143
-- Overall best fitness is found in generation 23 and is 8.026143
[MPI_TIMING] gen=24 total_max=0.244645s total_avg=0.244591s compute_max=0.117988s compute_avg=0.114353s comm_max=0.132288s comm_avg=0.130165s root_ops=0.004490s overhead_ratio=0.559
Running Generation 25...
*** Completed generation 25 after 6.9070606 seconds ***
- Best fitness in generation 25 is 8.0211315
-- Overall best fitness is found in generation 25 and is 8.0211315
[MPI_TIMING] gen=25 total_max=0.245899s total_avg=0.245878s compute_max=0.119066s compute_avg=0.114437s comm_max=0.133479s comm_avg=0.131367s root_ops=0.004495s overhead_ratio=0.561
Running Generation 26...
*** Completed generation 26 after 7.151679 seconds ***
- Best fitness in generation 26 is 7.993433
-- Overall best fitness is found in generation 26 and is 7.993433
[MPI_TIMING] gen=26 total_max=0.244607s total_avg=0.244583s compute_max=0.118145s compute_avg=0.114478s comm_max=0.131983s comm_avg=0.130031s root_ops=0.004497s overhead_ratio=0.558
Running Generation 27...
*** Completed generation 27 after 7.39623 seconds ***
- Best fitness in generation 27 is 7.9788866
-- Overall best fitness is found in generation 27 and is 7.9788866
[MPI_TIMING] gen=27 total_max=0.244592s total_avg=0.244561s compute_max=0.117920s compute_avg=0.114470s comm_max=0.132132s comm_avg=0.130017s root_ops=0.004538s overhead_ratio=0.559
Running Generation 28...
*** Completed generation 28 after 7.640877 seconds ***
- Best fitness in generation 28 is 7.946944
-- Overall best fitness is found in generation 28 and is 7.946944
[MPI_TIMING] gen=28 total_max=0.244654s total_avg=0.244608s compute_max=0.117899s compute_avg=0.114485s comm_max=0.131866s comm_avg=0.130049s root_ops=0.004508s overhead_ratio=0.557
Running Generation 29...
*** Completed generation 29 after 7.8857317 seconds ***
- Best fitness in generation 29 is 7.9487185
-- Overall best fitness is found in generation 28 and is 7.946944
[MPI_TIMING] gen=29 total_max=0.244871s total_avg=0.244841s compute_max=0.118157s compute_avg=0.114527s comm_max=0.132155s comm_avg=0.130240s root_ops=0.004517s overhead_ratio=0.558
Running Generation 30...
*** Completed generation 30 after 8.130597 seconds ***
- Best fitness in generation 30 is 7.9475503
-- Overall best fitness is found in generation 28 and is 7.946944
[MPI_TIMING] gen=30 total_max=0.244915s total_avg=0.244882s compute_max=0.118027s compute_avg=0.114507s comm_max=0.132270s comm_avg=0.130300s root_ops=0.004573s overhead_ratio=0.559
Running Generation 31...
*** Completed generation 31 after 8.376075 seconds ***
- Best fitness in generation 31 is 7.947328
-- Overall best fitness is found in generation 28 and is 7.946944
[MPI_TIMING] gen=31 total_max=0.245472s total_avg=0.245400s compute_max=0.118482s compute_avg=0.114522s comm_max=0.132719s comm_avg=0.130804s root_ops=0.004504s overhead_ratio=0.559
Running Generation 32...
*** Completed generation 32 after 8.621396 seconds ***
- Best fitness in generation 32 is 7.947328
-- Overall best fitness is found in generation 28 and is 7.946944
[MPI_TIMING] gen=32 total_max=0.245305s total_avg=0.245279s compute_max=0.118511s compute_avg=0.114512s comm_max=0.132689s comm_avg=0.130694s root_ops=0.004494s overhead_ratio=0.559
Running Generation 33...
*** Completed generation 33 after 8.866555 seconds ***
- Best fitness in generation 33 is 7.934675
-- Overall best fitness is found in generation 33 and is 7.934675
[MPI_TIMING] gen=33 total_max=0.245198s total_avg=0.245169s compute_max=0.118149s compute_avg=0.114538s comm_max=0.132480s comm_avg=0.130557s root_ops=0.004517s overhead_ratio=0.559
Running Generation 34...
*** Completed generation 34 after 9.11249 seconds ***
- Best fitness in generation 34 is 7.9391084
-- Overall best fitness is found in generation 33 and is 7.934675
[MPI_TIMING] gen=34 total_max=0.246230s total_avg=0.246192s compute_max=0.118653s compute_avg=0.114494s comm_max=0.133639s comm_avg=0.131623s root_ops=0.004572s overhead_ratio=0.561
Running Generation 35...
*** Completed generation 35 after 9.358256 seconds ***
- Best fitness in generation 35 is 7.9391084
-- Overall best fitness is found in generation 33 and is 7.934675
[MPI_TIMING] gen=35 total_max=0.245497s total_avg=0.245396s compute_max=0.118218s compute_avg=0.114465s comm_max=0.132732s comm_avg=0.130859s root_ops=0.004464s overhead_ratio=0.559
Running Generation 36...
*** Completed generation 36 after 9.602904 seconds ***
- Best fitness in generation 36 is 7.935858
-- Overall best fitness is found in generation 33 and is 7.934675
[MPI_TIMING] gen=36 total_max=0.244669s total_avg=0.244643s compute_max=0.118093s compute_avg=0.114423s comm_max=0.132071s comm_avg=0.130147s root_ops=0.004480s overhead_ratio=0.558
Running Generation 37...
*** Completed generation 37 after 9.847859 seconds ***
- Best fitness in generation 37 is 7.9307795
-- Overall best fitness is found in generation 37 and is 7.9307795
[MPI_TIMING] gen=37 total_max=0.244960s total_avg=0.244923s compute_max=0.118249s compute_avg=0.114462s comm_max=0.132399s comm_avg=0.130388s root_ops=0.004458s overhead_ratio=0.559
Running Generation 38...
*** Completed generation 38 after 10.092754 seconds ***
- Best fitness in generation 38 is 7.9307795
-- Overall best fitness is found in generation 37 and is 7.9307795
[MPI_TIMING] gen=38 total_max=0.244931s total_avg=0.244896s compute_max=0.118259s compute_avg=0.114460s comm_max=0.132347s comm_avg=0.130362s root_ops=0.004515s overhead_ratio=0.559
Running Generation 39...
*** Completed generation 39 after 10.338108 seconds ***
- Best fitness in generation 39 is 7.9317536
-- Overall best fitness is found in generation 37 and is 7.9307795
[MPI_TIMING] gen=39 total_max=0.245370s total_avg=0.245310s compute_max=0.118674s compute_avg=0.114477s comm_max=0.132758s comm_avg=0.130760s root_ops=0.004465s overhead_ratio=0.559
Running Generation 40...
*** Completed generation 40 after 10.583197 seconds ***
- Best fitness in generation 40 is 7.928203
-- Overall best fitness is found in generation 40 and is 7.928203
[MPI_TIMING] gen=40 total_max=0.245129s total_avg=0.245094s compute_max=0.118056s compute_avg=0.114455s comm_max=0.132516s comm_avg=0.130565s root_ops=0.004516s overhead_ratio=0.559
Running Generation 41...
*** Completed generation 41 after 10.828168 seconds ***
- Best fitness in generation 41 is 7.928203
-- Overall best fitness is found in generation 40 and is 7.928203
[MPI_TIMING] gen=41 total_max=0.244968s total_avg=0.244932s compute_max=0.118348s compute_avg=0.114468s comm_max=0.132225s comm_avg=0.130391s root_ops=0.004493s overhead_ratio=0.558
Running Generation 42...
*** Completed generation 42 after 11.073149 seconds ***
- Best fitness in generation 42 is 7.928203
-- Overall best fitness is found in generation 40 and is 7.928203
[MPI_TIMING] gen=42 total_max=0.244972s total_avg=0.244935s compute_max=0.118063s compute_avg=0.114500s comm_max=0.132277s comm_avg=0.130363s root_ops=0.004469s overhead_ratio=0.558
Running Generation 43...
*** Completed generation 43 after 11.318617 seconds ***
- Best fitness in generation 43 is 7.9287157
-- Overall best fitness is found in generation 40 and is 7.928203
[MPI_TIMING] gen=43 total_max=0.245466s total_avg=0.245445s compute_max=0.118603s compute_avg=0.114492s comm_max=0.132780s comm_avg=0.130880s root_ops=0.004468s overhead_ratio=0.559
Running Generation 44...
*** Completed generation 44 after 11.563587 seconds ***
- Best fitness in generation 44 is 7.9288874
-- Overall best fitness is found in generation 40 and is 7.928203
[MPI_TIMING] gen=44 total_max=0.244985s total_avg=0.244960s compute_max=0.118312s compute_avg=0.114471s comm_max=0.132418s comm_avg=0.130416s root_ops=0.004489s overhead_ratio=0.559
Running Generation 45...
*** Completed generation 45 after 11.808537 seconds ***
- Best fitness in generation 45 is 7.929903
-- Overall best fitness is found in generation 40 and is 7.928203
[MPI_TIMING] gen=45 total_max=0.244988s total_avg=0.244954s compute_max=0.118216s compute_avg=0.114491s comm_max=0.132170s comm_avg=0.130390s root_ops=0.004534s overhead_ratio=0.558
Running Generation 46...
*** Completed generation 46 after 12.053565 seconds ***
- Best fitness in generation 46 is 7.929903
-- Overall best fitness is found in generation 40 and is 7.928203
[MPI_TIMING] gen=46 total_max=0.245037s total_avg=0.245014s compute_max=0.118294s compute_avg=0.114456s comm_max=0.132546s comm_avg=0.130484s root_ops=0.004538s overhead_ratio=0.559
Running Generation 47...
*** Completed generation 47 after 12.298704 seconds ***
- Best fitness in generation 47 is 7.9297667
-- Overall best fitness is found in generation 40 and is 7.928203
[MPI_TIMING] gen=47 total_max=0.245131s total_avg=0.245098s compute_max=0.118192s compute_avg=0.114484s comm_max=0.132442s comm_avg=0.130541s root_ops=0.004522s overhead_ratio=0.559
Running Generation 48...
*** Completed generation 48 after 12.544222 seconds ***
- Best fitness in generation 48 is 7.9297667
-- Overall best fitness is found in generation 40 and is 7.928203
[MPI_TIMING] gen=48 total_max=0.245519s total_avg=0.245486s compute_max=0.118449s compute_avg=0.114485s comm_max=0.132903s comm_avg=0.130928s root_ops=0.004505s overhead_ratio=0.560
Running Generation 49...
*** Completed generation 49 after 12.789519 seconds ***
- Best fitness in generation 49 is 7.9297667
-- Overall best fitness is found in generation 40 and is 7.928203
[MPI_TIMING] gen=49 total_max=0.245289s total_avg=0.245262s compute_max=0.118166s compute_avg=0.114477s comm_max=0.132559s comm_avg=0.130712s root_ops=0.004487s overhead_ratio=0.559
Running Generation 50...
*** Completed generation 50 after 13.034734 seconds ***
- Best fitness in generation 50 is 7.9231677
-- Overall best fitness is found in generation 50 and is 7.9231677
[MPI_TIMING] gen=50 total_max=0.245207s total_avg=0.245175s compute_max=0.118206s compute_avg=0.114518s comm_max=0.132448s comm_avg=0.130584s root_ops=0.004471s overhead_ratio=0.558
Running Generation 51...
*** Completed generation 51 after 13.280291 seconds ***
- Best fitness in generation 51 is 7.9231677
-- Overall best fitness is found in generation 50 and is 7.9231677
[MPI_TIMING] gen=51 total_max=0.245545s total_avg=0.245486s compute_max=0.118458s compute_avg=0.114579s comm_max=0.132715s comm_avg=0.130835s root_ops=0.004417s overhead_ratio=0.558
Running Generation 52...
*** Completed generation 52 after 13.52575 seconds ***
- Best fitness in generation 52 is 7.9231677
-- Overall best fitness is found in generation 50 and is 7.9231677
[MPI_TIMING] gen=52 total_max=0.245640s total_avg=0.245572s compute_max=0.118619s compute_avg=0.114576s comm_max=0.132951s comm_avg=0.130920s root_ops=0.004594s overhead_ratio=0.560
Running Generation 53...
*** Completed generation 53 after 13.7708025 seconds ***
- Best fitness in generation 53 is 7.9231677
-- Overall best fitness is found in generation 50 and is 7.9231677
[MPI_TIMING] gen=53 total_max=0.245045s total_avg=0.244882s compute_max=0.118323s compute_avg=0.114497s comm_max=0.132180s comm_avg=0.130313s root_ops=0.004407s overhead_ratio=0.557
Running Generation 54...
*** Completed generation 54 after 14.016346 seconds ***
- Best fitness in generation 54 is 7.9231677
-- Overall best fitness is found in generation 50 and is 7.9231677
[MPI_TIMING] gen=54 total_max=0.245589s total_avg=0.245558s compute_max=0.118359s compute_avg=0.114501s comm_max=0.132836s comm_avg=0.130984s root_ops=0.004456s overhead_ratio=0.559
Running Generation 55...
*** Completed generation 55 after 14.26147 seconds ***
- Best fitness in generation 55 is 7.9231677
-- Overall best fitness is found in generation 50 and is 7.9231677
[MPI_TIMING] gen=55 total_max=0.245153s total_avg=0.245123s compute_max=0.118219s compute_avg=0.114500s comm_max=0.132398s comm_avg=0.130550s root_ops=0.004497s overhead_ratio=0.558
Running Generation 56...
*** Completed generation 56 after 14.506278 seconds ***
- Best fitness in generation 56 is 7.9231677
-- Overall best fitness is found in generation 50 and is 7.9231677
[MPI_TIMING] gen=56 total_max=0.244815s total_avg=0.244725s compute_max=0.118098s compute_avg=0.114488s comm_max=0.132051s comm_avg=0.130166s root_ops=0.004404s overhead_ratio=0.557
Running Generation 57...
*** Completed generation 57 after 14.750989 seconds ***
- Best fitness in generation 57 is 7.9231677
-- Overall best fitness is found in generation 50 and is 7.9231677
[MPI_TIMING] gen=57 total_max=0.244706s total_avg=0.244687s compute_max=0.117992s compute_avg=0.114493s comm_max=0.132033s comm_avg=0.130122s root_ops=0.004400s overhead_ratio=0.558
Running Generation 58...
*** Completed generation 58 after 14.996266 seconds ***
- Best fitness in generation 58 is 7.9231677
-- Overall best fitness is found in generation 50 and is 7.9231677
[MPI_TIMING] gen=58 total_max=0.245279s total_avg=0.245255s compute_max=0.118459s compute_avg=0.114501s comm_max=0.132711s comm_avg=0.130682s root_ops=0.004410s overhead_ratio=0.559
Running Generation 59...
*** Completed generation 59 after 15.241365 seconds ***
- Best fitness in generation 59 is 7.9229717
-- Overall best fitness is found in generation 59 and is 7.9229717
[MPI_TIMING] gen=59 total_max=0.245122s total_avg=0.245093s compute_max=0.118382s compute_avg=0.114525s comm_max=0.132382s comm_avg=0.130496s root_ops=0.004439s overhead_ratio=0.558
Running Generation 60...
*** Completed generation 60 after 15.486575 seconds ***
- Best fitness in generation 60 is 7.9229717
-- Overall best fitness is found in generation 59 and is 7.9229717
[MPI_TIMING] gen=60 total_max=0.245273s total_avg=0.245239s compute_max=0.118508s compute_avg=0.114535s comm_max=0.132554s comm_avg=0.130631s root_ops=0.004500s overhead_ratio=0.559
Running Generation 61...
*** Completed generation 61 after 15.732476 seconds ***
- Best fitness in generation 61 is 7.9229717
-- Overall best fitness is found in generation 59 and is 7.9229717
[MPI_TIMING] gen=61 total_max=0.245880s total_avg=0.245781s compute_max=0.118342s compute_avg=0.114522s comm_max=0.133050s comm_avg=0.131187s root_ops=0.004396s overhead_ratio=0.559
Running Generation 62...
*** Completed generation 62 after 15.977456 seconds ***
- Best fitness in generation 62 is 7.9229717
-- Overall best fitness is found in generation 59 and is 7.9229717
[MPI_TIMING] gen=62 total_max=0.245097s total_avg=0.245054s compute_max=0.118314s compute_avg=0.114504s comm_max=0.132343s comm_avg=0.130477s root_ops=0.004495s overhead_ratio=0.558
Running Generation 63...
*** Completed generation 63 after 16.223272 seconds ***
- Best fitness in generation 63 is 7.9243803
-- Overall best fitness is found in generation 59 and is 7.9229717
[MPI_TIMING] gen=63 total_max=0.245842s total_avg=0.245809s compute_max=0.118701s compute_avg=0.114583s comm_max=0.133155s comm_avg=0.131152s root_ops=0.004537s overhead_ratio=0.560
Running Generation 64...
*** Completed generation 64 after 16.469076 seconds ***
- Best fitness in generation 64 is 7.9243803
-- Overall best fitness is found in generation 59 and is 7.9229717
[MPI_TIMING] gen=64 total_max=0.245810s total_avg=0.245745s compute_max=0.118701s compute_avg=0.114517s comm_max=0.133161s comm_avg=0.131155s root_ops=0.004475s overhead_ratio=0.560
Running Generation 65...
*** Completed generation 65 after 16.715376 seconds ***
- Best fitness in generation 65 is 7.923434
-- Overall best fitness is found in generation 59 and is 7.9229717
[MPI_TIMING] gen=65 total_max=0.246299s total_avg=0.246277s compute_max=0.119028s compute_avg=0.114538s comm_max=0.133637s comm_avg=0.131666s root_ops=0.004479s overhead_ratio=0.561
Running Generation 66...
*** Completed generation 66 after 16.960505 seconds ***
- Best fitness in generation 66 is 7.9227576
-- Overall best fitness is found in generation 66 and is 7.9227576
[MPI_TIMING] gen=66 total_max=0.245196s total_avg=0.245161s compute_max=0.118489s compute_avg=0.114494s comm_max=0.132689s comm_avg=0.130593s root_ops=0.004540s overhead_ratio=0.560
Running Generation 67...
*** Completed generation 67 after 17.205334 seconds ***
- Best fitness in generation 67 is 7.9227576
-- Overall best fitness is found in generation 66 and is 7.9227576
[MPI_TIMING] gen=67 total_max=0.244800s total_avg=0.244779s compute_max=0.118585s compute_avg=0.114516s comm_max=0.132178s comm_avg=0.130189s root_ops=0.004534s overhead_ratio=0.558
Running Generation 68...
*** Completed generation 68 after 17.450056 seconds ***
- Best fitness in generation 68 is 7.9227576
-- Overall best fitness is found in generation 66 and is 7.9227576
[MPI_TIMING] gen=68 total_max=0.244733s total_avg=0.244711s compute_max=0.118285s compute_avg=0.114505s comm_max=0.132127s comm_avg=0.130133s root_ops=0.004527s overhead_ratio=0.558
Running Generation 69...
*** Completed generation 69 after 17.695116 seconds ***
- Best fitness in generation 69 is 7.9229817
-- Overall best fitness is found in generation 66 and is 7.9227576
[MPI_TIMING] gen=69 total_max=0.245044s total_avg=0.245013s compute_max=0.118432s compute_avg=0.114514s comm_max=0.132228s comm_avg=0.130426s root_ops=0.004511s overhead_ratio=0.558
Running Generation 70...
*** Completed generation 70 after 17.94012 seconds ***
- Best fitness in generation 70 is 7.9229817
-- Overall best fitness is found in generation 66 and is 7.9227576
[MPI_TIMING] gen=70 total_max=0.245008s total_avg=0.244960s compute_max=0.118116s compute_avg=0.114511s comm_max=0.132325s comm_avg=0.130377s root_ops=0.004470s overhead_ratio=0.558
Running Generation 71...
*** Completed generation 71 after 18.185602 seconds ***
- Best fitness in generation 71 is 7.9229817
-- Overall best fitness is found in generation 66 and is 7.9227576
[MPI_TIMING] gen=71 total_max=0.245480s total_avg=0.245458s compute_max=0.118333s compute_avg=0.114525s comm_max=0.132890s comm_avg=0.130860s root_ops=0.004486s overhead_ratio=0.560
Running Generation 72...
*** Completed generation 72 after 18.4301 seconds ***
- Best fitness in generation 72 is 7.9229817
-- Overall best fitness is found in generation 66 and is 7.9227576
[MPI_TIMING] gen=72 total_max=0.244518s total_avg=0.244480s compute_max=0.117964s compute_avg=0.114494s comm_max=0.131820s comm_avg=0.129913s root_ops=0.004461s overhead_ratio=0.557
Running Generation 73...
*** Completed generation 73 after 18.675482 seconds ***
- Best fitness in generation 73 is 7.9229817
-- Overall best fitness is found in generation 66 and is 7.9227576
[MPI_TIMING] gen=73 total_max=0.245407s total_avg=0.245375s compute_max=0.118396s compute_avg=0.114508s comm_max=0.132784s comm_avg=0.130793s root_ops=0.004521s overhead_ratio=0.559
Running Generation 74...
*** Completed generation 74 after 18.920525 seconds ***
- Best fitness in generation 74 is 7.9229817
-- Overall best fitness is found in generation 66 and is 7.9227576
[MPI_TIMING] gen=74 total_max=0.245065s total_avg=0.245042s compute_max=0.118275s compute_avg=0.114515s comm_max=0.132329s comm_avg=0.130453s root_ops=0.004539s overhead_ratio=0.558
Running Generation 75...
*** Completed generation 75 after 19.166103 seconds ***
- Best fitness in generation 75 is 7.9229817
-- Overall best fitness is found in generation 66 and is 7.9227576
[MPI_TIMING] gen=75 total_max=0.245675s total_avg=0.245635s compute_max=0.118333s compute_avg=0.114535s comm_max=0.132998s comm_avg=0.131024s root_ops=0.004624s overhead_ratio=0.560
Running Generation 76...
*** Completed generation 76 after 19.410894 seconds ***
- Best fitness in generation 76 is 7.924322
-- Overall best fitness is found in generation 66 and is 7.9227576
[MPI_TIMING] gen=76 total_max=0.244790s total_avg=0.244661s compute_max=0.118203s compute_avg=0.114521s comm_max=0.131906s comm_avg=0.130067s root_ops=0.004484s overhead_ratio=0.557
Running Generation 77...
*** Completed generation 77 after 19.655901 seconds ***
- Best fitness in generation 77 is 7.924322
-- Overall best fitness is found in generation 66 and is 7.9227576
[MPI_TIMING] gen=77 total_max=0.244998s total_avg=0.244979s compute_max=0.118224s compute_avg=0.114539s comm_max=0.132367s comm_avg=0.130366s root_ops=0.004488s overhead_ratio=0.559
Running Generation 78...
*** Completed generation 78 after 19.900978 seconds ***
- Best fitness in generation 78 is 7.924322
-- Overall best fitness is found in generation 66 and is 7.9227576
[MPI_TIMING] gen=78 total_max=0.245122s total_avg=0.245094s compute_max=0.118191s compute_avg=0.114515s comm_max=0.132374s comm_avg=0.130506s root_ops=0.004525s overhead_ratio=0.558
Running Generation 79...
*** Completed generation 79 after 20.14577 seconds ***
- Best fitness in generation 79 is 7.924322
-- Overall best fitness is found in generation 66 and is 7.9227576
[MPI_TIMING] gen=79 total_max=0.244771s total_avg=0.244731s compute_max=0.118013s compute_avg=0.114506s comm_max=0.131995s comm_avg=0.130151s root_ops=0.004496s overhead_ratio=0.558
Running Generation 80...
*** Completed generation 80 after 20.390522 seconds ***
- Best fitness in generation 80 is 7.9233017
-- Overall best fitness is found in generation 66 and is 7.9227576
[MPI_TIMING] gen=80 total_max=0.244731s total_avg=0.244711s compute_max=0.118884s compute_avg=0.114569s comm_max=0.132085s comm_avg=0.130069s root_ops=0.004495s overhead_ratio=0.558
Running Generation 81...
*** Completed generation 81 after 20.634897 seconds ***
- Best fitness in generation 81 is 7.922372
-- Overall best fitness is found in generation 81 and is 7.922372
[MPI_TIMING] gen=81 total_max=0.244416s total_avg=0.244387s compute_max=0.117865s compute_avg=0.114503s comm_max=0.131708s comm_avg=0.129811s root_ops=0.004527s overhead_ratio=0.557
Running Generation 82...
*** Completed generation 82 after 20.879517 seconds ***
- Best fitness in generation 82 is 7.922372
-- Overall best fitness is found in generation 81 and is 7.922372
[MPI_TIMING] gen=82 total_max=0.244613s total_avg=0.244567s compute_max=0.117943s compute_avg=0.114532s comm_max=0.131843s comm_avg=0.129962s root_ops=0.004489s overhead_ratio=0.557
Running Generation 83...
*** Completed generation 83 after 21.124035 seconds ***
- Best fitness in generation 83 is 7.922372
-- Overall best fitness is found in generation 81 and is 7.922372
[MPI_TIMING] gen=83 total_max=0.244525s total_avg=0.244503s compute_max=0.118244s compute_avg=0.114488s comm_max=0.131892s comm_avg=0.129942s root_ops=0.004491s overhead_ratio=0.558
Running Generation 84...
*** Completed generation 84 after 21.368944 seconds ***
- Best fitness in generation 84 is 7.922372
-- Overall best fitness is found in generation 81 and is 7.922372
[MPI_TIMING] gen=84 total_max=0.244937s total_avg=0.244913s compute_max=0.117950s compute_avg=0.114518s comm_max=0.132216s comm_avg=0.130321s root_ops=0.004521s overhead_ratio=0.558
Running Generation 85...
*** Completed generation 85 after 21.613617 seconds ***
- Best fitness in generation 85 is 7.922372
-- Overall best fitness is found in generation 81 and is 7.922372
[MPI_TIMING] gen=85 total_max=0.244664s total_avg=0.244626s compute_max=0.117966s compute_avg=0.114496s comm_max=0.131914s comm_avg=0.130057s root_ops=0.004497s overhead_ratio=0.558
Running Generation 86...
*** Completed generation 86 after 21.858072 seconds ***
- Best fitness in generation 86 is 7.922372
-- Overall best fitness is found in generation 81 and is 7.922372
[MPI_TIMING] gen=86 total_max=0.244465s total_avg=0.244444s compute_max=0.117950s compute_avg=0.114506s comm_max=0.131776s comm_avg=0.129865s root_ops=0.004510s overhead_ratio=0.557
Running Generation 87...
*** Completed generation 87 after 22.103226 seconds ***
- Best fitness in generation 87 is 7.922372
-- Overall best fitness is found in generation 81 and is 7.922372
[MPI_TIMING] gen=87 total_max=0.245140s total_avg=0.245109s compute_max=0.118445s compute_avg=0.114513s comm_max=0.132399s comm_avg=0.130523s root_ops=0.004492s overhead_ratio=0.558
Running Generation 88...
*** Completed generation 88 after 22.34796 seconds ***
- Best fitness in generation 88 is 7.922372
-- Overall best fitness is found in generation 81 and is 7.922372
[MPI_TIMING] gen=88 total_max=0.244733s total_avg=0.244701s compute_max=0.117829s compute_avg=0.114517s comm_max=0.131822s comm_avg=0.130111s root_ops=0.004472s overhead_ratio=0.557
Running Generation 89...
*** Completed generation 89 after 22.592707 seconds ***
- Best fitness in generation 89 is 7.922372
-- Overall best fitness is found in generation 81 and is 7.922372
[MPI_TIMING] gen=89 total_max=0.244783s total_avg=0.244758s compute_max=0.118137s compute_avg=0.114517s comm_max=0.132118s comm_avg=0.130167s root_ops=0.004505s overhead_ratio=0.558
Running Generation 90...
*** Completed generation 90 after 22.837267 seconds ***
- Best fitness in generation 90 is 7.922372
-- Overall best fitness is found in generation 81 and is 7.922372
[MPI_TIMING] gen=90 total_max=0.244556s total_avg=0.244500s compute_max=0.117952s compute_avg=0.114509s comm_max=0.131991s comm_avg=0.129918s root_ops=0.004453s overhead_ratio=0.558
Running Generation 91...
*** Completed generation 91 after 23.081923 seconds ***
- Best fitness in generation 91 is 7.922372
-- Overall best fitness is found in generation 81 and is 7.922372
[MPI_TIMING] gen=91 total_max=0.244721s total_avg=0.244686s compute_max=0.117975s compute_avg=0.114545s comm_max=0.131970s comm_avg=0.130067s root_ops=0.004532s overhead_ratio=0.558
Running Generation 92...
*** Completed generation 92 after 23.326664 seconds ***
- Best fitness in generation 92 is 7.922372
-- Overall best fitness is found in generation 81 and is 7.922372
[MPI_TIMING] gen=92 total_max=0.244744s total_avg=0.244675s compute_max=0.118093s compute_avg=0.114539s comm_max=0.132051s comm_avg=0.130063s root_ops=0.004462s overhead_ratio=0.558
Running Generation 93...
*** Completed generation 93 after 23.571617 seconds ***
- Best fitness in generation 93 is 7.923912
-- Overall best fitness is found in generation 81 and is 7.922372
[MPI_TIMING] gen=93 total_max=0.244933s total_avg=0.244910s compute_max=0.118139s compute_avg=0.114524s comm_max=0.132241s comm_avg=0.130313s root_ops=0.004455s overhead_ratio=0.558
Running Generation 94...
*** Completed generation 94 after 23.816408 seconds ***
- Best fitness in generation 94 is 7.9227343
-- Overall best fitness is found in generation 81 and is 7.922372
[MPI_TIMING] gen=94 total_max=0.244877s total_avg=0.244838s compute_max=0.118249s compute_avg=0.114513s comm_max=0.132190s comm_avg=0.130251s root_ops=0.004541s overhead_ratio=0.558
Running Generation 95...
*** Completed generation 95 after 24.061333 seconds ***
- Best fitness in generation 95 is 7.9227343
-- Overall best fitness is found in generation 81 and is 7.922372
[MPI_TIMING] gen=95 total_max=0.244918s total_avg=0.244845s compute_max=0.118533s compute_avg=0.114501s comm_max=0.132320s comm_avg=0.130271s root_ops=0.004469s overhead_ratio=0.559
Running Generation 96...
*** Completed generation 96 after 24.305693 seconds ***
- Best fitness in generation 96 is 7.9227343
-- Overall best fitness is found in generation 81 and is 7.922372
[MPI_TIMING] gen=96 total_max=0.244351s total_avg=0.244317s compute_max=0.118121s compute_avg=0.114510s comm_max=0.131654s comm_avg=0.129735s root_ops=0.004449s overhead_ratio=0.557
Running Generation 97...
*** Completed generation 97 after 24.550644 seconds ***
- Best fitness in generation 97 is 7.922984
-- Overall best fitness is found in generation 81 and is 7.922372
[MPI_TIMING] gen=97 total_max=0.245037s total_avg=0.245000s compute_max=0.118152s compute_avg=0.114523s comm_max=0.132311s comm_avg=0.130403s root_ops=0.004525s overhead_ratio=0.558
Running Generation 98...
*** Completed generation 98 after 24.79598 seconds ***
- Best fitness in generation 98 is 7.924264
-- Overall best fitness is found in generation 81 and is 7.922372
[MPI_TIMING] gen=98 total_max=0.245337s total_avg=0.245304s compute_max=0.118299s compute_avg=0.114546s comm_max=0.132664s comm_avg=0.130685s root_ops=0.004501s overhead_ratio=0.559
Running Generation 99...
*** Completed generation 99 after 25.040737 seconds ***
- Best fitness in generation 99 is 7.922667
-- Overall best fitness is found in generation 81 and is 7.922372
[MPI_TIMING] gen=99 total_max=0.244742s total_avg=0.244721s compute_max=0.118115s compute_avg=0.114487s comm_max=0.132144s comm_avg=0.130161s root_ops=0.004509s overhead_ratio=0.558
Running Generation 100...
*** Completed generation 100 after 25.285828 seconds ***
- Best fitness in generation 100 is 7.922667
-- Overall best fitness is found in generation 81 and is 7.922372
[MPI_TIMING] gen=100 total_max=0.245087s total_avg=0.245004s compute_max=0.118347s compute_avg=0.114513s comm_max=0.132444s comm_avg=0.130420s root_ops=0.004421s overhead_ratio=0.558
Running Generation 101...
*** Completed generation 101 after 25.530193 seconds ***
- Best fitness in generation 101 is 7.924348
-- Overall best fitness is found in generation 81 and is 7.922372
[MPI_TIMING] gen=101 total_max=0.244410s total_avg=0.244379s compute_max=0.118189s compute_avg=0.114497s comm_max=0.131795s comm_avg=0.129809s root_ops=0.004475s overhead_ratio=0.558
Running Generation 102...
*** Completed generation 102 after 25.77428 seconds ***
- Best fitness in generation 102 is 7.924348
-- Overall best fitness is found in generation 81 and is 7.922372
[MPI_TIMING] gen=102 total_max=0.244088s total_avg=0.244030s compute_max=0.117743s compute_avg=0.114481s comm_max=0.131285s comm_avg=0.129477s root_ops=0.004421s overhead_ratio=0.556
Running Generation 103...
*** Completed generation 103 after 26.018719 seconds ***
- Best fitness in generation 103 is 7.9223967
-- Overall best fitness is found in generation 81 and is 7.922372
[MPI_TIMING] gen=103 total_max=0.244432s total_avg=0.244402s compute_max=0.118136s compute_avg=0.114514s comm_max=0.131753s comm_avg=0.129816s root_ops=0.004406s overhead_ratio=0.557
Running Generation 104...
*** Completed generation 104 after 26.263079 seconds ***
- Best fitness in generation 104 is 7.9223967
-- Overall best fitness is found in generation 81 and is 7.922372
[MPI_TIMING] gen=104 total_max=0.244469s total_avg=0.244426s compute_max=0.117968s compute_avg=0.114544s comm_max=0.131779s comm_avg=0.129808s root_ops=0.004506s overhead_ratio=0.557
Running Generation 105...
*** Completed generation 105 after 26.508131 seconds ***
- Best fitness in generation 105 is 7.9223967
-- Overall best fitness is found in generation 81 and is 7.922372
[MPI_TIMING] gen=105 total_max=0.245067s total_avg=0.245043s compute_max=0.118257s compute_avg=0.114595s comm_max=0.132360s comm_avg=0.130374s root_ops=0.004526s overhead_ratio=0.559
Running Generation 106...
*** Completed generation 106 after 26.753277 seconds ***
- Best fitness in generation 106 is 7.9223967
-- Overall best fitness is found in generation 81 and is 7.922372
[MPI_TIMING] gen=106 total_max=0.245192s total_avg=0.245154s compute_max=0.118130s compute_avg=0.114506s comm_max=0.132474s comm_avg=0.130573s root_ops=0.004584s overhead_ratio=0.559
Running Generation 107...
*** Completed generation 107 after 26.997894 seconds ***
- Best fitness in generation 107 is 7.9223967
-- Overall best fitness is found in generation 81 and is 7.922372
[MPI_TIMING] gen=107 total_max=0.244629s total_avg=0.244516s compute_max=0.118131s compute_avg=0.114491s comm_max=0.131830s comm_avg=0.129952s root_ops=0.004460s overhead_ratio=0.557
Running Generation 108...
*** Completed generation 108 after 27.2426 seconds ***
- Best fitness in generation 108 is 7.9223967
-- Overall best fitness is found in generation 81 and is 7.922372
[MPI_TIMING] gen=108 total_max=0.244700s total_avg=0.244679s compute_max=0.118140s compute_avg=0.114519s comm_max=0.131925s comm_avg=0.130087s root_ops=0.004472s overhead_ratio=0.557
Running Generation 109...
*** Completed generation 109 after 27.487316 seconds ***
- Best fitness in generation 109 is 7.9223967
-- Overall best fitness is found in generation 81 and is 7.922372
[MPI_TIMING] gen=109 total_max=0.244714s total_avg=0.244648s compute_max=0.118101s compute_avg=0.114505s comm_max=0.132000s comm_avg=0.130071s root_ops=0.004409s overhead_ratio=0.557
Running Generation 110...
*** Completed generation 110 after 27.732147 seconds ***
- Best fitness in generation 110 is 7.9223967
-- Overall best fitness is found in generation 81 and is 7.922372
[MPI_TIMING] gen=110 total_max=0.244927s total_avg=0.244884s compute_max=0.118115s compute_avg=0.114528s comm_max=0.132244s comm_avg=0.130283s root_ops=0.004508s overhead_ratio=0.558
Running Generation 111...
*** Completed generation 111 after 27.976778 seconds ***
- Best fitness in generation 111 is 7.9223967
-- Overall best fitness is found in generation 81 and is 7.922372
[MPI_TIMING] gen=111 total_max=0.244660s total_avg=0.244634s compute_max=0.117876s compute_avg=0.114518s comm_max=0.131944s comm_avg=0.130042s root_ops=0.004537s overhead_ratio=0.558
Running Generation 112...
*** Completed generation 112 after 28.221941 seconds ***
- Best fitness in generation 112 is 7.9223967
-- Overall best fitness is found in generation 81 and is 7.922372
[MPI_TIMING] gen=112 total_max=0.245169s total_avg=0.245143s compute_max=0.118112s compute_avg=0.114483s comm_max=0.132507s comm_avg=0.130586s root_ops=0.004525s overhead_ratio=0.559
Running Generation 113...
*** Completed generation 113 after 28.466684 seconds ***
- Best fitness in generation 113 is 7.9223967
-- Overall best fitness is found in generation 81 and is 7.922372
[MPI_TIMING] gen=113 total_max=0.244722s total_avg=0.244668s compute_max=0.118050s compute_avg=0.114507s comm_max=0.132123s comm_avg=0.130088s root_ops=0.004478s overhead_ratio=0.558
Running Generation 114...
*** Completed generation 114 after 28.711258 seconds ***
- Best fitness in generation 114 is 7.9232206
-- Overall best fitness is found in generation 81 and is 7.922372
[MPI_TIMING] gen=114 total_max=0.244619s total_avg=0.244592s compute_max=0.117958s compute_avg=0.114527s comm_max=0.131896s comm_avg=0.129991s root_ops=0.004516s overhead_ratio=0.558
Running Generation 115...
*** Completed generation 115 after 28.956505 seconds ***
- Best fitness in generation 115 is 7.9232206
-- Overall best fitness is found in generation 81 and is 7.922372
[MPI_TIMING] gen=115 total_max=0.245242s total_avg=0.245220s compute_max=0.118480s compute_avg=0.114522s comm_max=0.132595s comm_avg=0.130625s root_ops=0.004528s overhead_ratio=0.559
Running Generation 116...
*** Completed generation 116 after 29.201004 seconds ***
- Best fitness in generation 116 is 7.921021
-- Overall best fitness is found in generation 116 and is 7.921021
[MPI_TIMING] gen=116 total_max=0.244508s total_avg=0.244456s compute_max=0.117802s compute_avg=0.114513s comm_max=0.131720s comm_avg=0.129870s root_ops=0.004480s overhead_ratio=0.557
Running Generation 117...
*** Completed generation 117 after 29.445429 seconds ***
- Best fitness in generation 117 is 7.921021
-- Overall best fitness is found in generation 116 and is 7.921021
[MPI_TIMING] gen=117 total_max=0.244402s total_avg=0.244381s compute_max=0.117964s compute_avg=0.114533s comm_max=0.131706s comm_avg=0.129775s root_ops=0.004479s overhead_ratio=0.557
Running Generation 118...
*** Completed generation 118 after 29.689924 seconds ***
- Best fitness in generation 118 is 7.921021
-- Overall best fitness is found in generation 116 and is 7.921021
[MPI_TIMING] gen=118 total_max=0.244512s total_avg=0.244488s compute_max=0.117925s compute_avg=0.114541s comm_max=0.131895s comm_avg=0.129874s root_ops=0.004497s overhead_ratio=0.558
Running Generation 119...
*** Completed generation 119 after 29.934902 seconds ***
- Best fitness in generation 119 is 7.921021
-- Overall best fitness is found in generation 116 and is 7.921021
[MPI_TIMING] gen=119 total_max=0.244978s total_avg=0.244960s compute_max=0.118029s compute_avg=0.114502s comm_max=0.132269s comm_avg=0.130384s root_ops=0.004497s overhead_ratio=0.558
Running Generation 120...
*** Completed generation 120 after 30.17952 seconds ***
- Best fitness in generation 120 is 7.921021
-- Overall best fitness is found in generation 116 and is 7.921021
[MPI_TIMING] gen=120 total_max=0.244638s total_avg=0.244614s compute_max=0.117858s compute_avg=0.114502s comm_max=0.132067s comm_avg=0.130038s root_ops=0.004519s overhead_ratio=0.558
Running Generation 121...
*** Completed generation 121 after 30.42449 seconds ***
- Best fitness in generation 121 is 7.921021
-- Overall best fitness is found in generation 116 and is 7.921021
[MPI_TIMING] gen=121 total_max=0.244962s total_avg=0.244926s compute_max=0.118034s compute_avg=0.114509s comm_max=0.132265s comm_avg=0.130344s root_ops=0.004498s overhead_ratio=0.558
Running Generation 122...
*** Completed generation 122 after 30.66933 seconds ***
- Best fitness in generation 122 is 7.921021
-- Overall best fitness is found in generation 116 and is 7.921021
[MPI_TIMING] gen=122 total_max=0.244836s total_avg=0.244818s compute_max=0.117966s compute_avg=0.114491s comm_max=0.132101s comm_avg=0.130254s root_ops=0.004497s overhead_ratio=0.558
Running Generation 123...
*** Completed generation 123 after 30.914333 seconds ***
- Best fitness in generation 123 is 7.9234943
-- Overall best fitness is found in generation 116 and is 7.921021
[MPI_TIMING] gen=123 total_max=0.245012s total_avg=0.244988s compute_max=0.118089s compute_avg=0.114552s comm_max=0.132250s comm_avg=0.130363s root_ops=0.004487s overhead_ratio=0.558
Running Generation 124...
*** Completed generation 124 after 31.158894 seconds ***
- Best fitness in generation 124 is 7.924133
-- Overall best fitness is found in generation 116 and is 7.921021
[MPI_TIMING] gen=124 total_max=0.244555s total_avg=0.244534s compute_max=0.118066s compute_avg=0.114519s comm_max=0.131835s comm_avg=0.129942s root_ops=0.004486s overhead_ratio=0.557
Running Generation 125...
*** Completed generation 125 after 31.40396 seconds ***
- Best fitness in generation 125 is 7.9218197
-- Overall best fitness is found in generation 116 and is 7.921021
[MPI_TIMING] gen=125 total_max=0.245074s total_avg=0.245052s compute_max=0.118322s compute_avg=0.114531s comm_max=0.132332s comm_avg=0.130448s root_ops=0.004500s overhead_ratio=0.558
Running Generation 126...
*** Completed generation 126 after 31.648878 seconds ***
- Best fitness in generation 126 is 7.9218197
-- Overall best fitness is found in generation 116 and is 7.921021
[MPI_TIMING] gen=126 total_max=0.244914s total_avg=0.244893s compute_max=0.118181s compute_avg=0.114488s comm_max=0.132340s comm_avg=0.130331s root_ops=0.004509s overhead_ratio=0.559
Running Generation 127...
*** Completed generation 127 after 31.893822 seconds ***
- Best fitness in generation 127 is 7.9246244
-- Overall best fitness is found in generation 116 and is 7.921021
[MPI_TIMING] gen=127 total_max=0.245038s total_avg=0.244996s compute_max=0.117907s compute_avg=0.114497s comm_max=0.132407s comm_avg=0.130424s root_ops=0.004609s overhead_ratio=0.559
Running Generation 128...
*** Completed generation 128 after 32.138638 seconds ***
- Best fitness in generation 128 is 7.923024
-- Overall best fitness is found in generation 116 and is 7.921021
[MPI_TIMING] gen=128 total_max=0.244799s total_avg=0.244702s compute_max=0.117976s compute_avg=0.114502s comm_max=0.132118s comm_avg=0.130126s root_ops=0.004507s overhead_ratio=0.558
Running Generation 129...
*** Completed generation 129 after 32.383583 seconds ***
- Best fitness in generation 129 is 7.923024
-- Overall best fitness is found in generation 116 and is 7.921021
[MPI_TIMING] gen=129 total_max=0.244976s total_avg=0.244953s compute_max=0.118135s compute_avg=0.114483s comm_max=0.132414s comm_avg=0.130396s root_ops=0.004522s overhead_ratio=0.559
Running Generation 130...
*** Completed generation 130 after 32.62826 seconds ***
- Best fitness in generation 130 is 7.923024
-- Overall best fitness is found in generation 116 and is 7.921021
[MPI_TIMING] gen=130 total_max=0.244672s total_avg=0.244632s compute_max=0.118132s compute_avg=0.114472s comm_max=0.132056s comm_avg=0.130086s root_ops=0.004488s overhead_ratio=0.558
Running Generation 131...
*** Completed generation 131 after 32.872852 seconds ***
- Best fitness in generation 131 is 7.923024
-- Overall best fitness is found in generation 116 and is 7.921021
[MPI_TIMING] gen=131 total_max=0.244596s total_avg=0.244570s compute_max=0.118060s compute_avg=0.114473s comm_max=0.132136s comm_avg=0.130023s root_ops=0.004514s overhead_ratio=0.559
Running Generation 132...
*** Completed generation 132 after 33.11754 seconds ***
- Best fitness in generation 132 is 7.9234505
-- Overall best fitness is found in generation 116 and is 7.921021
[MPI_TIMING] gen=132 total_max=0.244685s total_avg=0.244656s compute_max=0.118037s compute_avg=0.114502s comm_max=0.132050s comm_avg=0.130081s root_ops=0.004499s overhead_ratio=0.558
Running Generation 133...
*** Completed generation 133 after 33.36245 seconds ***
- Best fitness in generation 133 is 7.923275
-- Overall best fitness is found in generation 116 and is 7.921021
[MPI_TIMING] gen=133 total_max=0.244908s total_avg=0.244881s compute_max=0.118271s compute_avg=0.114514s comm_max=0.132150s comm_avg=0.130294s root_ops=0.004487s overhead_ratio=0.558
Running Generation 134...
*** Completed generation 134 after 33.60715 seconds ***
- Best fitness in generation 134 is 7.9234505
-- Overall best fitness is found in generation 116 and is 7.921021
[MPI_TIMING] gen=134 total_max=0.244712s total_avg=0.244671s compute_max=0.117928s compute_avg=0.114522s comm_max=0.132002s comm_avg=0.130077s root_ops=0.004455s overhead_ratio=0.558
Running Generation 135...
*** Completed generation 135 after 33.852264 seconds ***
- Best fitness in generation 135 is 7.9234505
-- Overall best fitness is found in generation 116 and is 7.921021
[MPI_TIMING] gen=135 total_max=0.245129s total_avg=0.245098s compute_max=0.118375s compute_avg=0.114502s comm_max=0.132406s comm_avg=0.130523s root_ops=0.004487s overhead_ratio=0.558
Running Generation 136...
*** Completed generation 136 after 34.097176 seconds ***
- Best fitness in generation 136 is 7.9234505
-- Overall best fitness is found in generation 116 and is 7.921021
[MPI_TIMING] gen=136 total_max=0.244905s total_avg=0.244861s compute_max=0.117920s compute_avg=0.114494s comm_max=0.132275s comm_avg=0.130294s root_ops=0.004457s overhead_ratio=0.558
Running Generation 137...
*** Completed generation 137 after 34.341736 seconds ***
- Best fitness in generation 137 is 7.9234505
-- Overall best fitness is found in generation 116 and is 7.921021
[MPI_TIMING] gen=137 total_max=0.244564s total_avg=0.244545s compute_max=0.117895s compute_avg=0.114487s comm_max=0.132008s comm_avg=0.129985s root_ops=0.004462s overhead_ratio=0.558
Running Generation 138...
*** Completed generation 138 after 34.586567 seconds ***
- Best fitness in generation 138 is 7.9234505
-- Overall best fitness is found in generation 116 and is 7.921021
[MPI_TIMING] gen=138 total_max=0.244937s total_avg=0.244895s compute_max=0.118310s compute_avg=0.114527s comm_max=0.132224s comm_avg=0.130293s root_ops=0.004564s overhead_ratio=0.558
Running Generation 139...
*** Completed generation 139 after 34.831608 seconds ***
- Best fitness in generation 139 is 7.9238763
-- Overall best fitness is found in generation 116 and is 7.921021
[MPI_TIMING] gen=139 total_max=0.245037s total_avg=0.244982s compute_max=0.118149s compute_avg=0.114548s comm_max=0.132226s comm_avg=0.130361s root_ops=0.004516s overhead_ratio=0.558
Running Generation 140...
*** Completed generation 140 after 35.076683 seconds ***
- Best fitness in generation 140 is 7.9238763
-- Overall best fitness is found in generation 116 and is 7.921021
[MPI_TIMING] gen=140 total_max=0.245062s total_avg=0.244992s compute_max=0.118322s compute_avg=0.114528s comm_max=0.132274s comm_avg=0.130391s root_ops=0.004444s overhead_ratio=0.558
Running Generation 141...
*** Completed generation 141 after 35.321526 seconds ***
- Best fitness in generation 141 is 7.9238763
-- Overall best fitness is found in generation 116 and is 7.921021
[MPI_TIMING] gen=141 total_max=0.244921s total_avg=0.244883s compute_max=0.118238s compute_avg=0.114491s comm_max=0.132430s comm_avg=0.130318s root_ops=0.004524s overhead_ratio=0.559
Running Generation 142...
*** Completed generation 142 after 35.56663 seconds ***
- Best fitness in generation 142 is 7.9238763
-- Overall best fitness is found in generation 116 and is 7.921021
[MPI_TIMING] gen=142 total_max=0.245114s total_avg=0.245085s compute_max=0.118322s compute_avg=0.114522s comm_max=0.132331s comm_avg=0.130490s root_ops=0.004510s overhead_ratio=0.558
Running Generation 143...
*** Completed generation 143 after 35.811573 seconds ***
- Best fitness in generation 143 is 7.9238763
-- Overall best fitness is found in generation 116 and is 7.921021
[MPI_TIMING] gen=143 total_max=0.244931s total_avg=0.244905s compute_max=0.118233s compute_avg=0.114510s comm_max=0.132370s comm_avg=0.130322s root_ops=0.004498s overhead_ratio=0.559
Running Generation 144...
*** Completed generation 144 after 36.056293 seconds ***
- Best fitness in generation 144 is 7.9238763
-- Overall best fitness is found in generation 116 and is 7.921021
[MPI_TIMING] gen=144 total_max=0.244699s total_avg=0.244681s compute_max=0.118071s compute_avg=0.114517s comm_max=0.131992s comm_avg=0.130091s root_ops=0.004497s overhead_ratio=0.558
Running Generation 145...
*** Completed generation 145 after 36.30069 seconds ***
- Best fitness in generation 145 is 7.922788
-- Overall best fitness is found in generation 116 and is 7.921021
[MPI_TIMING] gen=145 total_max=0.244510s total_avg=0.244470s compute_max=0.117845s compute_avg=0.114533s comm_max=0.131838s comm_avg=0.129862s root_ops=0.004581s overhead_ratio=0.558
Running Generation 146...
*** Completed generation 146 after 36.545715 seconds ***
- Best fitness in generation 146 is 7.924603
-- Overall best fitness is found in generation 116 and is 7.921021
[MPI_TIMING] gen=146 total_max=0.244998s total_avg=0.244908s compute_max=0.118047s compute_avg=0.114481s comm_max=0.132441s comm_avg=0.130353s root_ops=0.004499s overhead_ratio=0.559
Running Generation 147...
*** Completed generation 147 after 36.790493 seconds ***
- Best fitness in generation 147 is 7.924603
-- Overall best fitness is found in generation 116 and is 7.921021
[MPI_TIMING] gen=147 total_max=0.244791s total_avg=0.244773s compute_max=0.118264s compute_avg=0.114500s comm_max=0.132131s comm_avg=0.130200s root_ops=0.004503s overhead_ratio=0.558
Running Generation 148...
*** Completed generation 148 after 37.03507 seconds ***
- Best fitness in generation 148 is 7.924603
-- Overall best fitness is found in generation 116 and is 7.921021
[MPI_TIMING] gen=148 total_max=0.244568s total_avg=0.244544s compute_max=0.118005s compute_avg=0.114529s comm_max=0.132023s comm_avg=0.129943s root_ops=0.004495s overhead_ratio=0.558
Running Generation 149...
*** Completed generation 149 after 37.28 seconds ***
- Best fitness in generation 149 is 7.9255977
-- Overall best fitness is found in generation 116 and is 7.921021
[MPI_TIMING] gen=149 total_max=0.244959s total_avg=0.244933s compute_max=0.118157s compute_avg=0.114513s comm_max=0.132261s comm_avg=0.130346s root_ops=0.004528s overhead_ratio=0.558
Running Generation 150...
*** Completed generation 150 after 37.524654 seconds ***
- Best fitness in generation 150 is 7.9255977
-- Overall best fitness is found in generation 116 and is 7.921021
[MPI_TIMING] gen=150 total_max=0.244629s total_avg=0.244548s compute_max=0.118095s compute_avg=0.114571s comm_max=0.131804s comm_avg=0.129904s root_ops=0.004440s overhead_ratio=0.557
Reached 150 generations, exiting...


- Overall best fitness is 7.921021
- The best individual is:
                generation:	116
                index:		4
                fitness:	7.921021
                string:	0.00000;0.42605;0.00000;0.00000;0.43075;0.67646;0.57492

