Scale config: households=48 horizon=60 individuals=2000 max_generation=150 repetitions=8
Running distributed (MPI) GA exploration...
Running Generation 1...
*** Completed generation 1 after 0.9782576 seconds ***
- Best fitness in generation 1 is 8.766814
-- Overall best fitness is found in generation 1 and is 8.766814
[MPI_TIMING] gen=1 total_max=0.979581s total_avg=0.978486s compute_max=0.972312s compute_avg=0.924785s comm_max=0.087330s comm_avg=0.053059s root_ops=0.004769s overhead_ratio=0.094
Running Generation 2...
*** Completed generation 2 after 1.8874435 seconds ***
- Best fitness in generation 2 is 8.692654
-- Overall best fitness is found in generation 2 and is 8.692654
[MPI_TIMING] gen=2 total_max=0.909111s total_avg=0.908959s compute_max=0.903024s compute_avg=0.897468s comm_max=0.018219s comm_avg=0.010896s root_ops=0.004545s overhead_ratio=0.025
Running Generation 3...
*** Completed generation 3 after 2.7945094 seconds ***
- Best fitness in generation 3 is 8.691964
-- Overall best fitness is found in generation 3 and is 8.691964
[MPI_TIMING] gen=3 total_max=0.907060s total_avg=0.907028s compute_max=0.901749s compute_avg=0.896842s comm_max=0.016871s comm_avg=0.009604s root_ops=0.004478s overhead_ratio=0.024
Running Generation 4...
*** Completed generation 4 after 3.7037168 seconds ***
- Best fitness in generation 4 is 8.691964
-- Overall best fitness is found in generation 3 and is 8.691964
[MPI_TIMING] gen=4 total_max=0.909305s total_avg=0.909202s compute_max=0.903098s compute_avg=0.898348s comm_max=0.020421s comm_avg=0.010255s root_ops=0.004633s overhead_ratio=0.028
Running Generation 5...
*** Completed generation 5 after 4.61452 seconds ***
- Best fitness in generation 5 is 8.705949
-- Overall best fitness is found in generation 3 and is 8.691964
[MPI_TIMING] gen=5 total_max=0.911140s total_avg=0.911090s compute_max=0.905186s compute_avg=0.900583s comm_max=0.018845s comm_avg=0.009927s root_ops=0.004477s overhead_ratio=0.026
Running Generation 6...
*** Completed generation 6 after 5.528391 seconds ***
- Best fitness in generation 6 is 8.705949
-- Overall best fitness is found in generation 3 and is 8.691964
[MPI_TIMING] gen=6 total_max=0.913677s total_avg=0.913521s compute_max=0.907488s compute_avg=0.901579s comm_max=0.021201s comm_avg=0.011340s root_ops=0.004679s overhead_ratio=0.028
Running Generation 7...
*** Completed generation 7 after 6.440877 seconds ***
- Best fitness in generation 7 is 8.705949
-- Overall best fitness is found in generation 3 and is 8.691964
[MPI_TIMING] gen=7 total_max=0.912468s total_avg=0.912415s compute_max=0.906316s compute_avg=0.902596s comm_max=0.020746s comm_avg=0.009249s root_ops=0.004442s overhead_ratio=0.028
Running Generation 8...
*** Completed generation 8 after 7.3582554 seconds ***
- Best fitness in generation 8 is 8.704443
-- Overall best fitness is found in generation 3 and is 8.691964
[MPI_TIMING] gen=8 total_max=0.917377s total_avg=0.917346s compute_max=0.911467s compute_avg=0.904275s comm_max=0.024978s comm_avg=0.012509s root_ops=0.004378s overhead_ratio=0.032
Running Generation 9...
*** Completed generation 9 after 8.271332 seconds ***
- Best fitness in generation 9 is 8.704443
-- Overall best fitness is found in generation 3 and is 8.691964
[MPI_TIMING] gen=9 total_max=0.913053s total_avg=0.913028s compute_max=0.907351s compute_avg=0.903672s comm_max=0.018671s comm_avg=0.008792s root_ops=0.004390s overhead_ratio=0.025
Running Generation 10...
*** Completed generation 10 after 9.190951 seconds ***
- Best fitness in generation 10 is 8.6971855
-- Overall best fitness is found in generation 3 and is 8.691964
[MPI_TIMING] gen=10 total_max=0.919824s total_avg=0.919624s compute_max=0.913726s compute_avg=0.905268s comm_max=0.024668s comm_avg=0.013762s root_ops=0.004637s overhead_ratio=0.032
Running Generation 11...
*** Completed generation 11 after 10.106573 seconds ***
- Best fitness in generation 11 is 8.551229
-- Overall best fitness is found in generation 11 and is 8.551229
[MPI_TIMING] gen=11 total_max=0.915605s total_avg=0.915570s compute_max=0.910307s compute_avg=0.904026s comm_max=0.022709s comm_avg=0.010961s root_ops=0.004548s overhead_ratio=0.030
Running Generation 12...
*** Completed generation 12 after 11.025428 seconds ***
- Best fitness in generation 12 is 8.417839
-- Overall best fitness is found in generation 12 and is 8.417839
[MPI_TIMING] gen=12 total_max=0.918835s total_avg=0.918822s compute_max=0.912763s compute_avg=0.904998s comm_max=0.026089s comm_avg=0.013242s root_ops=0.004532s overhead_ratio=0.033
Running Generation 13...
*** Completed generation 13 after 11.938325 seconds ***
- Best fitness in generation 13 is 8.335981
-- Overall best fitness is found in generation 13 and is 8.335981
[MPI_TIMING] gen=13 total_max=0.912878s total_avg=0.912853s compute_max=0.907512s compute_avg=0.904505s comm_max=0.020265s comm_avg=0.007783s root_ops=0.004412s overhead_ratio=0.027
Running Generation 14...
*** Completed generation 14 after 12.8603 seconds ***
- Best fitness in generation 14 is 8.378594
-- Overall best fitness is found in generation 13 and is 8.335981
[MPI_TIMING] gen=14 total_max=0.921959s total_avg=0.921939s compute_max=0.916092s compute_avg=0.906590s comm_max=0.025917s comm_avg=0.014794s root_ops=0.004322s overhead_ratio=0.033
Running Generation 15...
*** Completed generation 15 after 13.774243 seconds ***
- Best fitness in generation 15 is 8.3446865
-- Overall best fitness is found in generation 13 and is 8.335981
[MPI_TIMING] gen=15 total_max=0.914101s total_avg=0.913947s compute_max=0.908560s compute_avg=0.906310s comm_max=0.014788s comm_avg=0.007057s root_ops=0.004519s overhead_ratio=0.021
Running Generation 16...
*** Completed generation 16 after 14.695273 seconds ***
- Best fitness in generation 16 is 8.233129
-- Overall best fitness is found in generation 16 and is 8.233129
[MPI_TIMING] gen=16 total_max=0.921010s total_avg=0.920972s compute_max=0.915071s compute_avg=0.907717s comm_max=0.023285s comm_avg=0.012692s root_ops=0.004385s overhead_ratio=0.030
Running Generation 17...
*** Completed generation 17 after 15.60996 seconds ***
- Best fitness in generation 17 is 8.241284
-- Overall best fitness is found in generation 16 and is 8.233129
[MPI_TIMING] gen=17 total_max=0.914713s total_avg=0.914668s compute_max=0.909382s compute_avg=0.906009s comm_max=0.015777s comm_avg=0.008085s root_ops=0.004480s overhead_ratio=0.022
Running Generation 18...
*** Completed generation 18 after 16.53056 seconds ***
- Best fitness in generation 18 is 8.163475
-- Overall best fitness is found in generation 18 and is 8.163475
[MPI_TIMING] gen=18 total_max=0.920614s total_avg=0.920576s compute_max=0.914662s compute_avg=0.908384s comm_max=0.021539s comm_avg=0.011610s root_ops=0.004536s overhead_ratio=0.028
Running Generation 19...
*** Completed generation 19 after 17.445484 seconds ***
- Best fitness in generation 19 is 8.163902
-- Overall best fitness is found in generation 18 and is 8.163475
[MPI_TIMING] gen=19 total_max=0.914909s total_avg=0.914887s compute_max=0.909656s compute_avg=0.906079s comm_max=0.016430s comm_avg=0.008240s root_ops=0.004432s overhead_ratio=0.023
Running Generation 20...
*** Completed generation 20 after 18.371468 seconds ***
- Best fitness in generation 20 is 8.147521
-- Overall best fitness is found in generation 20 and is 8.147521
[MPI_TIMING] gen=20 total_max=0.926028s total_avg=0.925965s compute_max=0.920112s compute_avg=0.908164s comm_max=0.028103s comm_avg=0.017222s root_ops=0.004520s overhead_ratio=0.035
Running Generation 21...
*** Completed generation 21 after 19.289978 seconds ***
- Best fitness in generation 21 is 8.043912
-- Overall best fitness is found in generation 21 and is 8.043912
[MPI_TIMING] gen=21 total_max=0.918589s total_avg=0.918509s compute_max=0.912678s compute_avg=0.908410s comm_max=0.018934s comm_avg=0.009505s root_ops=0.004632s overhead_ratio=0.026
Running Generation 22...
*** Completed generation 22 after 20.21646 seconds ***
- Best fitness in generation 22 is 8.058934
-- Overall best fitness is found in generation 21 and is 8.043912
[MPI_TIMING] gen=22 total_max=0.926458s total_avg=0.926420s compute_max=0.920421s compute_avg=0.909795s comm_max=0.025983s comm_avg=0.016048s root_ops=0.004500s overhead_ratio=0.033
Running Generation 23...
*** Completed generation 23 after 21.136786 seconds ***
- Best fitness in generation 23 is 8.058934
-- Overall best fitness is found in generation 21 and is 8.043912
[MPI_TIMING] gen=23 total_max=0.920306s total_avg=0.920276s compute_max=0.914357s compute_avg=0.909923s comm_max=0.019358s comm_avg=0.009795s root_ops=0.004344s overhead_ratio=0.026
Running Generation 24...
*** Completed generation 24 after 22.063366 seconds ***
- Best fitness in generation 24 is 8.046622
-- Overall best fitness is found in generation 21 and is 8.043912
[MPI_TIMING] gen=24 total_max=0.926740s total_avg=0.926582s compute_max=0.920750s compute_avg=0.910966s comm_max=0.025184s comm_avg=0.015032s root_ops=0.004545s overhead_ratio=0.032
Running Generation 25...
*** Completed generation 25 after 22.985134 seconds ***
- Best fitness in generation 25 is 8.025075
-- Overall best fitness is found in generation 25 and is 8.025075
[MPI_TIMING] gen=25 total_max=0.921755s total_avg=0.921749s compute_max=0.916908s compute_avg=0.911082s comm_max=0.018998s comm_avg=0.010080s root_ops=0.004570s overhead_ratio=0.026
Running Generation 26...
*** Completed generation 26 after 23.91315 seconds ***
- Best fitness in generation 26 is 8.008522
-- Overall best fitness is found in generation 26 and is 8.008522
[MPI_TIMING] gen=26 total_max=0.928002s total_avg=0.927978s compute_max=0.921983s compute_avg=0.911030s comm_max=0.029251s comm_avg=0.016377s root_ops=0.004449s overhead_ratio=0.036
Running Generation 27...
*** Completed generation 27 after 24.83793 seconds ***
- Best fitness in generation 27 is 7.9824605
-- Overall best fitness is found in generation 27 and is 7.9824605
[MPI_TIMING] gen=27 total_max=0.924760s total_avg=0.924741s compute_max=0.918838s compute_avg=0.911696s comm_max=0.025581s comm_avg=0.012481s root_ops=0.004394s overhead_ratio=0.032
Running Generation 28...
*** Completed generation 28 after 25.766457 seconds ***
- Best fitness in generation 28 is 7.9824605
-- Overall best fitness is found in generation 27 and is 7.9824605
[MPI_TIMING] gen=28 total_max=0.928671s total_avg=0.928520s compute_max=0.922660s compute_avg=0.912162s comm_max=0.028240s comm_avg=0.015770s root_ops=0.004586s overhead_ratio=0.035
Running Generation 29...
*** Completed generation 29 after 26.69186 seconds ***
- Best fitness in generation 29 is 7.9824605
-- Overall best fitness is found in generation 27 and is 7.9824605
[MPI_TIMING] gen=29 total_max=0.925405s total_avg=0.925389s compute_max=0.919295s compute_avg=0.911380s comm_max=0.024209s comm_avg=0.013415s root_ops=0.004624s overhead_ratio=0.031
Running Generation 30...
*** Completed generation 30 after 27.61907 seconds ***
- Best fitness in generation 30 is 7.978108
-- Overall best fitness is found in generation 30 and is 7.978108
[MPI_TIMING] gen=30 total_max=0.927190s total_avg=0.927151s compute_max=0.921171s compute_avg=0.912210s comm_max=0.025565s comm_avg=0.014365s root_ops=0.004487s overhead_ratio=0.032
Running Generation 31...
*** Completed generation 31 after 28.544203 seconds ***
- Best fitness in generation 31 is 7.9463096
-- Overall best fitness is found in generation 31 and is 7.9463096
[MPI_TIMING] gen=31 total_max=0.925117s total_avg=0.925111s compute_max=0.919423s compute_avg=0.912787s comm_max=0.023063s comm_avg=0.011746s root_ops=0.004512s overhead_ratio=0.030
Running Generation 32...
*** Completed generation 32 after 29.474234 seconds ***
- Best fitness in generation 32 is 7.929336
-- Overall best fitness is found in generation 32 and is 7.929336
[MPI_TIMING] gen=32 total_max=0.930013s total_avg=0.929998s compute_max=0.924059s compute_avg=0.912802s comm_max=0.027925s comm_avg=0.016622s root_ops=0.004474s overhead_ratio=0.035
Running Generation 33...
*** Completed generation 33 after 30.399908 seconds ***
- Best fitness in generation 33 is 7.929336
-- Overall best fitness is found in generation 32 and is 7.929336
[MPI_TIMING] gen=33 total_max=0.925663s total_avg=0.925657s compute_max=0.919686s compute_avg=0.911239s comm_max=0.024353s comm_avg=0.013842s root_ops=0.004493s overhead_ratio=0.031
Running Generation 34...
*** Completed generation 34 after 31.328985 seconds ***
- Best fitness in generation 34 is 7.929336
-- Overall best fitness is found in generation 32 and is 7.929336
[MPI_TIMING] gen=34 total_max=0.929054s total_avg=0.929046s compute_max=0.923148s compute_avg=0.911664s comm_max=0.026890s comm_avg=0.016805s root_ops=0.004493s overhead_ratio=0.034
Running Generation 35...
*** Completed generation 35 after 32.254368 seconds ***
- Best fitness in generation 35 is 7.929336
-- Overall best fitness is found in generation 32 and is 7.929336
[MPI_TIMING] gen=35 total_max=0.925367s total_avg=0.925352s compute_max=0.919445s compute_avg=0.910961s comm_max=0.026412s comm_avg=0.013817s root_ops=0.004479s overhead_ratio=0.033
Running Generation 36...
*** Completed generation 36 after 33.182896 seconds ***
- Best fitness in generation 36 is 7.929336
-- Overall best fitness is found in generation 32 and is 7.929336
[MPI_TIMING] gen=36 total_max=0.928507s total_avg=0.928490s compute_max=0.922586s compute_avg=0.911495s comm_max=0.030177s comm_avg=0.016429s root_ops=0.004405s overhead_ratio=0.037
Running Generation 37...
*** Completed generation 37 after 34.110397 seconds ***
- Best fitness in generation 37 is 7.929336
-- Overall best fitness is found in generation 32 and is 7.929336
[MPI_TIMING] gen=37 total_max=0.927488s total_avg=0.927482s compute_max=0.921623s compute_avg=0.912159s comm_max=0.025255s comm_avg=0.014753s root_ops=0.004435s overhead_ratio=0.032
Running Generation 38...
*** Completed generation 38 after 35.0408 seconds ***
- Best fitness in generation 38 is 7.9319005
-- Overall best fitness is found in generation 32 and is 7.929336
[MPI_TIMING] gen=38 total_max=0.930412s total_avg=0.930383s compute_max=0.924530s compute_avg=0.911885s comm_max=0.027147s comm_avg=0.017921s root_ops=0.004491s overhead_ratio=0.034
Running Generation 39...
*** Completed generation 39 after 35.968132 seconds ***
- Best fitness in generation 39 is 7.9332848
-- Overall best fitness is found in generation 32 and is 7.929336
[MPI_TIMING] gen=39 total_max=0.927316s total_avg=0.927304s compute_max=0.921385s compute_avg=0.912637s comm_max=0.023222s comm_avg=0.014094s root_ops=0.004451s overhead_ratio=0.030
Running Generation 40...
*** Completed generation 40 after 36.8972 seconds ***
- Best fitness in generation 40 is 7.929694
-- Overall best fitness is found in generation 32 and is 7.929336
[MPI_TIMING] gen=40 total_max=0.929091s total_avg=0.929052s compute_max=0.923099s compute_avg=0.912524s comm_max=0.024462s comm_avg=0.015948s root_ops=0.004515s overhead_ratio=0.031
Running Generation 41...
*** Completed generation 41 after 37.824577 seconds ***
- Best fitness in generation 41 is 7.929694
-- Overall best fitness is found in generation 32 and is 7.929336
[MPI_TIMING] gen=41 total_max=0.927364s total_avg=0.927334s compute_max=0.921461s compute_avg=0.912372s comm_max=0.021969s comm_avg=0.014391s root_ops=0.004444s overhead_ratio=0.028
Running Generation 42...
*** Completed generation 42 after 38.753162 seconds ***
- Best fitness in generation 42 is 7.929694
-- Overall best fitness is found in generation 32 and is 7.929336
[MPI_TIMING] gen=42 total_max=0.928565s total_avg=0.928545s compute_max=0.922698s compute_avg=0.912302s comm_max=0.024309s comm_avg=0.015685s root_ops=0.004344s overhead_ratio=0.031
Running Generation 43...
*** Completed generation 43 after 39.681595 seconds ***
- Best fitness in generation 43 is 7.929694
-- Overall best fitness is found in generation 32 and is 7.929336
[MPI_TIMING] gen=43 total_max=0.928544s total_avg=0.928431s compute_max=0.922625s compute_avg=0.912541s comm_max=0.024158s comm_avg=0.015313s root_ops=0.004495s overhead_ratio=0.031
Running Generation 44...
*** Completed generation 44 after 40.609562 seconds ***
- Best fitness in generation 44 is 7.9268756
-- Overall best fitness is found in generation 44 and is 7.9268756
[MPI_TIMING] gen=44 total_max=0.927946s total_avg=0.927929s compute_max=0.922006s compute_avg=0.911585s comm_max=0.024787s comm_avg=0.015777s root_ops=0.004420s overhead_ratio=0.031
Running Generation 45...
*** Completed generation 45 after 41.538143 seconds ***
- Best fitness in generation 45 is 7.9268756
-- Overall best fitness is found in generation 44 and is 7.9268756
[MPI_TIMING] gen=45 total_max=0.928631s total_avg=0.928565s compute_max=0.922702s compute_avg=0.912017s comm_max=0.025856s comm_avg=0.015969s root_ops=0.004515s overhead_ratio=0.033
Running Generation 46...
*** Completed generation 46 after 42.467865 seconds ***
- Best fitness in generation 46 is 7.9268756
-- Overall best fitness is found in generation 44 and is 7.9268756
[MPI_TIMING] gen=46 total_max=0.929707s total_avg=0.929693s compute_max=0.923727s compute_avg=0.911894s comm_max=0.026997s comm_avg=0.017225s root_ops=0.004468s overhead_ratio=0.034
Running Generation 47...
*** Completed generation 47 after 43.396225 seconds ***
- Best fitness in generation 47 is 7.9268756
-- Overall best fitness is found in generation 44 and is 7.9268756
[MPI_TIMING] gen=47 total_max=0.928344s total_avg=0.928334s compute_max=0.922468s compute_avg=0.911366s comm_max=0.024850s comm_avg=0.016398s root_ops=0.004443s overhead_ratio=0.032
Running Generation 48...
*** Completed generation 48 after 44.32681 seconds ***
- Best fitness in generation 48 is 7.9268756
-- Overall best fitness is found in generation 44 and is 7.9268756
[MPI_TIMING] gen=48 total_max=0.930614s total_avg=0.930569s compute_max=0.924660s compute_avg=0.911699s comm_max=0.026403s comm_avg=0.018289s root_ops=0.004518s overhead_ratio=0.033
Running Generation 49...
*** Completed generation 49 after 45.254333 seconds ***
- Best fitness in generation 49 is 7.9268756
-- Overall best fitness is found in generation 44 and is 7.9268756
[MPI_TIMING] gen=49 total_max=0.927508s total_avg=0.927497s compute_max=0.921563s compute_avg=0.911953s comm_max=0.024005s comm_avg=0.014967s root_ops=0.004495s overhead_ratio=0.031
Running Generation 50...
*** Completed generation 50 after 46.18644 seconds ***
- Best fitness in generation 50 is 7.925761
-- Overall best fitness is found in generation 50 and is 7.925761
[MPI_TIMING] gen=50 total_max=0.932083s total_avg=0.932065s compute_max=0.926162s compute_avg=0.912193s comm_max=0.029414s comm_avg=0.019305s root_ops=0.004422s overhead_ratio=0.036
Running Generation 51...
*** Completed generation 51 after 47.113823 seconds ***
- Best fitness in generation 51 is 7.925761
-- Overall best fitness is found in generation 50 and is 7.925761
[MPI_TIMING] gen=51 total_max=0.927372s total_avg=0.927363s compute_max=0.921508s compute_avg=0.911492s comm_max=0.023156s comm_avg=0.015300s root_ops=0.004452s overhead_ratio=0.030
Running Generation 52...
*** Completed generation 52 after 48.044086 seconds ***
- Best fitness in generation 52 is 7.924668
-- Overall best fitness is found in generation 52 and is 7.924668
[MPI_TIMING] gen=52 total_max=0.930261s total_avg=0.930248s compute_max=0.924363s compute_avg=0.912142s comm_max=0.025153s comm_avg=0.017529s root_ops=0.004488s overhead_ratio=0.032
Running Generation 53...
*** Completed generation 53 after 48.9718 seconds ***
- Best fitness in generation 53 is 7.924668
-- Overall best fitness is found in generation 52 and is 7.924668
[MPI_TIMING] gen=53 total_max=0.927773s total_avg=0.927704s compute_max=0.921710s compute_avg=0.911781s comm_max=0.024255s comm_avg=0.015334s root_ops=0.004587s overhead_ratio=0.031
Running Generation 54...
*** Completed generation 54 after 49.905083 seconds ***
- Best fitness in generation 54 is 7.923333
-- Overall best fitness is found in generation 54 and is 7.923333
[MPI_TIMING] gen=54 total_max=0.933258s total_avg=0.933220s compute_max=0.927248s compute_avg=0.911745s comm_max=0.030912s comm_avg=0.020901s root_ops=0.004466s overhead_ratio=0.038
Running Generation 55...
*** Completed generation 55 after 50.832653 seconds ***
- Best fitness in generation 55 is 7.9230466
-- Overall best fitness is found in generation 55 and is 7.9230466
[MPI_TIMING] gen=55 total_max=0.927584s total_avg=0.927561s compute_max=0.921633s compute_avg=0.911325s comm_max=0.027500s comm_avg=0.015656s root_ops=0.004516s overhead_ratio=0.035
Running Generation 56...
*** Completed generation 56 after 51.765068 seconds ***
- Best fitness in generation 56 is 7.922929
-- Overall best fitness is found in generation 56 and is 7.922929
[MPI_TIMING] gen=56 total_max=0.932385s total_avg=0.932374s compute_max=0.926426s compute_avg=0.912228s comm_max=0.031319s comm_avg=0.019570s root_ops=0.004495s overhead_ratio=0.038
Running Generation 57...
*** Completed generation 57 after 52.691944 seconds ***
- Best fitness in generation 57 is 7.922929
-- Overall best fitness is found in generation 56 and is 7.922929
[MPI_TIMING] gen=57 total_max=0.926862s total_avg=0.926847s compute_max=0.920927s compute_avg=0.911374s comm_max=0.025215s comm_avg=0.014901s root_ops=0.004460s overhead_ratio=0.032
Running Generation 58...
*** Completed generation 58 after 53.622143 seconds ***
- Best fitness in generation 58 is 7.922929
-- Overall best fitness is found in generation 56 and is 7.922929
[MPI_TIMING] gen=58 total_max=0.930181s total_avg=0.930167s compute_max=0.924274s compute_avg=0.911943s comm_max=0.029607s comm_avg=0.017657s root_ops=0.004413s overhead_ratio=0.037
Running Generation 59...
*** Completed generation 59 after 54.548992 seconds ***
- Best fitness in generation 59 is 7.922929
-- Overall best fitness is found in generation 56 and is 7.922929
[MPI_TIMING] gen=59 total_max=0.926851s total_avg=0.926831s compute_max=0.920961s compute_avg=0.910900s comm_max=0.025122s comm_avg=0.015359s root_ops=0.004458s overhead_ratio=0.032
Running Generation 60...
*** Completed generation 60 after 55.47959 seconds ***
- Best fitness in generation 60 is 7.922929
-- Overall best fitness is found in generation 56 and is 7.922929
[MPI_TIMING] gen=60 total_max=0.930583s total_avg=0.930571s compute_max=0.924659s compute_avg=0.912198s comm_max=0.028653s comm_avg=0.017804s root_ops=0.004436s overhead_ratio=0.036
Running Generation 61...
*** Completed generation 61 after 56.406723 seconds ***
- Best fitness in generation 61 is 7.922929
-- Overall best fitness is found in generation 56 and is 7.922929
[MPI_TIMING] gen=61 total_max=0.927142s total_avg=0.927109s compute_max=0.921220s compute_avg=0.912035s comm_max=0.025102s comm_avg=0.014497s root_ops=0.004495s overhead_ratio=0.032
Running Generation 62...
*** Completed generation 62 after 57.33581 seconds ***
- Best fitness in generation 62 is 7.923952
-- Overall best fitness is found in generation 56 and is 7.922929
[MPI_TIMING] gen=62 total_max=0.929074s total_avg=0.929071s compute_max=0.923104s compute_avg=0.911631s comm_max=0.027802s comm_avg=0.016859s root_ops=0.004519s overhead_ratio=0.035
Running Generation 63...
*** Completed generation 63 after 58.262478 seconds ***
- Best fitness in generation 63 is 7.923952
-- Overall best fitness is found in generation 56 and is 7.922929
[MPI_TIMING] gen=63 total_max=0.926648s total_avg=0.926635s compute_max=0.920734s compute_avg=0.912478s comm_max=0.024848s comm_avg=0.013578s root_ops=0.004497s overhead_ratio=0.032
Running Generation 64...
*** Completed generation 64 after 59.19251 seconds ***
- Best fitness in generation 64 is 7.923952
-- Overall best fitness is found in generation 56 and is 7.922929
[MPI_TIMING] gen=64 total_max=0.930016s total_avg=0.930005s compute_max=0.924080s compute_avg=0.912385s comm_max=0.028871s comm_avg=0.017047s root_ops=0.004469s overhead_ratio=0.036
Running Generation 65...
*** Completed generation 65 after 60.119377 seconds ***
- Best fitness in generation 65 is 7.923952
-- Overall best fitness is found in generation 56 and is 7.922929
[MPI_TIMING] gen=65 total_max=0.926853s total_avg=0.926847s compute_max=0.920889s compute_avg=0.910898s comm_max=0.025232s comm_avg=0.015373s root_ops=0.004487s overhead_ratio=0.032
Running Generation 66...
*** Completed generation 66 after 61.049202 seconds ***
- Best fitness in generation 66 is 7.923952
-- Overall best fitness is found in generation 56 and is 7.922929
[MPI_TIMING] gen=66 total_max=0.929806s total_avg=0.929797s compute_max=0.923886s compute_avg=0.911812s comm_max=0.027412s comm_avg=0.017411s root_ops=0.004478s overhead_ratio=0.034
Running Generation 67...
*** Completed generation 67 after 61.977448 seconds ***
- Best fitness in generation 67 is 7.923952
-- Overall best fitness is found in generation 56 and is 7.922929
[MPI_TIMING] gen=67 total_max=0.928227s total_avg=0.928217s compute_max=0.922297s compute_avg=0.911546s comm_max=0.026665s comm_avg=0.016097s root_ops=0.004470s overhead_ratio=0.034
Running Generation 68...
*** Completed generation 68 after 62.909622 seconds ***
- Best fitness in generation 68 is 7.923952
-- Overall best fitness is found in generation 56 and is 7.922929
[MPI_TIMING] gen=68 total_max=0.932155s total_avg=0.932147s compute_max=0.926223s compute_avg=0.911718s comm_max=0.031122s comm_avg=0.019857s root_ops=0.004466s overhead_ratio=0.038
Running Generation 69...
*** Completed generation 69 after 63.83695 seconds ***
- Best fitness in generation 69 is 7.923952
-- Overall best fitness is found in generation 56 and is 7.922929
[MPI_TIMING] gen=69 total_max=0.927315s total_avg=0.927303s compute_max=0.921411s compute_avg=0.911608s comm_max=0.026507s comm_avg=0.015125s root_ops=0.004439s overhead_ratio=0.033
Running Generation 70...
*** Completed generation 70 after 64.769356 seconds ***
- Best fitness in generation 70 is 7.923952
-- Overall best fitness is found in generation 56 and is 7.922929
[MPI_TIMING] gen=70 total_max=0.932435s total_avg=0.932388s compute_max=0.926537s compute_avg=0.912025s comm_max=0.031824s comm_avg=0.019784s root_ops=0.004512s overhead_ratio=0.039
Running Generation 71...
*** Completed generation 71 after 65.697975 seconds ***
- Best fitness in generation 71 is 7.925215
-- Overall best fitness is found in generation 56 and is 7.922929
[MPI_TIMING] gen=71 total_max=0.928653s total_avg=0.928605s compute_max=0.922539s compute_avg=0.912047s comm_max=0.025307s comm_avg=0.015969s root_ops=0.004589s overhead_ratio=0.032
Running Generation 72...
*** Completed generation 72 after 66.62986 seconds ***
- Best fitness in generation 72 is 7.925215
-- Overall best fitness is found in generation 56 and is 7.922929
[MPI_TIMING] gen=72 total_max=0.931866s total_avg=0.931834s compute_max=0.925885s compute_avg=0.912071s comm_max=0.030225s comm_avg=0.019189s root_ops=0.004473s overhead_ratio=0.037
Running Generation 73...
*** Completed generation 73 after 67.556755 seconds ***
- Best fitness in generation 73 is 7.925215
-- Overall best fitness is found in generation 56 and is 7.922929
[MPI_TIMING] gen=73 total_max=0.926906s total_avg=0.926875s compute_max=0.920960s compute_avg=0.911699s comm_max=0.024604s comm_avg=0.014596s root_ops=0.004530s overhead_ratio=0.031
Running Generation 74...
*** Completed generation 74 after 68.48961 seconds ***
- Best fitness in generation 74 is 7.925215
-- Overall best fitness is found in generation 56 and is 7.922929
[MPI_TIMING] gen=74 total_max=0.932840s total_avg=0.932819s compute_max=0.926851s compute_avg=0.911505s comm_max=0.031235s comm_avg=0.020745s root_ops=0.004435s overhead_ratio=0.038
Running Generation 75...
*** Completed generation 75 after 69.41796 seconds ***
- Best fitness in generation 75 is 7.925215
-- Overall best fitness is found in generation 56 and is 7.922929
[MPI_TIMING] gen=75 total_max=0.928370s total_avg=0.928330s compute_max=0.922444s compute_avg=0.911233s comm_max=0.025729s comm_avg=0.016518s root_ops=0.004504s overhead_ratio=0.033
Running Generation 76...
*** Completed generation 76 after 70.34791 seconds ***
- Best fitness in generation 76 is 7.925215
-- Overall best fitness is found in generation 56 and is 7.922929
[MPI_TIMING] gen=76 total_max=0.929939s total_avg=0.929927s compute_max=0.923975s compute_avg=0.911185s comm_max=0.027259s comm_avg=0.018168s root_ops=0.004468s overhead_ratio=0.034
Running Generation 77...
*** Completed generation 77 after 71.27621 seconds ***
- Best fitness in generation 77 is 7.925215
-- Overall best fitness is found in generation 56 and is 7.922929
[MPI_TIMING] gen=77 total_max=0.928301s total_avg=0.928282s compute_max=0.922386s compute_avg=0.911206s comm_max=0.025397s comm_avg=0.016496s root_ops=0.004515s overhead_ratio=0.032
Running Generation 78...
*** Completed generation 78 after 72.204475 seconds ***
- Best fitness in generation 78 is 7.925215
-- Overall best fitness is found in generation 56 and is 7.922929
[MPI_TIMING] gen=78 total_max=0.928246s total_avg=0.928235s compute_max=0.922289s compute_avg=0.911477s comm_max=0.026484s comm_avg=0.016183s root_ops=0.004483s overhead_ratio=0.033
Running Generation 79...
*** Completed generation 79 after 73.13092 seconds ***
- Best fitness in generation 79 is 7.925215
-- Overall best fitness is found in generation 56 and is 7.922929
[MPI_TIMING] gen=79 total_max=0.926431s total_avg=0.926418s compute_max=0.920507s compute_avg=0.911332s comm_max=0.023080s comm_avg=0.014516s root_ops=0.004444s overhead_ratio=0.030
Running Generation 80...
*** Completed generation 80 after 74.05893 seconds ***
- Best fitness in generation 80 is 7.925419
-- Overall best fitness is found in generation 56 and is 7.922929
[MPI_TIMING] gen=80 total_max=0.927988s total_avg=0.927983s compute_max=0.922101s compute_avg=0.912099s comm_max=0.024305s comm_avg=0.015310s root_ops=0.004472s overhead_ratio=0.031
Running Generation 81...
*** Completed generation 81 after 74.98708 seconds ***
- Best fitness in generation 81 is 7.925419
-- Overall best fitness is found in generation 56 and is 7.922929
[MPI_TIMING] gen=81 total_max=0.928136s total_avg=0.928130s compute_max=0.922422s compute_avg=0.912636s comm_max=0.024621s comm_avg=0.014919s root_ops=0.004482s overhead_ratio=0.031
Running Generation 82...
*** Completed generation 82 after 75.915375 seconds ***
- Best fitness in generation 82 is 7.926589
-- Overall best fitness is found in generation 56 and is 7.922929
[MPI_TIMING] gen=82 total_max=0.928276s total_avg=0.928266s compute_max=0.922346s compute_avg=0.911883s comm_max=0.024710s comm_avg=0.015810s root_ops=0.004467s overhead_ratio=0.031
Running Generation 83...
*** Completed generation 83 after 76.84361 seconds ***
- Best fitness in generation 83 is 7.926589
-- Overall best fitness is found in generation 56 and is 7.922929
[MPI_TIMING] gen=83 total_max=0.928226s total_avg=0.928218s compute_max=0.922329s compute_avg=0.912344s comm_max=0.024928s comm_avg=0.015300s root_ops=0.004473s overhead_ratio=0.032
Running Generation 84...
*** Completed generation 84 after 77.77363 seconds ***
- Best fitness in generation 84 is 7.9268875
-- Overall best fitness is found in generation 56 and is 7.922929
[MPI_TIMING] gen=84 total_max=0.930001s total_avg=0.929992s compute_max=0.924260s compute_avg=0.912941s comm_max=0.026163s comm_avg=0.016479s root_ops=0.004453s overhead_ratio=0.033
Running Generation 85...
*** Completed generation 85 after 78.700714 seconds ***
- Best fitness in generation 85 is 7.9241347
-- Overall best fitness is found in generation 56 and is 7.922929
[MPI_TIMING] gen=85 total_max=0.927055s total_avg=0.927050s compute_max=0.921210s compute_avg=0.911932s comm_max=0.022663s comm_avg=0.014545s root_ops=0.004459s overhead_ratio=0.029
Running Generation 86...
*** Completed generation 86 after 79.629524 seconds ***
- Best fitness in generation 86 is 7.9241347
-- Overall best fitness is found in generation 56 and is 7.922929
[MPI_TIMING] gen=86 total_max=0.928792s total_avg=0.928783s compute_max=0.922882s compute_avg=0.912757s comm_max=0.024532s comm_avg=0.015455s root_ops=0.004458s overhead_ratio=0.031
Running Generation 87...
*** Completed generation 87 after 80.549835 seconds ***
- Best fitness in generation 87 is 7.9241347
-- Overall best fitness is found in generation 56 and is 7.922929
[MPI_TIMING] gen=87 total_max=0.920298s total_avg=0.920287s compute_max=0.914561s compute_avg=0.910993s comm_max=0.016363s comm_avg=0.008724s root_ops=0.004451s overhead_ratio=0.023
Running Generation 88...
*** Completed generation 88 after 81.47875 seconds ***
- Best fitness in generation 88 is 7.922063
-- Overall best fitness is found in generation 88 and is 7.922063
[MPI_TIMING] gen=88 total_max=0.928903s total_avg=0.928897s compute_max=0.923013s compute_avg=0.912739s comm_max=0.024586s comm_avg=0.015582s root_ops=0.004479s overhead_ratio=0.031
Running Generation 89...
*** Completed generation 89 after 82.40125 seconds ***
- Best fitness in generation 89 is 7.922063
-- Overall best fitness is found in generation 88 and is 7.922063
[MPI_TIMING] gen=89 total_max=0.922485s total_avg=0.922472s compute_max=0.916498s compute_avg=0.911646s comm_max=0.018484s comm_avg=0.010253s root_ops=0.004457s overhead_ratio=0.025
Running Generation 90...
*** Completed generation 90 after 83.330025 seconds ***
- Best fitness in generation 90 is 7.9232492
-- Overall best fitness is found in generation 88 and is 7.922063
[MPI_TIMING] gen=90 total_max=0.928755s total_avg=0.928733s compute_max=0.922853s compute_avg=0.911824s comm_max=0.025605s comm_avg=0.016353s root_ops=0.004337s overhead_ratio=0.032
Running Generation 91...
*** Completed generation 91 after 84.25127 seconds ***
- Best fitness in generation 91 is 7.924709
-- Overall best fitness is found in generation 88 and is 7.922063
[MPI_TIMING] gen=91 total_max=0.921224s total_avg=0.921220s compute_max=0.915405s compute_avg=0.911243s comm_max=0.016859s comm_avg=0.009414s root_ops=0.004380s overhead_ratio=0.023
Running Generation 92...
*** Completed generation 92 after 85.18022 seconds ***
- Best fitness in generation 92 is 7.9254584
-- Overall best fitness is found in generation 88 and is 7.922063
[MPI_TIMING] gen=92 total_max=0.929026s total_avg=0.928941s compute_max=0.923137s compute_avg=0.911876s comm_max=0.023956s comm_avg=0.016488s root_ops=0.004500s overhead_ratio=0.031
Running Generation 93...
*** Completed generation 93 after 86.10332 seconds ***
- Best fitness in generation 93 is 7.9253736
-- Overall best fitness is found in generation 88 and is 7.922063
[MPI_TIMING] gen=93 total_max=0.923081s total_avg=0.923070s compute_max=0.917090s compute_avg=0.911397s comm_max=0.017918s comm_avg=0.011098s root_ops=0.004486s overhead_ratio=0.024
Running Generation 94...
*** Completed generation 94 after 87.03473 seconds ***
- Best fitness in generation 94 is 7.9253736
-- Overall best fitness is found in generation 88 and is 7.922063
[MPI_TIMING] gen=94 total_max=0.931448s total_avg=0.931405s compute_max=0.925414s compute_avg=0.912361s comm_max=0.026349s comm_avg=0.018459s root_ops=0.004557s overhead_ratio=0.033
Running Generation 95...
*** Completed generation 95 after 87.95899 seconds ***
- Best fitness in generation 95 is 7.9244533
-- Overall best fitness is found in generation 88 and is 7.922063
[MPI_TIMING] gen=95 total_max=0.924245s total_avg=0.924219s compute_max=0.918297s compute_avg=0.911067s comm_max=0.020059s comm_avg=0.012577s root_ops=0.004485s overhead_ratio=0.027
Running Generation 96...
*** Completed generation 96 after 88.88896 seconds ***
- Best fitness in generation 96 is 7.9244533
-- Overall best fitness is found in generation 88 and is 7.922063
[MPI_TIMING] gen=96 total_max=0.929941s total_avg=0.929920s compute_max=0.924005s compute_avg=0.911684s comm_max=0.025104s comm_avg=0.017674s root_ops=0.004382s overhead_ratio=0.032
Running Generation 97...
*** Completed generation 97 after 89.81273 seconds ***
- Best fitness in generation 97 is 7.9241605
-- Overall best fitness is found in generation 88 and is 7.922063
[MPI_TIMING] gen=97 total_max=0.923809s total_avg=0.923757s compute_max=0.917896s compute_avg=0.911227s comm_max=0.019194s comm_avg=0.011958s root_ops=0.004461s overhead_ratio=0.026
Running Generation 98...
*** Completed generation 98 after 90.73433 seconds ***
- Best fitness in generation 98 is 7.924251
-- Overall best fitness is found in generation 88 and is 7.922063
[MPI_TIMING] gen=98 total_max=0.921588s total_avg=0.921563s compute_max=0.915834s compute_avg=0.911188s comm_max=0.016641s comm_avg=0.009818s root_ops=0.004339s overhead_ratio=0.023
Running Generation 99...
*** Completed generation 99 after 91.65899 seconds ***
- Best fitness in generation 99 is 7.924251
-- Overall best fitness is found in generation 88 and is 7.922063
[MPI_TIMING] gen=99 total_max=0.924701s total_avg=0.924641s compute_max=0.918880s compute_avg=0.911370s comm_max=0.020253s comm_avg=0.012703s root_ops=0.004423s overhead_ratio=0.027
Running Generation 100...
*** Completed generation 100 after 92.57951 seconds ***
- Best fitness in generation 100 is 7.924251
-- Overall best fitness is found in generation 88 and is 7.922063
[MPI_TIMING] gen=100 total_max=0.920509s total_avg=0.920501s compute_max=0.914813s compute_avg=0.910595s comm_max=0.016014s comm_avg=0.009338s root_ops=0.004432s overhead_ratio=0.022
Running Generation 101...
*** Completed generation 101 after 93.50414 seconds ***
- Best fitness in generation 101 is 7.9244533
-- Overall best fitness is found in generation 88 and is 7.922063
[MPI_TIMING] gen=101 total_max=0.924611s total_avg=0.924605s compute_max=0.918734s compute_avg=0.911171s comm_max=0.020403s comm_avg=0.012864s root_ops=0.004441s overhead_ratio=0.027
Running Generation 102...
*** Completed generation 102 after 94.424965 seconds ***
- Best fitness in generation 102 is 7.924754
-- Overall best fitness is found in generation 88 and is 7.922063
[MPI_TIMING] gen=102 total_max=0.920803s total_avg=0.920788s compute_max=0.915110s compute_avg=0.910853s comm_max=0.015569s comm_avg=0.009372s root_ops=0.004385s overhead_ratio=0.022
Running Generation 103...
*** Completed generation 103 after 95.34999 seconds ***
- Best fitness in generation 103 is 7.924754
-- Overall best fitness is found in generation 88 and is 7.922063
[MPI_TIMING] gen=103 total_max=0.925032s total_avg=0.925006s compute_max=0.919190s compute_avg=0.911363s comm_max=0.020792s comm_avg=0.013074s root_ops=0.004435s overhead_ratio=0.027
Running Generation 104...
*** Completed generation 104 after 96.271034 seconds ***
- Best fitness in generation 104 is 7.924754
-- Overall best fitness is found in generation 88 and is 7.922063
[MPI_TIMING] gen=104 total_max=0.921039s total_avg=0.921027s compute_max=0.915144s compute_avg=0.910742s comm_max=0.016442s comm_avg=0.009710s root_ops=0.004470s overhead_ratio=0.023
Running Generation 105...
*** Completed generation 105 after 97.19741 seconds ***
- Best fitness in generation 105 is 7.92628
-- Overall best fitness is found in generation 88 and is 7.922063
[MPI_TIMING] gen=105 total_max=0.926373s total_avg=0.926354s compute_max=0.920433s compute_avg=0.911643s comm_max=0.021520s comm_avg=0.014148s root_ops=0.004382s overhead_ratio=0.028
Running Generation 106...
*** Completed generation 106 after 98.12035 seconds ***
- Best fitness in generation 106 is 7.92628
-- Overall best fitness is found in generation 88 and is 7.922063
[MPI_TIMING] gen=106 total_max=0.922917s total_avg=0.922904s compute_max=0.917114s compute_avg=0.911049s comm_max=0.017881s comm_avg=0.011299s root_ops=0.004331s overhead_ratio=0.024
Running Generation 107...
*** Completed generation 107 after 99.045334 seconds ***
- Best fitness in generation 107 is 7.922781
-- Overall best fitness is found in generation 88 and is 7.922063
[MPI_TIMING] gen=107 total_max=0.924960s total_avg=0.924954s compute_max=0.919196s compute_avg=0.911669s comm_max=0.019909s comm_avg=0.012726s root_ops=0.004351s overhead_ratio=0.026
Running Generation 108...
*** Completed generation 108 after 99.96774 seconds ***
- Best fitness in generation 108 is 7.922781
-- Overall best fitness is found in generation 88 and is 7.922063
[MPI_TIMING] gen=108 total_max=0.922544s total_avg=0.922403s compute_max=0.916588s compute_avg=0.911108s comm_max=0.017856s comm_avg=0.010714s root_ops=0.004531s overhead_ratio=0.024
Running Generation 109...
*** Completed generation 109 after 100.89392 seconds ***
- Best fitness in generation 109 is 7.922781
-- Overall best fitness is found in generation 88 and is 7.922063
[MPI_TIMING] gen=109 total_max=0.926163s total_avg=0.926149s compute_max=0.920196s compute_avg=0.911658s comm_max=0.021757s comm_avg=0.013916s root_ops=0.004491s overhead_ratio=0.028
Running Generation 110...
*** Completed generation 110 after 101.81553 seconds ***
- Best fitness in generation 110 is 7.921683
-- Overall best fitness is found in generation 110 and is 7.921683
[MPI_TIMING] gen=110 total_max=0.921590s total_avg=0.921584s compute_max=0.915650s compute_avg=0.910526s comm_max=0.017020s comm_avg=0.010480s root_ops=0.004494s overhead_ratio=0.023
Running Generation 111...
*** Completed generation 111 after 102.73968 seconds ***
- Best fitness in generation 111 is 7.924073
-- Overall best fitness is found in generation 110 and is 7.921683
[MPI_TIMING] gen=111 total_max=0.924140s total_avg=0.924135s compute_max=0.918208s compute_avg=0.911365s comm_max=0.020070s comm_avg=0.012192s root_ops=0.004505s overhead_ratio=0.027
Running Generation 112...
*** Completed generation 112 after 103.66321 seconds ***
- Best fitness in generation 112 is 7.9248433
-- Overall best fitness is found in generation 110 and is 7.921683
[MPI_TIMING] gen=112 total_max=0.923512s total_avg=0.923497s compute_max=0.917544s compute_avg=0.910806s comm_max=0.018884s comm_avg=0.012121s root_ops=0.004441s overhead_ratio=0.025
Running Generation 113...
*** Completed generation 113 after 104.58904 seconds ***
- Best fitness in generation 113 is 7.9252815
-- Overall best fitness is found in generation 110 and is 7.921683
[MPI_TIMING] gen=113 total_max=0.925807s total_avg=0.925789s compute_max=0.919954s compute_avg=0.911490s comm_max=0.020974s comm_avg=0.013737s root_ops=0.004378s overhead_ratio=0.027
Running Generation 114...
*** Completed generation 114 after 105.512276 seconds ***
- Best fitness in generation 114 is 7.924947
-- Overall best fitness is found in generation 110 and is 7.921683
[MPI_TIMING] gen=114 total_max=0.923258s total_avg=0.923223s compute_max=0.917396s compute_avg=0.911418s comm_max=0.018783s comm_avg=0.011234s root_ops=0.004441s overhead_ratio=0.025
Running Generation 115...
*** Completed generation 115 after 106.437874 seconds ***
- Best fitness in generation 115 is 7.9209185
-- Overall best fitness is found in generation 115 and is 7.9209185
[MPI_TIMING] gen=115 total_max=0.925641s total_avg=0.925584s compute_max=0.919691s compute_avg=0.911783s comm_max=0.021354s comm_avg=0.013221s root_ops=0.004527s overhead_ratio=0.028
Running Generation 116...
*** Completed generation 116 after 107.36365 seconds ***
- Best fitness in generation 116 is 7.9209185
-- Overall best fitness is found in generation 115 and is 7.9209185
[MPI_TIMING] gen=116 total_max=0.925752s total_avg=0.925743s compute_max=0.919787s compute_avg=0.911565s comm_max=0.021971s comm_avg=0.013597s root_ops=0.004525s overhead_ratio=0.029
Running Generation 117...
*** Completed generation 117 after 108.28888 seconds ***
- Best fitness in generation 117 is 7.924417
-- Overall best fitness is found in generation 115 and is 7.9209185
[MPI_TIMING] gen=117 total_max=0.925216s total_avg=0.925203s compute_max=0.919255s compute_avg=0.911433s comm_max=0.020266s comm_avg=0.013197s root_ops=0.004472s overhead_ratio=0.027
Running Generation 118...
*** Completed generation 118 after 109.214165 seconds ***
- Best fitness in generation 118 is 7.924417
-- Overall best fitness is found in generation 115 and is 7.9209185
[MPI_TIMING] gen=118 total_max=0.925268s total_avg=0.925257s compute_max=0.919349s compute_avg=0.911406s comm_max=0.020820s comm_avg=0.013280s root_ops=0.004448s overhead_ratio=0.027
Running Generation 119...
*** Completed generation 119 after 110.138374 seconds ***
- Best fitness in generation 119 is 7.9230676
-- Overall best fitness is found in generation 115 and is 7.9209185
[MPI_TIMING] gen=119 total_max=0.924196s total_avg=0.924185s compute_max=0.918318s compute_avg=0.911298s comm_max=0.019413s comm_avg=0.012320s root_ops=0.004422s overhead_ratio=0.026
Running Generation 120...
*** Completed generation 120 after 111.0641 seconds ***
- Best fitness in generation 120 is 7.9230676
-- Overall best fitness is found in generation 115 and is 7.9209185
[MPI_TIMING] gen=120 total_max=0.925714s total_avg=0.925710s compute_max=0.919824s compute_avg=0.912109s comm_max=0.020717s comm_avg=0.013029s root_ops=0.004448s overhead_ratio=0.027
Running Generation 121...
*** Completed generation 121 after 111.9896 seconds ***
- Best fitness in generation 121 is 7.923222
-- Overall best fitness is found in generation 115 and is 7.9209185
[MPI_TIMING] gen=121 total_max=0.925489s total_avg=0.925469s compute_max=0.919562s compute_avg=0.912231s comm_max=0.021338s comm_avg=0.012662s root_ops=0.004491s overhead_ratio=0.028
Running Generation 122...
*** Completed generation 122 after 112.915405 seconds ***
- Best fitness in generation 122 is 7.922018
-- Overall best fitness is found in generation 115 and is 7.9209185
[MPI_TIMING] gen=122 total_max=0.925787s total_avg=0.925766s compute_max=0.919868s compute_avg=0.912273s comm_max=0.021588s comm_avg=0.012932s root_ops=0.004375s overhead_ratio=0.028
Running Generation 123...
*** Completed generation 123 after 113.84142 seconds ***
- Best fitness in generation 123 is 7.922018
-- Overall best fitness is found in generation 115 and is 7.9209185
[MPI_TIMING] gen=123 total_max=0.926108s total_avg=0.926013s compute_max=0.920185s compute_avg=0.912226s comm_max=0.020974s comm_avg=0.013209s root_ops=0.004505s overhead_ratio=0.028
Running Generation 124...
*** Completed generation 124 after 114.77042 seconds ***
- Best fitness in generation 124 is 7.9222603
-- Overall best fitness is found in generation 115 and is 7.9209185
[MPI_TIMING] gen=124 total_max=0.928991s total_avg=0.928978s compute_max=0.922947s compute_avg=0.912791s comm_max=0.024016s comm_avg=0.015604s root_ops=0.004545s overhead_ratio=0.031
Running Generation 125...
*** Completed generation 125 after 115.695595 seconds ***
- Best fitness in generation 125 is 7.9222603
-- Overall best fitness is found in generation 115 and is 7.9209185
[MPI_TIMING] gen=125 total_max=0.925159s total_avg=0.925137s compute_max=0.919225s compute_avg=0.912079s comm_max=0.019981s comm_avg=0.012480s root_ops=0.004515s overhead_ratio=0.026
Running Generation 126...
*** Completed generation 126 after 116.62278 seconds ***
- Best fitness in generation 126 is 7.9222603
-- Overall best fitness is found in generation 115 and is 7.9209185
[MPI_TIMING] gen=126 total_max=0.927174s total_avg=0.927156s compute_max=0.921202s compute_avg=0.912192s comm_max=0.022238s comm_avg=0.014394s root_ops=0.004442s overhead_ratio=0.029
Running Generation 127...
*** Completed generation 127 after 117.54883 seconds ***
- Best fitness in generation 127 is 7.9222603
-- Overall best fitness is found in generation 115 and is 7.9209185
[MPI_TIMING] gen=127 total_max=0.926058s total_avg=0.926026s compute_max=0.920109s compute_avg=0.911965s comm_max=0.021207s comm_avg=0.013482s root_ops=0.004502s overhead_ratio=0.028
Running Generation 128...
*** Completed generation 128 after 118.47639 seconds ***
- Best fitness in generation 128 is 7.926021
-- Overall best fitness is found in generation 115 and is 7.9209185
[MPI_TIMING] gen=128 total_max=0.927545s total_avg=0.927529s compute_max=0.921616s compute_avg=0.912099s comm_max=0.022789s comm_avg=0.014862s root_ops=0.004435s overhead_ratio=0.029
Running Generation 129...
*** Completed generation 129 after 119.40326 seconds ***
- Best fitness in generation 129 is 7.925754
-- Overall best fitness is found in generation 115 and is 7.9209185
[MPI_TIMING] gen=129 total_max=0.926905s total_avg=0.926853s compute_max=0.920955s compute_avg=0.912252s comm_max=0.022355s comm_avg=0.014023s root_ops=0.004512s overhead_ratio=0.029
Running Generation 130...
*** Completed generation 130 after 120.330246 seconds ***
- Best fitness in generation 130 is 7.9219747
-- Overall best fitness is found in generation 115 and is 7.9209185
[MPI_TIMING] gen=130 total_max=0.926973s total_avg=0.926954s compute_max=0.921034s compute_avg=0.912005s comm_max=0.022317s comm_avg=0.014381s root_ops=0.004423s overhead_ratio=0.029
Running Generation 131...
*** Completed generation 131 after 121.25794 seconds ***
- Best fitness in generation 131 is 7.922002
-- Overall best fitness is found in generation 115 and is 7.9209185
[MPI_TIMING] gen=131 total_max=0.927697s total_avg=0.927676s compute_max=0.921818s compute_avg=0.912375s comm_max=0.023612s comm_avg=0.014728s root_ops=0.004467s overhead_ratio=0.030
Running Generation 132...
*** Completed generation 132 after 122.18518 seconds ***
- Best fitness in generation 132 is 7.922002
-- Overall best fitness is found in generation 115 and is 7.9209185
[MPI_TIMING] gen=132 total_max=0.927224s total_avg=0.927214s compute_max=0.921300s compute_avg=0.912457s comm_max=0.022464s comm_avg=0.014185s root_ops=0.004449s overhead_ratio=0.029
Running Generation 133...
*** Completed generation 133 after 123.11241 seconds ***
- Best fitness in generation 133 is 7.922002
-- Overall best fitness is found in generation 115 and is 7.9209185
[MPI_TIMING] gen=133 total_max=0.927250s total_avg=0.927208s compute_max=0.921316s compute_avg=0.912564s comm_max=0.022487s comm_avg=0.014064s root_ops=0.004521s overhead_ratio=0.029
Running Generation 134...
*** Completed generation 134 after 124.039215 seconds ***
- Best fitness in generation 134 is 7.923993
-- Overall best fitness is found in generation 115 and is 7.9209185
[MPI_TIMING] gen=134 total_max=0.926796s total_avg=0.926780s compute_max=0.920826s compute_avg=0.912323s comm_max=0.021845s comm_avg=0.013884s root_ops=0.004460s overhead_ratio=0.028
Running Generation 135...
*** Completed generation 135 after 124.96647 seconds ***
- Best fitness in generation 135 is 7.9224463
-- Overall best fitness is found in generation 115 and is 7.9209185
[MPI_TIMING] gen=135 total_max=0.927273s total_avg=0.927231s compute_max=0.921369s compute_avg=0.912612s comm_max=0.022604s comm_avg=0.014039s root_ops=0.004525s overhead_ratio=0.029
Running Generation 136...
*** Completed generation 136 after 125.894264 seconds ***
- Best fitness in generation 136 is 7.9224463
-- Overall best fitness is found in generation 115 and is 7.9209185
[MPI_TIMING] gen=136 total_max=0.927779s total_avg=0.927763s compute_max=0.921799s compute_avg=0.912069s comm_max=0.022909s comm_avg=0.015122s root_ops=0.004452s overhead_ratio=0.029
Running Generation 137...
*** Completed generation 137 after 126.81973 seconds ***
- Best fitness in generation 137 is 7.9224463
-- Overall best fitness is found in generation 115 and is 7.9209185
[MPI_TIMING] gen=137 total_max=0.925459s total_avg=0.925449s compute_max=0.919561s compute_avg=0.911881s comm_max=0.020593s comm_avg=0.012992s root_ops=0.004488s overhead_ratio=0.027
Running Generation 138...
*** Completed generation 138 after 127.74692 seconds ***
- Best fitness in generation 138 is 7.9224463
-- Overall best fitness is found in generation 115 and is 7.9209185
[MPI_TIMING] gen=138 total_max=0.927166s total_avg=0.927154s compute_max=0.921207s compute_avg=0.912440s comm_max=0.021953s comm_avg=0.014143s root_ops=0.004449s overhead_ratio=0.028
Running Generation 139...
*** Completed generation 139 after 128.67336 seconds ***
- Best fitness in generation 139 is 7.9224463
-- Overall best fitness is found in generation 115 and is 7.9209185
[MPI_TIMING] gen=139 total_max=0.926428s total_avg=0.926420s compute_max=0.920541s compute_avg=0.912296s comm_max=0.021710s comm_avg=0.013554s root_ops=0.004453s overhead_ratio=0.028
Running Generation 140...
*** Completed generation 140 after 129.6002 seconds ***
- Best fitness in generation 140 is 7.921917
-- Overall best fitness is found in generation 115 and is 7.9209185
[MPI_TIMING] gen=140 total_max=0.926823s total_avg=0.926817s compute_max=0.920942s compute_avg=0.912585s comm_max=0.021778s comm_avg=0.013660s root_ops=0.004461s overhead_ratio=0.028
Running Generation 141...
*** Completed generation 141 after 130.52716 seconds ***
- Best fitness in generation 141 is 7.9239273
-- Overall best fitness is found in generation 115 and is 7.9209185
[MPI_TIMING] gen=141 total_max=0.926939s total_avg=0.926935s compute_max=0.921023s compute_avg=0.912703s comm_max=0.021493s comm_avg=0.013657s root_ops=0.004480s overhead_ratio=0.028
Running Generation 142...
*** Completed generation 142 after 131.45401 seconds ***
- Best fitness in generation 142 is 7.925909
-- Overall best fitness is found in generation 115 and is 7.9209185
[MPI_TIMING] gen=142 total_max=0.926833s total_avg=0.926822s compute_max=0.920926s compute_avg=0.912199s comm_max=0.020821s comm_avg=0.014052s root_ops=0.004453s overhead_ratio=0.027
Running Generation 143...
*** Completed generation 143 after 132.38 seconds ***
- Best fitness in generation 143 is 7.9245987
-- Overall best fitness is found in generation 115 and is 7.9209185
[MPI_TIMING] gen=143 total_max=0.925975s total_avg=0.925967s compute_max=0.919910s compute_avg=0.911906s comm_max=0.021072s comm_avg=0.013487s root_ops=0.004481s overhead_ratio=0.028
Running Generation 144...
*** Completed generation 144 after 133.30702 seconds ***
- Best fitness in generation 144 is 7.9242725
-- Overall best fitness is found in generation 115 and is 7.9209185
[MPI_TIMING] gen=144 total_max=0.927005s total_avg=0.926987s compute_max=0.921061s compute_avg=0.911846s comm_max=0.021836s comm_avg=0.014577s root_ops=0.004401s overhead_ratio=0.028
Running Generation 145...
*** Completed generation 145 after 134.23387 seconds ***
- Best fitness in generation 145 is 7.9223537
-- Overall best fitness is found in generation 115 and is 7.9209185
[MPI_TIMING] gen=145 total_max=0.926894s total_avg=0.926844s compute_max=0.921027s compute_avg=0.912051s comm_max=0.022149s comm_avg=0.014219s root_ops=0.004479s overhead_ratio=0.029
Running Generation 146...
*** Completed generation 146 after 135.16054 seconds ***
- Best fitness in generation 146 is 7.9223537
-- Overall best fitness is found in generation 115 and is 7.9209185
[MPI_TIMING] gen=146 total_max=0.926647s total_avg=0.926637s compute_max=0.920753s compute_avg=0.911576s comm_max=0.021138s comm_avg=0.014489s root_ops=0.004467s overhead_ratio=0.028
Running Generation 147...
*** Completed generation 147 after 136.08907 seconds ***
- Best fitness in generation 147 is 7.9223537
-- Overall best fitness is found in generation 115 and is 7.9209185
[MPI_TIMING] gen=147 total_max=0.928508s total_avg=0.928505s compute_max=0.922622s compute_avg=0.911672s comm_max=0.023696s comm_avg=0.016257s root_ops=0.004483s overhead_ratio=0.030
Running Generation 148...
*** Completed generation 148 after 137.01567 seconds ***
- Best fitness in generation 148 is 7.9219217
-- Overall best fitness is found in generation 115 and is 7.9209185
[MPI_TIMING] gen=148 total_max=0.926597s total_avg=0.926589s compute_max=0.920662s compute_avg=0.912160s comm_max=0.021676s comm_avg=0.013853s root_ops=0.004487s overhead_ratio=0.028
Running Generation 149...
*** Completed generation 149 after 137.94266 seconds ***
- Best fitness in generation 149 is 7.9219217
-- Overall best fitness is found in generation 115 and is 7.9209185
[MPI_TIMING] gen=149 total_max=0.926958s total_avg=0.926943s compute_max=0.921072s compute_avg=0.912068s comm_max=0.021633s comm_avg=0.014307s root_ops=0.004429s overhead_ratio=0.028
Running Generation 150...
*** Completed generation 150 after 138.86996 seconds ***
- Best fitness in generation 150 is 7.923493
-- Overall best fitness is found in generation 115 and is 7.9209185
[MPI_TIMING] gen=150 total_max=0.927315s total_avg=0.927298s compute_max=0.921442s compute_avg=0.911674s comm_max=0.022564s comm_avg=0.015050s root_ops=0.004473s overhead_ratio=0.029
Reached 150 generations, exiting...


- Overall best fitness is 7.9209185
- The best individual is:
                generation:	115
                index:		73
                fitness:	7.9209185
                string:	0.00000;0.45315;0.00000;0.00000;0.28193;0.67509;0.58135

